[2025-10-17 07:44:34] OAuth token call | {"url":"https://allegro.pl/auth/oauth/token","http_code":200}
[2025-10-17 07:44:34] Token refreshed
[2025-10-17 07:44:34] GET | {"url":"https://api.allegro.pl/sale/products?phrase=5908249971356&mode=GTIN"}
[2025-10-17 07:44:35] GET | {"url":"https://api.allegro.pl/sale/products?phrase=5903933645537&mode=GTIN"}
[2025-10-17 07:44:36] GET | {"url":"https://api.allegro.pl/sale/products?phrase=5902448162973&mode=GTIN"}
[2025-10-17 07:44:37] GET | {"url":"https://api.allegro.pl/sale/products?phrase=5902448162850&mode=GTIN"}
[2025-10-17 07:44:38] GET | {"url":"https://api.allegro.pl/sale/products?phrase=5902448160054&mode=GTIN"}
[2025-10-17 07:44:39] GET | {"url":"https://api.allegro.pl/sale/products?phrase=5902448162638&mode=GTIN"}
[2025-10-17 07:44:40] GET | {"url":"https://api.allegro.pl/sale/products?phrase=5902448160528&mode=GTIN"}
[2025-10-17 07:44:41] GET | {"url":"https://api.allegro.pl/sale/products?phrase=5902448162126&mode=GTIN"}
[2025-10-17 07:44:43] GET | {"url":"https://api.allegro.pl/sale/products?phrase=5902448162812&mode=GTIN"}
[2025-10-17 07:44:43] GET | {"url":"https://api.allegro.pl/sale/products?phrase=QUINOA%20EKSPANDOWANA%20BIO%20%28SUROWIEC%29%20%2815%20kg%29"}
[2025-10-17 07:44:43] GET | {"url":"https://api.allegro.pl/sale/products?phrase=QUINOA%20EKSPANDOWANA%20BIO%20%28SUROWIEC%29%20%2815"}
[2025-10-17 07:44:44] GET | {"url":"https://api.allegro.pl/sale/products?phrase=QUINOA%20EKSPANDOWANA%20BIO%20%28SUROWIEC%29"}
[2025-10-17 07:44:44] GET | {"url":"https://api.allegro.pl/sale/products?phrase=QUINOA%20EKSPANDOWANA%20BIO"}
[2025-10-17 07:44:46] GET | {"url":"https://api.allegro.pl/sale/products?phrase=5902448160559&mode=GTIN"}
[2025-10-17 07:44:48] GET | {"url":"https://api.allegro.pl/sale/products?phrase=5902448160825&mode=GTIN"}
[2025-10-17 07:44:50] GET | {"url":"https://api.allegro.pl/sale/products?phrase=5902448160344&mode=GTIN"}
[2025-10-17 07:44:53] GET | {"url":"https://api.allegro.pl/sale/products?phrase=5903849453783&mode=GTIN"}
[2025-10-17 07:44:55] GET | {"url":"https://api.allegro.pl/sale/products?phrase=5902448160245&mode=GTIN"}
[2025-10-17 07:44:57] GET | {"url":"https://api.allegro.pl/sale/products?phrase=5907738156199&mode=GTIN"}
[2025-10-17 07:44:59] GET | {"url":"https://api.allegro.pl/sale/products?phrase=5908283531615&mode=GTIN"}
[2025-10-17 07:45:01] GET | {"url":"https://api.allegro.pl/sale/products?phrase=5904730935838&mode=GTIN"}
[2025-10-17 07:45:03] GET | {"url":"https://api.allegro.pl/sale/products?phrase=5906660157960&mode=GTIN"}
[2025-10-17 07:45:03] GET | {"url":"https://api.allegro.pl/sale/products?phrase=DAKTYLE%20MEDJOOL%20W%20CIEMNEJ%20CZEKOLADZIE%20Z%20NADZIENIEM%20I%20POSYPK%C4%84%20BEZGLUTENOWE%20BIO%20230%20g%20-%20ORGANICHOUSE%20%28MARYSIE%C5%83KI%29%20%28PRODUKT%20SEZONOW"}
[2025-10-17 07:45:03] GET | {"url":"https://api.allegro.pl/sale/products?phrase=DAKTYLE%20MEDJOOL%20W%20CIEMNEJ%20CZEKOLADZIE%20Z%20NADZIENIEM%20I%20POSYPK%C4%84%20BEZGLUTENOWE%20BIO%20230%20g%20-%20ORGANICHOUSE%20%28MARYSIE%C5%83KI%29%20%28PRODUKT"}
[2025-10-17 07:45:03] GET | {"url":"https://api.allegro.pl/sale/products?phrase=DAKTYLE%20MEDJOOL%20W%20CIEMNEJ%20CZEKOLADZIE%20Z%20NADZIENIEM%20I%20POSYPK%C4%84%20BEZGLUTENOWE%20BIO%20230%20g%20-%20ORGANICHOUSE%20%28MARYSIE%C5%83KI%29"}
[2025-10-17 07:45:03] GET | {"url":"https://api.allegro.pl/sale/products?phrase=DAKTYLE%20MEDJOOL%20W%20CIEMNEJ%20CZEKOLADZIE%20Z%20NADZIENIEM%20I%20POSYPK%C4%84%20BEZGLUTENOWE%20BIO%20230%20g%20-%20ORGANICHOUSE"}
[2025-10-17 07:45:03] GET | {"url":"https://api.allegro.pl/sale/products?phrase=DAKTYLE%20MEDJOOL%20W%20CIEMNEJ%20CZEKOLADZIE%20Z%20NADZIENIEM%20I%20POSYPK%C4%84%20BEZGLUTENOWE%20BIO%20230%20g%20-"}
[2025-10-17 07:45:03] GET | {"url":"https://api.allegro.pl/sale/products?phrase=DAKTYLE%20MEDJOOL%20W%20CIEMNEJ%20CZEKOLADZIE%20Z%20NADZIENIEM%20I%20POSYPK%C4%84%20BEZGLUTENOWE%20BIO%20230%20g"}
[2025-10-17 07:45:04] GET | {"url":"https://api.allegro.pl/sale/products?phrase=DAKTYLE%20MEDJOOL%20W%20CIEMNEJ%20CZEKOLADZIE%20Z%20NADZIENIEM%20I%20POSYPK%C4%84%20BEZGLUTENOWE%20BIO%20230"}
[2025-10-17 07:45:04] GET | {"url":"https://api.allegro.pl/sale/products?phrase=DAKTYLE%20MEDJOOL%20W%20CIEMNEJ%20CZEKOLADZIE%20Z%20NADZIENIEM%20I%20POSYPK%C4%84%20BEZGLUTENOWE%20BIO"}
[2025-10-17 07:45:04] GET | {"url":"https://api.allegro.pl/sale/products?phrase=DAKTYLE%20MEDJOOL%20W%20CIEMNEJ%20CZEKOLADZIE%20Z%20NADZIENIEM%20I%20POSYPK%C4%84%20BEZGLUTENOWE"}
[2025-10-17 07:45:04] GET | {"url":"https://api.allegro.pl/sale/products?phrase=DAKTYLE%20MEDJOOL%20W%20CIEMNEJ%20CZEKOLADZIE%20Z%20NADZIENIEM%20I%20POSYPK%C4%84"}
[2025-10-17 07:45:04] GET | {"url":"https://api.allegro.pl/sale/products?phrase=DAKTYLE%20MEDJOOL%20W%20CIEMNEJ%20CZEKOLADZIE%20Z%20NADZIENIEM%20I"}
[2025-10-17 07:45:04] GET | {"url":"https://api.allegro.pl/sale/products?phrase=DAKTYLE%20MEDJOOL%20W%20CIEMNEJ%20CZEKOLADZIE%20Z%20NADZIENIEM"}
[2025-10-17 07:45:05] GET | {"url":"https://api.allegro.pl/sale/products?phrase=DAKTYLE%20MEDJOOL%20W%20CIEMNEJ%20CZEKOLADZIE%20Z"}
[2025-10-17 07:45:06] GET | {"url":"https://api.allegro.pl/sale/products?phrase=DAKTYLE%20MEDJOOL%20W%20CIEMNEJ%20CZEKOLADZIE"}
[2025-10-17 07:45:07] GET | {"url":"https://api.allegro.pl/sale/products?phrase=DAKTYLE%20MEDJOOL%20W%20CIEMNEJ"}
[2025-10-17 07:45:08] GET | {"url":"https://api.allegro.pl/sale/products?phrase=DAKTYLE%20MEDJOOL%20W"}
[2025-10-17 07:45:11] GET | {"url":"https://api.allegro.pl/sale/products?phrase=5902425057230&mode=GTIN"}
[2025-10-17 07:45:13] GET | {"url":"https://api.allegro.pl/sale/products?phrase=5906750252766&mode=GTIN"}
[2025-10-17 07:45:15] GET | {"url":"https://api.allegro.pl/sale/products?phrase=5400706618618&mode=GTIN"}
[2025-10-17 07:45:18] GET | {"url":"https://api.allegro.pl/sale/products?phrase=3800233782790&mode=GTIN"}
[2025-10-17 07:45:20] GET | {"url":"https://api.allegro.pl/sale/products?phrase=5902650273849&mode=GTIN"}
[2025-10-17 07:45:22] GET | {"url":"https://api.allegro.pl/sale/products?phrase=5400706617031&mode=GTIN"}
[2025-10-17 07:45:24] GET | {"url":"https://api.allegro.pl/sale/products?phrase=7640133074481&mode=GTIN"}
[2025-10-17 07:45:27] GET | {"url":"https://api.allegro.pl/sale/products?phrase=5904730935227&mode=GTIN"}
[2025-10-17 07:45:29] GET | {"url":"https://api.allegro.pl/sale/products?phrase=5400706615174&mode=GTIN"}
[2025-10-17 07:45:31] GET | {"url":"https://api.allegro.pl/sale/products?phrase=5904730935036&mode=GTIN"}
[2025-10-17 07:45:33] GET | {"url":"https://api.allegro.pl/sale/products?phrase=5903900368230&mode=GTIN"}
[2025-10-17 07:45:35] GET | {"url":"https://api.allegro.pl/sale/products?phrase=8009004811119&mode=GTIN"}
[2025-10-17 07:45:37] GET | {"url":"https://api.allegro.pl/sale/products?phrase=5909000690998&mode=GTIN"}
[2025-10-17 07:45:39] GET | {"url":"https://api.allegro.pl/sale/products?phrase=5400706617024&mode=GTIN"}
[2025-10-17 07:45:41] GET | {"url":"https://api.allegro.pl/sale/products?phrase=3800200963382&mode=GTIN"}
[2025-10-17 07:45:43] GET | {"url":"https://api.allegro.pl/sale/products?phrase=5907078675046&mode=GTIN"}
[2025-10-17 07:45:45] GET | {"url":"https://api.allegro.pl/sale/products?phrase=5904826089452&mode=GTIN"}
[2025-10-17 07:45:48] GET | {"url":"https://api.allegro.pl/sale/products?phrase=5701058011639&mode=GTIN"}
[2025-10-17 07:45:50] GET | {"url":"https://api.allegro.pl/sale/products?phrase=3800233781823&mode=GTIN"}
[2025-10-17 07:45:52] GET | {"url":"https://api.allegro.pl/sale/products?phrase=5908234462098&mode=GTIN"}
[2025-10-17 07:45:54] GET | {"url":"https://api.allegro.pl/sale/products?phrase=5903246860832&mode=GTIN"}
[2025-10-17 07:45:56] GET | {"url":"https://api.allegro.pl/sale/products?phrase=8412439287006&mode=GTIN"}
[2025-10-17 07:45:58] GET | {"url":"https://api.allegro.pl/sale/products?phrase=5908249972100&mode=GTIN"}
[2025-10-17 07:46:01] GET | {"url":"https://api.allegro.pl/sale/products?phrase=5907530440526&mode=GTIN"}
[2025-10-17 07:46:03] GET | {"url":"https://api.allegro.pl/sale/products?phrase=8412439285040&mode=GTIN"}
[2025-10-17 07:46:05] GET | {"url":"https://api.allegro.pl/sale/products?phrase=Powid%C5%82a%20strzeleckie%20niskos%C5%82odzone%20ok."}
[2025-10-17 07:46:05] GET | {"url":"https://api.allegro.pl/sale/products?phrase=Powid%C5%82a%20strzeleckie%20niskos%C5%82odzone"}
[2025-10-17 07:46:05] GET | {"url":"https://api.allegro.pl/sale/products?phrase=Powid%C5%82a%20strzeleckie"}
[2025-10-17 07:46:07] GET | {"url":"https://api.allegro.pl/sale/products?phrase=5900672302066&mode=GTIN"}
[2025-10-17 07:46:09] GET | {"url":"https://api.allegro.pl/sale/products?phrase=5907078675633&mode=GTIN"}
[2025-10-17 07:46:11] GET | {"url":"https://api.allegro.pl/sale/products?phrase=8412439285033&mode=GTIN"}
[2025-10-17 07:46:13] GET | {"url":"https://api.allegro.pl/sale/products?phrase=5904257043238&mode=GTIN"}
[2025-10-17 07:46:15] GET | {"url":"https://api.allegro.pl/sale/products?phrase=5903900368124&mode=GTIN"}
[2025-10-17 07:46:17] GET | {"url":"https://api.allegro.pl/sale/products?phrase=8412439285309&mode=GTIN"}
[2025-10-17 07:46:19] GET | {"url":"https://api.allegro.pl/sale/products?phrase=5904826089445&mode=GTIN"}
[2025-10-17 07:46:22] GET | {"url":"https://api.allegro.pl/sale/products?phrase=5907814666468&mode=GTIN"}
[2025-10-17 07:46:24] GET | {"url":"https://api.allegro.pl/sale/products?phrase=5908249970847&mode=GTIN"}
[2025-10-17 07:46:26] GET | {"url":"https://api.allegro.pl/sale/products?phrase=8713576004052&mode=GTIN"}
[2025-10-17 07:46:28] GET | {"url":"https://api.allegro.pl/sale/products?phrase=8713576004045&mode=GTIN"}
[2025-10-17 07:46:30] GET | {"url":"https://api.allegro.pl/sale/products?phrase=5903111899059&mode=GTIN"}
[2025-10-17 07:46:32] GET | {"url":"https://api.allegro.pl/sale/products?phrase=5902425050866&mode=GTIN"}
[2025-10-17 07:46:34] GET | {"url":"https://api.allegro.pl/sale/products?phrase=5906732624642&mode=GTIN"}
[2025-10-17 07:46:36] GET | {"url":"https://api.allegro.pl/sale/products?phrase=4044889004755&mode=GTIN"}
[2025-10-17 07:46:39] GET | {"url":"https://api.allegro.pl/sale/products?phrase=5907052935777&mode=GTIN"}
[2025-10-17 07:46:39] GET | {"url":"https://api.allegro.pl/sale/products?phrase=KOMBUCHA%20APEROLLO%20BIO%20270%20%20ml%20-%20DELIKATNA"}
[2025-10-17 07:46:39] GET | {"url":"https://api.allegro.pl/sale/products?phrase=KOMBUCHA%20APEROLLO%20BIO%20270%20%20ml%20-"}
[2025-10-17 07:46:39] GET | {"url":"https://api.allegro.pl/sale/products?phrase=KOMBUCHA%20APEROLLO%20BIO%20270%20%20ml"}
[2025-10-17 07:46:39] GET | {"url":"https://api.allegro.pl/sale/products?phrase=KOMBUCHA%20APEROLLO%20BIO%20270%20"}
[2025-10-17 07:46:39] GET | {"url":"https://api.allegro.pl/sale/products?phrase=KOMBUCHA%20APEROLLO%20BIO%20270"}
[2025-10-17 07:46:39] GET | {"url":"https://api.allegro.pl/sale/products?phrase=KOMBUCHA%20APEROLLO%20BIO"}
[2025-10-17 07:46:41] GET | {"url":"https://api.allegro.pl/sale/products?phrase=8411066003911&mode=GTIN"}
[2025-10-17 07:46:43] GET | {"url":"https://api.allegro.pl/sale/products?phrase=4010139181026&mode=GTIN"}
[2025-10-17 07:46:45] GET | {"url":"https://api.allegro.pl/sale/products?phrase=4010139181002&mode=GTIN"}
[2025-10-17 07:46:47] GET | {"url":"https://api.allegro.pl/sale/products?phrase=4010139185024&mode=GTIN"}
[2025-10-17 07:46:49] GET | {"url":"https://api.allegro.pl/sale/products?phrase=5906732624673&mode=GTIN"}
[2025-10-17 07:46:51] GET | {"url":"https://api.allegro.pl/sale/products?phrase=4010139186021&mode=GTIN"}
[2025-10-17 07:46:53] GET | {"url":"https://api.allegro.pl/sale/products?phrase=5903726408936&mode=GTIN"}
[2025-10-17 07:46:53] GET | {"url":"https://api.allegro.pl/sale/products?phrase=KOMBUCHA%20Z%20HIBISKUSEM%20BIO%20270%20ml%20-%20DELIKATNA"}
[2025-10-17 07:46:54] GET | {"url":"https://api.allegro.pl/sale/products?phrase=KOMBUCHA%20Z%20HIBISKUSEM%20BIO%20270%20ml%20-"}
[2025-10-17 07:46:54] GET | {"url":"https://api.allegro.pl/sale/products?phrase=KOMBUCHA%20Z%20HIBISKUSEM%20BIO%20270%20ml"}
[2025-10-17 07:46:54] GET | {"url":"https://api.allegro.pl/sale/products?phrase=KOMBUCHA%20Z%20HIBISKUSEM%20BIO%20270"}
[2025-10-17 07:46:54] GET | {"url":"https://api.allegro.pl/sale/products?phrase=KOMBUCHA%20Z%20HIBISKUSEM%20BIO"}
[2025-10-17 07:46:56] GET | {"url":"https://api.allegro.pl/sale/products?phrase=7640104951254&mode=GTIN"}
[2025-10-17 07:46:58] GET | {"url":"https://api.allegro.pl/sale/products?phrase=5907814662538&mode=GTIN"}
[2025-10-17 07:47:00] GET | {"url":"https://api.allegro.pl/sale/products?phrase=5907814662538&mode=GTIN"}
[2025-10-17 07:47:02] GET | {"url":"https://api.allegro.pl/sale/products?phrase=8009004814073&mode=GTIN"}
[2025-10-17 07:47:04] GET | {"url":"https://api.allegro.pl/sale/products?phrase=5901902004576&mode=GTIN"}
[2025-10-17 07:47:06] GET | {"url":"https://api.allegro.pl/sale/products?phrase=5901902004729&mode=GTIN"}
[2025-10-17 07:47:09] GET | {"url":"https://api.allegro.pl/sale/products?phrase=5907814660312&mode=GTIN"}
[2025-10-17 07:47:11] GET | {"url":"https://api.allegro.pl/sale/products?phrase=8586024422858&mode=GTIN"}
[2025-10-17 07:47:11] GET | {"url":"https://api.allegro.pl/sale/products?phrase=Tofu%20mielone%20%C5%82agodne"}
[2025-10-17 07:47:11] GET | {"url":"https://api.allegro.pl/sale/products?phrase=Tofu%20mielone"}
[2025-10-17 07:47:13] GET | {"url":"https://api.allegro.pl/sale/products?phrase=8586024422841&mode=GTIN"}
[2025-10-17 07:47:13] GET | {"url":"https://api.allegro.pl/sale/products?phrase=Tofu%20wok%20%26%20bowl%20pikantne"}
[2025-10-17 07:47:13] GET | {"url":"https://api.allegro.pl/sale/products?phrase=Tofu%20wok%20%26%20bowl"}
[2025-10-17 07:47:13] GET | {"url":"https://api.allegro.pl/sale/products?phrase=Tofu%20wok%20%26"}
[2025-10-17 07:47:16] GET | {"url":"https://api.allegro.pl/sale/products?phrase=5906288074717&mode=GTIN"}
[2025-10-17 07:47:18] GET | {"url":"https://api.allegro.pl/sale/products?phrase=8436008300255&mode=GTIN"}
[2025-10-17 07:47:20] GET | {"url":"https://api.allegro.pl/sale/products?phrase=5905940370679&mode=GTIN"}
[2025-10-17 07:47:22] GET | {"url":"https://api.allegro.pl/sale/products?phrase=4044889004694&mode=GTIN"}
[2025-10-17 07:47:24] GET | {"url":"https://api.allegro.pl/sale/products?phrase=4044889001129&mode=GTIN"}
[2025-10-17 07:47:26] GET | {"url":"https://api.allegro.pl/sale/products?phrase=5907653105371&mode=GTIN"}
[2025-10-17 07:47:28] GET | {"url":"https://api.allegro.pl/sale/products?phrase=8594071212339&mode=GTIN"}
[2025-10-17 07:47:28] GET | {"url":"https://api.allegro.pl/sale/products?phrase=CIASTKA%20%C5%9AWI%C4%84TECZNE%20Z%20ORZECHAMI%20W%C5%81OSKIMI%20I%20PRZYPRAWAMI%20KORZENNYMI%20BEZGLUTENOWE%20BIO%20100%20g%20-%20ZEMANKA%20%28PRODUKT%20SEZONOWY%29"}
[2025-10-17 07:47:28] GET | {"url":"https://api.allegro.pl/sale/products?phrase=CIASTKA%20%C5%9AWI%C4%84TECZNE%20Z%20ORZECHAMI%20W%C5%81OSKIMI%20I%20PRZYPRAWAMI%20KORZENNYMI%20BEZGLUTENOWE%20BIO%20100%20g%20-%20ZEMANKA%20%28PRODUKT"}
[2025-10-17 07:47:28] GET | {"url":"https://api.allegro.pl/sale/products?phrase=CIASTKA%20%C5%9AWI%C4%84TECZNE%20Z%20ORZECHAMI%20W%C5%81OSKIMI%20I%20PRZYPRAWAMI%20KORZENNYMI%20BEZGLUTENOWE%20BIO%20100%20g%20-%20ZEMANKA"}
[2025-10-17 07:47:29] GET | {"url":"https://api.allegro.pl/sale/products?phrase=CIASTKA%20%C5%9AWI%C4%84TECZNE%20Z%20ORZECHAMI%20W%C5%81OSKIMI%20I%20PRZYPRAWAMI%20KORZENNYMI%20BEZGLUTENOWE%20BIO%20100%20g%20-"}
[2025-10-17 07:47:29] GET | {"url":"https://api.allegro.pl/sale/products?phrase=CIASTKA%20%C5%9AWI%C4%84TECZNE%20Z%20ORZECHAMI%20W%C5%81OSKIMI%20I%20PRZYPRAWAMI%20KORZENNYMI%20BEZGLUTENOWE%20BIO%20100%20g"}
[2025-10-17 07:47:29] GET | {"url":"https://api.allegro.pl/sale/products?phrase=CIASTKA%20%C5%9AWI%C4%84TECZNE%20Z%20ORZECHAMI%20W%C5%81OSKIMI%20I%20PRZYPRAWAMI%20KORZENNYMI%20BEZGLUTENOWE%20BIO%20100"}
[2025-10-17 07:47:29] GET | {"url":"https://api.allegro.pl/sale/products?phrase=CIASTKA%20%C5%9AWI%C4%84TECZNE%20Z%20ORZECHAMI%20W%C5%81OSKIMI%20I%20PRZYPRAWAMI%20KORZENNYMI%20BEZGLUTENOWE%20BIO"}
[2025-10-17 07:47:29] GET | {"url":"https://api.allegro.pl/sale/products?phrase=CIASTKA%20%C5%9AWI%C4%84TECZNE%20Z%20ORZECHAMI%20W%C5%81OSKIMI%20I%20PRZYPRAWAMI%20KORZENNYMI%20BEZGLUTENOWE"}
[2025-10-17 07:47:29] GET | {"url":"https://api.allegro.pl/sale/products?phrase=CIASTKA%20%C5%9AWI%C4%84TECZNE%20Z%20ORZECHAMI%20W%C5%81OSKIMI%20I%20PRZYPRAWAMI%20KORZENNYMI"}
[2025-10-17 07:47:29] GET | {"url":"https://api.allegro.pl/sale/products?phrase=CIASTKA%20%C5%9AWI%C4%84TECZNE%20Z%20ORZECHAMI%20W%C5%81OSKIMI%20I%20PRZYPRAWAMI"}
[2025-10-17 07:47:29] GET | {"url":"https://api.allegro.pl/sale/products?phrase=CIASTKA%20%C5%9AWI%C4%84TECZNE%20Z%20ORZECHAMI%20W%C5%81OSKIMI%20I"}
[2025-10-17 07:47:29] GET | {"url":"https://api.allegro.pl/sale/products?phrase=CIASTKA%20%C5%9AWI%C4%84TECZNE%20Z%20ORZECHAMI%20W%C5%81OSKIMI"}
[2025-10-17 07:47:29] GET | {"url":"https://api.allegro.pl/sale/products?phrase=CIASTKA%20%C5%9AWI%C4%84TECZNE%20Z%20ORZECHAMI"}
[2025-10-17 07:47:30] GET | {"url":"https://api.allegro.pl/sale/products?phrase=CIASTKA%20%C5%9AWI%C4%84TECZNE%20Z"}
[2025-10-17 07:47:33] GET | {"url":"https://api.allegro.pl/sale/products?phrase=8009004800137&mode=GTIN"}
[2025-10-17 07:47:35] GET | {"url":"https://api.allegro.pl/sale/products?phrase=8437015393155&mode=GTIN"}
[2025-10-17 07:47:37] GET | {"url":"https://api.allegro.pl/sale/products?phrase=5908249979208&mode=GTIN"}
[2025-10-17 07:47:39] GET | {"url":"https://api.allegro.pl/sale/products?phrase=5908249979222&mode=GTIN"}
[2025-10-17 07:47:41] GET | {"url":"https://api.allegro.pl/sale/products?phrase=8410342007643&mode=GTIN"}
[2025-10-17 07:47:43] GET | {"url":"https://api.allegro.pl/sale/products?phrase=5901866000393&mode=GTIN"}
[2025-10-17 07:47:45] GET | {"url":"https://api.allegro.pl/sale/products?phrase=5902425050002&mode=GTIN"}
[2025-10-17 07:47:47] GET | {"url":"https://api.allegro.pl/sale/products?phrase=5908228980683&mode=GTIN"}
[2025-10-17 07:47:50] GET | {"url":"https://api.allegro.pl/sale/products?phrase=5908249979192&mode=GTIN"}
[2025-10-17 07:47:52] GET | {"url":"https://api.allegro.pl/sale/products?phrase=5902581617842&mode=GTIN"}
[2025-10-17 07:47:54] GET | {"url":"https://api.allegro.pl/sale/products?phrase=5904538030605&mode=GTIN"}
[2025-10-17 07:47:56] GET | {"url":"https://api.allegro.pl/sale/products?phrase=8436008308299&mode=GTIN"}
[2025-10-17 07:47:58] GET | {"url":"https://api.allegro.pl/sale/products?phrase=4771218201751&mode=GTIN"}
[2025-10-17 07:48:00] GET | {"url":"https://api.allegro.pl/sale/products?phrase=5902305000141&mode=GTIN"}
[2025-10-17 07:48:02] GET | {"url":"https://api.allegro.pl/sale/products?phrase=5907814664280&mode=GTIN"}
[2025-10-17 07:48:04] GET | {"url":"https://api.allegro.pl/sale/products?phrase=5907814662309&mode=GTIN"}
[2025-10-17 07:48:06] GET | {"url":"https://api.allegro.pl/sale/products?phrase=4771218200938&mode=GTIN"}
