[2025-12-05 13:49:48] OAuth token call | {"url":"https://allegro.pl/auth/oauth/token","http_code":200}
[2025-12-05 13:49:48] Token refreshed
[2025-12-05 13:49:48] GET | {"url":"https://api.allegro.pl/sale/products?phrase=5902650273498&mode=GTIN"}
[2025-12-05 13:49:49] GET | {"url":"https://api.allegro.pl/sale/products?phrase=5902448160825&mode=GTIN"}
[2025-12-05 13:49:50] GET | {"url":"https://api.allegro.pl/sale/products?phrase=5907546536251&mode=GTIN"}
[2025-12-05 13:49:52] GET | {"url":"https://api.allegro.pl/sale/products?phrase=5902837812083&mode=GTIN"}
[2025-12-05 13:49:53] GET | {"url":"https://api.allegro.pl/sale/products?phrase=5902837812083&mode=GTIN"}
[2025-12-05 13:49:54] GET | {"url":"https://api.allegro.pl/sale/products?phrase=5908231224002&mode=GTIN"}
[2025-12-05 13:49:56] GET | {"url":"https://api.allegro.pl/sale/products?phrase=5907622656040&mode=GTIN"}
[2025-12-05 13:49:58] GET | {"url":"https://api.allegro.pl/sale/products?phrase=8411555100572&mode=GTIN"}
[2025-12-05 13:50:00] GET | {"url":"https://api.allegro.pl/sale/products?phrase=5907622656699&mode=GTIN"}
[2025-12-05 13:50:02] GET | {"url":"https://api.allegro.pl/sale/products?phrase=5411788042765&mode=GTIN"}
[2025-12-05 13:50:04] GET | {"url":"https://api.allegro.pl/sale/products?phrase=5905940370969&mode=GTIN"}
[2025-12-05 13:50:07] GET | {"url":"https://api.allegro.pl/sale/products?phrase=5905265582603&mode=GTIN"}
[2025-12-05 13:50:09] GET | {"url":"https://api.allegro.pl/sale/products?phrase=5905265582658&mode=GTIN"}
[2025-12-05 13:50:11] GET | {"url":"https://api.allegro.pl/sale/products?phrase=5203447711170&mode=GTIN"}
[2025-12-05 13:50:13] GET | {"url":"https://api.allegro.pl/sale/products?phrase=5203447711323&mode=GTIN"}
[2025-12-05 13:50:15] GET | {"url":"https://api.allegro.pl/sale/products?phrase=5902983780151&mode=GTIN"}
[2025-12-05 13:50:18] GET | {"url":"https://api.allegro.pl/sale/products?phrase=5902560390391&mode=GTIN"}
[2025-12-05 13:50:21] GET | {"url":"https://api.allegro.pl/sale/products?phrase=5907222029084&mode=GTIN"}
[2025-12-05 13:50:23] GET | {"url":"https://api.allegro.pl/sale/products?phrase=5060309490761&mode=GTIN"}
[2025-12-05 13:50:25] GET | {"url":"https://api.allegro.pl/sale/products?phrase=5902741000514&mode=GTIN"}
[2025-12-05 13:50:28] GET | {"url":"https://api.allegro.pl/sale/products?phrase=5905940370723&mode=GTIN"}
[2025-12-05 13:50:30] GET | {"url":"https://api.allegro.pl/sale/products?phrase=5907814660107&mode=GTIN"}
[2025-12-05 13:50:32] GET | {"url":"https://api.allegro.pl/sale/products?phrase=5908249970915&mode=GTIN"}
[2025-12-05 13:50:34] GET | {"url":"https://api.allegro.pl/sale/products?phrase=5908249970922&mode=GTIN"}
[2025-12-05 13:50:36] GET | {"url":"https://api.allegro.pl/sale/products?phrase=4260311984536&mode=GTIN"}
[2025-12-05 13:50:39] GET | {"url":"https://api.allegro.pl/sale/products?phrase=4260311985427&mode=GTIN"}
[2025-12-05 13:50:41] GET | {"url":"https://api.allegro.pl/sale/products?phrase=5205541001393&mode=GTIN"}
[2025-12-05 13:50:41] GET | {"url":"https://api.allegro.pl/sale/products?phrase=Oliwa%20z%20oliwek%20extra%20virgin%20Sparta%20BIO"}
[2025-12-05 13:50:44] GET | {"url":"https://api.allegro.pl/sale/products?phrase=5903719619288&mode=GTIN"}
[2025-12-05 13:50:47] GET | {"url":"https://api.allegro.pl/sale/products?phrase=5905279764576&mode=GTIN"}
[2025-12-05 13:50:49] GET | {"url":"https://api.allegro.pl/sale/products?phrase=5903900941402&mode=GTIN"}
[2025-12-05 13:50:51] GET | {"url":"https://api.allegro.pl/sale/products?phrase=5200118473023&mode=GTIN"}
[2025-12-05 13:50:51] GET | {"url":"https://api.allegro.pl/sale/products?phrase=Ocet%20bia%C5%82y%20balsamiczny"}
[2025-12-05 13:50:54] GET | {"url":"https://api.allegro.pl/sale/products?phrase=5905279764064&mode=GTIN"}
[2025-12-05 13:50:56] GET | {"url":"https://api.allegro.pl/sale/products?phrase=5905279764248&mode=GTIN"}
[2025-12-05 13:50:59] GET | {"url":"https://api.allegro.pl/sale/products?phrase=5901597385134&mode=GTIN"}
[2025-12-05 13:51:01] GET | {"url":"https://api.allegro.pl/sale/products?phrase=5901597385141&mode=GTIN"}
[2025-12-05 13:51:03] GET | {"url":"https://api.allegro.pl/sale/products?phrase=5901597385158&mode=GTIN"}
[2025-12-05 13:51:05] GET | {"url":"https://api.allegro.pl/sale/products?phrase=4019886015301&mode=GTIN"}
[2025-12-05 13:51:07] GET | {"url":"https://api.allegro.pl/sale/products?phrase=5905279764033&mode=GTIN"}
[2025-12-05 13:51:09] GET | {"url":"https://api.allegro.pl/sale/products?phrase=5021991945489&mode=GTIN"}
[2025-12-05 13:51:12] GET | {"url":"https://api.allegro.pl/sale/products?phrase=5021991945465&mode=GTIN"}
[2025-12-05 13:51:15] GET | {"url":"https://api.allegro.pl/sale/products?phrase=6923619437491&mode=GTIN"}
[2025-12-05 13:51:15] GET | {"url":"https://api.allegro.pl/sale/products?phrase=Baseno-kocyk%20na%20pla%C5%BC%C4%99%2C%20dwustronny%20od%2036m-ca%20%28180x180cm%29"}
[2025-12-05 13:51:16] GET | {"url":"https://api.allegro.pl/sale/products?phrase=Baseno-kocyk%20na%20pla%C5%BC%C4%99%2C%20dwustronny%20od%2036m-ca"}
[2025-12-05 13:51:17] GET | {"url":"https://api.allegro.pl/sale/products?phrase=Baseno-kocyk%20na%20pla%C5%BC%C4%99%2C%20dwustronny%20od"}
[2025-12-05 13:51:18] GET | {"url":"https://api.allegro.pl/sale/products?phrase=Baseno-kocyk%20na%20pla%C5%BC%C4%99%2C%20dwustronny"}
[2025-12-05 13:51:19] GET | {"url":"https://api.allegro.pl/sale/products?phrase=Baseno-kocyk%20na%20pla%C5%BC%C4%99%2C"}
[2025-12-05 13:51:20] GET | {"url":"https://api.allegro.pl/sale/products?phrase=Baseno-kocyk%20na"}
[2025-12-05 13:51:23] GET | {"url":"https://api.allegro.pl/sale/products?phrase=6430034679608&mode=GTIN"}
[2025-12-05 13:51:26] GET | {"url":"https://api.allegro.pl/sale/products?phrase=4250107657959&mode=GTIN"}
[2025-12-05 13:51:28] GET | {"url":"https://api.allegro.pl/sale/products?phrase=6923619435459&mode=GTIN"}
[2025-12-05 13:51:29] GET | {"url":"https://api.allegro.pl/sale/products?phrase=Bambusowy%20hipopotam%20od%2024m-ca%20%289x4x7cm%29"}
[2025-12-05 13:51:30] GET | {"url":"https://api.allegro.pl/sale/products?phrase=Bambusowy%20hipopotam%20od%2024m-ca"}
[2025-12-05 13:51:31] GET | {"url":"https://api.allegro.pl/sale/products?phrase=Bambusowy%20hipopotam%20od"}
[2025-12-05 13:51:34] GET | {"url":"https://api.allegro.pl/sale/products?phrase=5902367400651&mode=GTIN"}
[2025-12-05 13:51:36] GET | {"url":"https://api.allegro.pl/sale/products?phrase=OPAKOWANIE%20ZBIORCZE%20%28kg%29%20-%20KUMKWAT%20%C5%9AWIE%C5%BBY%20BIO%20%28oko%C5%82o%202%20kg%29"}
[2025-12-05 13:51:37] GET | {"url":"https://api.allegro.pl/sale/products?phrase=OPAKOWANIE%20ZBIORCZE%20%28kg%29%20-%20KUMKWAT%20%C5%9AWIE%C5%BBY%20BIO%20%28oko%C5%82o%202"}
[2025-12-05 13:51:38] GET | {"url":"https://api.allegro.pl/sale/products?phrase=OPAKOWANIE%20ZBIORCZE%20%28kg%29%20-%20KUMKWAT%20%C5%9AWIE%C5%BBY%20BIO%20%28oko%C5%82o"}
[2025-12-05 13:51:39] GET | {"url":"https://api.allegro.pl/sale/products?phrase=OPAKOWANIE%20ZBIORCZE%20%28kg%29%20-%20KUMKWAT%20%C5%9AWIE%C5%BBY%20BIO"}
[2025-12-05 13:51:40] GET | {"url":"https://api.allegro.pl/sale/products?phrase=OPAKOWANIE%20ZBIORCZE%20%28kg%29%20-%20KUMKWAT%20%C5%9AWIE%C5%BBY"}
[2025-12-05 13:51:41] GET | {"url":"https://api.allegro.pl/sale/products?phrase=OPAKOWANIE%20ZBIORCZE%20%28kg%29%20-%20KUMKWAT"}
[2025-12-05 13:51:42] GET | {"url":"https://api.allegro.pl/sale/products?phrase=OPAKOWANIE%20ZBIORCZE%20%28kg%29%20-"}
[2025-12-05 13:51:46] GET | {"url":"https://api.allegro.pl/sale/products?phrase=8016867009935&mode=GTIN"}
[2025-12-05 13:51:49] GET | {"url":"https://api.allegro.pl/sale/products?phrase=8016867009942&mode=GTIN"}
[2025-12-05 13:51:51] GET | {"url":"https://api.allegro.pl/sale/products?phrase=8016867009928&mode=GTIN"}
[2025-12-05 13:51:54] GET | {"url":"https://api.allegro.pl/sale/products?phrase=5903317213277&mode=GTIN"}
[2025-12-05 13:51:56] GET | {"url":"https://api.allegro.pl/sale/products?phrase=5905279764118&mode=GTIN"}
[2025-12-05 13:51:59] GET | {"url":"https://api.allegro.pl/sale/products?phrase=8016867002646&mode=GTIN"}
[2025-12-05 13:52:02] GET | {"url":"https://api.allegro.pl/sale/products?phrase=8016867008945&mode=GTIN"}
[2025-12-05 13:52:05] GET | {"url":"https://api.allegro.pl/sale/products?phrase=8016867014779&mode=GTIN"}
[2025-12-05 13:52:07] GET | {"url":"https://api.allegro.pl/sale/products?phrase=5902741007087&mode=GTIN"}
[2025-12-05 13:52:09] GET | {"url":"https://api.allegro.pl/sale/products?phrase=5905398585915&mode=GTIN"}
[2025-12-05 13:52:09] GET | {"url":"https://api.allegro.pl/sale/products?phrase=HUMMUS%20JALAPENO%20200%20g%20-%20LAVICA%20FOOD"}
[2025-12-05 13:52:10] GET | {"url":"https://api.allegro.pl/sale/products?phrase=HUMMUS%20JALAPENO%20200%20g%20-%20LAVICA"}
[2025-12-05 13:52:10] GET | {"url":"https://api.allegro.pl/sale/products?phrase=HUMMUS%20JALAPENO%20200%20g%20-"}
[2025-12-05 13:52:11] GET | {"url":"https://api.allegro.pl/sale/products?phrase=HUMMUS%20JALAPENO%20200%20g"}
[2025-12-05 13:52:12] GET | {"url":"https://api.allegro.pl/sale/products?phrase=HUMMUS%20JALAPENO%20200"}
[2025-12-05 13:52:13] GET | {"url":"https://api.allegro.pl/sale/products?phrase=HUMMUS%20JALAPENO"}
[2025-12-05 13:52:16] GET | {"url":"https://api.allegro.pl/sale/products?phrase=4019886005197&mode=GTIN"}
[2025-12-05 13:52:17] GET | {"url":"https://api.allegro.pl/sale/products?phrase=Zmywaki%20g%C4%85bczaste%2C%20biodegradowalne%202szt%20%28108x70x25mm%29"}
[2025-12-05 13:52:18] GET | {"url":"https://api.allegro.pl/sale/products?phrase=Zmywaki%20g%C4%85bczaste%2C%20biodegradowalne%202szt"}
[2025-12-05 13:52:18] GET | {"url":"https://api.allegro.pl/sale/products?phrase=Zmywaki%20g%C4%85bczaste%2C%20biodegradowalne"}
[2025-12-05 13:52:19] GET | {"url":"https://api.allegro.pl/sale/products?phrase=Zmywaki%20g%C4%85bczaste%2C"}
[2025-12-05 13:52:22] GET | {"url":"https://api.allegro.pl/sale/products?phrase=4740060010958&mode=GTIN"}
[2025-12-05 13:52:25] GET | {"url":"https://api.allegro.pl/sale/products?phrase=6430034674689&mode=GTIN"}
[2025-12-05 13:52:27] GET | {"url":"https://api.allegro.pl/sale/products?phrase=4740060015021&mode=GTIN"}
[2025-12-05 13:52:31] GET | {"url":"https://api.allegro.pl/sale/products?phrase=6430034674702&mode=GTIN"}
[2025-12-05 13:52:34] GET | {"url":"https://api.allegro.pl/sale/products?phrase=8016867007023&mode=GTIN"}
[2025-12-05 13:52:37] GET | {"url":"https://api.allegro.pl/sale/products?phrase=5907752683855&mode=GTIN"}
[2025-12-05 13:52:39] GET | {"url":"https://api.allegro.pl/sale/products?phrase=4019886190015&mode=GTIN"}
[2025-12-05 13:52:41] GET | {"url":"https://api.allegro.pl/sale/products?phrase=4019886190053&mode=GTIN"}
[2025-12-05 13:52:44] GET | {"url":"https://api.allegro.pl/sale/products?phrase=4740060011894&mode=GTIN"}
[2025-12-05 13:52:44] GET | {"url":"https://api.allegro.pl/sale/products?phrase=Pianka%20do%20mycia%20r%C4%85k%20jasmine"}
[2025-12-05 13:52:48] GET | {"url":"https://api.allegro.pl/sale/products?phrase=8016867007030&mode=GTIN"}
[2025-12-05 13:52:51] GET | {"url":"https://api.allegro.pl/sale/products?phrase=4019886079129&mode=GTIN"}
[2025-12-05 13:52:53] GET | {"url":"https://api.allegro.pl/sale/products?phrase=212063&mode=GTIN"}
[2025-12-05 13:52:53] GET | {"url":"https://api.allegro.pl/sale/products?phrase=PIGWA%20%C5%9AWIE%C5%BBA%20BIO%20%28oko%C5%82o%200%2C30%20kg%29"}
[2025-12-05 13:52:53] GET | {"url":"https://api.allegro.pl/sale/products?phrase=PIGWA%20%C5%9AWIE%C5%BBA%20BIO%20%28oko%C5%82o%200%2C30"}
[2025-12-05 13:52:53] GET | {"url":"https://api.allegro.pl/sale/products?phrase=PIGWA%20%C5%9AWIE%C5%BBA%20BIO%20%28oko%C5%82o"}
[2025-12-05 13:52:54] GET | {"url":"https://api.allegro.pl/sale/products?phrase=PIGWA%20%C5%9AWIE%C5%BBA%20BIO"}
[2025-12-05 13:52:54] GET | {"url":"https://api.allegro.pl/sale/products?phrase=PIGWA%20%C5%9AWIE%C5%BBA"}
[2025-12-05 13:52:57] GET | {"url":"https://api.allegro.pl/sale/products?phrase=5905279764231&mode=GTIN"}
[2025-12-05 13:53:01] GET | {"url":"https://api.allegro.pl/sale/products?phrase=4740060014178&mode=GTIN"}
[2025-12-05 13:53:04] GET | {"url":"https://api.allegro.pl/sale/products?phrase=5904730218610&mode=GTIN"}
[2025-12-05 13:53:07] GET | {"url":"https://api.allegro.pl/sale/products?phrase=5904538036799&mode=GTIN"}
[2025-12-05 13:53:09] GET | {"url":"https://api.allegro.pl/sale/products?phrase=8423352400014&mode=GTIN"}
[2025-12-05 13:53:11] GET | {"url":"https://api.allegro.pl/sale/products?phrase=5902367410032&mode=GTIN"}
[2025-12-05 13:53:13] GET | {"url":"https://api.allegro.pl/sale/products?phrase=8016867013680&mode=GTIN"}
[2025-12-05 13:53:14] GET | {"url":"https://api.allegro.pl/sale/products?phrase=Bielizna%20ch%C5%82onna%20z%20ekologicznej%20bawe%C5%82ny%20do%20nietrzymania%20moczu%2C%20rozmiar%20xl%2C"}
[2025-12-05 13:53:15] GET | {"url":"https://api.allegro.pl/sale/products?phrase=Bielizna%20ch%C5%82onna%20z%20ekologicznej%20bawe%C5%82ny%20do%20nietrzymania%20moczu%2C%20rozmiar"}
[2025-12-05 13:53:15] GET | {"url":"https://api.allegro.pl/sale/products?phrase=Bielizna%20ch%C5%82onna%20z%20ekologicznej%20bawe%C5%82ny%20do%20nietrzymania%20moczu%2C"}
[2025-12-05 13:53:16] GET | {"url":"https://api.allegro.pl/sale/products?phrase=Bielizna%20ch%C5%82onna%20z%20ekologicznej%20bawe%C5%82ny%20do%20nietrzymania"}
[2025-12-05 13:53:17] GET | {"url":"https://api.allegro.pl/sale/products?phrase=Bielizna%20ch%C5%82onna%20z%20ekologicznej%20bawe%C5%82ny%20do"}
[2025-12-05 13:53:18] GET | {"url":"https://api.allegro.pl/sale/products?phrase=Bielizna%20ch%C5%82onna%20z%20ekologicznej%20bawe%C5%82ny"}
[2025-12-05 13:53:19] GET | {"url":"https://api.allegro.pl/sale/products?phrase=Bielizna%20ch%C5%82onna%20z%20ekologicznej"}
[2025-12-05 13:53:20] GET | {"url":"https://api.allegro.pl/sale/products?phrase=Bielizna%20ch%C5%82onna%20z"}
[2025-12-05 13:53:24] GET | {"url":"https://api.allegro.pl/sale/products?phrase=8016867013659&mode=GTIN"}
[2025-12-05 13:53:25] GET | {"url":"https://api.allegro.pl/sale/products?phrase=Bielizna%20ch%C5%82onna%20z%20ekologicznej%20bawe%C5%82ny%20do%20nietrzymania%20moczu%2C%20rozmiar%20s%2C"}
[2025-12-05 13:53:26] GET | {"url":"https://api.allegro.pl/sale/products?phrase=Bielizna%20ch%C5%82onna%20z%20ekologicznej%20bawe%C5%82ny%20do%20nietrzymania%20moczu%2C%20rozmiar"}
[2025-12-05 13:53:27] GET | {"url":"https://api.allegro.pl/sale/products?phrase=Bielizna%20ch%C5%82onna%20z%20ekologicznej%20bawe%C5%82ny%20do%20nietrzymania%20moczu%2C"}
[2025-12-05 13:53:28] GET | {"url":"https://api.allegro.pl/sale/products?phrase=Bielizna%20ch%C5%82onna%20z%20ekologicznej%20bawe%C5%82ny%20do%20nietrzymania"}
[2025-12-05 13:53:29] GET | {"url":"https://api.allegro.pl/sale/products?phrase=Bielizna%20ch%C5%82onna%20z%20ekologicznej%20bawe%C5%82ny%20do"}
[2025-12-05 13:53:30] GET | {"url":"https://api.allegro.pl/sale/products?phrase=Bielizna%20ch%C5%82onna%20z%20ekologicznej%20bawe%C5%82ny"}
[2025-12-05 13:53:31] GET | {"url":"https://api.allegro.pl/sale/products?phrase=Bielizna%20ch%C5%82onna%20z%20ekologicznej"}
[2025-12-05 13:53:32] GET | {"url":"https://api.allegro.pl/sale/products?phrase=Bielizna%20ch%C5%82onna%20z"}
[2025-12-05 13:53:36] GET | {"url":"https://api.allegro.pl/sale/products?phrase=8016867013666&mode=GTIN"}
[2025-12-05 13:53:37] GET | {"url":"https://api.allegro.pl/sale/products?phrase=Bielizna%20ch%C5%82onna%20z%20ekologicznej%20bawe%C5%82ny%20do%20nietrzymania%20moczu%2C%20rozmiar%20m%2C"}
[2025-12-05 13:53:38] GET | {"url":"https://api.allegro.pl/sale/products?phrase=Bielizna%20ch%C5%82onna%20z%20ekologicznej%20bawe%C5%82ny%20do%20nietrzymania%20moczu%2C%20rozmiar"}
[2025-12-05 13:53:39] GET | {"url":"https://api.allegro.pl/sale/products?phrase=Bielizna%20ch%C5%82onna%20z%20ekologicznej%20bawe%C5%82ny%20do%20nietrzymania%20moczu%2C"}
[2025-12-05 13:53:40] GET | {"url":"https://api.allegro.pl/sale/products?phrase=Bielizna%20ch%C5%82onna%20z%20ekologicznej%20bawe%C5%82ny%20do%20nietrzymania"}
[2025-12-05 13:53:41] GET | {"url":"https://api.allegro.pl/sale/products?phrase=Bielizna%20ch%C5%82onna%20z%20ekologicznej%20bawe%C5%82ny%20do"}
[2025-12-05 13:53:42] GET | {"url":"https://api.allegro.pl/sale/products?phrase=Bielizna%20ch%C5%82onna%20z%20ekologicznej%20bawe%C5%82ny"}
[2025-12-05 13:53:43] GET | {"url":"https://api.allegro.pl/sale/products?phrase=Bielizna%20ch%C5%82onna%20z%20ekologicznej"}
[2025-12-05 13:53:44] GET | {"url":"https://api.allegro.pl/sale/products?phrase=Bielizna%20ch%C5%82onna%20z"}
[2025-12-05 13:53:47] GET | {"url":"https://api.allegro.pl/sale/products?phrase=8016867013673&mode=GTIN"}
[2025-12-05 13:53:48] GET | {"url":"https://api.allegro.pl/sale/products?phrase=Bielizna%20ch%C5%82onna%20z%20ekologicznej%20bawe%C5%82ny%20do%20nietrzymania%20moczu%2C%20rozmiar%20l%2C"}
[2025-12-05 13:53:50] GET | {"url":"https://api.allegro.pl/sale/products?phrase=Bielizna%20ch%C5%82onna%20z%20ekologicznej%20bawe%C5%82ny%20do%20nietrzymania%20moczu%2C%20rozmiar"}
[2025-12-05 13:53:51] GET | {"url":"https://api.allegro.pl/sale/products?phrase=Bielizna%20ch%C5%82onna%20z%20ekologicznej%20bawe%C5%82ny%20do%20nietrzymania%20moczu%2C"}
[2025-12-05 13:53:52] GET | {"url":"https://api.allegro.pl/sale/products?phrase=Bielizna%20ch%C5%82onna%20z%20ekologicznej%20bawe%C5%82ny%20do%20nietrzymania"}
[2025-12-05 13:53:53] GET | {"url":"https://api.allegro.pl/sale/products?phrase=Bielizna%20ch%C5%82onna%20z%20ekologicznej%20bawe%C5%82ny%20do"}
[2025-12-05 13:53:54] GET | {"url":"https://api.allegro.pl/sale/products?phrase=Bielizna%20ch%C5%82onna%20z%20ekologicznej%20bawe%C5%82ny"}
[2025-12-05 13:53:55] GET | {"url":"https://api.allegro.pl/sale/products?phrase=Bielizna%20ch%C5%82onna%20z%20ekologicznej"}
[2025-12-05 13:53:56] GET | {"url":"https://api.allegro.pl/sale/products?phrase=Bielizna%20ch%C5%82onna%20z"}
[2025-12-05 13:53:59] GET | {"url":"https://api.allegro.pl/sale/products?phrase=8016867007047&mode=GTIN"}
[2025-12-05 13:54:00] GET | {"url":"https://api.allegro.pl/sale/products?phrase=Wata%20w%20kulkach%20100szt%20BIO"}
[2025-12-05 13:54:02] GET | {"url":"https://api.allegro.pl/sale/products?phrase=Wata%20w%20kulkach%20100szt"}
[2025-12-05 13:54:03] GET | {"url":"https://api.allegro.pl/sale/products?phrase=Wata%20w%20kulkach"}
[2025-12-05 13:54:06] GET | {"url":"https://api.allegro.pl/sale/products?phrase=4019886081160&mode=GTIN"}
[2025-12-05 13:54:09] GET | {"url":"https://api.allegro.pl/sale/products?phrase=4019886081368&mode=GTIN"}
[2025-12-05 13:54:12] GET | {"url":"https://api.allegro.pl/sale/products?phrase=4740060012433&mode=GTIN"}
[2025-12-05 13:54:14] GET | {"url":"https://api.allegro.pl/sale/products?phrase=4260554380188&mode=GTIN"}
[2025-12-05 13:54:16] GET | {"url":"https://api.allegro.pl/sale/products?phrase=4260554386524&mode=GTIN"}
[2025-12-05 13:54:18] GET | {"url":"https://api.allegro.pl/sale/products?phrase=4019886050166&mode=GTIN"}
[2025-12-05 13:54:21] GET | {"url":"https://api.allegro.pl/sale/products?phrase=4019886015264&mode=GTIN"}
[2025-12-05 13:54:25] GET | {"url":"https://api.allegro.pl/sale/products?phrase=3800232735087&mode=GTIN"}
[2025-12-05 13:54:27] GET | {"url":"https://api.allegro.pl/sale/products?phrase=3800232735971&mode=GTIN"}
[2025-12-05 13:54:30] GET | {"url":"https://api.allegro.pl/sale/products?phrase=3800232735100&mode=GTIN"}
[2025-12-05 13:54:32] GET | {"url":"https://api.allegro.pl/sale/products?phrase=3800232735094&mode=GTIN"}
[2025-12-05 13:54:35] GET | {"url":"https://api.allegro.pl/sale/products?phrase=4019886200011&mode=GTIN"}
[2025-12-05 13:54:37] GET | {"url":"https://api.allegro.pl/sale/products?phrase=4019886200066&mode=GTIN"}
[2025-12-05 13:54:40] GET | {"url":"https://api.allegro.pl/sale/products?phrase=3800225474412&mode=GTIN"}
[2025-12-05 13:54:42] GET | {"url":"https://api.allegro.pl/sale/products?phrase=4019886050708&mode=GTIN"}
[2025-12-05 13:54:43] GET | {"url":"https://api.allegro.pl/sale/products?phrase=4019886076166&mode=GTIN"}
[2025-12-05 13:54:44] GET | {"url":"https://api.allegro.pl/sale/products?phrase=3800225478939&mode=GTIN"}
[2025-12-05 13:54:45] GET | {"url":"https://api.allegro.pl/sale/products?phrase=4019886015097&mode=GTIN"}
[2025-12-05 13:54:48] GET | {"url":"https://api.allegro.pl/sale/products?phrase=4019886015509&mode=GTIN"}
[2025-12-05 13:54:50] GET | {"url":"https://api.allegro.pl/sale/products?phrase=4019886200332&mode=GTIN"}
[2025-12-05 13:54:52] GET | {"url":"https://api.allegro.pl/sale/products?phrase=4019886200325&mode=GTIN"}
[2025-12-05 13:54:52] GET | {"url":"https://api.allegro.pl/sale/products?phrase=Od%C5%9Bwie%C5%BCacz%20powietrza%20drzewo%20sanda%C5%82owe%20w%20spray%27u%20BIO"}
[2025-12-05 13:54:53] GET | {"url":"https://api.allegro.pl/sale/products?phrase=Od%C5%9Bwie%C5%BCacz%20powietrza%20drzewo%20sanda%C5%82owe%20w%20spray%27u"}
[2025-12-05 13:54:54] GET | {"url":"https://api.allegro.pl/sale/products?phrase=Od%C5%9Bwie%C5%BCacz%20powietrza%20drzewo%20sanda%C5%82owe%20w"}
[2025-12-05 14:12:46] GET | {"url":"https://api.allegro.pl/sale/products?phrase=3800225475587&mode=GTIN"}
[2025-12-05 14:12:49] GET | {"url":"https://api.allegro.pl/sale/products?phrase=3800225474207&mode=GTIN"}
[2025-12-05 14:12:53] GET | {"url":"https://api.allegro.pl/sale/products?phrase=3800225478984&mode=GTIN"}
[2025-12-05 14:12:55] GET | {"url":"https://api.allegro.pl/sale/products?phrase=3800225479936&mode=GTIN"}
[2025-12-05 14:12:56] GET | {"url":"https://api.allegro.pl/sale/products?phrase=4019886017503&mode=GTIN"}
[2025-12-05 14:12:58] GET | {"url":"https://api.allegro.pl/sale/products?phrase=4019886000604&mode=GTIN"}
[2025-12-05 14:12:58] GET | {"url":"https://api.allegro.pl/sale/products?phrase=Zmi%C4%99kczacz%20wody%20BIO"}
[2025-12-05 14:13:00] GET | {"url":"https://api.allegro.pl/sale/products?phrase=4019886000208&mode=GTIN"}
[2025-12-05 14:13:03] GET | {"url":"https://api.allegro.pl/sale/products?phrase=4019886000352&mode=GTIN"}
[2025-12-05 14:13:07] GET | {"url":"https://api.allegro.pl/sale/products?phrase=4019886001403&mode=GTIN"}
[2025-12-05 14:13:10] GET | {"url":"https://api.allegro.pl/sale/products?phrase=4019886019569&mode=GTIN"}
[2025-12-05 14:13:12] GET | {"url":"https://api.allegro.pl/sale/products?phrase=4019886019002&mode=GTIN"}
[2025-12-05 14:13:17] GET | {"url":"https://api.allegro.pl/sale/products?phrase=4019886001007&mode=GTIN"}
[2025-12-05 14:13:21] GET | {"url":"https://api.allegro.pl/sale/products?phrase=4019886020701&mode=GTIN"}
[2025-12-05 14:13:23] GET | {"url":"https://api.allegro.pl/sale/products?phrase=4019886020008&mode=GTIN"}
[2025-12-05 14:13:25] GET | {"url":"https://api.allegro.pl/sale/products?phrase=4019886055079&mode=GTIN"}
[2025-12-05 14:13:27] GET | {"url":"https://api.allegro.pl/sale/products?phrase=4019886016131&mode=GTIN"}
[2025-12-05 14:13:32] GET | {"url":"https://api.allegro.pl/sale/products?phrase=4019886016162&mode=GTIN"}
[2025-12-05 14:13:34] GET | {"url":"https://api.allegro.pl/sale/products?phrase=4019886018098&mode=GTIN"}
[2025-12-05 14:13:37] GET | {"url":"https://api.allegro.pl/sale/products?phrase=4019886023566&mode=GTIN"}
[2025-12-05 14:13:39] GET | {"url":"https://api.allegro.pl/sale/products?phrase=4019886190169&mode=GTIN"}
[2025-12-05 14:13:41] GET | {"url":"https://api.allegro.pl/sale/products?phrase=4019886000741&mode=GTIN"}
[2025-12-05 14:13:46] GET | {"url":"https://api.allegro.pl/sale/products?phrase=4019886005173&mode=GTIN"}
[2025-12-05 14:13:50] GET | {"url":"https://api.allegro.pl/sale/products?phrase=4019886050739&mode=GTIN"}
[2025-12-05 14:13:50] GET | {"url":"https://api.allegro.pl/sale/products?phrase=Proszek%20do%20prania%2C%20uniwersalny%20kolor%20lawendowy%20BIO"}
[2025-12-05 14:13:50] GET | {"url":"https://api.allegro.pl/sale/products?phrase=Proszek%20do%20prania%2C%20uniwersalny%20kolor%20lawendowy"}
[2025-12-05 14:13:50] GET | {"url":"https://api.allegro.pl/sale/products?phrase=Proszek%20do%20prania%2C%20uniwersalny%20kolor"}
[2025-12-05 14:13:53] GET | {"url":"https://api.allegro.pl/sale/products?phrase=4019886050722&mode=GTIN"}
[2025-12-05 14:13:55] GET | {"url":"https://api.allegro.pl/sale/products?phrase=4019886200097&mode=GTIN"}
[2025-12-05 14:13:55] GET | {"url":"https://api.allegro.pl/sale/products?phrase=Od%C5%9Bwie%C5%BCacz%20do%20pomieszcze%C5%84%2C%20magnolia%2C"}
[2025-12-05 14:13:57] GET | {"url":"https://api.allegro.pl/sale/products?phrase=4019886050555&mode=GTIN"}
[2025-12-05 14:13:57] GET | {"url":"https://api.allegro.pl/sale/products?phrase=Proszek%20do%20prania%20uniwersalny%2C"}
[2025-12-05 14:14:00] GET | {"url":"https://api.allegro.pl/sale/products?phrase=7640230491068&mode=GTIN"}
[2025-12-05 14:14:03] GET | {"url":"https://api.allegro.pl/sale/products?phrase=4035129005007&mode=GTIN"}
[2025-12-05 14:14:05] GET | {"url":"https://api.allegro.pl/sale/products?phrase=8016867016469&mode=GTIN"}
[2025-12-05 14:14:05] GET | {"url":"https://api.allegro.pl/sale/products?phrase=Majtki%20na%20nietrzymanie%20moczu%20%2C%20rozmiar%20L%2C"}
[2025-12-05 14:14:08] GET | {"url":"https://api.allegro.pl/sale/products?phrase=4260133239104&mode=GTIN"}
[2025-12-05 14:14:10] GET | {"url":"https://api.allegro.pl/sale/products?phrase=787099255411&mode=GTIN"}
[2025-12-05 14:14:12] GET | {"url":"https://api.allegro.pl/sale/products?phrase=5060630100025&mode=GTIN"}
[2025-12-05 14:14:14] GET | {"url":"https://api.allegro.pl/sale/products?phrase=5060630100001&mode=GTIN"}
[2025-12-05 14:14:17] GET | {"url":"https://api.allegro.pl/sale/products?phrase=4260133234918&mode=GTIN"}
[2025-12-05 14:14:19] GET | {"url":"https://api.allegro.pl/sale/products?phrase=7640230492881&mode=GTIN"}
[2025-12-05 14:14:21] GET | {"url":"https://api.allegro.pl/sale/products?phrase=8423352400038&mode=GTIN"}
[2025-12-05 14:14:23] GET | {"url":"https://api.allegro.pl/sale/products?phrase=5903111231446&mode=GTIN"}
[2025-12-05 14:14:23] GET | {"url":"https://api.allegro.pl/sale/products?phrase=Quinoa%20bia%C5%82a%20BIO"}
[2025-12-05 14:14:26] GET | {"url":"https://api.allegro.pl/sale/products?phrase=5903111231781&mode=GTIN"}
[2025-12-05 14:14:26] GET | {"url":"https://api.allegro.pl/sale/products?phrase=Ry%C5%BC%20ja%C5%9Bminowy%20bia%C5%82y%20BIO"}
[2025-12-05 14:14:29] GET | {"url":"https://api.allegro.pl/sale/products?phrase=7640104952695&mode=GTIN"}
[2025-12-05 14:14:31] GET | {"url":"https://api.allegro.pl/sale/products?phrase=8423352400199&mode=GTIN"}
[2025-12-05 14:14:34] GET | {"url":"https://api.allegro.pl/sale/products?phrase=7640230490948&mode=GTIN"}
[2025-12-05 14:14:36] GET | {"url":"https://api.allegro.pl/sale/products?phrase=7640230491457&mode=GTIN"}
[2025-12-05 14:14:38] GET | {"url":"https://api.allegro.pl/sale/products?phrase=7640230490986&mode=GTIN"}
[2025-12-05 14:14:40] GET | {"url":"https://api.allegro.pl/sale/products?phrase=7640230490962&mode=GTIN"}
[2025-12-05 14:14:41] GET | {"url":"https://api.allegro.pl/sale/products?phrase=7640230490825&mode=GTIN"}
[2025-12-05 14:14:42] GET | {"url":"https://api.allegro.pl/sale/products?phrase=4260133231238&mode=GTIN"}
[2025-12-05 14:14:45] GET | {"url":"https://api.allegro.pl/sale/products?phrase=3265660392002&mode=GTIN"}
[2025-12-05 14:14:49] GET | {"url":"https://api.allegro.pl/sale/products?phrase=4260133231832&mode=GTIN"}
[2025-12-05 14:14:53] GET | {"url":"https://api.allegro.pl/sale/products?phrase=4260133232624&mode=GTIN"}
[2025-12-05 14:14:55] GET | {"url":"https://api.allegro.pl/sale/products?phrase=4260133232563&mode=GTIN"}
[2025-12-05 14:14:55] GET | {"url":"https://api.allegro.pl/sale/products?phrase=Mus%20kiwi%2C%20truskawka%2C%20gruszka%2C%20banan%2C%20sucharki%20pszenne%20BIO"}
[2025-12-05 14:14:55] GET | {"url":"https://api.allegro.pl/sale/products?phrase=Mus%20kiwi%2C%20truskawka%2C%20gruszka%2C%20banan%2C%20sucharki%20pszenne"}
[2025-12-05 14:14:56] GET | {"url":"https://api.allegro.pl/sale/products?phrase=Mus%20kiwi%2C%20truskawka%2C%20gruszka%2C%20banan%2C%20sucharki"}
[2025-12-05 14:14:56] GET | {"url":"https://api.allegro.pl/sale/products?phrase=Mus%20kiwi%2C%20truskawka%2C%20gruszka%2C%20banan%2C"}
[2025-12-05 14:14:56] GET | {"url":"https://api.allegro.pl/sale/products?phrase=Mus%20kiwi%2C%20truskawka%2C%20gruszka%2C"}
[2025-12-05 14:14:56] GET | {"url":"https://api.allegro.pl/sale/products?phrase=Mus%20kiwi%2C%20truskawka%2C"}
[2025-12-05 14:14:58] GET | {"url":"https://api.allegro.pl/sale/products?phrase=4260133232549&mode=GTIN"}
[2025-12-05 14:15:00] GET | {"url":"https://api.allegro.pl/sale/products?phrase=4260133231948&mode=GTIN"}
[2025-12-05 14:15:02] GET | {"url":"https://api.allegro.pl/sale/products?phrase=4260133232709&mode=GTIN"}
[2025-12-05 14:15:02] GET | {"url":"https://api.allegro.pl/sale/products?phrase=Mus%20malina%2C%20bor%C3%B3wka%2C%20winogrono%2C%20banan%2C%20jab%C5%82ko%2C%20owies%20BIO"}
[2025-12-05 14:15:02] GET | {"url":"https://api.allegro.pl/sale/products?phrase=Mus%20malina%2C%20bor%C3%B3wka%2C%20winogrono%2C%20banan%2C%20jab%C5%82ko%2C%20owies"}
[2025-12-05 14:15:03] GET | {"url":"https://api.allegro.pl/sale/products?phrase=Mus%20malina%2C%20bor%C3%B3wka%2C%20winogrono%2C%20banan%2C%20jab%C5%82ko%2C"}
[2025-12-05 14:15:03] GET | {"url":"https://api.allegro.pl/sale/products?phrase=Mus%20malina%2C%20bor%C3%B3wka%2C%20winogrono%2C%20banan%2C"}
[2025-12-05 14:15:03] GET | {"url":"https://api.allegro.pl/sale/products?phrase=Mus%20malina%2C%20bor%C3%B3wka%2C%20winogrono%2C"}
[2025-12-05 14:15:03] GET | {"url":"https://api.allegro.pl/sale/products?phrase=Mus%20malina%2C%20bor%C3%B3wka%2C"}
[2025-12-05 14:15:03] GET | {"url":"https://api.allegro.pl/sale/products?phrase=Mus%20malina%2C"}
[2025-12-05 14:15:06] GET | {"url":"https://api.allegro.pl/sale/products?phrase=4260133234482&mode=GTIN"}
[2025-12-05 14:15:06] GET | {"url":"https://api.allegro.pl/sale/products?phrase=Mus%20truskawka%2C%20gruszka%2C%20winogrono%2C%20banan%2C%20owies%20BIO"}
[2025-12-05 14:15:06] GET | {"url":"https://api.allegro.pl/sale/products?phrase=Mus%20truskawka%2C%20gruszka%2C%20winogrono%2C%20banan%2C%20owies"}
[2025-12-05 14:15:06] GET | {"url":"https://api.allegro.pl/sale/products?phrase=Mus%20truskawka%2C%20gruszka%2C%20winogrono%2C%20banan%2C"}
[2025-12-05 14:15:06] GET | {"url":"https://api.allegro.pl/sale/products?phrase=Mus%20truskawka%2C%20gruszka%2C%20winogrono%2C"}
[2025-12-05 14:15:07] GET | {"url":"https://api.allegro.pl/sale/products?phrase=Mus%20truskawka%2C%20gruszka%2C"}
[2025-12-05 14:15:09] GET | {"url":"https://api.allegro.pl/sale/products?phrase=4260133231924&mode=GTIN"}
[2025-12-05 14:15:09] GET | {"url":"https://api.allegro.pl/sale/products?phrase=Mus%20truskawka%2C%20jab%C5%82ko%20BIO"}
[2025-12-05 14:15:12] GET | {"url":"https://api.allegro.pl/sale/products?phrase=3265660395003&mode=GTIN"}
[2025-12-05 14:15:14] GET | {"url":"https://api.allegro.pl/sale/products?phrase=5907738156373&mode=GTIN"}
[2025-12-05 14:15:17] GET | {"url":"https://api.allegro.pl/sale/products?phrase=7640230492508&mode=GTIN"}
[2025-12-05 14:15:21] GET | {"url":"https://api.allegro.pl/sale/products?phrase=7330933178419&mode=GTIN"}
[2025-12-05 14:15:26] GET | {"url":"https://api.allegro.pl/sale/products?phrase=7330933178372&mode=GTIN"}
[2025-12-05 14:15:29] GET | {"url":"https://api.allegro.pl/sale/products?phrase=733739006905&mode=GTIN"}
[2025-12-05 14:15:32] GET | {"url":"https://api.allegro.pl/sale/products?phrase=5907709956629&mode=GTIN"}
[2025-12-05 14:15:33] GET | {"url":"https://api.allegro.pl/sale/products?phrase=7330933177078&mode=GTIN"}
[2025-12-05 14:15:34] GET | {"url":"https://api.allegro.pl/sale/products?phrase=7330933177238&mode=GTIN"}
[2025-12-05 14:15:37] GET | {"url":"https://api.allegro.pl/sale/products?phrase=7330933177245&mode=GTIN"}
[2025-12-05 14:15:39] GET | {"url":"https://api.allegro.pl/sale/products?phrase=5907709956612&mode=GTIN"}
[2025-12-05 14:15:41] GET | {"url":"https://api.allegro.pl/sale/products?phrase=7330933177047&mode=GTIN"}
[2025-12-05 14:15:43] GET | {"url":"https://api.allegro.pl/sale/products?phrase=7330933176965&mode=GTIN"}
[2025-12-05 14:15:46] GET | {"url":"https://api.allegro.pl/sale/products?phrase=7330933032278&mode=GTIN"}
[2025-12-05 14:15:48] GET | {"url":"https://api.allegro.pl/sale/products?phrase=7330933140331&mode=GTIN"}
[2025-12-05 14:15:50] GET | {"url":"https://api.allegro.pl/sale/products?phrase=7330933177061&mode=GTIN"}
[2025-12-05 14:15:52] GET | {"url":"https://api.allegro.pl/sale/products?phrase=7330933176972&mode=GTIN"}
[2025-12-05 14:15:54] GET | {"url":"https://api.allegro.pl/sale/products?phrase=7330933176934&mode=GTIN"}
[2025-12-05 14:15:56] GET | {"url":"https://api.allegro.pl/sale/products?phrase=7330933176958&mode=GTIN"}
[2025-12-05 14:15:59] GET | {"url":"https://api.allegro.pl/sale/products?phrase=7330933176941&mode=GTIN"}
[2025-12-05 14:16:01] GET | {"url":"https://api.allegro.pl/sale/products?phrase=7330933177030&mode=GTIN"}
[2025-12-05 14:16:03] GET | {"url":"https://api.allegro.pl/sale/products?phrase=4820262541105&mode=GTIN"}
[2025-12-05 14:16:05] GET | {"url":"https://api.allegro.pl/sale/products?phrase=5902444127136&mode=GTIN"}
[2025-12-05 14:16:07] GET | {"url":"https://api.allegro.pl/sale/products?phrase=5906935014851&mode=GTIN"}
[2025-12-05 14:16:09] GET | {"url":"https://api.allegro.pl/sale/products?phrase=5902444127013&mode=GTIN"}
[2025-12-05 14:16:11] GET | {"url":"https://api.allegro.pl/sale/products?phrase=5906935014196&mode=GTIN"}
[2025-12-05 14:16:13] GET | {"url":"https://api.allegro.pl/sale/products?phrase=5902444126351&mode=GTIN"}
[2025-12-05 14:16:16] GET | {"url":"https://api.allegro.pl/sale/products?phrase=5902741000286&mode=GTIN"}
[2025-12-05 14:16:18] GET | {"url":"https://api.allegro.pl/sale/products?phrase=5902367405236&mode=GTIN"}
[2025-12-05 14:16:20] GET | {"url":"https://api.allegro.pl/sale/products?phrase=4008230439191&mode=GTIN"}
[2025-12-05 14:16:20] GET | {"url":"https://api.allegro.pl/sale/products?phrase=MLEKO%20O%20SMAKU%20CZEKOLADOWYM%20UHT%20BIO%20500%20ml%20-%20SALITER"}
[2025-12-05 14:16:20] GET | {"url":"https://api.allegro.pl/sale/products?phrase=MLEKO%20O%20SMAKU%20CZEKOLADOWYM%20UHT%20BIO%20500%20ml%20-"}
[2025-12-05 14:16:22] GET | {"url":"https://api.allegro.pl/sale/products?phrase=4607001340096&mode=GTIN"}
[2025-12-05 14:16:25] GET | {"url":"https://api.allegro.pl/sale/products?phrase=4607117344384&mode=GTIN"}
[2025-12-05 14:16:27] GET | {"url":"https://api.allegro.pl/sale/products?phrase=4820183474612&mode=GTIN"}
[2025-12-05 14:16:29] GET | {"url":"https://api.allegro.pl/sale/products?phrase=4820183474193&mode=GTIN"}
[2025-12-05 14:16:31] GET | {"url":"https://api.allegro.pl/sale/products?phrase=5905036229751&mode=GTIN"}
[2025-12-05 14:16:33] GET | {"url":"https://api.allegro.pl/sale/products?phrase=5904257410511&mode=GTIN"}
[2025-12-05 14:16:36] GET | {"url":"https://api.allegro.pl/sale/products?phrase=4820183473783&mode=GTIN"}
[2025-12-05 14:16:38] GET | {"url":"https://api.allegro.pl/sale/products?phrase=5905036229713&mode=GTIN"}
[2025-12-05 14:16:40] GET | {"url":"https://api.allegro.pl/sale/products?phrase=4820183473974&mode=GTIN"}
[2025-12-05 14:16:42] GET | {"url":"https://api.allegro.pl/sale/products?phrase=4024967011646&mode=GTIN"}
[2025-12-05 14:16:49] GET | {"url":"https://api.allegro.pl/sale/products?phrase=4024967013831&mode=GTIN"}
[2025-12-05 14:16:49] GET | {"url":"https://api.allegro.pl/sale/products?phrase=Wino%20bezalkoholowe%20Rose%20BIO"}
[2025-12-05 14:16:51] GET | {"url":"https://api.allegro.pl/sale/products?phrase=4024967011608&mode=GTIN"}
[2025-12-05 14:16:51] GET | {"url":"https://api.allegro.pl/sale/products?phrase=Wino%20bezalkoholowe%20Chardonnay%20BIO"}
[2025-12-05 14:16:54] GET | {"url":"https://api.allegro.pl/sale/products?phrase=4024967011622&mode=GTIN"}
[2025-12-05 14:16:56] GET | {"url":"https://api.allegro.pl/sale/products?phrase=4820183473738&mode=GTIN"}
[2025-12-05 14:16:58] GET | {"url":"https://api.allegro.pl/sale/products?phrase=4820183473745&mode=GTIN"}
[2025-12-05 14:28:05] GET | {"url":"https://api.allegro.pl/sale/products?phrase=4820183473196&mode=GTIN"}
[2025-12-05 14:28:06] GET | {"url":"https://api.allegro.pl/sale/products?phrase=5903111231002&mode=GTIN"}
[2025-12-05 14:28:07] GET | {"url":"https://api.allegro.pl/sale/products?phrase=4607117341765&mode=GTIN"}
[2025-12-05 14:28:09] GET | {"url":"https://api.allegro.pl/sale/products?phrase=5903111231996&mode=GTIN"}
[2025-12-05 14:28:11] GET | {"url":"https://api.allegro.pl/sale/products?phrase=5904257410450&mode=GTIN"}
[2025-12-05 14:28:11] GET | {"url":"https://api.allegro.pl/sale/products?phrase=ARAM%20NATURA%20Olej%20rokitnikowy%20syberyjski"}
[2025-12-05 14:28:14] GET | {"url":"https://api.allegro.pl/sale/products?phrase=4751022436952&mode=GTIN"}
[2025-12-05 14:28:16] GET | {"url":"https://api.allegro.pl/sale/products?phrase=5904257410528&mode=GTIN"}
[2025-12-05 14:28:18] GET | {"url":"https://api.allegro.pl/sale/products?phrase=4820183473677&mode=GTIN"}
[2025-12-05 14:28:20] GET | {"url":"https://api.allegro.pl/sale/products?phrase=4823015900570&mode=GTIN"}
[2025-12-05 14:28:22] GET | {"url":"https://api.allegro.pl/sale/products?phrase=4820183474247&mode=GTIN"}
[2025-12-05 14:28:24] GET | {"url":"https://api.allegro.pl/sale/products?phrase=4820183472946&mode=GTIN"}
[2025-12-05 14:28:26] GET | {"url":"https://api.allegro.pl/sale/products?phrase=4823015919930&mode=GTIN"}
[2025-12-05 14:28:29] GET | {"url":"https://api.allegro.pl/sale/products?phrase=5903111231705&mode=GTIN"}
[2025-12-05 14:28:29] GET | {"url":"https://api.allegro.pl/sale/products?phrase=Erytrytol%20Francuski"}
[2025-12-05 14:28:31] GET | {"url":"https://api.allegro.pl/sale/products?phrase=5903111231507&mode=GTIN"}
[2025-12-05 14:28:31] GET | {"url":"https://api.allegro.pl/sale/products?phrase=Ksylitol%20cukier%20z%20brzozy"}
[2025-12-05 14:28:34] GET | {"url":"https://api.allegro.pl/sale/products?phrase=4820183472892&mode=GTIN"}
[2025-12-05 14:28:36] GET | {"url":"https://api.allegro.pl/sale/products?phrase=4820183472885&mode=GTIN"}
[2025-12-05 14:28:38] GET | {"url":"https://api.allegro.pl/sale/products?phrase=4820183472250&mode=GTIN"}
[2025-12-05 14:28:40] GET | {"url":"https://api.allegro.pl/sale/products?phrase=4820183472144&mode=GTIN"}
[2025-12-05 14:28:43] GET | {"url":"https://api.allegro.pl/sale/products?phrase=4820183473202&mode=GTIN"}
[2025-12-05 14:38:28] GET | {"url":"https://api.allegro.pl/sale/products?phrase=5903111231996&mode=GTIN"}
[2025-12-05 14:38:29] GET | {"url":"https://api.allegro.pl/sale/products?phrase=4820183472212&mode=GTIN"}
[2025-12-05 14:38:30] GET | {"url":"https://api.allegro.pl/sale/products?phrase=4820183472991&mode=GTIN"}
[2025-12-05 14:38:32] GET | {"url":"https://api.allegro.pl/sale/products?phrase=4820183472199&mode=GTIN"}
[2025-12-05 14:38:35] GET | {"url":"https://api.allegro.pl/sale/products?phrase=4820183473141&mode=GTIN"}
[2025-12-05 14:38:37] GET | {"url":"https://api.allegro.pl/sale/products?phrase=8934567078115&mode=GTIN"}
[2025-12-05 14:38:40] GET | {"url":"https://api.allegro.pl/sale/products?phrase=4019886020145&mode=GTIN"}
[2025-12-05 14:38:44] GET | {"url":"https://api.allegro.pl/sale/products?phrase=5903111231408&mode=GTIN"}
[2025-12-05 14:38:48] GET | {"url":"https://api.allegro.pl/sale/products?phrase=4006040054337&mode=GTIN"}
[2025-12-05 14:38:50] GET | {"url":"https://api.allegro.pl/sale/products?phrase=4820183472779&mode=GTIN"}
[2025-12-05 14:38:52] GET | {"url":"https://api.allegro.pl/sale/products?phrase=5903933645575&mode=GTIN"}
[2025-12-05 14:38:54] GET | {"url":"https://api.allegro.pl/sale/products?phrase=5903933645551&mode=GTIN"}
[2025-12-05 14:38:56] GET | {"url":"https://api.allegro.pl/sale/products?phrase=5903933645568&mode=GTIN"}
[2025-12-05 14:38:58] GET | {"url":"https://api.allegro.pl/sale/products?phrase=5900117986677&mode=GTIN"}
[2025-12-05 14:39:00] GET | {"url":"https://api.allegro.pl/sale/products?phrase=5902983782254&mode=GTIN"}
[2025-12-05 14:39:03] GET | {"url":"https://api.allegro.pl/sale/products?phrase=5902605414051&mode=GTIN"}
[2025-12-05 14:39:05] GET | {"url":"https://api.allegro.pl/sale/products?phrase=5904292076604&mode=GTIN"}
[2025-12-05 14:39:07] GET | {"url":"https://api.allegro.pl/sale/products?phrase=5906935010105&mode=GTIN"}
[2025-12-05 14:39:07] GET | {"url":"https://api.allegro.pl/sale/products?phrase=KOENZYM%20Q10%20%28200%20mg%29%2060%20KAPSU%C5%81EK%20-%20SO%20GOOD%21"}
[2025-12-05 14:39:07] GET | {"url":"https://api.allegro.pl/sale/products?phrase=KOENZYM%20Q10%20%28200%20mg%29%2060%20KAPSU%C5%81EK%20-%20SO"}
[2025-12-05 14:39:07] GET | {"url":"https://api.allegro.pl/sale/products?phrase=KOENZYM%20Q10%20%28200%20mg%29%2060%20KAPSU%C5%81EK%20-"}
[2025-12-05 14:39:10] GET | {"url":"https://api.allegro.pl/sale/products?phrase=5412360002252&mode=GTIN"}
[2025-12-05 14:39:10] GET | {"url":"https://api.allegro.pl/sale/products?phrase=OLEJEK%20ETERYCZNY%20YLANG%20YLANG%20BIO%2010%20ml%20-%20PHYSALIS"}
[2025-12-05 14:39:10] GET | {"url":"https://api.allegro.pl/sale/products?phrase=OLEJEK%20ETERYCZNY%20YLANG%20YLANG%20BIO%2010%20ml%20-"}
[2025-12-05 14:39:13] GET | {"url":"https://api.allegro.pl/sale/products?phrase=5902605417397&mode=GTIN"}
[2025-12-05 14:39:13] GET | {"url":"https://api.allegro.pl/sale/products?phrase=TRUSKAWKA%20%C5%9AWIE%C5%BBA%20BIO%20%28oko%C5%82o%200%2C25%20kg%29"}
[2025-12-05 14:39:13] GET | {"url":"https://api.allegro.pl/sale/products?phrase=TRUSKAWKA%20%C5%9AWIE%C5%BBA%20BIO%20%28oko%C5%82o%200%2C25"}
[2025-12-05 14:39:13] GET | {"url":"https://api.allegro.pl/sale/products?phrase=TRUSKAWKA%20%C5%9AWIE%C5%BBA%20BIO%20%28oko%C5%82o"}
[2025-12-05 14:39:13] GET | {"url":"https://api.allegro.pl/sale/products?phrase=TRUSKAWKA%20%C5%9AWIE%C5%BBA%20BIO"}
[2025-12-05 14:39:15] GET | {"url":"https://api.allegro.pl/sale/products?phrase=8031301141743&mode=GTIN"}
[2025-12-05 14:39:15] GET | {"url":"https://api.allegro.pl/sale/products?phrase=Sos%20sojowy%20tamari%20BIO"}
[2025-12-05 14:39:18] GET | {"url":"https://api.allegro.pl/sale/products?phrase=8031301141736&mode=GTIN"}
[2025-12-05 14:39:18] GET | {"url":"https://api.allegro.pl/sale/products?phrase=Sos%20sojowy%20shoyu%20BIO"}
[2025-12-05 14:39:20] GET | {"url":"https://api.allegro.pl/sale/products?phrase=5902605414136&mode=GTIN"}
[2025-12-05 14:39:23] GET | {"url":"https://api.allegro.pl/sale/products?phrase=5902488060055&mode=GTIN"}
[2025-12-05 14:39:27] GET | {"url":"https://api.allegro.pl/sale/products?phrase=5902448169262&mode=GTIN"}
[2025-12-05 14:39:31] GET | {"url":"https://api.allegro.pl/sale/products?phrase=5902983780083&mode=GTIN"}
[2025-12-05 14:39:33] GET | {"url":"https://api.allegro.pl/sale/products?phrase=5902367401115&mode=GTIN"}
[2025-12-05 14:39:35] GET | {"url":"https://api.allegro.pl/sale/products?phrase=5907814665300&mode=GTIN"}
[2025-12-05 14:39:37] GET | {"url":"https://api.allegro.pl/sale/products?phrase=5902983782247&mode=GTIN"}
[2025-12-05 14:39:41] GET | {"url":"https://api.allegro.pl/sale/products?phrase=4006040054429&mode=GTIN"}
[2025-12-05 14:39:41] GET | {"url":"https://api.allegro.pl/sale/products?phrase=BATONIKI%20KOKOSOWE%20W%20CZEKOLADZIE%20GORZKIEJ%20BIO%2050%20g%20-%20RAPUNZEL"}
[2025-12-05 14:39:41] GET | {"url":"https://api.allegro.pl/sale/products?phrase=BATONIKI%20KOKOSOWE%20W%20CZEKOLADZIE%20GORZKIEJ%20BIO%2050%20g%20-"}
[2025-12-05 14:39:42] GET | {"url":"https://api.allegro.pl/sale/products?phrase=BATONIKI%20KOKOSOWE%20W%20CZEKOLADZIE%20GORZKIEJ%20BIO%2050%20g"}
[2025-12-05 14:39:42] GET | {"url":"https://api.allegro.pl/sale/products?phrase=BATONIKI%20KOKOSOWE%20W%20CZEKOLADZIE%20GORZKIEJ%20BIO%2050"}
[2025-12-05 14:39:42] GET | {"url":"https://api.allegro.pl/sale/products?phrase=BATONIKI%20KOKOSOWE%20W%20CZEKOLADZIE%20GORZKIEJ%20BIO"}
[2025-12-05 14:39:42] GET | {"url":"https://api.allegro.pl/sale/products?phrase=BATONIKI%20KOKOSOWE%20W%20CZEKOLADZIE%20GORZKIEJ"}
[2025-12-05 14:39:42] GET | {"url":"https://api.allegro.pl/sale/products?phrase=BATONIKI%20KOKOSOWE%20W%20CZEKOLADZIE"}
[2025-12-05 14:39:42] GET | {"url":"https://api.allegro.pl/sale/products?phrase=BATONIKI%20KOKOSOWE%20W"}
[2025-12-05 14:39:42] GET | {"url":"https://api.allegro.pl/sale/products?phrase=BATONIKI%20KOKOSOWE"}
[2025-12-05 14:39:44] GET | {"url":"https://api.allegro.pl/sale/products?phrase=5907530440137&mode=GTIN"}
[2025-12-05 14:39:46] GET | {"url":"https://api.allegro.pl/sale/products?phrase=5900670027602&mode=GTIN"}
[2025-12-05 14:39:51] GET | {"url":"https://api.allegro.pl/sale/products?phrase=5902047141294&mode=GTIN"}
[2025-12-05 14:39:55] GET | {"url":"https://api.allegro.pl/sale/products?phrase=5902989935234&mode=GTIN"}
[2025-12-05 14:39:57] GET | {"url":"https://api.allegro.pl/sale/products?phrase=5902989934862&mode=GTIN"}
[2025-12-05 14:39:59] GET | {"url":"https://api.allegro.pl/sale/products?phrase=5900966011254&mode=GTIN"}
[2025-12-05 14:40:01] GET | {"url":"https://api.allegro.pl/sale/products?phrase=5905133594295&mode=GTIN"}
[2025-12-05 14:40:04] GET | {"url":"https://api.allegro.pl/sale/products?phrase=5905133594233&mode=GTIN"}
[2025-12-05 14:40:06] GET | {"url":"https://api.allegro.pl/sale/products?phrase=4044889005295&mode=GTIN"}
[2025-12-05 14:40:06] GET | {"url":"https://api.allegro.pl/sale/products?phrase=CZEKOLADA%20MLECZNA%20BIO%2080%20g%20-%20VIVANI"}
[2025-12-05 14:40:06] GET | {"url":"https://api.allegro.pl/sale/products?phrase=CZEKOLADA%20MLECZNA%20BIO%2080%20g%20-"}
[2025-12-05 14:40:08] GET | {"url":"https://api.allegro.pl/sale/products?phrase=5904178827856&mode=GTIN"}
[2025-12-05 14:40:08] GET | {"url":"https://api.allegro.pl/sale/products?phrase=KOMBUCHA%20HERBATA%20CZARNA%20BEZGLUTENOWA%20BIO%20330%20ml%20-%20FOREVER%20YOUNG%20KOMBUCHA"}
[2025-12-05 14:40:08] GET | {"url":"https://api.allegro.pl/sale/products?phrase=KOMBUCHA%20HERBATA%20CZARNA%20BEZGLUTENOWA%20BIO%20330%20ml%20-%20FOREVER%20YOUNG"}
[2025-12-05 14:40:08] GET | {"url":"https://api.allegro.pl/sale/products?phrase=KOMBUCHA%20HERBATA%20CZARNA%20BEZGLUTENOWA%20BIO%20330%20ml%20-%20FOREVER"}
[2025-12-05 14:40:11] GET | {"url":"https://api.allegro.pl/sale/products?phrase=5904178827849&mode=GTIN"}
[2025-12-05 14:40:11] GET | {"url":"https://api.allegro.pl/sale/products?phrase=KOMBUCHA%20HERBATA%20ZIELONA%20BEZGLUTENOWA%20BIO%20330%20ml%20-%20FOREVER%20YOUNG%20KOMBUCHA"}
[2025-12-05 14:40:13] GET | {"url":"https://api.allegro.pl/sale/products?phrase=5904178827900&mode=GTIN"}
[2025-12-05 14:40:13] GET | {"url":"https://api.allegro.pl/sale/products?phrase=KOMBUCHA%20HERBATA%20MATCHA%20BEZGLUTENOWA%20BIO%20330%20ml%20-%20FOREVER%20YOUNG%20KOMBUCHA"}
[2025-12-05 14:40:13] GET | {"url":"https://api.allegro.pl/sale/products?phrase=KOMBUCHA%20HERBATA%20MATCHA%20BEZGLUTENOWA%20BIO%20330%20ml%20-%20FOREVER%20YOUNG"}
[2025-12-05 14:40:13] GET | {"url":"https://api.allegro.pl/sale/products?phrase=KOMBUCHA%20HERBATA%20MATCHA%20BEZGLUTENOWA%20BIO%20330%20ml%20-%20FOREVER"}
[2025-12-05 14:40:13] GET | {"url":"https://api.allegro.pl/sale/products?phrase=KOMBUCHA%20HERBATA%20MATCHA%20BEZGLUTENOWA%20BIO%20330%20ml%20-"}
[2025-12-05 14:40:13] GET | {"url":"https://api.allegro.pl/sale/products?phrase=KOMBUCHA%20HERBATA%20MATCHA%20BEZGLUTENOWA%20BIO%20330%20ml"}
[2025-12-05 14:40:13] GET | {"url":"https://api.allegro.pl/sale/products?phrase=KOMBUCHA%20HERBATA%20MATCHA%20BEZGLUTENOWA%20BIO%20330"}
[2025-12-05 14:40:14] GET | {"url":"https://api.allegro.pl/sale/products?phrase=KOMBUCHA%20HERBATA%20MATCHA%20BEZGLUTENOWA%20BIO"}
[2025-12-05 14:40:14] GET | {"url":"https://api.allegro.pl/sale/products?phrase=KOMBUCHA%20HERBATA%20MATCHA%20BEZGLUTENOWA"}
[2025-12-05 14:40:14] GET | {"url":"https://api.allegro.pl/sale/products?phrase=KOMBUCHA%20HERBATA%20MATCHA"}
[2025-12-05 14:40:14] GET | {"url":"https://api.allegro.pl/sale/products?phrase=KOMBUCHA%20HERBATA"}
[2025-12-05 14:40:17] GET | {"url":"https://api.allegro.pl/sale/products?phrase=4820219347897&mode=GTIN"}
[2025-12-05 14:40:19] GET | {"url":"https://api.allegro.pl/sale/products?phrase=5902047141461&mode=GTIN"}
[2025-12-05 14:40:21] GET | {"url":"https://api.allegro.pl/sale/products?phrase=8594003660337&mode=GTIN"}
[2025-12-05 14:40:24] GET | {"url":"https://api.allegro.pl/sale/products?phrase=6923619435015&mode=GTIN"}
[2025-12-05 14:40:24] GET | {"url":"https://api.allegro.pl/sale/products?phrase=Drewniany%20sortownik%20kszta%C5%82t%C3%B3w%2C%20serce%20od%2018m-ca%20%2822x21x6cm%29%20fsc"}
[2025-12-05 14:40:24] GET | {"url":"https://api.allegro.pl/sale/products?phrase=Drewniany%20sortownik%20kszta%C5%82t%C3%B3w%2C%20serce%20od%2018m-ca%20%2822x21x6cm%29"}
[2025-12-05 14:40:24] GET | {"url":"https://api.allegro.pl/sale/products?phrase=Drewniany%20sortownik%20kszta%C5%82t%C3%B3w%2C%20serce%20od%2018m-ca"}
[2025-12-05 14:40:24] GET | {"url":"https://api.allegro.pl/sale/products?phrase=Drewniany%20sortownik%20kszta%C5%82t%C3%B3w%2C%20serce%20od"}
[2025-12-05 14:40:24] GET | {"url":"https://api.allegro.pl/sale/products?phrase=Drewniany%20sortownik%20kszta%C5%82t%C3%B3w%2C%20serce"}
[2025-12-05 14:40:24] GET | {"url":"https://api.allegro.pl/sale/products?phrase=Drewniany%20sortownik%20kszta%C5%82t%C3%B3w%2C"}
[2025-12-05 14:40:27] GET | {"url":"https://api.allegro.pl/sale/products?phrase=6923619436982&mode=GTIN"}
[2025-12-05 14:40:27] GET | {"url":"https://api.allegro.pl/sale/products?phrase=Bawe%C5%82niana%20kocyk%20-%20owieczka%20od%200m-ca%20%2818.5cm%29%20fsc%20%26%20gots"}
[2025-12-05 14:40:27] GET | {"url":"https://api.allegro.pl/sale/products?phrase=Bawe%C5%82niana%20kocyk%20-%20owieczka%20od%200m-ca%20%2818.5cm%29%20fsc%20%26"}
[2025-12-05 14:40:27] GET | {"url":"https://api.allegro.pl/sale/products?phrase=Bawe%C5%82niana%20kocyk%20-%20owieczka%20od%200m-ca%20%2818.5cm%29%20fsc"}
[2025-12-05 14:40:27] GET | {"url":"https://api.allegro.pl/sale/products?phrase=Bawe%C5%82niana%20kocyk%20-%20owieczka%20od%200m-ca%20%2818.5cm%29"}
[2025-12-05 14:40:27] GET | {"url":"https://api.allegro.pl/sale/products?phrase=Bawe%C5%82niana%20kocyk%20-%20owieczka%20od%200m-ca"}
[2025-12-05 14:40:27] GET | {"url":"https://api.allegro.pl/sale/products?phrase=Bawe%C5%82niana%20kocyk%20-%20owieczka%20od"}
[2025-12-05 14:40:29] GET | {"url":"https://api.allegro.pl/sale/products?phrase=6923619436999&mode=GTIN"}
[2025-12-05 14:40:30] GET | {"url":"https://api.allegro.pl/sale/products?phrase=Bawe%C5%82niany%20przytulak%20-%20owieczka%20od%200m-ca%20%2820cm%29%20fsc%20%26%20gots"}
[2025-12-05 14:40:30] GET | {"url":"https://api.allegro.pl/sale/products?phrase=Bawe%C5%82niany%20przytulak%20-%20owieczka%20od%200m-ca%20%2820cm%29%20fsc%20%26"}
[2025-12-05 14:40:30] GET | {"url":"https://api.allegro.pl/sale/products?phrase=Bawe%C5%82niany%20przytulak%20-%20owieczka%20od%200m-ca%20%2820cm%29%20fsc"}
[2025-12-05 14:40:30] GET | {"url":"https://api.allegro.pl/sale/products?phrase=Bawe%C5%82niany%20przytulak%20-%20owieczka%20od%200m-ca%20%2820cm%29"}
[2025-12-05 14:40:30] GET | {"url":"https://api.allegro.pl/sale/products?phrase=Bawe%C5%82niany%20przytulak%20-%20owieczka%20od%200m-ca"}
[2025-12-05 14:40:30] GET | {"url":"https://api.allegro.pl/sale/products?phrase=Bawe%C5%82niany%20przytulak%20-%20owieczka%20od"}
[2025-12-05 14:40:30] GET | {"url":"https://api.allegro.pl/sale/products?phrase=Bawe%C5%82niany%20przytulak%20-%20owieczka"}
[2025-12-05 14:40:30] GET | {"url":"https://api.allegro.pl/sale/products?phrase=Bawe%C5%82niany%20przytulak%20-"}
[2025-12-05 14:40:32] GET | {"url":"https://api.allegro.pl/sale/products?phrase=6923619437002&mode=GTIN"}
[2025-12-05 14:40:32] GET | {"url":"https://api.allegro.pl/sale/products?phrase=Bawe%C5%82niany%20przytulak%20-%20piesek%20od%200m-ca%20%2820cm%29%20fsc%20%26%20gots"}
[2025-12-05 14:40:32] GET | {"url":"https://api.allegro.pl/sale/products?phrase=Bawe%C5%82niany%20przytulak%20-%20piesek%20od%200m-ca%20%2820cm%29%20fsc%20%26"}
[2025-12-05 14:40:33] GET | {"url":"https://api.allegro.pl/sale/products?phrase=Bawe%C5%82niany%20przytulak%20-%20piesek%20od%200m-ca%20%2820cm%29%20fsc"}
[2025-12-05 14:40:33] GET | {"url":"https://api.allegro.pl/sale/products?phrase=Bawe%C5%82niany%20przytulak%20-%20piesek%20od%200m-ca%20%2820cm%29"}
[2025-12-05 14:40:33] GET | {"url":"https://api.allegro.pl/sale/products?phrase=Bawe%C5%82niany%20przytulak%20-%20piesek%20od%200m-ca"}
[2025-12-05 14:40:33] GET | {"url":"https://api.allegro.pl/sale/products?phrase=Bawe%C5%82niany%20przytulak%20-%20piesek%20od"}
[2025-12-05 14:40:33] GET | {"url":"https://api.allegro.pl/sale/products?phrase=Bawe%C5%82niany%20przytulak%20-%20piesek"}
[2025-12-05 14:40:33] GET | {"url":"https://api.allegro.pl/sale/products?phrase=Bawe%C5%82niany%20przytulak%20-"}
[2025-12-05 14:40:35] GET | {"url":"https://api.allegro.pl/sale/products?phrase=6923619432908&mode=GTIN"}
[2025-12-05 14:40:35] GET | {"url":"https://api.allegro.pl/sale/products?phrase=Drewniany%20samochodzik%203%20w%201%20od%2018m-ca%20%2813.5x9x9cm%29%20fsc"}
[2025-12-05 14:40:35] GET | {"url":"https://api.allegro.pl/sale/products?phrase=Drewniany%20samochodzik%203%20w%201%20od%2018m-ca%20%2813.5x9x9cm%29"}
[2025-12-05 14:40:35] GET | {"url":"https://api.allegro.pl/sale/products?phrase=Drewniany%20samochodzik%203%20w%201%20od%2018m-ca"}
[2025-12-05 14:40:35] GET | {"url":"https://api.allegro.pl/sale/products?phrase=Drewniany%20samochodzik%203%20w%201%20od"}
[2025-12-05 14:40:38] GET | {"url":"https://api.allegro.pl/sale/products?phrase=6923619436838&mode=GTIN"}
[2025-12-05 14:40:40] GET | {"url":"https://api.allegro.pl/sale/products?phrase=6923619436944&mode=GTIN"}
[2025-12-05 14:40:40] GET | {"url":"https://api.allegro.pl/sale/products?phrase=Bawe%C5%82niana%20poduszeczka%20owieczka%20od%200m-ca%20%2825cm%29%20gots"}
[2025-12-05 14:40:40] GET | {"url":"https://api.allegro.pl/sale/products?phrase=Bawe%C5%82niana%20poduszeczka%20owieczka%20od%200m-ca%20%2825cm%29"}
[2025-12-05 14:40:40] GET | {"url":"https://api.allegro.pl/sale/products?phrase=Bawe%C5%82niana%20poduszeczka%20owieczka%20od%200m-ca"}
[2025-12-05 14:40:40] GET | {"url":"https://api.allegro.pl/sale/products?phrase=Bawe%C5%82niana%20poduszeczka%20owieczka%20od"}
[2025-12-05 14:40:40] GET | {"url":"https://api.allegro.pl/sale/products?phrase=Bawe%C5%82niana%20poduszeczka%20owieczka"}
[2025-12-05 14:40:40] GET | {"url":"https://api.allegro.pl/sale/products?phrase=Bawe%C5%82niana%20poduszeczka"}
[2025-12-05 14:40:43] GET | {"url":"https://api.allegro.pl/sale/products?phrase=7330933178402&mode=GTIN"}
[2025-12-05 14:40:45] GET | {"url":"https://api.allegro.pl/sale/products?phrase=5901969620986&mode=GTIN"}
[2025-12-05 14:40:49] GET | {"url":"https://api.allegro.pl/sale/products?phrase=5901969621129&mode=GTIN"}
[2025-12-05 14:40:51] GET | {"url":"https://api.allegro.pl/sale/products?phrase=6923619436906&mode=GTIN"}
[2025-12-05 14:40:51] GET | {"url":"https://api.allegro.pl/sale/products?phrase=Bawe%C5%82niana%20grzechotka%20kr%C3%B3lik%20od%200m-ca%20%2816.5cm%29%20gots"}
[2025-12-05 14:40:51] GET | {"url":"https://api.allegro.pl/sale/products?phrase=Bawe%C5%82niana%20grzechotka%20kr%C3%B3lik%20od%200m-ca%20%2816.5cm%29"}
[2025-12-05 14:40:51] GET | {"url":"https://api.allegro.pl/sale/products?phrase=Bawe%C5%82niana%20grzechotka%20kr%C3%B3lik%20od%200m-ca"}
[2025-12-05 14:40:52] GET | {"url":"https://api.allegro.pl/sale/products?phrase=Bawe%C5%82niana%20grzechotka%20kr%C3%B3lik%20od"}
[2025-12-05 14:40:54] GET | {"url":"https://api.allegro.pl/sale/products?phrase=5901969621228&mode=GTIN"}
[2025-12-05 14:40:56] GET | {"url":"https://api.allegro.pl/sale/products?phrase=7330933245548&mode=GTIN"}
[2025-12-05 14:40:56] GET | {"url":"https://api.allegro.pl/sale/products?phrase=Woreczki%20do%20nocnika"}
[2025-12-05 14:40:59] GET | {"url":"https://api.allegro.pl/sale/products?phrase=5903853400087&mode=GTIN"}
[2025-12-05 14:40:59] GET | {"url":"https://api.allegro.pl/sale/products?phrase=M%C4%84KA%20%C5%BBYTNIA%20RAZOWA%20TYP%202000%20BIO%201%20kg%20-%20NATURAVENA"}
[2025-12-05 14:40:59] GET | {"url":"https://api.allegro.pl/sale/products?phrase=M%C4%84KA%20%C5%BBYTNIA%20RAZOWA%20TYP%202000%20BIO%201%20kg%20-"}
[2025-12-05 14:41:01] GET | {"url":"https://api.allegro.pl/sale/products?phrase=8586024472464&mode=GTIN"}
[2025-12-05 14:41:02] GET | {"url":"https://api.allegro.pl/sale/products?phrase=Liofilizowana%20truskawka%20BIO%20Bonitas%20Organic%20kids%2C"}
[2025-12-05 14:41:02] GET | {"url":"https://api.allegro.pl/sale/products?phrase=Liofilizowana%20truskawka%20BIO%20Bonitas%20Organic"}
[2025-12-05 14:41:04] GET | {"url":"https://api.allegro.pl/sale/products?phrase=8586018955072&mode=GTIN"}
[2025-12-05 14:41:06] GET | {"url":"https://api.allegro.pl/sale/products?phrase=8586024470484&mode=GTIN"}
[2025-12-05 14:41:08] GET | {"url":"https://api.allegro.pl/sale/products?phrase=9416050657513&mode=GTIN"}
[2025-12-05 14:41:10] GET | {"url":"https://api.allegro.pl/sale/products?phrase=9416050575916&mode=GTIN"}
[2025-12-05 14:41:13] GET | {"url":"https://api.allegro.pl/sale/products?phrase=087614010984&mode=GTIN"}
[2025-12-05 14:41:15] GET | {"url":"https://api.allegro.pl/sale/products?phrase=087614021126&mode=GTIN"}
[2025-12-05 14:41:17] GET | {"url":"https://api.allegro.pl/sale/products?phrase=087614141121&mode=GTIN"}
[2025-12-05 14:41:19] GET | {"url":"https://api.allegro.pl/sale/products?phrase=087614011967&mode=GTIN"}
[2025-12-05 14:41:22] GET | {"url":"https://api.allegro.pl/sale/products?phrase=087614080154&mode=GTIN"}
[2025-12-05 14:41:24] GET | {"url":"https://api.allegro.pl/sale/products?phrase=087614113401&mode=GTIN"}
[2025-12-05 14:41:26] GET | {"url":"https://api.allegro.pl/sale/products?phrase=087614114262&mode=GTIN"}
[2025-12-05 14:41:28] GET | {"url":"https://api.allegro.pl/sale/products?phrase=087614111889&mode=GTIN"}
[2025-12-05 14:41:32] GET | {"url":"https://api.allegro.pl/sale/products?phrase=4019886015363&mode=GTIN"}
[2025-12-05 14:41:34] GET | {"url":"https://api.allegro.pl/sale/products?phrase=6923619435480&mode=GTIN"}
[2025-12-05 14:41:34] GET | {"url":"https://api.allegro.pl/sale/products?phrase=Bambusowa%20%C5%BCyrafa%20od%2024m-ca%20%2818x2.5x6cm%29"}
[2025-12-05 14:41:34] GET | {"url":"https://api.allegro.pl/sale/products?phrase=Bambusowa%20%C5%BCyrafa%20od%2024m-ca"}
[2025-12-05 14:41:34] GET | {"url":"https://api.allegro.pl/sale/products?phrase=Bambusowa%20%C5%BCyrafa%20od"}
[2025-12-05 14:41:36] GET | {"url":"https://api.allegro.pl/sale/products?phrase=4019886200318&mode=GTIN"}
[2025-12-05 14:41:38] GET | {"url":"https://api.allegro.pl/sale/products?phrase=4019886024280&mode=GTIN"}
[2025-12-05 14:41:40] GET | {"url":"https://api.allegro.pl/sale/products?phrase=4740060010460&mode=GTIN"}
[2025-12-05 14:41:43] GET | {"url":"https://api.allegro.pl/sale/products?phrase=4019886045070&mode=GTIN"}
[2025-12-05 14:41:45] GET | {"url":"https://api.allegro.pl/sale/products?phrase=4030917004200&mode=GTIN"}
[2025-12-05 14:41:45] GET | {"url":"https://api.allegro.pl/sale/products?phrase=Pasta%20curry%20korma%20BIO"}
[2025-12-05 14:41:45] GET | {"url":"https://api.allegro.pl/sale/products?phrase=Pasta%20curry%20korma"}
[2025-12-05 14:41:47] GET | {"url":"https://api.allegro.pl/sale/products?phrase=4030917046200&mode=GTIN"}
[2025-12-05 14:41:49] GET | {"url":"https://api.allegro.pl/sale/products?phrase=6430034679554&mode=GTIN"}
[2025-12-05 14:41:51] GET | {"url":"https://api.allegro.pl/sale/products?phrase=4030917011208&mode=GTIN"}
[2025-12-05 14:41:51] GET | {"url":"https://api.allegro.pl/sale/products?phrase=Sos%20satay%20BIO"}
[2025-12-05 14:41:51] GET | {"url":"https://api.allegro.pl/sale/products?phrase=Sos%20satay"}
[2025-12-05 14:41:54] GET | {"url":"https://api.allegro.pl/sale/products?phrase=4030917010706&mode=GTIN"}
[2025-12-05 14:41:54] GET | {"url":"https://api.allegro.pl/sale/products?phrase=Sos%20curry%20tikka%20masala%20BIO"}
[2025-12-05 14:41:56] GET | {"url":"https://api.allegro.pl/sale/products?phrase=4019886016100&mode=GTIN"}
[2025-12-05 14:41:58] GET | {"url":"https://api.allegro.pl/sale/products?phrase=4030917001407&mode=GTIN"}
[2025-12-05 14:42:00] GET | {"url":"https://api.allegro.pl/sale/products?phrase=4019886000901&mode=GTIN"}
[2025-12-05 14:42:02] GET | {"url":"https://api.allegro.pl/sale/products?phrase=4030917005603&mode=GTIN"}
[2025-12-05 14:42:04] GET | {"url":"https://api.allegro.pl/sale/products?phrase=4019886190145&mode=GTIN"}
[2025-12-05 14:42:06] GET | {"url":"https://api.allegro.pl/sale/products?phrase=4019886190152&mode=GTIN"}
[2025-12-05 14:42:08] GET | {"url":"https://api.allegro.pl/sale/products?phrase=4019886190022&mode=GTIN"}
[2025-12-05 14:42:10] GET | {"url":"https://api.allegro.pl/sale/products?phrase=4019886190077&mode=GTIN"}
[2025-12-05 14:42:12] GET | {"url":"https://api.allegro.pl/sale/products?phrase=4019886190060&mode=GTIN"}
[2025-12-05 14:42:15] GET | {"url":"https://api.allegro.pl/sale/products?phrase=5060309490921&mode=GTIN"}
[2025-12-05 14:42:17] GET | {"url":"https://api.allegro.pl/sale/products?phrase=8032942822060&mode=GTIN"}
[2025-12-05 14:42:17] GET | {"url":"https://api.allegro.pl/sale/products?phrase=Makaron%20fusilli%20BIO%20500%20g%20Tomadini"}
[2025-12-05 14:42:17] GET | {"url":"https://api.allegro.pl/sale/products?phrase=Makaron%20fusilli%20BIO%20500%20g"}
[2025-12-05 14:42:19] GET | {"url":"https://api.allegro.pl/sale/products?phrase=8032942822053&mode=GTIN"}
[2025-12-05 14:42:19] GET | {"url":"https://api.allegro.pl/sale/products?phrase=Makaron%20penne%20BIO%20500%20g%20Tomadini"}
[2025-12-05 14:42:19] GET | {"url":"https://api.allegro.pl/sale/products?phrase=Makaron%20penne%20BIO%20500%20g"}
[2025-12-05 14:42:21] GET | {"url":"https://api.allegro.pl/sale/products?phrase=8032942822046&mode=GTIN"}
[2025-12-05 14:42:21] GET | {"url":"https://api.allegro.pl/sale/products?phrase=Makaron%20spaghetti%20BIO%20500%20g%20Tomadini"}
[2025-12-05 14:42:21] GET | {"url":"https://api.allegro.pl/sale/products?phrase=Makaron%20spaghetti%20BIO%20500%20g"}
