[2025-10-29 08:00:24] OAuth token call | {"url":"https://allegro.pl/auth/oauth/token","http_code":200}
[2025-10-29 08:00:24] Token refreshed
[2025-10-29 08:00:24] GET | {"url":"https://api.allegro.pl/sale/products?phrase=5902425056998&mode=GTIN"}
[2025-10-29 08:00:24] GET | {"url":"https://api.allegro.pl/sale/products?phrase=OPAKOWANIE%20ZBIORCZE%20%28kg%29%20-%20POMIDORY%20KOKTAJLOWE%20MIX%20%C5%9AWIE%C5%BBE%20BIO%20%28oko%C5%82o%202%20kg%29"}
[2025-10-29 08:00:24] GET | {"url":"https://api.allegro.pl/sale/products?phrase=OPAKOWANIE%20ZBIORCZE%20%28kg%29%20-%20POMIDORY%20KOKTAJLOWE%20MIX%20%C5%9AWIE%C5%BBE%20BIO%20%28oko%C5%82o%202"}
[2025-10-29 08:00:25] GET | {"url":"https://api.allegro.pl/sale/products?phrase=OPAKOWANIE%20ZBIORCZE%20%28kg%29%20-%20POMIDORY%20KOKTAJLOWE%20MIX%20%C5%9AWIE%C5%BBE%20BIO%20%28oko%C5%82o"}
[2025-10-29 08:00:25] GET | {"url":"https://api.allegro.pl/sale/products?phrase=OPAKOWANIE%20ZBIORCZE%20%28kg%29%20-%20POMIDORY%20KOKTAJLOWE%20MIX%20%C5%9AWIE%C5%BBE%20BIO"}
[2025-10-29 08:00:26] GET | {"url":"https://api.allegro.pl/sale/products?phrase=OPAKOWANIE%20ZBIORCZE%20%28kg%29%20-%20POMIDORY%20KOKTAJLOWE%20MIX%20%C5%9AWIE%C5%BBE"}
[2025-10-29 08:00:27] GET | {"url":"https://api.allegro.pl/sale/products?phrase=OPAKOWANIE%20ZBIORCZE%20%28kg%29%20-%20POMIDORY%20KOKTAJLOWE%20MIX"}
[2025-10-29 08:00:28] GET | {"url":"https://api.allegro.pl/sale/products?phrase=OPAKOWANIE%20ZBIORCZE%20%28kg%29%20-%20POMIDORY%20KOKTAJLOWE"}
[2025-10-29 08:00:29] GET | {"url":"https://api.allegro.pl/sale/products?phrase=OPAKOWANIE%20ZBIORCZE%20%28kg%29%20-%20POMIDORY"}
[2025-10-29 08:00:30] GET | {"url":"https://api.allegro.pl/sale/products?phrase=OPAKOWANIE%20ZBIORCZE%20%28kg%29%20-"}
[2025-10-29 08:00:32] GET | {"url":"https://api.allegro.pl/sale/products?phrase=4012346222004&mode=GTIN"}
[2025-10-29 08:00:33] GET | {"url":"https://api.allegro.pl/sale/products?phrase=HERBATKA%20KOSZYCZEK%20RUMIANKU%20BIO%2080%20g%20-%20LEBENSBAUM"}
[2025-10-29 08:00:33] GET | {"url":"https://api.allegro.pl/sale/products?phrase=HERBATKA%20KOSZYCZEK%20RUMIANKU%20BIO%2080%20g%20-"}
[2025-10-29 08:00:34] GET | {"url":"https://api.allegro.pl/sale/products?phrase=HERBATKA%20KOSZYCZEK%20RUMIANKU%20BIO%2080%20g"}
[2025-10-29 08:00:35] GET | {"url":"https://api.allegro.pl/sale/products?phrase=HERBATKA%20KOSZYCZEK%20RUMIANKU%20BIO%2080"}
[2025-10-29 08:00:36] GET | {"url":"https://api.allegro.pl/sale/products?phrase=HERBATKA%20KOSZYCZEK%20RUMIANKU%20BIO"}
[2025-10-29 08:00:37] GET | {"url":"https://api.allegro.pl/sale/products?phrase=HERBATKA%20KOSZYCZEK%20RUMIANKU"}
[2025-10-29 08:00:39] GET | {"url":"https://api.allegro.pl/sale/products?phrase=4260651481245&mode=GTIN"}
[2025-10-29 08:00:41] GET | {"url":"https://api.allegro.pl/sale/products?phrase=4260651480620&mode=GTIN"}
[2025-10-29 08:00:44] GET | {"url":"https://api.allegro.pl/sale/products?phrase=4260651480668&mode=GTIN"}
[2025-10-29 08:00:47] GET | {"url":"https://api.allegro.pl/sale/products?phrase=4260651480644&mode=GTIN"}
[2025-10-29 08:00:49] GET | {"url":"https://api.allegro.pl/sale/products?phrase=4260651481221&mode=GTIN"}
[2025-10-29 08:00:51] GET | {"url":"https://api.allegro.pl/sale/products?phrase=5903853400117&mode=GTIN"}
[2025-10-29 08:00:51] GET | {"url":"https://api.allegro.pl/sale/products?phrase=S%C5%81ONECZNIK%20%C5%81USKANY%20BEZGLUTENOWY%20BIO%20800%20g%20-%20BIO%20PLANET%20INTERNATIONAL"}
[2025-10-29 08:00:51] GET | {"url":"https://api.allegro.pl/sale/products?phrase=S%C5%81ONECZNIK%20%C5%81USKANY%20BEZGLUTENOWY%20BIO%20800%20g%20-%20BIO%20PLANET"}
[2025-10-29 08:00:53] GET | {"url":"https://api.allegro.pl/sale/products?phrase=4012346210100&mode=GTIN"}
[2025-10-29 08:00:55] GET | {"url":"https://api.allegro.pl/sale/products?phrase=4016249003531&mode=GTIN"}
[2025-10-29 08:00:57] GET | {"url":"https://api.allegro.pl/sale/products?phrase=4012346000602&mode=GTIN"}
[2025-10-29 08:00:58] GET | {"url":"https://api.allegro.pl/sale/products?phrase=HERBATKA%20DZIKA%20R%C3%93%C5%BBA%20Z%20HIBISKUSEM%20BIO%20%2820%20x%202%2C5%20g%29%2050%20g%20-%20LEBENSBAUM"}
[2025-10-29 08:00:58] GET | {"url":"https://api.allegro.pl/sale/products?phrase=HERBATKA%20DZIKA%20R%C3%93%C5%BBA%20Z%20HIBISKUSEM%20BIO%20%2820%20x%202%2C5%20g%29%2050%20g%20-"}
[2025-10-29 08:00:58] GET | {"url":"https://api.allegro.pl/sale/products?phrase=HERBATKA%20DZIKA%20R%C3%93%C5%BBA%20Z%20HIBISKUSEM%20BIO%20%2820%20x%202%2C5%20g%29%2050%20g"}
[2025-10-29 08:00:58] GET | {"url":"https://api.allegro.pl/sale/products?phrase=HERBATKA%20DZIKA%20R%C3%93%C5%BBA%20Z%20HIBISKUSEM%20BIO%20%2820%20x%202%2C5%20g%29%2050"}
[2025-10-29 08:00:58] GET | {"url":"https://api.allegro.pl/sale/products?phrase=HERBATKA%20DZIKA%20R%C3%93%C5%BBA%20Z%20HIBISKUSEM%20BIO%20%2820%20x%202%2C5%20g%29"}
[2025-10-29 08:01:00] GET | {"url":"https://api.allegro.pl/sale/products?phrase=4012346277608&mode=GTIN"}
[2025-10-29 08:01:00] GET | {"url":"https://api.allegro.pl/sale/products?phrase=HERBATKA%20RUMIANKOWA%20DEMETER%20BIO%20%2820%20x%201%2C5%20g%29%2030%20g%20-%20LEBENSBAUM"}
[2025-10-29 08:01:00] GET | {"url":"https://api.allegro.pl/sale/products?phrase=HERBATKA%20RUMIANKOWA%20DEMETER%20BIO%20%2820%20x%201%2C5%20g%29%2030%20g%20-"}
[2025-10-29 08:01:00] GET | {"url":"https://api.allegro.pl/sale/products?phrase=HERBATKA%20RUMIANKOWA%20DEMETER%20BIO%20%2820%20x%201%2C5%20g%29%2030%20g"}
[2025-10-29 08:01:01] GET | {"url":"https://api.allegro.pl/sale/products?phrase=HERBATKA%20RUMIANKOWA%20DEMETER%20BIO%20%2820%20x%201%2C5%20g%29%2030"}
[2025-10-29 08:01:01] GET | {"url":"https://api.allegro.pl/sale/products?phrase=HERBATKA%20RUMIANKOWA%20DEMETER%20BIO%20%2820%20x%201%2C5%20g%29"}
[2025-10-29 08:01:01] GET | {"url":"https://api.allegro.pl/sale/products?phrase=HERBATKA%20RUMIANKOWA%20DEMETER%20BIO%20%2820%20x%201%2C5"}
[2025-10-29 08:01:02] GET | {"url":"https://api.allegro.pl/sale/products?phrase=HERBATKA%20RUMIANKOWA%20DEMETER%20BIO%20%2820%20x"}
[2025-10-29 08:01:02] GET | {"url":"https://api.allegro.pl/sale/products?phrase=HERBATKA%20RUMIANKOWA%20DEMETER%20BIO%20%2820"}
[2025-10-29 08:01:03] GET | {"url":"https://api.allegro.pl/sale/products?phrase=HERBATKA%20RUMIANKOWA%20DEMETER%20BIO"}
[2025-10-29 08:01:04] GET | {"url":"https://api.allegro.pl/sale/products?phrase=HERBATKA%20RUMIANKOWA%20DEMETER"}
[2025-10-29 08:01:05] GET | {"url":"https://api.allegro.pl/sale/products?phrase=HERBATKA%20RUMIANKOWA"}
[2025-10-29 08:01:09] GET | {"url":"https://api.allegro.pl/sale/products?phrase=5904538036652&mode=GTIN"}
[2025-10-29 08:01:11] GET | {"url":"https://api.allegro.pl/sale/products?phrase=4012346159508&mode=GTIN"}
[2025-10-29 08:01:11] GET | {"url":"https://api.allegro.pl/sale/products?phrase=GORCZYCA%20%C5%BB%C3%93%C5%81TA%20BIO%2080%20g%20-%20LEBENSBAUM"}
[2025-10-29 08:01:11] GET | {"url":"https://api.allegro.pl/sale/products?phrase=GORCZYCA%20%C5%BB%C3%93%C5%81TA%20BIO%2080%20g%20-"}
[2025-10-29 08:01:11] GET | {"url":"https://api.allegro.pl/sale/products?phrase=GORCZYCA%20%C5%BB%C3%93%C5%81TA%20BIO%2080%20g"}
[2025-10-29 08:01:12] GET | {"url":"https://api.allegro.pl/sale/products?phrase=GORCZYCA%20%C5%BB%C3%93%C5%81TA%20BIO%2080"}
[2025-10-29 08:01:12] GET | {"url":"https://api.allegro.pl/sale/products?phrase=GORCZYCA%20%C5%BB%C3%93%C5%81TA%20BIO"}
[2025-10-29 08:01:13] GET | {"url":"https://api.allegro.pl/sale/products?phrase=GORCZYCA%20%C5%BB%C3%93%C5%81TA"}
[2025-10-29 08:01:17] GET | {"url":"https://api.allegro.pl/sale/products?phrase=4048885045453&mode=GTIN"}
[2025-10-29 08:01:19] GET | {"url":"https://api.allegro.pl/sale/products?phrase=4000345045113&mode=GTIN"}
[2025-10-29 08:01:21] GET | {"url":"https://api.allegro.pl/sale/products?phrase=4000345045106&mode=GTIN"}
[2025-10-29 08:01:21] GET | {"url":"https://api.allegro.pl/sale/products?phrase=ZUPA%20W%20KUBKU%20Z%20MAKARONEM%20W%20STYLU%20AZJATYCKIM%20WEGA%C5%83SKA%20BIO%2055%20g%20-%20NATUR%20COMPAGNIE"}
[2025-10-29 08:01:22] GET | {"url":"https://api.allegro.pl/sale/products?phrase=ZUPA%20W%20KUBKU%20Z%20MAKARONEM%20W%20STYLU%20AZJATYCKIM%20WEGA%C5%83SKA%20BIO%2055%20g%20-%20NATUR"}
[2025-10-29 08:01:22] GET | {"url":"https://api.allegro.pl/sale/products?phrase=ZUPA%20W%20KUBKU%20Z%20MAKARONEM%20W%20STYLU%20AZJATYCKIM%20WEGA%C5%83SKA%20BIO%2055%20g%20-"}
[2025-10-29 08:01:22] GET | {"url":"https://api.allegro.pl/sale/products?phrase=ZUPA%20W%20KUBKU%20Z%20MAKARONEM%20W%20STYLU%20AZJATYCKIM%20WEGA%C5%83SKA%20BIO%2055%20g"}
[2025-10-29 08:01:22] GET | {"url":"https://api.allegro.pl/sale/products?phrase=ZUPA%20W%20KUBKU%20Z%20MAKARONEM%20W%20STYLU%20AZJATYCKIM%20WEGA%C5%83SKA%20BIO%2055"}
[2025-10-29 08:01:23] GET | {"url":"https://api.allegro.pl/sale/products?phrase=ZUPA%20W%20KUBKU%20Z%20MAKARONEM%20W%20STYLU%20AZJATYCKIM%20WEGA%C5%83SKA%20BIO"}
[2025-10-29 08:01:23] GET | {"url":"https://api.allegro.pl/sale/products?phrase=ZUPA%20W%20KUBKU%20Z%20MAKARONEM%20W%20STYLU%20AZJATYCKIM%20WEGA%C5%83SKA"}
[2025-10-29 08:01:24] GET | {"url":"https://api.allegro.pl/sale/products?phrase=ZUPA%20W%20KUBKU%20Z%20MAKARONEM%20W%20STYLU%20AZJATYCKIM"}
[2025-10-29 08:01:25] GET | {"url":"https://api.allegro.pl/sale/products?phrase=ZUPA%20W%20KUBKU%20Z%20MAKARONEM%20W%20STYLU"}
[2025-10-29 08:01:26] GET | {"url":"https://api.allegro.pl/sale/products?phrase=ZUPA%20W%20KUBKU%20Z%20MAKARONEM%20W"}
[2025-10-29 08:01:29] GET | {"url":"https://api.allegro.pl/sale/products?phrase=5902741008534&mode=GTIN"}
[2025-10-29 08:02:57] GET | {"url":"https://api.allegro.pl/sale/products?phrase=4016249003531&mode=GTIN"}
