[2025-10-08 08:18:58] OAuth token call | {"url":"https://allegro.pl/auth/oauth/token","http_code":200}
[2025-10-08 08:18:58] Token refreshed
[2025-10-08 08:18:58] GET | {"url":"https://api.allegro.pl/sale/products?phrase=5903728830261&mode=GTIN"}
[2025-10-08 08:19:00] GET | {"url":"https://api.allegro.pl/sale/products?phrase=5903728830506&mode=GTIN"}
[2025-10-08 08:19:01] GET | {"url":"https://api.allegro.pl/sale/products?phrase=5903728830452&mode=GTIN"}
[2025-10-08 08:19:02] GET | {"url":"https://api.allegro.pl/sale/products?phrase=3800233782394&mode=GTIN"}
[2025-10-08 08:19:03] GET | {"url":"https://api.allegro.pl/sale/products?phrase=5902605414136&mode=GTIN"}
[2025-10-08 08:19:04] GET | {"url":"https://api.allegro.pl/sale/products?phrase=4106060073803&mode=GTIN"}
[2025-10-08 08:19:05] GET | {"url":"https://api.allegro.pl/sale/products?phrase=5902448162256&mode=GTIN"}
[2025-10-08 08:19:07] GET | {"url":"https://api.allegro.pl/sale/products?phrase=5902448160702&mode=GTIN"}
[2025-10-08 08:19:08] GET | {"url":"https://api.allegro.pl/sale/products?phrase=5902448161006&mode=GTIN"}
[2025-10-08 08:19:10] GET | {"url":"https://api.allegro.pl/sale/products?phrase=5902448162720&mode=GTIN"}
[2025-10-08 08:19:12] GET | {"url":"https://api.allegro.pl/sale/products?phrase=5900672152395&mode=GTIN"}
[2025-10-08 08:19:14] GET | {"url":"https://api.allegro.pl/sale/products?phrase=5907738155741&mode=GTIN"}
[2025-10-08 08:19:16] GET | {"url":"https://api.allegro.pl/sale/products?phrase=3800233781724&mode=GTIN"}
[2025-10-08 08:19:18] GET | {"url":"https://api.allegro.pl/sale/products?phrase=3800233780864&mode=GTIN"}
[2025-10-08 08:19:19] GET | {"url":"https://api.allegro.pl/sale/products?phrase=5907814660183&mode=GTIN"}
[2025-10-08 08:19:21] GET | {"url":"https://api.allegro.pl/sale/products?phrase=3800233780543&mode=GTIN"}
[2025-10-08 08:19:22] GET | {"url":"https://api.allegro.pl/sale/products?phrase=5904257043238&mode=GTIN"}
[2025-10-08 08:19:23] GET | {"url":"https://api.allegro.pl/sale/products?phrase=8437010011177&mode=GTIN"}
[2025-10-08 08:19:23] GET | {"url":"https://api.allegro.pl/sale/products?phrase=Sok%20z%20mandarynek%20BIO"}
[2025-10-08 08:19:23] GET | {"url":"https://api.allegro.pl/sale/products?phrase=Sok%20z%20mandarynek"}
[2025-10-08 08:19:25] GET | {"url":"https://api.allegro.pl/sale/products?phrase=8436563780158&mode=GTIN"}
[2025-10-08 08:19:25] GET | {"url":"https://api.allegro.pl/sale/products?phrase=Sok%20pomara%C5%84cza-marchew-cytryna%20BIO"}
[2025-10-08 08:19:25] GET | {"url":"https://api.allegro.pl/sale/products?phrase=Sok%20pomara%C5%84cza-marchew-cytryna"}
[2025-10-08 08:19:26] GET | {"url":"https://api.allegro.pl/sale/products?phrase=8437010011764&mode=GTIN"}
[2025-10-08 08:19:26] GET | {"url":"https://api.allegro.pl/sale/products?phrase=Sok%20z%20grejpfrut%C3%B3w%20BIO"}
[2025-10-08 08:19:28] GET | {"url":"https://api.allegro.pl/sale/products?phrase=8437010011252&mode=GTIN"}
[2025-10-08 08:19:28] GET | {"url":"https://api.allegro.pl/sale/products?phrase=Sok%20z%20pomara%C5%84czy%20BIO"}
[2025-10-08 08:19:29] GET | {"url":"https://api.allegro.pl/sale/products?phrase=5902605412033&mode=GTIN"}
[2025-10-08 08:19:30] GET | {"url":"https://api.allegro.pl/sale/products?phrase=5903728831183&mode=GTIN"}
[2025-10-08 08:19:31] GET | {"url":"https://api.allegro.pl/sale/products?phrase=5900117986172&mode=GTIN"}
[2025-10-08 08:19:32] GET | {"url":"https://api.allegro.pl/sale/products?phrase=5903246862829&mode=GTIN"}
[2025-10-08 08:19:33] GET | {"url":"https://api.allegro.pl/sale/products?phrase=5907814661173&mode=GTIN"}
[2025-10-08 08:19:34] GET | {"url":"https://api.allegro.pl/sale/products?phrase=5902431592077&mode=GTIN"}
[2025-10-08 08:19:37] GET | {"url":"https://api.allegro.pl/sale/products?phrase=8436563781506&mode=GTIN"}
[2025-10-08 08:19:37] GET | {"url":"https://api.allegro.pl/sale/products?phrase=Lemoniada%20z%20mi%C4%99t%C4%85%20pieprzow%C4%85%20bez%20dodatku%20cukru%20BIO"}
[2025-10-08 08:19:37] GET | {"url":"https://api.allegro.pl/sale/products?phrase=Lemoniada%20z%20mi%C4%99t%C4%85%20pieprzow%C4%85%20bez%20dodatku%20cukru"}
[2025-10-08 08:19:37] GET | {"url":"https://api.allegro.pl/sale/products?phrase=Lemoniada%20z%20mi%C4%99t%C4%85%20pieprzow%C4%85%20bez%20dodatku"}
[2025-10-08 08:19:37] GET | {"url":"https://api.allegro.pl/sale/products?phrase=Lemoniada%20z%20mi%C4%99t%C4%85%20pieprzow%C4%85%20bez"}
[2025-10-08 08:19:37] GET | {"url":"https://api.allegro.pl/sale/products?phrase=Lemoniada%20z%20mi%C4%99t%C4%85%20pieprzow%C4%85"}
[2025-10-08 08:19:37] GET | {"url":"https://api.allegro.pl/sale/products?phrase=Lemoniada%20z%20mi%C4%99t%C4%85"}
[2025-10-08 08:19:40] GET | {"url":"https://api.allegro.pl/sale/products?phrase=5902741001610&mode=GTIN"}
[2025-10-08 08:19:42] GET | {"url":"https://api.allegro.pl/sale/products?phrase=3800233781830&mode=GTIN"}
[2025-10-08 08:19:45] GET | {"url":"https://api.allegro.pl/sale/products?phrase=5412360017508&mode=GTIN"}
[2025-10-08 08:19:47] GET | {"url":"https://api.allegro.pl/sale/products?phrase=5412360017492&mode=GTIN"}
[2025-10-08 08:19:49] GET | {"url":"https://api.allegro.pl/sale/products?phrase=5906849682467&mode=GTIN"}
[2025-10-08 08:19:49] GET | {"url":"https://api.allegro.pl/sale/products?phrase=%C5%9AWIECA%20SOJOWA%20ZAPACHOWA%20WANILIA%20FRANCUSKA%20180%20ml%20-%20YOUR%20CANDLE%20%28PRODUKT%20SEZONOWY%29"}
[2025-10-08 08:19:49] GET | {"url":"https://api.allegro.pl/sale/products?phrase=%C5%9AWIECA%20SOJOWA%20ZAPACHOWA%20WANILIA%20FRANCUSKA%20180%20ml%20-%20YOUR%20CANDLE%20%28PRODUKT"}
[2025-10-08 08:19:49] GET | {"url":"https://api.allegro.pl/sale/products?phrase=%C5%9AWIECA%20SOJOWA%20ZAPACHOWA%20WANILIA%20FRANCUSKA%20180%20ml%20-%20YOUR%20CANDLE"}
[2025-10-08 08:19:49] GET | {"url":"https://api.allegro.pl/sale/products?phrase=%C5%9AWIECA%20SOJOWA%20ZAPACHOWA%20WANILIA%20FRANCUSKA%20180%20ml%20-%20YOUR"}
[2025-10-08 08:19:50] GET | {"url":"https://api.allegro.pl/sale/products?phrase=%C5%9AWIECA%20SOJOWA%20ZAPACHOWA%20WANILIA%20FRANCUSKA%20180%20ml%20-"}
[2025-10-08 08:19:50] GET | {"url":"https://api.allegro.pl/sale/products?phrase=%C5%9AWIECA%20SOJOWA%20ZAPACHOWA%20WANILIA%20FRANCUSKA%20180%20ml"}
[2025-10-08 08:19:50] GET | {"url":"https://api.allegro.pl/sale/products?phrase=%C5%9AWIECA%20SOJOWA%20ZAPACHOWA%20WANILIA%20FRANCUSKA%20180"}
[2025-10-08 08:19:50] GET | {"url":"https://api.allegro.pl/sale/products?phrase=%C5%9AWIECA%20SOJOWA%20ZAPACHOWA%20WANILIA%20FRANCUSKA"}
[2025-10-08 08:19:52] GET | {"url":"https://api.allegro.pl/sale/products?phrase=5906849682450&mode=GTIN"}
[2025-10-08 08:19:52] GET | {"url":"https://api.allegro.pl/sale/products?phrase=%C5%9AWIECA%20SOJOWA%20ZAPACHOWA%20HOT%20CHOCOLATE%20180%20ml%20-%20YOUR%20CANDLE%20%28PRODUKT%20SEZONOWY%29"}
[2025-10-08 08:19:52] GET | {"url":"https://api.allegro.pl/sale/products?phrase=%C5%9AWIECA%20SOJOWA%20ZAPACHOWA%20HOT%20CHOCOLATE%20180%20ml%20-%20YOUR%20CANDLE%20%28PRODUKT"}
[2025-10-08 08:19:53] GET | {"url":"https://api.allegro.pl/sale/products?phrase=%C5%9AWIECA%20SOJOWA%20ZAPACHOWA%20HOT%20CHOCOLATE%20180%20ml%20-%20YOUR%20CANDLE"}
[2025-10-08 08:19:53] GET | {"url":"https://api.allegro.pl/sale/products?phrase=%C5%9AWIECA%20SOJOWA%20ZAPACHOWA%20HOT%20CHOCOLATE%20180%20ml%20-%20YOUR"}
[2025-10-08 08:19:54] GET | {"url":"https://api.allegro.pl/sale/products?phrase=%C5%9AWIECA%20SOJOWA%20ZAPACHOWA%20HOT%20CHOCOLATE%20180%20ml%20-"}
[2025-10-08 08:19:55] GET | {"url":"https://api.allegro.pl/sale/products?phrase=%C5%9AWIECA%20SOJOWA%20ZAPACHOWA%20HOT%20CHOCOLATE%20180%20ml"}
[2025-10-08 08:19:56] GET | {"url":"https://api.allegro.pl/sale/products?phrase=%C5%9AWIECA%20SOJOWA%20ZAPACHOWA%20HOT%20CHOCOLATE%20180"}
[2025-10-08 08:19:57] GET | {"url":"https://api.allegro.pl/sale/products?phrase=%C5%9AWIECA%20SOJOWA%20ZAPACHOWA%20HOT%20CHOCOLATE"}
[2025-10-08 08:20:00] GET | {"url":"https://api.allegro.pl/sale/products?phrase=5906849682443&mode=GTIN"}
[2025-10-08 08:20:00] GET | {"url":"https://api.allegro.pl/sale/products?phrase=%C5%9AWIECA%20SOJOWA%20ZAPACHOWA%20%C5%9AWI%C4%84TECZNY%20CZAS%20180%20ml%20-%20YOUR%20CANDLE%20%28PRODUKT%20SEZONOWY%29"}
[2025-10-08 08:20:00] GET | {"url":"https://api.allegro.pl/sale/products?phrase=%C5%9AWIECA%20SOJOWA%20ZAPACHOWA%20%C5%9AWI%C4%84TECZNY%20CZAS%20180%20ml%20-%20YOUR%20CANDLE%20%28PRODUKT"}
[2025-10-08 08:20:01] GET | {"url":"https://api.allegro.pl/sale/products?phrase=%C5%9AWIECA%20SOJOWA%20ZAPACHOWA%20%C5%9AWI%C4%84TECZNY%20CZAS%20180%20ml%20-%20YOUR%20CANDLE"}
[2025-10-08 08:20:02] GET | {"url":"https://api.allegro.pl/sale/products?phrase=%C5%9AWIECA%20SOJOWA%20ZAPACHOWA%20%C5%9AWI%C4%84TECZNY%20CZAS%20180%20ml%20-%20YOUR"}
[2025-10-08 08:20:03] GET | {"url":"https://api.allegro.pl/sale/products?phrase=%C5%9AWIECA%20SOJOWA%20ZAPACHOWA%20%C5%9AWI%C4%84TECZNY%20CZAS%20180%20ml%20-"}
[2025-10-08 08:20:04] GET | {"url":"https://api.allegro.pl/sale/products?phrase=%C5%9AWIECA%20SOJOWA%20ZAPACHOWA%20%C5%9AWI%C4%84TECZNY%20CZAS%20180%20ml"}
[2025-10-08 08:20:04] GET | {"url":"https://api.allegro.pl/sale/products?phrase=%C5%9AWIECA%20SOJOWA%20ZAPACHOWA%20%C5%9AWI%C4%84TECZNY%20CZAS%20180"}
[2025-10-08 08:20:05] GET | {"url":"https://api.allegro.pl/sale/products?phrase=%C5%9AWIECA%20SOJOWA%20ZAPACHOWA%20%C5%9AWI%C4%84TECZNY%20CZAS"}
[2025-10-08 08:20:09] GET | {"url":"https://api.allegro.pl/sale/products?phrase=5906849682481&mode=GTIN"}
[2025-10-08 08:20:09] GET | {"url":"https://api.allegro.pl/sale/products?phrase=%C5%9AWIECA%20SOJOWA%20ZAPACHOWA%20HOHOHO%20180%20ml%20-%20YOUR%20CANDLE%20%28PRODUKT%20SEZONOWY%29"}
[2025-10-08 08:20:09] GET | {"url":"https://api.allegro.pl/sale/products?phrase=%C5%9AWIECA%20SOJOWA%20ZAPACHOWA%20HOHOHO%20180%20ml%20-%20YOUR%20CANDLE%20%28PRODUKT"}
[2025-10-08 08:20:10] GET | {"url":"https://api.allegro.pl/sale/products?phrase=%C5%9AWIECA%20SOJOWA%20ZAPACHOWA%20HOHOHO%20180%20ml%20-%20YOUR%20CANDLE"}
[2025-10-08 08:20:11] GET | {"url":"https://api.allegro.pl/sale/products?phrase=%C5%9AWIECA%20SOJOWA%20ZAPACHOWA%20HOHOHO%20180%20ml%20-%20YOUR"}
[2025-10-08 08:20:12] GET | {"url":"https://api.allegro.pl/sale/products?phrase=%C5%9AWIECA%20SOJOWA%20ZAPACHOWA%20HOHOHO%20180%20ml%20-"}
[2025-10-08 08:20:13] GET | {"url":"https://api.allegro.pl/sale/products?phrase=%C5%9AWIECA%20SOJOWA%20ZAPACHOWA%20HOHOHO%20180%20ml"}
[2025-10-08 08:20:14] GET | {"url":"https://api.allegro.pl/sale/products?phrase=%C5%9AWIECA%20SOJOWA%20ZAPACHOWA%20HOHOHO%20180"}
[2025-10-08 08:20:14] GET | {"url":"https://api.allegro.pl/sale/products?phrase=%C5%9AWIECA%20SOJOWA%20ZAPACHOWA%20HOHOHO"}
[2025-10-08 08:20:15] GET | {"url":"https://api.allegro.pl/sale/products?phrase=%C5%9AWIECA%20SOJOWA%20ZAPACHOWA"}
[2025-10-08 08:20:19] GET | {"url":"https://api.allegro.pl/sale/products?phrase=5906849682498&mode=GTIN"}
[2025-10-08 08:20:19] GET | {"url":"https://api.allegro.pl/sale/products?phrase=%C5%9AWIECA%20SOJOWA%20ZAPACHOWA%20MAGICZNYCH%20%C5%9AWI%C4%84T%20180%20ml%20-%20YOUR%20CANDLE%20%28PRODUKT%20SEZONOWY%29"}
[2025-10-08 08:20:19] GET | {"url":"https://api.allegro.pl/sale/products?phrase=%C5%9AWIECA%20SOJOWA%20ZAPACHOWA%20MAGICZNYCH%20%C5%9AWI%C4%84T%20180%20ml%20-%20YOUR%20CANDLE%20%28PRODUKT"}
[2025-10-08 08:20:20] GET | {"url":"https://api.allegro.pl/sale/products?phrase=%C5%9AWIECA%20SOJOWA%20ZAPACHOWA%20MAGICZNYCH%20%C5%9AWI%C4%84T%20180%20ml%20-%20YOUR%20CANDLE"}
[2025-10-08 08:20:21] GET | {"url":"https://api.allegro.pl/sale/products?phrase=%C5%9AWIECA%20SOJOWA%20ZAPACHOWA%20MAGICZNYCH%20%C5%9AWI%C4%84T%20180%20ml%20-%20YOUR"}
[2025-10-08 08:20:22] GET | {"url":"https://api.allegro.pl/sale/products?phrase=%C5%9AWIECA%20SOJOWA%20ZAPACHOWA%20MAGICZNYCH%20%C5%9AWI%C4%84T%20180%20ml%20-"}
[2025-10-08 08:20:23] GET | {"url":"https://api.allegro.pl/sale/products?phrase=%C5%9AWIECA%20SOJOWA%20ZAPACHOWA%20MAGICZNYCH%20%C5%9AWI%C4%84T%20180%20ml"}
[2025-10-08 08:20:24] GET | {"url":"https://api.allegro.pl/sale/products?phrase=%C5%9AWIECA%20SOJOWA%20ZAPACHOWA%20MAGICZNYCH%20%C5%9AWI%C4%84T%20180"}
[2025-10-08 08:20:24] GET | {"url":"https://api.allegro.pl/sale/products?phrase=%C5%9AWIECA%20SOJOWA%20ZAPACHOWA%20MAGICZNYCH%20%C5%9AWI%C4%84T"}
[2025-10-08 08:20:26] GET | {"url":"https://api.allegro.pl/sale/products?phrase=%C5%9AWIECA%20SOJOWA%20ZAPACHOWA%20MAGICZNYCH"}
[2025-10-08 08:20:29] GET | {"url":"https://api.allegro.pl/sale/products?phrase=5906849682511&mode=GTIN"}
[2025-10-08 08:20:29] GET | {"url":"https://api.allegro.pl/sale/products?phrase=%C5%9AWIECA%20SOJOWA%20ZAPACHOWA%20PIERWSZA%20GWIAZDKA%20180%20ml%20-%20YOUR%20CANDLE%20%28PRODUKT%20SEZONOWY%29"}
[2025-10-08 08:20:29] GET | {"url":"https://api.allegro.pl/sale/products?phrase=%C5%9AWIECA%20SOJOWA%20ZAPACHOWA%20PIERWSZA%20GWIAZDKA%20180%20ml%20-%20YOUR%20CANDLE%20%28PRODUKT"}
[2025-10-08 08:20:30] GET | {"url":"https://api.allegro.pl/sale/products?phrase=%C5%9AWIECA%20SOJOWA%20ZAPACHOWA%20PIERWSZA%20GWIAZDKA%20180%20ml%20-%20YOUR%20CANDLE"}
[2025-10-08 08:20:31] GET | {"url":"https://api.allegro.pl/sale/products?phrase=%C5%9AWIECA%20SOJOWA%20ZAPACHOWA%20PIERWSZA%20GWIAZDKA%20180%20ml%20-%20YOUR"}
[2025-10-08 08:20:32] GET | {"url":"https://api.allegro.pl/sale/products?phrase=%C5%9AWIECA%20SOJOWA%20ZAPACHOWA%20PIERWSZA%20GWIAZDKA%20180%20ml%20-"}
[2025-10-08 08:20:33] GET | {"url":"https://api.allegro.pl/sale/products?phrase=%C5%9AWIECA%20SOJOWA%20ZAPACHOWA%20PIERWSZA%20GWIAZDKA%20180%20ml"}
[2025-10-08 08:20:34] GET | {"url":"https://api.allegro.pl/sale/products?phrase=%C5%9AWIECA%20SOJOWA%20ZAPACHOWA%20PIERWSZA%20GWIAZDKA%20180"}
[2025-10-08 08:20:34] GET | {"url":"https://api.allegro.pl/sale/products?phrase=%C5%9AWIECA%20SOJOWA%20ZAPACHOWA%20PIERWSZA%20GWIAZDKA"}
[2025-10-08 08:20:37] GET | {"url":"https://api.allegro.pl/sale/products?phrase=5906849682504&mode=GTIN"}
[2025-10-08 08:20:38] GET | {"url":"https://api.allegro.pl/sale/products?phrase=%C5%9AWIECA%20SOJOWA%20ZAPACHOWA%20MERRY%20CHRISTMAS%20180%20ml%20-%20YOUR%20CANDLE%20%28PRODUKT%20SEZONOWY%29"}
[2025-10-08 08:20:38] GET | {"url":"https://api.allegro.pl/sale/products?phrase=%C5%9AWIECA%20SOJOWA%20ZAPACHOWA%20MERRY%20CHRISTMAS%20180%20ml%20-%20YOUR%20CANDLE%20%28PRODUKT"}
[2025-10-08 08:20:39] GET | {"url":"https://api.allegro.pl/sale/products?phrase=%C5%9AWIECA%20SOJOWA%20ZAPACHOWA%20MERRY%20CHRISTMAS%20180%20ml%20-%20YOUR%20CANDLE"}
[2025-10-08 08:20:40] GET | {"url":"https://api.allegro.pl/sale/products?phrase=%C5%9AWIECA%20SOJOWA%20ZAPACHOWA%20MERRY%20CHRISTMAS%20180%20ml%20-%20YOUR"}
[2025-10-08 08:20:41] GET | {"url":"https://api.allegro.pl/sale/products?phrase=%C5%9AWIECA%20SOJOWA%20ZAPACHOWA%20MERRY%20CHRISTMAS%20180%20ml%20-"}
[2025-10-08 08:20:42] GET | {"url":"https://api.allegro.pl/sale/products?phrase=%C5%9AWIECA%20SOJOWA%20ZAPACHOWA%20MERRY%20CHRISTMAS%20180%20ml"}
[2025-10-08 08:20:42] GET | {"url":"https://api.allegro.pl/sale/products?phrase=%C5%9AWIECA%20SOJOWA%20ZAPACHOWA%20MERRY%20CHRISTMAS%20180"}
[2025-10-08 08:20:43] GET | {"url":"https://api.allegro.pl/sale/products?phrase=%C5%9AWIECA%20SOJOWA%20ZAPACHOWA%20MERRY%20CHRISTMAS"}
[2025-10-08 08:20:47] GET | {"url":"https://api.allegro.pl/sale/products?phrase=5906849682474&mode=GTIN"}
[2025-10-08 08:20:47] GET | {"url":"https://api.allegro.pl/sale/products?phrase=%C5%9AWIECA%20SOJOWA%20ZAPACHOWA%20CHRISTMAS%20COOKIES%20180%20ml%20-%20YOUR%20CANDLE%20%28PRODUKT%20SEZONOWY%29"}
[2025-10-08 08:20:47] GET | {"url":"https://api.allegro.pl/sale/products?phrase=%C5%9AWIECA%20SOJOWA%20ZAPACHOWA%20CHRISTMAS%20COOKIES%20180%20ml%20-%20YOUR%20CANDLE%20%28PRODUKT"}
[2025-10-08 08:20:48] GET | {"url":"https://api.allegro.pl/sale/products?phrase=%C5%9AWIECA%20SOJOWA%20ZAPACHOWA%20CHRISTMAS%20COOKIES%20180%20ml%20-%20YOUR%20CANDLE"}
[2025-10-08 08:20:49] GET | {"url":"https://api.allegro.pl/sale/products?phrase=%C5%9AWIECA%20SOJOWA%20ZAPACHOWA%20CHRISTMAS%20COOKIES%20180%20ml%20-%20YOUR"}
[2025-10-08 08:20:50] GET | {"url":"https://api.allegro.pl/sale/products?phrase=%C5%9AWIECA%20SOJOWA%20ZAPACHOWA%20CHRISTMAS%20COOKIES%20180%20ml%20-"}
[2025-10-08 08:20:51] GET | {"url":"https://api.allegro.pl/sale/products?phrase=%C5%9AWIECA%20SOJOWA%20ZAPACHOWA%20CHRISTMAS%20COOKIES%20180%20ml"}
[2025-10-08 08:20:52] GET | {"url":"https://api.allegro.pl/sale/products?phrase=%C5%9AWIECA%20SOJOWA%20ZAPACHOWA%20CHRISTMAS%20COOKIES%20180"}
[2025-10-08 08:20:52] GET | {"url":"https://api.allegro.pl/sale/products?phrase=%C5%9AWIECA%20SOJOWA%20ZAPACHOWA%20CHRISTMAS%20COOKIES"}
[2025-10-08 08:20:53] GET | {"url":"https://api.allegro.pl/sale/products?phrase=%C5%9AWIECA%20SOJOWA%20ZAPACHOWA%20CHRISTMAS"}
[2025-10-08 08:20:57] GET | {"url":"https://api.allegro.pl/sale/products?phrase=8718754503587&mode=GTIN"}
[2025-10-08 08:20:57] GET | {"url":"https://api.allegro.pl/sale/products?phrase=SOS%20SOJOWY%20S%C5%81ODKI%20TERIYAKI%20DO%20WOKA%20BIO%20240%20ml%20-%20YAKSO"}
[2025-10-08 08:20:57] GET | {"url":"https://api.allegro.pl/sale/products?phrase=SOS%20SOJOWY%20S%C5%81ODKI%20TERIYAKI%20DO%20WOKA%20BIO%20240%20ml%20-"}
[2025-10-08 08:21:00] GET | {"url":"https://api.allegro.pl/sale/products?phrase=5900117982471&mode=GTIN"}
[2025-10-08 08:21:02] GET | {"url":"https://api.allegro.pl/sale/products?phrase=4316734074191&mode=GTIN"}
[2025-10-08 08:21:04] GET | {"url":"https://api.allegro.pl/sale/products?phrase=4316734074184&mode=GTIN"}
[2025-10-08 08:21:06] GET | {"url":"https://api.allegro.pl/sale/products?phrase=8718754500173&mode=GTIN"}
[2025-10-08 08:21:06] GET | {"url":"https://api.allegro.pl/sale/products?phrase=SOS%20SOJOWY%20S%C5%81ODKI%20DO%20WOKA%20BIO%20240%20ml%20-%20YAKSO"}
[2025-10-08 08:21:06] GET | {"url":"https://api.allegro.pl/sale/products?phrase=SOS%20SOJOWY%20S%C5%81ODKI%20DO%20WOKA%20BIO%20240%20ml%20-"}
[2025-10-08 08:21:08] GET | {"url":"https://api.allegro.pl/sale/products?phrase=8050534141566&mode=GTIN"}
[2025-10-08 08:21:08] GET | {"url":"https://api.allegro.pl/sale/products?phrase=MAKARON%20%28KUKURYDZIANO%20-%20RY%C5%BBOWY%20O%20SMAKU%20TRUFLI%29%20TAGLIATELLE%20BEZGLUTENOWY%20250%20g%20-%20PASTA%20NATURA"}
[2025-10-08 08:21:08] GET | {"url":"https://api.allegro.pl/sale/products?phrase=MAKARON%20%28KUKURYDZIANO%20-%20RY%C5%BBOWY%20O%20SMAKU%20TRUFLI%29%20TAGLIATELLE%20BEZGLUTENOWY%20250%20g%20-%20PASTA"}
[2025-10-08 08:21:09] GET | {"url":"https://api.allegro.pl/sale/products?phrase=MAKARON%20%28KUKURYDZIANO%20-%20RY%C5%BBOWY%20O%20SMAKU%20TRUFLI%29%20TAGLIATELLE%20BEZGLUTENOWY%20250%20g%20-"}
[2025-10-08 08:21:09] GET | {"url":"https://api.allegro.pl/sale/products?phrase=MAKARON%20%28KUKURYDZIANO%20-%20RY%C5%BBOWY%20O%20SMAKU%20TRUFLI%29%20TAGLIATELLE%20BEZGLUTENOWY%20250%20g"}
[2025-10-08 08:21:09] GET | {"url":"https://api.allegro.pl/sale/products?phrase=MAKARON%20%28KUKURYDZIANO%20-%20RY%C5%BBOWY%20O%20SMAKU%20TRUFLI%29%20TAGLIATELLE%20BEZGLUTENOWY%20250"}
[2025-10-08 08:21:10] GET | {"url":"https://api.allegro.pl/sale/products?phrase=MAKARON%20%28KUKURYDZIANO%20-%20RY%C5%BBOWY%20O%20SMAKU%20TRUFLI%29%20TAGLIATELLE%20BEZGLUTENOWY"}
[2025-10-08 08:21:11] GET | {"url":"https://api.allegro.pl/sale/products?phrase=MAKARON%20%28KUKURYDZIANO%20-%20RY%C5%BBOWY%20O%20SMAKU%20TRUFLI%29%20TAGLIATELLE"}
[2025-10-08 08:21:14] GET | {"url":"https://api.allegro.pl/sale/products?phrase=3800501908273&mode=GTIN"}
[2025-10-08 08:21:14] GET | {"url":"https://api.allegro.pl/sale/products?phrase=SZCZOTECZKA%20DO%20Z%C4%98B%C3%93W%20EXPERT%20CURVE%206580%20MI%C4%98KKA%20NIEBIESKA%20-%20NORDICS"}
[2025-10-08 08:21:14] GET | {"url":"https://api.allegro.pl/sale/products?phrase=SZCZOTECZKA%20DO%20Z%C4%98B%C3%93W%20EXPERT%20CURVE%206580%20MI%C4%98KKA%20NIEBIESKA%20-"}
[2025-10-08 08:21:15] GET | {"url":"https://api.allegro.pl/sale/products?phrase=SZCZOTECZKA%20DO%20Z%C4%98B%C3%93W%20EXPERT%20CURVE%206580%20MI%C4%98KKA%20NIEBIESKA"}
[2025-10-08 08:21:16] GET | {"url":"https://api.allegro.pl/sale/products?phrase=SZCZOTECZKA%20DO%20Z%C4%98B%C3%93W%20EXPERT%20CURVE%206580%20MI%C4%98KKA"}
[2025-10-08 08:21:17] GET | {"url":"https://api.allegro.pl/sale/products?phrase=SZCZOTECZKA%20DO%20Z%C4%98B%C3%93W%20EXPERT%20CURVE%206580"}
[2025-10-08 08:21:18] GET | {"url":"https://api.allegro.pl/sale/products?phrase=SZCZOTECZKA%20DO%20Z%C4%98B%C3%93W%20EXPERT%20CURVE"}
[2025-10-08 08:21:19] GET | {"url":"https://api.allegro.pl/sale/products?phrase=SZCZOTECZKA%20DO%20Z%C4%98B%C3%93W%20EXPERT"}
[2025-10-08 08:21:22] GET | {"url":"https://api.allegro.pl/sale/products?phrase=3800501908259&mode=GTIN"}
[2025-10-08 08:21:22] GET | {"url":"https://api.allegro.pl/sale/products?phrase=SZCZOTECZKA%20DO%20Z%C4%98B%C3%93W%20EXPERT%20CURVE%206580%20MI%C4%98KKA%20CIEMNOZIELONA%20-%20NORDICS"}
[2025-10-08 08:21:22] GET | {"url":"https://api.allegro.pl/sale/products?phrase=SZCZOTECZKA%20DO%20Z%C4%98B%C3%93W%20EXPERT%20CURVE%206580%20MI%C4%98KKA%20CIEMNOZIELONA%20-"}
[2025-10-08 08:21:23] GET | {"url":"https://api.allegro.pl/sale/products?phrase=SZCZOTECZKA%20DO%20Z%C4%98B%C3%93W%20EXPERT%20CURVE%206580%20MI%C4%98KKA%20CIEMNOZIELONA"}
[2025-10-08 08:21:24] GET | {"url":"https://api.allegro.pl/sale/products?phrase=SZCZOTECZKA%20DO%20Z%C4%98B%C3%93W%20EXPERT%20CURVE%206580%20MI%C4%98KKA"}
[2025-10-08 08:21:25] GET | {"url":"https://api.allegro.pl/sale/products?phrase=SZCZOTECZKA%20DO%20Z%C4%98B%C3%93W%20EXPERT%20CURVE%206580"}
[2025-10-08 08:21:26] GET | {"url":"https://api.allegro.pl/sale/products?phrase=SZCZOTECZKA%20DO%20Z%C4%98B%C3%93W%20EXPERT%20CURVE"}
[2025-10-08 08:21:26] GET | {"url":"https://api.allegro.pl/sale/products?phrase=SZCZOTECZKA%20DO%20Z%C4%98B%C3%93W%20EXPERT"}
[2025-10-08 08:21:30] GET | {"url":"https://api.allegro.pl/sale/products?phrase=3800501908280&mode=GTIN"}
[2025-10-08 08:21:30] GET | {"url":"https://api.allegro.pl/sale/products?phrase=SZCZOTECZKA%20DO%20Z%C4%98B%C3%93W%20EXPERT%20CURVE%206580%20%C5%9AREDNIO%20TWARDA%20POMARA%C5%83CZOWA%20-%20NORDICS"}
[2025-10-08 08:21:30] GET | {"url":"https://api.allegro.pl/sale/products?phrase=SZCZOTECZKA%20DO%20Z%C4%98B%C3%93W%20EXPERT%20CURVE%206580%20%C5%9AREDNIO%20TWARDA%20POMARA%C5%83CZOWA%20-"}
[2025-10-08 08:21:31] GET | {"url":"https://api.allegro.pl/sale/products?phrase=SZCZOTECZKA%20DO%20Z%C4%98B%C3%93W%20EXPERT%20CURVE%206580%20%C5%9AREDNIO%20TWARDA%20POMARA%C5%83CZOWA"}
[2025-10-08 08:21:32] GET | {"url":"https://api.allegro.pl/sale/products?phrase=SZCZOTECZKA%20DO%20Z%C4%98B%C3%93W%20EXPERT%20CURVE%206580%20%C5%9AREDNIO%20TWARDA"}
[2025-10-08 08:21:33] GET | {"url":"https://api.allegro.pl/sale/products?phrase=SZCZOTECZKA%20DO%20Z%C4%98B%C3%93W%20EXPERT%20CURVE%206580%20%C5%9AREDNIO"}
[2025-10-08 08:21:34] GET | {"url":"https://api.allegro.pl/sale/products?phrase=SZCZOTECZKA%20DO%20Z%C4%98B%C3%93W%20EXPERT%20CURVE%206580"}
[2025-10-08 08:21:34] GET | {"url":"https://api.allegro.pl/sale/products?phrase=SZCZOTECZKA%20DO%20Z%C4%98B%C3%93W%20EXPERT%20CURVE"}
[2025-10-08 08:21:35] GET | {"url":"https://api.allegro.pl/sale/products?phrase=SZCZOTECZKA%20DO%20Z%C4%98B%C3%93W%20EXPERT"}
[2025-10-08 08:21:39] GET | {"url":"https://api.allegro.pl/sale/products?phrase=3800501908297&mode=GTIN"}
[2025-10-08 08:21:39] GET | {"url":"https://api.allegro.pl/sale/products?phrase=SZCZOTECZKA%20DO%20Z%C4%98B%C3%93W%20EXPERT%20CURVE%206580%20%C5%9AREDNIO%20TWARDA%20FIOLETOWA%20-%20NORDICS"}
[2025-10-08 08:21:39] GET | {"url":"https://api.allegro.pl/sale/products?phrase=SZCZOTECZKA%20DO%20Z%C4%98B%C3%93W%20EXPERT%20CURVE%206580%20%C5%9AREDNIO%20TWARDA%20FIOLETOWA%20-"}
[2025-10-08 08:21:40] GET | {"url":"https://api.allegro.pl/sale/products?phrase=SZCZOTECZKA%20DO%20Z%C4%98B%C3%93W%20EXPERT%20CURVE%206580%20%C5%9AREDNIO%20TWARDA%20FIOLETOWA"}
[2025-10-08 08:21:41] GET | {"url":"https://api.allegro.pl/sale/products?phrase=SZCZOTECZKA%20DO%20Z%C4%98B%C3%93W%20EXPERT%20CURVE%206580%20%C5%9AREDNIO%20TWARDA"}
[2025-10-08 08:21:42] GET | {"url":"https://api.allegro.pl/sale/products?phrase=SZCZOTECZKA%20DO%20Z%C4%98B%C3%93W%20EXPERT%20CURVE%206580%20%C5%9AREDNIO"}
[2025-10-08 08:21:42] GET | {"url":"https://api.allegro.pl/sale/products?phrase=SZCZOTECZKA%20DO%20Z%C4%98B%C3%93W%20EXPERT%20CURVE%206580"}
[2025-10-08 08:21:43] GET | {"url":"https://api.allegro.pl/sale/products?phrase=SZCZOTECZKA%20DO%20Z%C4%98B%C3%93W%20EXPERT%20CURVE"}
[2025-10-08 08:21:44] GET | {"url":"https://api.allegro.pl/sale/products?phrase=SZCZOTECZKA%20DO%20Z%C4%98B%C3%93W%20EXPERT"}
[2025-10-08 08:48:54] GET | {"url":"https://api.allegro.pl/sale/products?phrase=5907738155741&mode=GTIN"}
[2025-10-08 08:48:55] GET | {"url":"https://api.allegro.pl/sale/products?phrase=5901130351916&mode=GTIN"}
[2025-10-08 08:48:56] GET | {"url":"https://api.allegro.pl/sale/products?phrase=8436563780592&mode=GTIN"}
[2025-10-08 08:48:57] GET | {"url":"https://api.allegro.pl/sale/products?phrase=Sok%20jab%C5%82ko-mango%20BIO"}
[2025-10-08 08:48:58] GET | {"url":"https://api.allegro.pl/sale/products?phrase=5901130354795&mode=GTIN"}
[2025-10-08 08:48:59] GET | {"url":"https://api.allegro.pl/sale/products?phrase=5901130350483&mode=GTIN"}
[2025-10-08 10:20:55] GET | {"url":"https://api.allegro.pl/sale/products?phrase=5905943690583&mode=GTIN"}
[2025-10-08 10:20:56] GET | {"url":"https://api.allegro.pl/sale/products?phrase=5905943690743&mode=GTIN"}
[2025-10-08 10:20:56] GET | {"url":"https://api.allegro.pl/sale/products?phrase=Kolagen%20Premium%20mix%203%20smak%C3%B3w%205000mg%2030%20saszetek%20NATU.CARE"}
[2025-10-08 10:20:56] GET | {"url":"https://api.allegro.pl/sale/products?phrase=Kolagen%20Premium%20mix%203%20smak%C3%B3w%205000mg%2030%20saszetek"}
[2025-10-08 10:20:56] GET | {"url":"https://api.allegro.pl/sale/products?phrase=Kolagen%20Premium%20mix%203%20smak%C3%B3w%205000mg%2030"}
[2025-10-08 10:20:57] GET | {"url":"https://api.allegro.pl/sale/products?phrase=Kolagen%20Premium%20mix%203%20smak%C3%B3w%205000mg"}
[2025-10-08 10:20:58] GET | {"url":"https://api.allegro.pl/sale/products?phrase=Kolagen%20Premium%20mix%203%20smak%C3%B3w"}
[2025-10-08 10:20:59] GET | {"url":"https://api.allegro.pl/sale/products?phrase=Kolagen%20Premium%20mix%203"}
[2025-10-08 10:21:00] GET | {"url":"https://api.allegro.pl/sale/products?phrase=Kolagen%20Premium%20mix"}
[2025-10-08 10:21:02] GET | {"url":"https://api.allegro.pl/sale/products?phrase=5905072809603&mode=GTIN"}
[2025-10-08 10:21:04] GET | {"url":"https://api.allegro.pl/sale/products?phrase=5905943690606&mode=GTIN"}
[2025-10-08 10:21:06] GET | {"url":"https://api.allegro.pl/sale/products?phrase=5905943690590&mode=GTIN"}
[2025-10-08 10:21:07] GET | {"url":"https://api.allegro.pl/sale/products?phrase=5905943690002&mode=GTIN"}
[2025-10-08 10:21:08] GET | {"url":"https://api.allegro.pl/sale/products?phrase=5905943690552&mode=GTIN"}
[2025-10-08 10:21:09] GET | {"url":"https://api.allegro.pl/sale/products?phrase=5905943690613&mode=GTIN"}
[2025-10-08 10:21:10] GET | {"url":"https://api.allegro.pl/sale/products?phrase=5905943690620&mode=GTIN"}
[2025-10-08 10:21:11] GET | {"url":"https://api.allegro.pl/sale/products?phrase=5905943690828&mode=GTIN"}
[2025-10-08 10:21:12] GET | {"url":"https://api.allegro.pl/sale/products?phrase=5905943690019&mode=GTIN"}
[2025-10-08 10:21:14] GET | {"url":"https://api.allegro.pl/sale/products?phrase=5905858925947&mode=GTIN"}
[2025-10-08 10:21:15] GET | {"url":"https://api.allegro.pl/sale/products?phrase=5902581616104&mode=GTIN"}
[2025-10-08 10:21:16] GET | {"url":"https://api.allegro.pl/sale/products?phrase=5903728832258&mode=GTIN"}
