[2025-11-03 10:40:07] OAuth token call | {"url":"https://allegro.pl/auth/oauth/token","http_code":200}
[2025-11-03 10:40:07] Token refreshed
[2025-11-03 10:40:07] GET | {"url":"https://api.allegro.pl/sale/products?phrase=5902448160405&mode=GTIN"}
[2025-11-03 10:40:08] GET | {"url":"https://api.allegro.pl/sale/products?phrase=5902448164045&mode=GTIN"}
[2025-11-03 10:40:10] GET | {"url":"https://api.allegro.pl/sale/products?phrase=5902448162867&mode=GTIN"}
[2025-11-03 10:40:11] GET | {"url":"https://api.allegro.pl/sale/products?phrase=5902448162362&mode=GTIN"}
[2025-11-03 10:40:11] GET | {"url":"https://api.allegro.pl/sale/products?phrase=M%C4%84KA%20PSZENNA%20CHLEBOWA%20TYP%20750%20BIO%20%28SUROWIEC%29%20%2825%20kg%29"}
[2025-11-03 10:40:11] GET | {"url":"https://api.allegro.pl/sale/products?phrase=M%C4%84KA%20PSZENNA%20CHLEBOWA%20TYP%20750%20BIO%20%28SUROWIEC%29%20%2825"}
[2025-11-03 10:40:11] GET | {"url":"https://api.allegro.pl/sale/products?phrase=M%C4%84KA%20PSZENNA%20CHLEBOWA%20TYP%20750%20BIO%20%28SUROWIEC%29"}
[2025-11-03 10:40:12] GET | {"url":"https://api.allegro.pl/sale/products?phrase=M%C4%84KA%20PSZENNA%20CHLEBOWA%20TYP%20750%20BIO"}
[2025-11-03 10:40:14] GET | {"url":"https://api.allegro.pl/sale/products?phrase=087614190303&mode=GTIN"}
[2025-11-03 10:40:15] GET | {"url":"https://api.allegro.pl/sale/products?phrase=5904257043610&mode=GTIN"}
[2025-11-03 10:40:17] GET | {"url":"https://api.allegro.pl/sale/products?phrase=8595685203393&mode=GTIN"}
[2025-11-03 10:40:18] GET | {"url":"https://api.allegro.pl/sale/products?phrase=5905996906969&mode=GTIN"}
[2025-11-03 10:40:20] GET | {"url":"https://api.allegro.pl/sale/products?phrase=087614190273&mode=GTIN"}
[2025-11-03 10:40:21] GET | {"url":"https://api.allegro.pl/sale/products?phrase=5908249973817&mode=GTIN"}
[2025-11-03 10:40:22] GET | {"url":"https://api.allegro.pl/sale/products?phrase=8594172181251&mode=GTIN"}
[2025-11-03 10:40:24] GET | {"url":"https://api.allegro.pl/sale/products?phrase=8594172184535&mode=GTIN"}
[2025-11-03 10:40:25] GET | {"url":"https://api.allegro.pl/sale/products?phrase=5902367402013&mode=GTIN"}
[2025-11-03 10:40:26] GET | {"url":"https://api.allegro.pl/sale/products?phrase=5902367402037&mode=GTIN"}
[2025-11-03 10:40:28] GET | {"url":"https://api.allegro.pl/sale/products?phrase=5907622656279&mode=GTIN"}
[2025-11-03 10:40:29] GET | {"url":"https://api.allegro.pl/sale/products?phrase=5903246860832&mode=GTIN"}
[2025-11-03 10:40:30] GET | {"url":"https://api.allegro.pl/sale/products?phrase=5901500680431&mode=GTIN"}
[2025-11-03 10:40:32] GET | {"url":"https://api.allegro.pl/sale/products?phrase=8588003339409&mode=GTIN"}
[2025-11-03 10:40:33] GET | {"url":"https://api.allegro.pl/sale/products?phrase=8588007030111&mode=GTIN"}
[2025-11-03 10:40:34] GET | {"url":"https://api.allegro.pl/sale/products?phrase=5907738152511&mode=GTIN"}
[2025-11-03 10:40:36] GET | {"url":"https://api.allegro.pl/sale/products?phrase=5902741009814&mode=GTIN"}
[2025-11-03 10:40:37] GET | {"url":"https://api.allegro.pl/sale/products?phrase=5902983782735&mode=GTIN"}
[2025-11-03 10:40:39] GET | {"url":"https://api.allegro.pl/sale/products?phrase=8595685220567&mode=GTIN"}
[2025-11-03 10:40:40] GET | {"url":"https://api.allegro.pl/sale/products?phrase=5907738150258&mode=GTIN"}
[2025-11-03 10:40:41] GET | {"url":"https://api.allegro.pl/sale/products?phrase=5907814665492&mode=GTIN"}
[2025-11-03 10:40:43] GET | {"url":"https://api.allegro.pl/sale/products?phrase=8595685224848&mode=GTIN"}
[2025-11-03 10:40:44] GET | {"url":"https://api.allegro.pl/sale/products?phrase=5908249970311&mode=GTIN"}
[2025-11-03 10:40:45] GET | {"url":"https://api.allegro.pl/sale/products?phrase=8699266390066&mode=GTIN"}
[2025-11-03 10:40:47] GET | {"url":"https://api.allegro.pl/sale/products?phrase=4820149742328&mode=GTIN"}
[2025-11-03 10:40:48] GET | {"url":"https://api.allegro.pl/sale/products?phrase=5902305001612&mode=GTIN"}
[2025-11-03 10:40:50] GET | {"url":"https://api.allegro.pl/sale/products?phrase=5907814661876&mode=GTIN"}
[2025-11-03 10:40:50] GET | {"url":"https://api.allegro.pl/sale/products?phrase=OPAKOWANIE%20ZBIORCZE%20%28kg%29%20-%20KLEMENTYNKI%20%C5%9AWIE%C5%BBE%20BIO%20%28oko%C5%82o%206%20kg%29"}
[2025-11-03 10:40:50] GET | {"url":"https://api.allegro.pl/sale/products?phrase=OPAKOWANIE%20ZBIORCZE%20%28kg%29%20-%20KLEMENTYNKI%20%C5%9AWIE%C5%BBE%20BIO%20%28oko%C5%82o%206"}
[2025-11-03 10:40:50] GET | {"url":"https://api.allegro.pl/sale/products?phrase=OPAKOWANIE%20ZBIORCZE%20%28kg%29%20-%20KLEMENTYNKI%20%C5%9AWIE%C5%BBE%20BIO%20%28oko%C5%82o"}
[2025-11-03 10:40:50] GET | {"url":"https://api.allegro.pl/sale/products?phrase=OPAKOWANIE%20ZBIORCZE%20%28kg%29%20-%20KLEMENTYNKI%20%C5%9AWIE%C5%BBE%20BIO"}
[2025-11-03 10:40:50] GET | {"url":"https://api.allegro.pl/sale/products?phrase=OPAKOWANIE%20ZBIORCZE%20%28kg%29%20-%20KLEMENTYNKI%20%C5%9AWIE%C5%BBE"}
[2025-11-03 10:40:50] GET | {"url":"https://api.allegro.pl/sale/products?phrase=OPAKOWANIE%20ZBIORCZE%20%28kg%29%20-%20KLEMENTYNKI"}
[2025-11-03 10:40:50] GET | {"url":"https://api.allegro.pl/sale/products?phrase=OPAKOWANIE%20ZBIORCZE%20%28kg%29%20-"}
[2025-11-03 10:40:52] GET | {"url":"https://api.allegro.pl/sale/products?phrase=5907459820294&mode=GTIN"}
[2025-11-03 10:40:52] GET | {"url":"https://api.allegro.pl/sale/products?phrase=Czopki%20propolisowe%20100mg%20-%20profilaktyka%20hemoroid%C3%B3w%2010%20czopk%C3%B3w%20FARMAPIA"}
[2025-11-03 10:40:52] GET | {"url":"https://api.allegro.pl/sale/products?phrase=Czopki%20propolisowe%20100mg%20-%20profilaktyka%20hemoroid%C3%B3w%2010%20czopk%C3%B3w"}
[2025-11-03 10:40:53] GET | {"url":"https://api.allegro.pl/sale/products?phrase=Czopki%20propolisowe%20100mg%20-%20profilaktyka%20hemoroid%C3%B3w%2010"}
[2025-11-03 10:40:53] GET | {"url":"https://api.allegro.pl/sale/products?phrase=Czopki%20propolisowe%20100mg%20-%20profilaktyka%20hemoroid%C3%B3w"}
[2025-11-03 10:40:53] GET | {"url":"https://api.allegro.pl/sale/products?phrase=Czopki%20propolisowe%20100mg%20-%20profilaktyka"}
[2025-11-03 10:40:53] GET | {"url":"https://api.allegro.pl/sale/products?phrase=Czopki%20propolisowe%20100mg%20-"}
[2025-11-03 10:40:53] GET | {"url":"https://api.allegro.pl/sale/products?phrase=Czopki%20propolisowe%20100mg"}
[2025-11-03 10:40:54] GET | {"url":"https://api.allegro.pl/sale/products?phrase=Czopki%20propolisowe"}
[2025-11-03 10:40:57] GET | {"url":"https://api.allegro.pl/sale/products?phrase=5907738152399&mode=GTIN"}
[2025-11-03 10:40:57] GET | {"url":"https://api.allegro.pl/sale/products?phrase=OPAKOWANIE%20ZBIORCZE%20%28kg%29%20-%20KAKI%20%C5%9AWIE%C5%BBE%20BIO%20%28oko%C5%82o%203%20kg%29"}
[2025-11-03 10:40:58] GET | {"url":"https://api.allegro.pl/sale/products?phrase=OPAKOWANIE%20ZBIORCZE%20%28kg%29%20-%20KAKI%20%C5%9AWIE%C5%BBE%20BIO%20%28oko%C5%82o%203"}
[2025-11-03 10:40:58] GET | {"url":"https://api.allegro.pl/sale/products?phrase=OPAKOWANIE%20ZBIORCZE%20%28kg%29%20-%20KAKI%20%C5%9AWIE%C5%BBE%20BIO%20%28oko%C5%82o"}
[2025-11-03 10:40:59] GET | {"url":"https://api.allegro.pl/sale/products?phrase=OPAKOWANIE%20ZBIORCZE%20%28kg%29%20-%20KAKI%20%C5%9AWIE%C5%BBE%20BIO"}
[2025-11-03 10:41:00] GET | {"url":"https://api.allegro.pl/sale/products?phrase=OPAKOWANIE%20ZBIORCZE%20%28kg%29%20-%20KAKI%20%C5%9AWIE%C5%BBE"}
[2025-11-03 10:41:01] GET | {"url":"https://api.allegro.pl/sale/products?phrase=OPAKOWANIE%20ZBIORCZE%20%28kg%29%20-%20KAKI"}
[2025-11-03 10:41:02] GET | {"url":"https://api.allegro.pl/sale/products?phrase=OPAKOWANIE%20ZBIORCZE%20%28kg%29%20-"}
[2025-11-03 10:41:05] GET | {"url":"https://api.allegro.pl/sale/products?phrase=3182612703047&mode=GTIN"}
[2025-11-03 10:41:06] GET | {"url":"https://api.allegro.pl/sale/products?phrase=5902605415737&mode=GTIN"}
[2025-11-03 10:41:06] GET | {"url":"https://api.allegro.pl/sale/products?phrase=OPAKOWANIE%20ZBIORCZE%20%28kg%29%20-%20ORZECHY%20W%C5%81OSKIE%20W%20%C5%81UPINIE%20BIO%20%28POLSKA%29%20%28oko%C5%82o%202%20kg%29"}
[2025-11-03 10:41:07] GET | {"url":"https://api.allegro.pl/sale/products?phrase=OPAKOWANIE%20ZBIORCZE%20%28kg%29%20-%20ORZECHY%20W%C5%81OSKIE%20W%20%C5%81UPINIE%20BIO%20%28POLSKA%29%20%28oko%C5%82o%202"}
[2025-11-03 10:41:07] GET | {"url":"https://api.allegro.pl/sale/products?phrase=OPAKOWANIE%20ZBIORCZE%20%28kg%29%20-%20ORZECHY%20W%C5%81OSKIE%20W%20%C5%81UPINIE%20BIO%20%28POLSKA%29%20%28oko%C5%82o"}
[2025-11-03 10:41:08] GET | {"url":"https://api.allegro.pl/sale/products?phrase=OPAKOWANIE%20ZBIORCZE%20%28kg%29%20-%20ORZECHY%20W%C5%81OSKIE%20W%20%C5%81UPINIE%20BIO%20%28POLSKA%29"}
[2025-11-03 10:41:09] GET | {"url":"https://api.allegro.pl/sale/products?phrase=OPAKOWANIE%20ZBIORCZE%20%28kg%29%20-%20ORZECHY%20W%C5%81OSKIE%20W%20%C5%81UPINIE%20BIO"}
[2025-11-03 10:41:10] GET | {"url":"https://api.allegro.pl/sale/products?phrase=OPAKOWANIE%20ZBIORCZE%20%28kg%29%20-%20ORZECHY%20W%C5%81OSKIE%20W%20%C5%81UPINIE"}
[2025-11-03 10:41:11] GET | {"url":"https://api.allegro.pl/sale/products?phrase=OPAKOWANIE%20ZBIORCZE%20%28kg%29%20-%20ORZECHY%20W%C5%81OSKIE%20W"}
[2025-11-03 10:41:12] GET | {"url":"https://api.allegro.pl/sale/products?phrase=OPAKOWANIE%20ZBIORCZE%20%28kg%29%20-%20ORZECHY%20W%C5%81OSKIE"}
[2025-11-03 10:41:13] GET | {"url":"https://api.allegro.pl/sale/products?phrase=OPAKOWANIE%20ZBIORCZE%20%28kg%29%20-%20ORZECHY"}
[2025-11-03 10:41:14] GET | {"url":"https://api.allegro.pl/sale/products?phrase=OPAKOWANIE%20ZBIORCZE%20%28kg%29%20-"}
[2025-11-03 10:41:17] GET | {"url":"https://api.allegro.pl/sale/products?phrase=4820287101261&mode=GTIN"}
[2025-11-03 10:41:18] GET | {"url":"https://api.allegro.pl/sale/products?phrase=680275067771&mode=GTIN"}
[2025-11-03 10:41:20] GET | {"url":"https://api.allegro.pl/sale/products?phrase=5904292076499&mode=GTIN"}
[2025-11-03 10:41:21] GET | {"url":"https://api.allegro.pl/sale/products?phrase=5905940372017&mode=GTIN"}
[2025-11-03 10:41:21] GET | {"url":"https://api.allegro.pl/sale/products?phrase=Acerola%20ekstrakt%2060%20kaps.%20SUPLIIV"}
[2025-11-03 10:41:22] GET | {"url":"https://api.allegro.pl/sale/products?phrase=Acerola%20ekstrakt%2060%20kaps."}
[2025-11-03 10:41:22] GET | {"url":"https://api.allegro.pl/sale/products?phrase=Acerola%20ekstrakt%2060"}
[2025-11-03 10:41:24] GET | {"url":"https://api.allegro.pl/sale/products?phrase=5908249975972&mode=GTIN"}
[2025-11-03 10:41:26] GET | {"url":"https://api.allegro.pl/sale/products?phrase=5905940372000&mode=GTIN"}
[2025-11-03 10:41:26] GET | {"url":"https://api.allegro.pl/sale/products?phrase=Ashwagandha%20KSM-66%20100%20kaps.%20SUPLIIV"}
[2025-11-03 10:41:26] GET | {"url":"https://api.allegro.pl/sale/products?phrase=Ashwagandha%20KSM-66%20100%20kaps."}
[2025-11-03 10:41:28] GET | {"url":"https://api.allegro.pl/sale/products?phrase=5905940371942&mode=GTIN"}
[2025-11-03 10:41:30] GET | {"url":"https://api.allegro.pl/sale/products?phrase=5902194543392&mode=GTIN"}
[2025-11-03 10:41:31] GET | {"url":"https://api.allegro.pl/sale/products?phrase=5901902001193&mode=GTIN"}
[2025-11-03 10:41:33] GET | {"url":"https://api.allegro.pl/sale/products?phrase=5901902008994&mode=GTIN"}
[2025-11-03 10:41:34] GET | {"url":"https://api.allegro.pl/sale/products?phrase=5901902008963&mode=GTIN"}
[2025-11-03 10:41:36] GET | {"url":"https://api.allegro.pl/sale/products?phrase=5901902008949&mode=GTIN"}
[2025-11-03 10:41:37] GET | {"url":"https://api.allegro.pl/sale/products?phrase=5901902008970&mode=GTIN"}
[2025-11-03 10:41:38] GET | {"url":"https://api.allegro.pl/sale/products?phrase=5901902009045&mode=GTIN"}
[2025-11-03 10:41:40] GET | {"url":"https://api.allegro.pl/sale/products?phrase=5904806120816&mode=GTIN"}
[2025-11-03 10:41:41] GET | {"url":"https://api.allegro.pl/sale/products?phrase=5904806120786&mode=GTIN"}
[2025-11-03 10:41:43] GET | {"url":"https://api.allegro.pl/sale/products?phrase=5904806120809&mode=GTIN"}
[2025-11-03 10:41:44] GET | {"url":"https://api.allegro.pl/sale/products?phrase=8595685240374&mode=GTIN"}
[2025-11-03 10:41:45] GET | {"url":"https://api.allegro.pl/sale/products?phrase=5906660157724&mode=GTIN"}
[2025-11-03 10:41:47] GET | {"url":"https://api.allegro.pl/sale/products?phrase=5906660157236&mode=GTIN"}
[2025-11-03 10:41:48] GET | {"url":"https://api.allegro.pl/sale/products?phrase=5906660157977&mode=GTIN"}
[2025-11-03 10:41:48] GET | {"url":"https://api.allegro.pl/sale/products?phrase=KREM%20KOKOSOWO%20-%20DAKTYLOWY%20PIERNICZKOWY%20BEZGLUTENOWY%20BIO%20190%20g%20-%20ORGANICHOUSE%20%28DAKTYNELLA%29%20%28PRODUKT%20SEZONOWY%29"}
[2025-11-03 10:41:48] GET | {"url":"https://api.allegro.pl/sale/products?phrase=KREM%20KOKOSOWO%20-%20DAKTYLOWY%20PIERNICZKOWY%20BEZGLUTENOWY%20BIO%20190%20g%20-%20ORGANICHOUSE%20%28DAKTYNELLA%29%20%28PRODUKT"}
[2025-11-03 10:41:48] GET | {"url":"https://api.allegro.pl/sale/products?phrase=KREM%20KOKOSOWO%20-%20DAKTYLOWY%20PIERNICZKOWY%20BEZGLUTENOWY%20BIO%20190%20g%20-%20ORGANICHOUSE%20%28DAKTYNELLA%29"}
[2025-11-03 10:41:49] GET | {"url":"https://api.allegro.pl/sale/products?phrase=KREM%20KOKOSOWO%20-%20DAKTYLOWY%20PIERNICZKOWY%20BEZGLUTENOWY%20BIO%20190%20g%20-%20ORGANICHOUSE"}
[2025-11-03 10:41:49] GET | {"url":"https://api.allegro.pl/sale/products?phrase=KREM%20KOKOSOWO%20-%20DAKTYLOWY%20PIERNICZKOWY%20BEZGLUTENOWY%20BIO%20190%20g%20-"}
[2025-11-03 10:41:49] GET | {"url":"https://api.allegro.pl/sale/products?phrase=KREM%20KOKOSOWO%20-%20DAKTYLOWY%20PIERNICZKOWY%20BEZGLUTENOWY%20BIO%20190%20g"}
[2025-11-03 10:41:49] GET | {"url":"https://api.allegro.pl/sale/products?phrase=KREM%20KOKOSOWO%20-%20DAKTYLOWY%20PIERNICZKOWY%20BEZGLUTENOWY%20BIO%20190"}
[2025-11-03 10:41:49] GET | {"url":"https://api.allegro.pl/sale/products?phrase=KREM%20KOKOSOWO%20-%20DAKTYLOWY%20PIERNICZKOWY%20BEZGLUTENOWY%20BIO"}
[2025-11-03 10:41:50] GET | {"url":"https://api.allegro.pl/sale/products?phrase=KREM%20KOKOSOWO%20-%20DAKTYLOWY%20PIERNICZKOWY%20BEZGLUTENOWY"}
[2025-11-03 10:41:50] GET | {"url":"https://api.allegro.pl/sale/products?phrase=KREM%20KOKOSOWO%20-%20DAKTYLOWY%20PIERNICZKOWY"}
[2025-11-03 10:41:51] GET | {"url":"https://api.allegro.pl/sale/products?phrase=KREM%20KOKOSOWO%20-%20DAKTYLOWY"}
[2025-11-03 10:41:53] GET | {"url":"https://api.allegro.pl/sale/products?phrase=8002469693177&mode=GTIN"}
[2025-11-03 10:41:54] GET | {"url":"https://api.allegro.pl/sale/products?phrase=Prosciutto%20di%20parma-%20szynka%20parme%C5%84ska%20dojrzewaj%C4%85ca%20BIO"}
[2025-11-03 10:41:54] GET | {"url":"https://api.allegro.pl/sale/products?phrase=Prosciutto%20di%20parma-%20szynka%20parme%C5%84ska%20dojrzewaj%C4%85ca"}
[2025-11-03 10:41:55] GET | {"url":"https://api.allegro.pl/sale/products?phrase=Prosciutto%20di%20parma-%20szynka%20parme%C5%84ska"}
[2025-11-03 10:41:57] GET | {"url":"https://api.allegro.pl/sale/products?phrase=8002469590032&mode=GTIN"}
[2025-11-03 10:41:58] GET | {"url":"https://api.allegro.pl/sale/products?phrase=Prosciutto%20cotto-%20szynka%20gotowana%20BIO"}
[2025-11-03 10:42:00] GET | {"url":"https://api.allegro.pl/sale/products?phrase=5903853400056&mode=GTIN"}
[2025-11-03 10:42:01] GET | {"url":"https://api.allegro.pl/sale/products?phrase=8718754507219&mode=GTIN"}
[2025-11-03 10:42:01] GET | {"url":"https://api.allegro.pl/sale/products?phrase=OCET%20DO%20SUSHI%20BIO%20250%20ml%20-%20YAKSO"}
[2025-11-03 10:42:02] GET | {"url":"https://api.allegro.pl/sale/products?phrase=OCET%20DO%20SUSHI%20BIO%20250%20ml%20-"}
[2025-11-03 10:42:04] GET | {"url":"https://api.allegro.pl/sale/products?phrase=8002469590094&mode=GTIN"}
[2025-11-03 10:42:04] GET | {"url":"https://api.allegro.pl/sale/products?phrase=Mortadela%20w%20plastrach%20BIO"}
[2025-11-03 10:42:05] GET | {"url":"https://api.allegro.pl/sale/products?phrase=Mortadela%20w%20plastrach"}
[2025-11-03 10:42:07] GET | {"url":"https://api.allegro.pl/sale/products?phrase=5907752683329&mode=GTIN"}
[2025-11-03 10:42:09] GET | {"url":"https://api.allegro.pl/sale/products?phrase=5902425057353&mode=GTIN"}
[2025-11-03 10:42:09] GET | {"url":"https://api.allegro.pl/sale/products?phrase=WITAMINA%20C%20W%20PROSZKU%20150%20g%20-%20NATURAVENA"}
[2025-11-03 10:42:10] GET | {"url":"https://api.allegro.pl/sale/products?phrase=8009004816299&mode=GTIN"}
[2025-11-03 10:42:11] GET | {"url":"https://api.allegro.pl/sale/products?phrase=NAP%C3%93J%20JAB%C5%81KO%20-%20POMARA%C5%83CZA%20-%20MARCHEW%20-%20CYTRYNA%20BEZ%20DODATKU%20CUKR%C3%93W%20BIO%20200%20ml%20-%20ALCE%20NERO"}
[2025-11-03 10:42:11] GET | {"url":"https://api.allegro.pl/sale/products?phrase=NAP%C3%93J%20JAB%C5%81KO%20-%20POMARA%C5%83CZA%20-%20MARCHEW%20-%20CYTRYNA%20BEZ%20DODATKU%20CUKR%C3%93W%20BIO%20200%20ml%20-%20ALCE"}
[2025-11-03 10:42:11] GET | {"url":"https://api.allegro.pl/sale/products?phrase=NAP%C3%93J%20JAB%C5%81KO%20-%20POMARA%C5%83CZA%20-%20MARCHEW%20-%20CYTRYNA%20BEZ%20DODATKU%20CUKR%C3%93W%20BIO%20200%20ml%20-"}
[2025-11-03 10:42:12] GET | {"url":"https://api.allegro.pl/sale/products?phrase=NAP%C3%93J%20JAB%C5%81KO%20-%20POMARA%C5%83CZA%20-%20MARCHEW%20-%20CYTRYNA%20BEZ%20DODATKU%20CUKR%C3%93W%20BIO%20200%20ml"}
[2025-11-03 10:42:13] GET | {"url":"https://api.allegro.pl/sale/products?phrase=NAP%C3%93J%20JAB%C5%81KO%20-%20POMARA%C5%83CZA%20-%20MARCHEW%20-%20CYTRYNA%20BEZ%20DODATKU%20CUKR%C3%93W%20BIO%20200"}
[2025-11-03 10:42:14] GET | {"url":"https://api.allegro.pl/sale/products?phrase=NAP%C3%93J%20JAB%C5%81KO%20-%20POMARA%C5%83CZA%20-%20MARCHEW%20-%20CYTRYNA%20BEZ%20DODATKU%20CUKR%C3%93W%20BIO"}
[2025-11-03 10:42:15] GET | {"url":"https://api.allegro.pl/sale/products?phrase=NAP%C3%93J%20JAB%C5%81KO%20-%20POMARA%C5%83CZA%20-%20MARCHEW%20-%20CYTRYNA%20BEZ%20DODATKU%20CUKR%C3%93W"}
[2025-11-03 10:42:16] GET | {"url":"https://api.allegro.pl/sale/products?phrase=NAP%C3%93J%20JAB%C5%81KO%20-%20POMARA%C5%83CZA%20-%20MARCHEW%20-%20CYTRYNA%20BEZ%20DODATKU"}
[2025-11-03 10:42:17] GET | {"url":"https://api.allegro.pl/sale/products?phrase=NAP%C3%93J%20JAB%C5%81KO%20-%20POMARA%C5%83CZA%20-%20MARCHEW%20-%20CYTRYNA%20BEZ"}
[2025-11-03 10:42:18] GET | {"url":"https://api.allegro.pl/sale/products?phrase=NAP%C3%93J%20JAB%C5%81KO%20-%20POMARA%C5%83CZA%20-%20MARCHEW%20-%20CYTRYNA"}
[2025-11-03 10:42:19] GET | {"url":"https://api.allegro.pl/sale/products?phrase=NAP%C3%93J%20JAB%C5%81KO%20-%20POMARA%C5%83CZA%20-%20MARCHEW%20-"}
[2025-11-03 10:42:20] GET | {"url":"https://api.allegro.pl/sale/products?phrase=NAP%C3%93J%20JAB%C5%81KO%20-%20POMARA%C5%83CZA%20-%20MARCHEW"}
[2025-11-03 10:42:21] GET | {"url":"https://api.allegro.pl/sale/products?phrase=NAP%C3%93J%20JAB%C5%81KO%20-%20POMARA%C5%83CZA%20-"}
[2025-11-03 10:42:24] GET | {"url":"https://api.allegro.pl/sale/products?phrase=8009004816282&mode=GTIN"}
[2025-11-03 10:42:24] GET | {"url":"https://api.allegro.pl/sale/products?phrase=NAP%C3%93J%20JAB%C5%81KO%20-%20BRZOSKWINIA%20-%20MANGO%20BEZ%20DODATKU%20CUKR%C3%93W%20BIO%20200%20ml%20-%20ALCE%20NERO"}
[2025-11-03 10:42:24] GET | {"url":"https://api.allegro.pl/sale/products?phrase=NAP%C3%93J%20JAB%C5%81KO%20-%20BRZOSKWINIA%20-%20MANGO%20BEZ%20DODATKU%20CUKR%C3%93W%20BIO%20200%20ml%20-%20ALCE"}
[2025-11-03 10:42:25] GET | {"url":"https://api.allegro.pl/sale/products?phrase=NAP%C3%93J%20JAB%C5%81KO%20-%20BRZOSKWINIA%20-%20MANGO%20BEZ%20DODATKU%20CUKR%C3%93W%20BIO%20200%20ml%20-"}
[2025-11-03 10:42:26] GET | {"url":"https://api.allegro.pl/sale/products?phrase=NAP%C3%93J%20JAB%C5%81KO%20-%20BRZOSKWINIA%20-%20MANGO%20BEZ%20DODATKU%20CUKR%C3%93W%20BIO%20200%20ml"}
[2025-11-03 10:42:27] GET | {"url":"https://api.allegro.pl/sale/products?phrase=NAP%C3%93J%20JAB%C5%81KO%20-%20BRZOSKWINIA%20-%20MANGO%20BEZ%20DODATKU%20CUKR%C3%93W%20BIO%20200"}
[2025-11-03 10:42:28] GET | {"url":"https://api.allegro.pl/sale/products?phrase=NAP%C3%93J%20JAB%C5%81KO%20-%20BRZOSKWINIA%20-%20MANGO%20BEZ%20DODATKU%20CUKR%C3%93W%20BIO"}
[2025-11-03 10:42:29] GET | {"url":"https://api.allegro.pl/sale/products?phrase=NAP%C3%93J%20JAB%C5%81KO%20-%20BRZOSKWINIA%20-%20MANGO%20BEZ%20DODATKU%20CUKR%C3%93W"}
[2025-11-03 10:42:30] GET | {"url":"https://api.allegro.pl/sale/products?phrase=NAP%C3%93J%20JAB%C5%81KO%20-%20BRZOSKWINIA%20-%20MANGO%20BEZ%20DODATKU"}
[2025-11-03 10:42:31] GET | {"url":"https://api.allegro.pl/sale/products?phrase=NAP%C3%93J%20JAB%C5%81KO%20-%20BRZOSKWINIA%20-%20MANGO%20BEZ"}
[2025-11-03 10:42:32] GET | {"url":"https://api.allegro.pl/sale/products?phrase=NAP%C3%93J%20JAB%C5%81KO%20-%20BRZOSKWINIA%20-%20MANGO"}
[2025-11-03 10:42:33] GET | {"url":"https://api.allegro.pl/sale/products?phrase=NAP%C3%93J%20JAB%C5%81KO%20-%20BRZOSKWINIA%20-"}
[2025-11-03 10:42:36] GET | {"url":"https://api.allegro.pl/sale/products?phrase=5900316552369&mode=GTIN"}
[2025-11-03 10:42:38] GET | {"url":"https://api.allegro.pl/sale/products?phrase=5907222029022&mode=GTIN"}
[2025-11-03 10:42:39] GET | {"url":"https://api.allegro.pl/sale/products?phrase=5903900367479&mode=GTIN"}
[2025-11-03 10:42:39] GET | {"url":"https://api.allegro.pl/sale/products?phrase=OPAKOWANIE%20ZBIORCZE%20%28kg%29%20-%20DYNIA%20PI%C5%BBMOWA%20%28BUTTERNUT%29%20%C5%9AWIE%C5%BBA%20BIO%20%28POLSKA%29%20%28oko%C5%82o%2010%20kg%29"}
[2025-11-03 10:42:39] GET | {"url":"https://api.allegro.pl/sale/products?phrase=OPAKOWANIE%20ZBIORCZE%20%28kg%29%20-%20DYNIA%20PI%C5%BBMOWA%20%28BUTTERNUT%29%20%C5%9AWIE%C5%BBA%20BIO%20%28POLSKA%29%20%28oko%C5%82o%2010"}
[2025-11-03 10:42:40] GET | {"url":"https://api.allegro.pl/sale/products?phrase=OPAKOWANIE%20ZBIORCZE%20%28kg%29%20-%20DYNIA%20PI%C5%BBMOWA%20%28BUTTERNUT%29%20%C5%9AWIE%C5%BBA%20BIO%20%28POLSKA%29%20%28oko%C5%82o"}
[2025-11-03 10:42:40] GET | {"url":"https://api.allegro.pl/sale/products?phrase=OPAKOWANIE%20ZBIORCZE%20%28kg%29%20-%20DYNIA%20PI%C5%BBMOWA%20%28BUTTERNUT%29%20%C5%9AWIE%C5%BBA%20BIO%20%28POLSKA%29"}
[2025-11-03 10:42:41] GET | {"url":"https://api.allegro.pl/sale/products?phrase=OPAKOWANIE%20ZBIORCZE%20%28kg%29%20-%20DYNIA%20PI%C5%BBMOWA%20%28BUTTERNUT%29%20%C5%9AWIE%C5%BBA%20BIO"}
[2025-11-03 10:42:42] GET | {"url":"https://api.allegro.pl/sale/products?phrase=OPAKOWANIE%20ZBIORCZE%20%28kg%29%20-%20DYNIA%20PI%C5%BBMOWA%20%28BUTTERNUT%29%20%C5%9AWIE%C5%BBA"}
[2025-11-03 10:42:43] GET | {"url":"https://api.allegro.pl/sale/products?phrase=OPAKOWANIE%20ZBIORCZE%20%28kg%29%20-%20DYNIA%20PI%C5%BBMOWA%20%28BUTTERNUT%29"}
[2025-11-03 10:42:44] GET | {"url":"https://api.allegro.pl/sale/products?phrase=OPAKOWANIE%20ZBIORCZE%20%28kg%29%20-%20DYNIA%20PI%C5%BBMOWA"}
[2025-11-03 10:42:45] GET | {"url":"https://api.allegro.pl/sale/products?phrase=OPAKOWANIE%20ZBIORCZE%20%28kg%29%20-%20DYNIA"}
[2025-11-03 10:42:46] GET | {"url":"https://api.allegro.pl/sale/products?phrase=OPAKOWANIE%20ZBIORCZE%20%28kg%29%20-"}
[2025-11-03 10:42:49] GET | {"url":"https://api.allegro.pl/sale/products?phrase=5903853408717&mode=GTIN"}
[2025-11-03 10:42:49] GET | {"url":"https://api.allegro.pl/sale/products?phrase=PAPIER%20DO%20PAKOWANIA%20%C5%BBYWNO%C5%9ACI%2030%20x%2040%20cm%20-%20RYZA"}
[2025-11-03 10:42:50] GET | {"url":"https://api.allegro.pl/sale/products?phrase=PAPIER%20DO%20PAKOWANIA%20%C5%BBYWNO%C5%9ACI%2030%20x%2040%20cm%20-"}
[2025-11-03 10:42:52] GET | {"url":"https://api.allegro.pl/sale/products?phrase=5902448169866&mode=GTIN"}
[2025-11-03 10:42:52] GET | {"url":"https://api.allegro.pl/sale/products?phrase=OPAKOWANIE%20ZBIORCZE%20%28kg%29%20-%20POMIDORY%20REBELLION%20%C5%9AWIE%C5%BBE%20BIO%20%28oko%C5%82o%203%20kg%29"}
[2025-11-03 10:42:52] GET | {"url":"https://api.allegro.pl/sale/products?phrase=OPAKOWANIE%20ZBIORCZE%20%28kg%29%20-%20POMIDORY%20REBELLION%20%C5%9AWIE%C5%BBE%20BIO%20%28oko%C5%82o%203"}
[2025-11-03 10:42:53] GET | {"url":"https://api.allegro.pl/sale/products?phrase=OPAKOWANIE%20ZBIORCZE%20%28kg%29%20-%20POMIDORY%20REBELLION%20%C5%9AWIE%C5%BBE%20BIO%20%28oko%C5%82o"}
[2025-11-03 10:42:54] GET | {"url":"https://api.allegro.pl/sale/products?phrase=OPAKOWANIE%20ZBIORCZE%20%28kg%29%20-%20POMIDORY%20REBELLION%20%C5%9AWIE%C5%BBE%20BIO"}
[2025-11-03 10:42:55] GET | {"url":"https://api.allegro.pl/sale/products?phrase=OPAKOWANIE%20ZBIORCZE%20%28kg%29%20-%20POMIDORY%20REBELLION%20%C5%9AWIE%C5%BBE"}
[2025-11-03 10:42:56] GET | {"url":"https://api.allegro.pl/sale/products?phrase=OPAKOWANIE%20ZBIORCZE%20%28kg%29%20-%20POMIDORY%20REBELLION"}
[2025-11-03 10:42:57] GET | {"url":"https://api.allegro.pl/sale/products?phrase=OPAKOWANIE%20ZBIORCZE%20%28kg%29%20-%20POMIDORY"}
[2025-11-03 10:42:58] GET | {"url":"https://api.allegro.pl/sale/products?phrase=OPAKOWANIE%20ZBIORCZE%20%28kg%29%20-"}
[2025-11-03 10:43:01] GET | {"url":"https://api.allegro.pl/sale/products?phrase=5902837813288&mode=GTIN"}
[2025-11-03 10:43:02] GET | {"url":"https://api.allegro.pl/sale/products?phrase=5905408886018&mode=GTIN"}
[2025-11-03 10:43:03] GET | {"url":"https://api.allegro.pl/sale/products?phrase=KARP%20W%20SOSIE%20S%C5%81ODKO%20-%20KWA%C5%9ANYM%20BIO%20300%20g%20-%20GOSPODARSTWO%20RYBACKIE%20ZAW%C3%93LCZE"}
[2025-11-03 10:43:03] GET | {"url":"https://api.allegro.pl/sale/products?phrase=KARP%20W%20SOSIE%20S%C5%81ODKO%20-%20KWA%C5%9ANYM%20BIO%20300%20g%20-%20GOSPODARSTWO%20RYBACKIE"}
[2025-11-03 10:43:03] GET | {"url":"https://api.allegro.pl/sale/products?phrase=KARP%20W%20SOSIE%20S%C5%81ODKO%20-%20KWA%C5%9ANYM%20BIO%20300%20g%20-%20GOSPODARSTWO"}
[2025-11-03 10:43:04] GET | {"url":"https://api.allegro.pl/sale/products?phrase=KARP%20W%20SOSIE%20S%C5%81ODKO%20-%20KWA%C5%9ANYM%20BIO%20300%20g%20-"}
[2025-11-03 10:43:05] GET | {"url":"https://api.allegro.pl/sale/products?phrase=KARP%20W%20SOSIE%20S%C5%81ODKO%20-%20KWA%C5%9ANYM%20BIO%20300%20g"}
[2025-11-03 10:43:06] GET | {"url":"https://api.allegro.pl/sale/products?phrase=KARP%20W%20SOSIE%20S%C5%81ODKO%20-%20KWA%C5%9ANYM%20BIO%20300"}
[2025-11-03 10:43:07] GET | {"url":"https://api.allegro.pl/sale/products?phrase=KARP%20W%20SOSIE%20S%C5%81ODKO%20-%20KWA%C5%9ANYM%20BIO"}
[2025-11-03 10:43:08] GET | {"url":"https://api.allegro.pl/sale/products?phrase=KARP%20W%20SOSIE%20S%C5%81ODKO%20-%20KWA%C5%9ANYM"}
[2025-11-03 10:43:09] GET | {"url":"https://api.allegro.pl/sale/products?phrase=KARP%20W%20SOSIE%20S%C5%81ODKO%20-"}
[2025-11-03 10:43:10] GET | {"url":"https://api.allegro.pl/sale/products?phrase=KARP%20W%20SOSIE%20S%C5%81ODKO"}
[2025-11-03 10:43:11] GET | {"url":"https://api.allegro.pl/sale/products?phrase=KARP%20W%20SOSIE"}
[2025-11-03 10:43:14] GET | {"url":"https://api.allegro.pl/sale/products?phrase=5905408886001&mode=GTIN"}
[2025-11-03 10:43:14] GET | {"url":"https://api.allegro.pl/sale/products?phrase=BULION%20Z%20KARPIA%20BIO%20500%20ml%20-%20GOSPODARSTWO%20RYBACKIE%20ZAW%C3%93LCZE"}
[2025-11-03 10:43:15] GET | {"url":"https://api.allegro.pl/sale/products?phrase=BULION%20Z%20KARPIA%20BIO%20500%20ml%20-%20GOSPODARSTWO%20RYBACKIE"}
[2025-11-03 10:43:15] GET | {"url":"https://api.allegro.pl/sale/products?phrase=BULION%20Z%20KARPIA%20BIO%20500%20ml%20-%20GOSPODARSTWO"}
[2025-11-03 10:43:16] GET | {"url":"https://api.allegro.pl/sale/products?phrase=BULION%20Z%20KARPIA%20BIO%20500%20ml%20-"}
[2025-11-03 10:43:17] GET | {"url":"https://api.allegro.pl/sale/products?phrase=BULION%20Z%20KARPIA%20BIO%20500%20ml"}
[2025-11-03 10:43:18] GET | {"url":"https://api.allegro.pl/sale/products?phrase=BULION%20Z%20KARPIA%20BIO%20500"}
[2025-11-03 10:43:19] GET | {"url":"https://api.allegro.pl/sale/products?phrase=BULION%20Z%20KARPIA%20BIO"}
[2025-11-03 10:43:20] GET | {"url":"https://api.allegro.pl/sale/products?phrase=BULION%20Z%20KARPIA"}
[2025-11-03 10:43:21] GET | {"url":"https://api.allegro.pl/sale/products?phrase=BULION%20Z"}
[2025-11-03 10:43:24] GET | {"url":"https://api.allegro.pl/sale/products?phrase=4008471521501&mode=GTIN"}
[2025-11-03 10:43:24] GET | {"url":"https://api.allegro.pl/sale/products?phrase=GALARETKA%20Z%20CZERWONYCH%20OWOC%C3%93W%20BIO%20500%20g%20-%20SOBBEKE"}
[2025-11-03 10:43:25] GET | {"url":"https://api.allegro.pl/sale/products?phrase=GALARETKA%20Z%20CZERWONYCH%20OWOC%C3%93W%20BIO%20500%20g%20-"}
[2025-11-03 10:43:25] GET | {"url":"https://api.allegro.pl/sale/products?phrase=GALARETKA%20Z%20CZERWONYCH%20OWOC%C3%93W%20BIO%20500%20g"}
[2025-11-03 10:43:26] GET | {"url":"https://api.allegro.pl/sale/products?phrase=GALARETKA%20Z%20CZERWONYCH%20OWOC%C3%93W%20BIO%20500"}
[2025-11-03 10:43:27] GET | {"url":"https://api.allegro.pl/sale/products?phrase=GALARETKA%20Z%20CZERWONYCH%20OWOC%C3%93W%20BIO"}
[2025-11-03 10:43:28] GET | {"url":"https://api.allegro.pl/sale/products?phrase=GALARETKA%20Z%20CZERWONYCH%20OWOC%C3%93W"}
[2025-11-03 10:43:30] GET | {"url":"https://api.allegro.pl/sale/products?phrase=5905172331646&mode=GTIN"}
[2025-11-03 10:43:32] GET | {"url":"https://api.allegro.pl/sale/products?phrase=5905172331660&mode=GTIN"}
[2025-11-03 10:43:34] GET | {"url":"https://api.allegro.pl/sale/products?phrase=5904257072320&mode=GTIN"}
[2025-11-03 10:43:34] GET | {"url":"https://api.allegro.pl/sale/products?phrase=KOMBUCHA%20OAK%20BLOOM%20NA%20P%C5%81ATKACH%20D%C4%98BU%20O%20SMAKU%20BIA%C5%81YCH%20WINOGRON%20BIO%20375%20ml%20-%20KOMBUCHA%20BY%20LAURENT"}
[2025-11-03 10:43:34] GET | {"url":"https://api.allegro.pl/sale/products?phrase=KOMBUCHA%20OAK%20BLOOM%20NA%20P%C5%81ATKACH%20D%C4%98BU%20O%20SMAKU%20BIA%C5%81YCH%20WINOGRON%20BIO%20375%20ml%20-%20KOMBUCHA%20BY"}
[2025-11-03 10:43:35] GET | {"url":"https://api.allegro.pl/sale/products?phrase=KOMBUCHA%20OAK%20BLOOM%20NA%20P%C5%81ATKACH%20D%C4%98BU%20O%20SMAKU%20BIA%C5%81YCH%20WINOGRON%20BIO%20375%20ml%20-%20KOMBUCHA"}
[2025-11-03 10:43:35] GET | {"url":"https://api.allegro.pl/sale/products?phrase=KOMBUCHA%20OAK%20BLOOM%20NA%20P%C5%81ATKACH%20D%C4%98BU%20O%20SMAKU%20BIA%C5%81YCH%20WINOGRON%20BIO%20375%20ml%20-"}
[2025-11-03 10:43:36] GET | {"url":"https://api.allegro.pl/sale/products?phrase=KOMBUCHA%20OAK%20BLOOM%20NA%20P%C5%81ATKACH%20D%C4%98BU%20O%20SMAKU%20BIA%C5%81YCH%20WINOGRON%20BIO%20375%20ml"}
[2025-11-03 10:43:37] GET | {"url":"https://api.allegro.pl/sale/products?phrase=KOMBUCHA%20OAK%20BLOOM%20NA%20P%C5%81ATKACH%20D%C4%98BU%20O%20SMAKU%20BIA%C5%81YCH%20WINOGRON%20BIO%20375"}
[2025-11-03 10:43:38] GET | {"url":"https://api.allegro.pl/sale/products?phrase=KOMBUCHA%20OAK%20BLOOM%20NA%20P%C5%81ATKACH%20D%C4%98BU%20O%20SMAKU%20BIA%C5%81YCH%20WINOGRON%20BIO"}
[2025-11-03 10:43:39] GET | {"url":"https://api.allegro.pl/sale/products?phrase=KOMBUCHA%20OAK%20BLOOM%20NA%20P%C5%81ATKACH%20D%C4%98BU%20O%20SMAKU%20BIA%C5%81YCH%20WINOGRON"}
[2025-11-03 10:43:40] GET | {"url":"https://api.allegro.pl/sale/products?phrase=KOMBUCHA%20OAK%20BLOOM%20NA%20P%C5%81ATKACH%20D%C4%98BU%20O%20SMAKU%20BIA%C5%81YCH"}
[2025-11-03 10:43:41] GET | {"url":"https://api.allegro.pl/sale/products?phrase=KOMBUCHA%20OAK%20BLOOM%20NA%20P%C5%81ATKACH%20D%C4%98BU%20O%20SMAKU"}
[2025-11-03 10:43:42] GET | {"url":"https://api.allegro.pl/sale/products?phrase=KOMBUCHA%20OAK%20BLOOM%20NA%20P%C5%81ATKACH%20D%C4%98BU%20O"}
[2025-11-03 10:43:43] GET | {"url":"https://api.allegro.pl/sale/products?phrase=KOMBUCHA%20OAK%20BLOOM%20NA%20P%C5%81ATKACH%20D%C4%98BU"}
[2025-11-03 10:43:44] GET | {"url":"https://api.allegro.pl/sale/products?phrase=KOMBUCHA%20OAK%20BLOOM%20NA%20P%C5%81ATKACH"}
[2025-11-03 10:43:45] GET | {"url":"https://api.allegro.pl/sale/products?phrase=KOMBUCHA%20OAK%20BLOOM%20NA"}
[2025-11-03 10:43:46] GET | {"url":"https://api.allegro.pl/sale/products?phrase=KOMBUCHA%20OAK%20BLOOM"}
[2025-11-03 10:43:47] GET | {"url":"https://api.allegro.pl/sale/products?phrase=KOMBUCHA%20OAK"}
[2025-11-03 10:43:51] GET | {"url":"https://api.allegro.pl/sale/products?phrase=5904257072337&mode=GTIN"}
[2025-11-03 10:43:51] GET | {"url":"https://api.allegro.pl/sale/products?phrase=KOMBUCHA%20NOIR%20BLOOM%20NA%20BUKU%20O%20SMAKU%20KWIAT%C3%93W%20CZARNEGO%20BZU%20BIO%20375%20ml%20-%20KOMBUCHA%20BY%20LAURENT"}
[2025-11-03 10:43:51] GET | {"url":"https://api.allegro.pl/sale/products?phrase=KOMBUCHA%20NOIR%20BLOOM%20NA%20BUKU%20O%20SMAKU%20KWIAT%C3%93W%20CZARNEGO%20BZU%20BIO%20375%20ml%20-%20KOMBUCHA%20BY"}
[2025-11-03 10:43:52] GET | {"url":"https://api.allegro.pl/sale/products?phrase=KOMBUCHA%20NOIR%20BLOOM%20NA%20BUKU%20O%20SMAKU%20KWIAT%C3%93W%20CZARNEGO%20BZU%20BIO%20375%20ml%20-%20KOMBUCHA"}
[2025-11-03 10:43:52] GET | {"url":"https://api.allegro.pl/sale/products?phrase=KOMBUCHA%20NOIR%20BLOOM%20NA%20BUKU%20O%20SMAKU%20KWIAT%C3%93W%20CZARNEGO%20BZU%20BIO%20375%20ml%20-"}
[2025-11-03 10:43:53] GET | {"url":"https://api.allegro.pl/sale/products?phrase=KOMBUCHA%20NOIR%20BLOOM%20NA%20BUKU%20O%20SMAKU%20KWIAT%C3%93W%20CZARNEGO%20BZU%20BIO%20375%20ml"}
[2025-11-03 10:43:54] GET | {"url":"https://api.allegro.pl/sale/products?phrase=KOMBUCHA%20NOIR%20BLOOM%20NA%20BUKU%20O%20SMAKU%20KWIAT%C3%93W%20CZARNEGO%20BZU%20BIO%20375"}
[2025-11-03 10:43:55] GET | {"url":"https://api.allegro.pl/sale/products?phrase=KOMBUCHA%20NOIR%20BLOOM%20NA%20BUKU%20O%20SMAKU%20KWIAT%C3%93W%20CZARNEGO%20BZU%20BIO"}
[2025-11-03 10:43:56] GET | {"url":"https://api.allegro.pl/sale/products?phrase=KOMBUCHA%20NOIR%20BLOOM%20NA%20BUKU%20O%20SMAKU%20KWIAT%C3%93W%20CZARNEGO%20BZU"}
[2025-11-03 10:43:57] GET | {"url":"https://api.allegro.pl/sale/products?phrase=KOMBUCHA%20NOIR%20BLOOM%20NA%20BUKU%20O%20SMAKU%20KWIAT%C3%93W%20CZARNEGO"}
[2025-11-03 10:43:58] GET | {"url":"https://api.allegro.pl/sale/products?phrase=KOMBUCHA%20NOIR%20BLOOM%20NA%20BUKU%20O%20SMAKU%20KWIAT%C3%93W"}
[2025-11-03 10:43:59] GET | {"url":"https://api.allegro.pl/sale/products?phrase=KOMBUCHA%20NOIR%20BLOOM%20NA%20BUKU%20O%20SMAKU"}
[2025-11-03 10:44:00] GET | {"url":"https://api.allegro.pl/sale/products?phrase=KOMBUCHA%20NOIR%20BLOOM%20NA%20BUKU%20O"}
[2025-11-03 10:44:01] GET | {"url":"https://api.allegro.pl/sale/products?phrase=KOMBUCHA%20NOIR%20BLOOM%20NA%20BUKU"}
[2025-11-03 10:44:02] GET | {"url":"https://api.allegro.pl/sale/products?phrase=KOMBUCHA%20NOIR%20BLOOM%20NA"}
[2025-11-03 10:44:03] GET | {"url":"https://api.allegro.pl/sale/products?phrase=KOMBUCHA%20NOIR%20BLOOM"}
[2025-11-03 10:44:04] GET | {"url":"https://api.allegro.pl/sale/products?phrase=KOMBUCHA%20NOIR"}
[2025-11-03 10:44:06] GET | {"url":"https://api.allegro.pl/sale/products?phrase=5904257072313&mode=GTIN"}
[2025-11-03 10:44:07] GET | {"url":"https://api.allegro.pl/sale/products?phrase=KOMBUCHA%20WILD%20BLOOM%20O%20SMAKU%20LAWENDY%20I%20ROZMARYNU%20BIO%20375%20ml%20-%20KOMBUCHA%20BY%20LAURENT"}
[2025-11-03 10:44:07] GET | {"url":"https://api.allegro.pl/sale/products?phrase=KOMBUCHA%20WILD%20BLOOM%20O%20SMAKU%20LAWENDY%20I%20ROZMARYNU%20BIO%20375%20ml%20-%20KOMBUCHA%20BY"}
[2025-11-03 10:44:08] GET | {"url":"https://api.allegro.pl/sale/products?phrase=KOMBUCHA%20WILD%20BLOOM%20O%20SMAKU%20LAWENDY%20I%20ROZMARYNU%20BIO%20375%20ml%20-%20KOMBUCHA"}
[2025-11-03 10:44:09] GET | {"url":"https://api.allegro.pl/sale/products?phrase=KOMBUCHA%20WILD%20BLOOM%20O%20SMAKU%20LAWENDY%20I%20ROZMARYNU%20BIO%20375%20ml%20-"}
[2025-11-03 10:44:10] GET | {"url":"https://api.allegro.pl/sale/products?phrase=KOMBUCHA%20WILD%20BLOOM%20O%20SMAKU%20LAWENDY%20I%20ROZMARYNU%20BIO%20375%20ml"}
[2025-11-03 10:44:11] GET | {"url":"https://api.allegro.pl/sale/products?phrase=KOMBUCHA%20WILD%20BLOOM%20O%20SMAKU%20LAWENDY%20I%20ROZMARYNU%20BIO%20375"}
[2025-11-03 10:44:12] GET | {"url":"https://api.allegro.pl/sale/products?phrase=KOMBUCHA%20WILD%20BLOOM%20O%20SMAKU%20LAWENDY%20I%20ROZMARYNU%20BIO"}
[2025-11-03 10:44:13] GET | {"url":"https://api.allegro.pl/sale/products?phrase=KOMBUCHA%20WILD%20BLOOM%20O%20SMAKU%20LAWENDY%20I%20ROZMARYNU"}
[2025-11-03 10:44:14] GET | {"url":"https://api.allegro.pl/sale/products?phrase=KOMBUCHA%20WILD%20BLOOM%20O%20SMAKU%20LAWENDY%20I"}
[2025-11-03 10:44:15] GET | {"url":"https://api.allegro.pl/sale/products?phrase=KOMBUCHA%20WILD%20BLOOM%20O%20SMAKU%20LAWENDY"}
[2025-11-03 10:44:16] GET | {"url":"https://api.allegro.pl/sale/products?phrase=KOMBUCHA%20WILD%20BLOOM%20O%20SMAKU"}
[2025-11-03 10:44:17] GET | {"url":"https://api.allegro.pl/sale/products?phrase=KOMBUCHA%20WILD%20BLOOM%20O"}
[2025-11-03 10:44:18] GET | {"url":"https://api.allegro.pl/sale/products?phrase=KOMBUCHA%20WILD%20BLOOM"}
[2025-11-03 10:44:19] GET | {"url":"https://api.allegro.pl/sale/products?phrase=KOMBUCHA%20WILD"}
[2025-11-03 10:44:22] GET | {"url":"https://api.allegro.pl/sale/products?phrase=5905172331684&mode=GTIN"}
[2025-11-03 10:44:25] GET | {"url":"https://api.allegro.pl/sale/products?phrase=5905172331608&mode=GTIN"}
[2025-11-03 10:44:27] GET | {"url":"https://api.allegro.pl/sale/products?phrase=5903853410864&mode=GTIN"}
[2025-11-03 10:44:27] GET | {"url":"https://api.allegro.pl/sale/products?phrase=POMIDORY%20KOKTAJLOWE%20MIX%20%C5%9AWIE%C5%BBE%20BIO%20%28oko%C5%82o%200%2C25%20kg%29"}
[2025-11-03 10:44:29] GET | {"url":"https://api.allegro.pl/sale/products?phrase=270072&mode=GTIN"}
[2025-11-03 10:44:29] GET | {"url":"https://api.allegro.pl/sale/products?phrase=POMIDORY%20REBELLION%20%C5%9AWIE%C5%BBE%20BIO%20%28oko%C5%82o%200%2C50%20kg%29"}
[2025-11-03 10:44:31] GET | {"url":"https://api.allegro.pl/sale/products?phrase=5905172331721&mode=GTIN"}
[2025-11-03 10:44:34] GET | {"url":"https://api.allegro.pl/sale/products?phrase=5902305007027&mode=GTIN"}
[2025-11-03 10:44:36] GET | {"url":"https://api.allegro.pl/sale/products?phrase=212055&mode=GTIN"}
[2025-11-03 10:44:36] GET | {"url":"https://api.allegro.pl/sale/products?phrase=DYNIA%20PI%C5%BBMOWA%20%28BUTTERNUT%29%20%C5%9AWIE%C5%BBA%20BIO%20%28POLSKA%29%20%28oko%C5%82o%201%2C20%20kg%29"}
[2025-11-03 10:44:38] GET | {"url":"https://api.allegro.pl/sale/products?phrase=5902488063087&mode=GTIN"}
[2025-11-03 10:44:40] GET | {"url":"https://api.allegro.pl/sale/products?phrase=5902305002954&mode=GTIN"}
[2025-11-03 10:44:43] GET | {"url":"https://api.allegro.pl/sale/products?phrase=5902305002466&mode=GTIN"}
[2025-11-03 10:44:45] GET | {"url":"https://api.allegro.pl/sale/products?phrase=5902305002480&mode=GTIN"}
[2025-11-03 10:44:47] GET | {"url":"https://api.allegro.pl/sale/products?phrase=5905172336481&mode=GTIN"}
[2025-11-03 10:44:49] GET | {"url":"https://api.allegro.pl/sale/products?phrase=5905172336474&mode=GTIN"}
[2025-11-03 10:44:51] GET | {"url":"https://api.allegro.pl/sale/products?phrase=5905172336498&mode=GTIN"}
[2025-11-03 10:44:54] GET | {"url":"https://api.allegro.pl/sale/products?phrase=5905172337648&mode=GTIN"}
[2025-11-03 10:44:56] GET | {"url":"https://api.allegro.pl/sale/products?phrase=5905172337716&mode=GTIN"}
[2025-11-03 10:44:58] GET | {"url":"https://api.allegro.pl/sale/products?phrase=5905172337600&mode=GTIN"}
[2025-11-03 10:45:00] GET | {"url":"https://api.allegro.pl/sale/products?phrase=5905172337624&mode=GTIN"}
[2025-11-03 10:45:03] GET | {"url":"https://api.allegro.pl/sale/products?phrase=5900038001107&mode=GTIN"}
[2025-11-03 10:45:05] GET | {"url":"https://api.allegro.pl/sale/products?phrase=5902425057292&mode=GTIN"}
[2025-11-03 10:45:05] GET | {"url":"https://api.allegro.pl/sale/products?phrase=BISZKOPTY%20BIO%20200%20g%20-%20BIOMINKI"}
[2025-11-03 10:45:05] GET | {"url":"https://api.allegro.pl/sale/products?phrase=BISZKOPTY%20BIO%20200%20g%20-"}
[2025-11-03 10:45:06] GET | {"url":"https://api.allegro.pl/sale/products?phrase=5900038001121&mode=GTIN"}
[2025-11-03 10:51:58] GET | {"url":"https://api.allegro.pl/sale/products?phrase=5903853408717&mode=GTIN"}
[2025-11-03 10:51:58] GET | {"url":"https://api.allegro.pl/sale/products?phrase=PAPIER%20DO%20PAKOWANIA%20%C5%BBYWNO%C5%9ACI%2030%20x%2040%20cm%20-%20RYZA"}
[2025-11-03 10:51:58] GET | {"url":"https://api.allegro.pl/sale/products?phrase=PAPIER%20DO%20PAKOWANIA%20%C5%BBYWNO%C5%9ACI%2030%20x%2040%20cm%20-"}
[2025-11-03 10:52:00] GET | {"url":"https://api.allegro.pl/sale/products?phrase=5906874986653&mode=GTIN"}
[2025-11-03 10:52:01] GET | {"url":"https://api.allegro.pl/sale/products?phrase=5906874986561&mode=GTIN"}
[2025-11-03 10:52:02] GET | {"url":"https://api.allegro.pl/sale/products?phrase=5900038003385&mode=GTIN"}
[2025-11-03 10:52:04] GET | {"url":"https://api.allegro.pl/sale/products?phrase=5900038003545&mode=GTIN"}
[2025-11-03 10:52:05] GET | {"url":"https://api.allegro.pl/sale/products?phrase=4779033190700&mode=GTIN"}
[2025-11-03 10:52:06] GET | {"url":"https://api.allegro.pl/sale/products?phrase=4779033190687&mode=GTIN"}
[2025-11-03 10:52:08] GET | {"url":"https://api.allegro.pl/sale/products?phrase=4779033190694&mode=GTIN"}
[2025-11-03 10:52:09] GET | {"url":"https://api.allegro.pl/sale/products?phrase=5900038007697&mode=GTIN"}
[2025-11-03 10:52:10] GET | {"url":"https://api.allegro.pl/sale/products?phrase=5900038003378&mode=GTIN"}
[2025-11-03 10:52:12] GET | {"url":"https://api.allegro.pl/sale/products?phrase=5900038001176&mode=GTIN"}
[2025-11-03 10:52:13] GET | {"url":"https://api.allegro.pl/sale/products?phrase=5905172337815&mode=GTIN"}
[2025-11-03 10:52:14] GET | {"url":"https://api.allegro.pl/sale/products?phrase=5905172337822&mode=GTIN"}
[2025-11-03 10:52:16] GET | {"url":"https://api.allegro.pl/sale/products?phrase=5902305000400&mode=GTIN"}
[2025-11-03 10:52:17] GET | {"url":"https://api.allegro.pl/sale/products?phrase=5900038003330&mode=GTIN"}
[2025-11-03 10:52:18] GET | {"url":"https://api.allegro.pl/sale/products?phrase=5900038003323&mode=GTIN"}
[2025-11-03 10:52:19] GET | {"url":"https://api.allegro.pl/sale/products?phrase=5900038001022&mode=GTIN"}
[2025-11-03 10:52:21] GET | {"url":"https://api.allegro.pl/sale/products?phrase=5900038001039&mode=GTIN"}
[2025-11-03 10:52:22] GET | {"url":"https://api.allegro.pl/sale/products?phrase=5900038001046&mode=GTIN"}
[2025-11-03 10:52:23] GET | {"url":"https://api.allegro.pl/sale/products?phrase=5900038003057&mode=GTIN"}
[2025-11-03 10:52:24] GET | {"url":"https://api.allegro.pl/sale/products?phrase=5900038003033&mode=GTIN"}
[2025-11-03 10:52:26] GET | {"url":"https://api.allegro.pl/sale/products?phrase=5900038003071&mode=GTIN"}
[2025-11-03 10:52:27] GET | {"url":"https://api.allegro.pl/sale/products?phrase=5900038003491&mode=GTIN"}
[2025-11-03 10:52:28] GET | {"url":"https://api.allegro.pl/sale/products?phrase=5900038003507&mode=GTIN"}
[2025-11-03 10:52:29] GET | {"url":"https://api.allegro.pl/sale/products?phrase=5900038003514&mode=GTIN"}
[2025-11-03 10:52:31] GET | {"url":"https://api.allegro.pl/sale/products?phrase=5900038003699&mode=GTIN"}
[2025-11-03 10:52:32] GET | {"url":"https://api.allegro.pl/sale/products?phrase=5902989934862&mode=GTIN"}
[2025-11-03 10:52:33] GET | {"url":"https://api.allegro.pl/sale/products?phrase=5902989934855&mode=GTIN"}
[2025-11-03 10:52:34] GET | {"url":"https://api.allegro.pl/sale/products?phrase=Zdrowy%20lizak%20Ucze%C5%84%20bez%20cukru%20Calm%20na%20wyciszenie%20jab%C5%82ko-mi%C4%99ta%201%20szt.%20STARPHARMA"}
[2025-11-03 10:52:34] GET | {"url":"https://api.allegro.pl/sale/products?phrase=Zdrowy%20lizak%20Ucze%C5%84%20bez%20cukru%20Calm%20na%20wyciszenie%20jab%C5%82ko-mi%C4%99ta%201%20szt."}
[2025-11-03 10:52:34] GET | {"url":"https://api.allegro.pl/sale/products?phrase=Zdrowy%20lizak%20Ucze%C5%84%20bez%20cukru%20Calm%20na%20wyciszenie%20jab%C5%82ko-mi%C4%99ta%201"}
[2025-11-03 10:52:34] GET | {"url":"https://api.allegro.pl/sale/products?phrase=Zdrowy%20lizak%20Ucze%C5%84%20bez%20cukru%20Calm%20na%20wyciszenie%20jab%C5%82ko-mi%C4%99ta"}
[2025-11-03 10:52:34] GET | {"url":"https://api.allegro.pl/sale/products?phrase=Zdrowy%20lizak%20Ucze%C5%84%20bez%20cukru%20Calm%20na%20wyciszenie"}
[2025-11-03 10:52:34] GET | {"url":"https://api.allegro.pl/sale/products?phrase=Zdrowy%20lizak%20Ucze%C5%84%20bez%20cukru%20Calm%20na"}
[2025-11-03 10:52:36] GET | {"url":"https://api.allegro.pl/sale/products?phrase=5902989935234&mode=GTIN"}
[2025-11-03 10:52:37] GET | {"url":"https://api.allegro.pl/sale/products?phrase=5900038002326&mode=GTIN"}
[2025-11-03 10:52:38] GET | {"url":"https://api.allegro.pl/sale/products?phrase=5900038002333&mode=GTIN"}
[2025-11-03 10:52:39] GET | {"url":"https://api.allegro.pl/sale/products?phrase=5900038002395&mode=GTIN"}
[2025-11-03 10:52:41] GET | {"url":"https://api.allegro.pl/sale/products?phrase=5902989934282&mode=GTIN"}
[2025-11-03 10:52:42] GET | {"url":"https://api.allegro.pl/sale/products?phrase=5900038002203&mode=GTIN"}
[2025-11-03 10:52:44] GET | {"url":"https://api.allegro.pl/sale/products?phrase=5900038001961&mode=GTIN"}
[2025-11-03 10:52:45] GET | {"url":"https://api.allegro.pl/sale/products?phrase=5900038001978&mode=GTIN"}
[2025-11-03 10:52:47] GET | {"url":"https://api.allegro.pl/sale/products?phrase=5900038001985&mode=GTIN"}
[2025-11-03 10:52:48] GET | {"url":"https://api.allegro.pl/sale/products?phrase=5900038001916&mode=GTIN"}
[2025-11-03 10:52:49] GET | {"url":"https://api.allegro.pl/sale/products?phrase=5900038001923&mode=GTIN"}
[2025-11-03 10:52:50] GET | {"url":"https://api.allegro.pl/sale/products?phrase=5900038001930&mode=GTIN"}
[2025-11-03 10:52:52] GET | {"url":"https://api.allegro.pl/sale/products?phrase=5900038001947&mode=GTIN"}
[2025-11-03 10:52:53] GET | {"url":"https://api.allegro.pl/sale/products?phrase=5900038001954&mode=GTIN"}
[2025-11-03 10:52:54] GET | {"url":"https://api.allegro.pl/sale/products?phrase=5900038002401&mode=GTIN"}
[2025-11-03 10:56:48] GET | {"url":"https://api.allegro.pl/sale/products?phrase=5900038001961&mode=GTIN"}
[2025-11-03 11:55:02] GET | {"url":"https://api.allegro.pl/sale/products?phrase=5904734577294&mode=GTIN"}
[2025-11-03 11:55:08] GET | {"url":"https://api.allegro.pl/sale/products?phrase=5904734577317&mode=GTIN"}
