[2025-10-07 08:44:37] OAuth token call | {"url":"https://allegro.pl/auth/oauth/token","http_code":200}
[2025-10-07 08:44:37] Token refreshed
[2025-10-07 08:44:37] GET | {"url":"https://api.allegro.pl/sale/products?phrase=5902596671341&mode=GTIN"}
[2025-10-07 08:44:38] GET | {"url":"https://api.allegro.pl/sale/products?phrase=5902367406035&mode=GTIN"}
[2025-10-07 08:44:39] GET | {"url":"https://api.allegro.pl/sale/products?phrase=5907814661593&mode=GTIN"}
[2025-10-07 08:44:40] GET | {"url":"https://api.allegro.pl/sale/products?phrase=5906660190684&mode=GTIN"}
[2025-10-07 08:44:42] GET | {"url":"https://api.allegro.pl/sale/products?phrase=5908445476532&mode=GTIN"}
[2025-10-07 08:44:44] GET | {"url":"https://api.allegro.pl/sale/products?phrase=254964&mode=GTIN"}
[2025-10-07 08:44:44] GET | {"url":"https://api.allegro.pl/sale/products?phrase=BAK%C5%81A%C5%BBAN%20%C5%9AWIE%C5%BBY%20BIO%20%28oko%C5%82o%200%2C60%20kg%29"}
[2025-10-07 08:44:45] GET | {"url":"https://api.allegro.pl/sale/products?phrase=BAK%C5%81A%C5%BBAN%20%C5%9AWIE%C5%BBY%20BIO%20%28oko%C5%82o%200%2C60"}
[2025-10-07 08:44:45] GET | {"url":"https://api.allegro.pl/sale/products?phrase=BAK%C5%81A%C5%BBAN%20%C5%9AWIE%C5%BBY%20BIO%20%28oko%C5%82o"}
[2025-10-07 08:44:45] GET | {"url":"https://api.allegro.pl/sale/products?phrase=BAK%C5%81A%C5%BBAN%20%C5%9AWIE%C5%BBY%20BIO"}
[2025-10-07 08:44:45] GET | {"url":"https://api.allegro.pl/sale/products?phrase=BAK%C5%81A%C5%BBAN%20%C5%9AWIE%C5%BBY"}
[2025-10-07 08:44:48] GET | {"url":"https://api.allegro.pl/sale/products?phrase=5907738158186&mode=GTIN"}
[2025-10-07 08:44:50] GET | {"url":"https://api.allegro.pl/sale/products?phrase=8410748305008&mode=GTIN"}
[2025-10-07 08:44:52] GET | {"url":"https://api.allegro.pl/sale/products?phrase=4015533028724&mode=GTIN"}
[2025-10-07 08:44:55] GET | {"url":"https://api.allegro.pl/sale/products?phrase=4260272250091&mode=GTIN"}
[2025-10-07 08:44:57] GET | {"url":"https://api.allegro.pl/sale/products?phrase=5903271810482&mode=GTIN"}
[2025-10-07 08:44:59] GET | {"url":"https://api.allegro.pl/sale/products?phrase=8714685000010&mode=GTIN"}
[2025-10-07 08:45:02] GET | {"url":"https://api.allegro.pl/sale/products?phrase=680275064831&mode=GTIN"}
[2025-10-07 08:45:04] GET | {"url":"https://api.allegro.pl/sale/products?phrase=5902101710688&mode=GTIN"}
[2025-10-07 08:45:06] GET | {"url":"https://api.allegro.pl/sale/products?phrase=5902101710695&mode=GTIN"}
[2025-10-07 08:45:09] GET | {"url":"https://api.allegro.pl/sale/products?phrase=5902101710718&mode=GTIN"}
[2025-10-07 08:45:11] GET | {"url":"https://api.allegro.pl/sale/products?phrase=5902101710954&mode=GTIN"}
[2025-10-07 08:45:13] GET | {"url":"https://api.allegro.pl/sale/products?phrase=5907617339088&mode=GTIN"}
[2025-10-07 08:45:16] GET | {"url":"https://api.allegro.pl/sale/products?phrase=4820149742281&mode=GTIN"}
[2025-10-07 08:45:18] GET | {"url":"https://api.allegro.pl/sale/products?phrase=5907617339118&mode=GTIN"}
[2025-10-07 08:45:20] GET | {"url":"https://api.allegro.pl/sale/products?phrase=5907465640206&mode=GTIN"}
[2025-10-07 08:45:22] GET | {"url":"https://api.allegro.pl/sale/products?phrase=5907504400426&mode=GTIN"}
[2025-10-07 08:45:25] GET | {"url":"https://api.allegro.pl/sale/products?phrase=5907713373917&mode=GTIN"}
[2025-10-07 08:45:27] GET | {"url":"https://api.allegro.pl/sale/products?phrase=5907713375379&mode=GTIN"}
[2025-10-07 08:45:29] GET | {"url":"https://api.allegro.pl/sale/products?phrase=8411555070257&mode=GTIN"}
[2025-10-07 08:45:29] GET | {"url":"https://api.allegro.pl/sale/products?phrase=Makrela%20filety%20w%20ekologicznej%20oliwie%20z%20oliwek"}
[2025-10-07 08:45:29] GET | {"url":"https://api.allegro.pl/sale/products?phrase=Makrela%20filety%20w%20ekologicznej%20oliwie%20z"}
[2025-10-07 08:45:29] GET | {"url":"https://api.allegro.pl/sale/products?phrase=Makrela%20filety%20w%20ekologicznej%20oliwie"}
[2025-10-07 08:45:29] GET | {"url":"https://api.allegro.pl/sale/products?phrase=Makrela%20filety%20w%20ekologicznej"}
[2025-10-07 08:45:29] GET | {"url":"https://api.allegro.pl/sale/products?phrase=Makrela%20filety%20w"}
[2025-10-07 08:45:32] GET | {"url":"https://api.allegro.pl/sale/products?phrase=5907052937320&mode=GTIN"}
[2025-10-07 08:45:32] GET | {"url":"https://api.allegro.pl/sale/products?phrase=Herbata%20zimowa%20wi%C5%9Bniowa%20Cherry%20Gifts%2C"}
[2025-10-07 08:45:32] GET | {"url":"https://api.allegro.pl/sale/products?phrase=Herbata%20zimowa%20wi%C5%9Bniowa%20Cherry"}
[2025-10-07 08:45:32] GET | {"url":"https://api.allegro.pl/sale/products?phrase=Herbata%20zimowa%20wi%C5%9Bniowa"}
[2025-10-07 08:45:32] GET | {"url":"https://api.allegro.pl/sale/products?phrase=Herbata%20zimowa"}
[2025-10-07 08:45:35] GET | {"url":"https://api.allegro.pl/sale/products?phrase=5907052937344&mode=GTIN"}
[2025-10-07 08:45:36] GET | {"url":"https://api.allegro.pl/sale/products?phrase=Konfitura%20wi%C5%9Bniowa%20zimowa%20Cherry%20Gifts%2C"}
[2025-10-07 08:45:36] GET | {"url":"https://api.allegro.pl/sale/products?phrase=Konfitura%20wi%C5%9Bniowa%20zimowa%20Cherry"}
[2025-10-07 08:45:36] GET | {"url":"https://api.allegro.pl/sale/products?phrase=Konfitura%20wi%C5%9Bniowa%20zimowa"}
[2025-10-07 08:45:36] GET | {"url":"https://api.allegro.pl/sale/products?phrase=Konfitura%20wi%C5%9Bniowa"}
[2025-10-07 08:45:38] GET | {"url":"https://api.allegro.pl/sale/products?phrase=5907052937351&mode=GTIN"}
[2025-10-07 08:45:38] GET | {"url":"https://api.allegro.pl/sale/products?phrase=Syrop%20wi%C5%9Bniowy%20zimowy%20Cherry%20Gifts%2C"}
[2025-10-07 08:45:39] GET | {"url":"https://api.allegro.pl/sale/products?phrase=Syrop%20wi%C5%9Bniowy%20zimowy%20Cherry"}
[2025-10-07 08:45:39] GET | {"url":"https://api.allegro.pl/sale/products?phrase=Syrop%20wi%C5%9Bniowy%20zimowy"}
[2025-10-07 08:45:39] GET | {"url":"https://api.allegro.pl/sale/products?phrase=Syrop%20wi%C5%9Bniowy"}
[2025-10-07 08:45:42] GET | {"url":"https://api.allegro.pl/sale/products?phrase=8595582415936&mode=GTIN"}
[2025-10-07 08:45:44] GET | {"url":"https://api.allegro.pl/sale/products?phrase=4820262540948&mode=GTIN"}
[2025-10-07 08:45:46] GET | {"url":"https://api.allegro.pl/sale/products?phrase=4820262540399&mode=GTIN"}
[2025-10-07 08:45:48] GET | {"url":"https://api.allegro.pl/sale/products?phrase=5902596671945&mode=GTIN"}
[2025-10-07 08:45:51] GET | {"url":"https://api.allegro.pl/sale/products?phrase=5902596671747&mode=GTIN"}
[2025-10-07 08:45:53] GET | {"url":"https://api.allegro.pl/sale/products?phrase=5902596671013&mode=GTIN"}
[2025-10-07 08:45:55] GET | {"url":"https://api.allegro.pl/sale/products?phrase=5902194545396&mode=GTIN"}
[2025-10-07 08:45:57] GET | {"url":"https://api.allegro.pl/sale/products?phrase=4820058210161&mode=GTIN"}
[2025-10-07 08:45:59] GET | {"url":"https://api.allegro.pl/sale/products?phrase=5901902004729&mode=GTIN"}
[2025-10-07 08:46:01] GET | {"url":"https://api.allegro.pl/sale/products?phrase=5905940370471&mode=GTIN"}
[2025-10-07 08:46:04] GET | {"url":"https://api.allegro.pl/sale/products?phrase=3800021151227&mode=GTIN"}
[2025-10-07 08:46:04] GET | {"url":"https://api.allegro.pl/sale/products?phrase=ACHROMIN%20Krem%20wybielaj%C4%85cy%20z%20filtrami%20UV"}
[2025-10-07 08:46:04] GET | {"url":"https://api.allegro.pl/sale/products?phrase=ACHROMIN%20Krem%20wybielaj%C4%85cy%20z%20filtrami"}
[2025-10-07 08:46:04] GET | {"url":"https://api.allegro.pl/sale/products?phrase=ACHROMIN%20Krem%20wybielaj%C4%85cy%20z"}
[2025-10-07 08:46:06] GET | {"url":"https://api.allegro.pl/sale/products?phrase=5905933486769&mode=GTIN"}
[2025-10-07 08:46:08] GET | {"url":"https://api.allegro.pl/sale/products?phrase=4823015926501&mode=GTIN"}
[2025-10-07 08:46:10] GET | {"url":"https://api.allegro.pl/sale/products?phrase=5902448160023&mode=GTIN"}
[2025-10-07 08:46:13] GET | {"url":"https://api.allegro.pl/sale/products?phrase=5906365360481&mode=GTIN"}
[2025-10-07 08:46:15] GET | {"url":"https://api.allegro.pl/sale/products?phrase=5906365360450&mode=GTIN"}
[2025-10-07 08:46:17] GET | {"url":"https://api.allegro.pl/sale/products?phrase=5701410410834&mode=GTIN"}
[2025-10-07 08:46:19] GET | {"url":"https://api.allegro.pl/sale/products?phrase=5902709524830&mode=GTIN"}
[2025-10-07 08:46:21] GET | {"url":"https://api.allegro.pl/sale/products?phrase=5908230845291&mode=GTIN"}
[2025-10-07 08:46:23] GET | {"url":"https://api.allegro.pl/sale/products?phrase=5906365360443&mode=GTIN"}
[2025-10-07 08:46:26] GET | {"url":"https://api.allegro.pl/sale/products?phrase=5902003713725&mode=GTIN"}
[2025-10-07 08:46:28] GET | {"url":"https://api.allegro.pl/sale/products?phrase=5902003713756&mode=GTIN"}
[2025-10-07 08:46:30] GET | {"url":"https://api.allegro.pl/sale/products?phrase=5908249976962&mode=GTIN"}
[2025-10-07 08:46:32] GET | {"url":"https://api.allegro.pl/sale/products?phrase=5901749009451&mode=GTIN"}
[2025-10-07 08:46:34] GET | {"url":"https://api.allegro.pl/sale/products?phrase=5901749010327&mode=GTIN"}
[2025-10-07 08:46:36] GET | {"url":"https://api.allegro.pl/sale/products?phrase=5901749010136&mode=GTIN"}
[2025-10-07 08:46:39] GET | {"url":"https://api.allegro.pl/sale/products?phrase=5901749010242&mode=GTIN"}
[2025-10-07 08:46:41] GET | {"url":"https://api.allegro.pl/sale/products?phrase=5906732624758&mode=GTIN"}
[2025-10-07 08:46:43] GET | {"url":"https://api.allegro.pl/sale/products?phrase=5901764234609&mode=GTIN"}
[2025-10-07 08:46:54] GET | {"url":"https://api.allegro.pl/sale/products?phrase=5903794183575&mode=GTIN"}
[2025-10-07 08:46:57] GET | {"url":"https://api.allegro.pl/sale/products?phrase=5903794180413&mode=GTIN"}
[2025-10-07 08:47:00] GET | {"url":"https://api.allegro.pl/sale/products?phrase=5903794183582&mode=GTIN"}
[2025-10-07 08:47:03] GET | {"url":"https://api.allegro.pl/sale/products?phrase=5903794180420&mode=GTIN"}
[2025-10-07 08:47:05] GET | {"url":"https://api.allegro.pl/sale/products?phrase=5903794180406&mode=GTIN"}
[2025-10-07 08:47:07] GET | {"url":"https://api.allegro.pl/sale/products?phrase=5903794180437&mode=GTIN"}
[2025-10-07 08:47:09] GET | {"url":"https://api.allegro.pl/sale/products?phrase=5903794180451&mode=GTIN"}
[2025-10-07 08:47:12] GET | {"url":"https://api.allegro.pl/sale/products?phrase=5903794180444&mode=GTIN"}
[2025-10-07 08:47:14] GET | {"url":"https://api.allegro.pl/sale/products?phrase=5901749012833&mode=GTIN"}
[2025-10-07 08:47:17] GET | {"url":"https://api.allegro.pl/sale/products?phrase=5902650274020&mode=GTIN"}
[2025-10-07 08:47:19] GET | {"url":"https://api.allegro.pl/sale/products?phrase=5902448160658&mode=GTIN"}
[2025-10-07 08:47:21] GET | {"url":"https://api.allegro.pl/sale/products?phrase=5902448162270&mode=GTIN"}
[2025-10-07 08:47:23] GET | {"url":"https://api.allegro.pl/sale/products?phrase=5902448162898&mode=GTIN"}
[2025-10-07 08:47:25] GET | {"url":"https://api.allegro.pl/sale/products?phrase=5902448160429&mode=GTIN"}
[2025-10-07 08:47:28] GET | {"url":"https://api.allegro.pl/sale/products?phrase=5902448162263&mode=GTIN"}
[2025-10-07 08:47:30] GET | {"url":"https://api.allegro.pl/sale/products?phrase=5902448161051&mode=GTIN"}
[2025-10-07 08:47:32] GET | {"url":"https://api.allegro.pl/sale/products?phrase=5902448160436&mode=GTIN"}
[2025-10-07 08:47:34] GET | {"url":"https://api.allegro.pl/sale/products?phrase=5902448160108&mode=GTIN"}
[2025-10-07 08:47:36] GET | {"url":"https://api.allegro.pl/sale/products?phrase=5902448160504&mode=GTIN"}
[2025-10-07 08:47:37] GET | {"url":"https://api.allegro.pl/sale/products?phrase=5907814669803&mode=GTIN"}
[2025-10-07 08:47:39] GET | {"url":"https://api.allegro.pl/sale/products?phrase=5901138965924&mode=GTIN"}
[2025-10-07 08:47:41] GET | {"url":"https://api.allegro.pl/sale/products?phrase=8017356000099&mode=GTIN"}
[2025-10-07 08:47:43] GET | {"url":"https://api.allegro.pl/sale/products?phrase=8017356000082&mode=GTIN"}
[2025-10-07 08:47:45] GET | {"url":"https://api.allegro.pl/sale/products?phrase=8017356001188&mode=GTIN"}
[2025-10-07 08:47:48] GET | {"url":"https://api.allegro.pl/sale/products?phrase=087614113647&mode=GTIN"}
[2025-10-07 08:47:50] GET | {"url":"https://api.allegro.pl/sale/products?phrase=8017356000686&mode=GTIN"}
[2025-10-07 08:47:52] GET | {"url":"https://api.allegro.pl/sale/products?phrase=5907738155741&mode=GTIN"}
[2025-10-07 08:47:55] GET | {"url":"https://api.allegro.pl/sale/products?phrase=733739032706&mode=GTIN"}
[2025-10-07 08:47:57] GET | {"url":"https://api.allegro.pl/sale/products?phrase=087614029900&mode=GTIN"}
[2025-10-07 08:47:59] GET | {"url":"https://api.allegro.pl/sale/products?phrase=087614110790&mode=GTIN"}
[2025-10-07 08:48:01] GET | {"url":"https://api.allegro.pl/sale/products?phrase=733739016072&mode=GTIN"}
[2025-10-07 08:48:04] GET | {"url":"https://api.allegro.pl/sale/products?phrase=5904806120977&mode=GTIN"}
[2025-10-07 08:48:06] GET | {"url":"https://api.allegro.pl/sale/products?phrase=5901549275735&mode=GTIN"}
[2025-10-07 08:48:08] GET | {"url":"https://api.allegro.pl/sale/products?phrase=5902802721358&mode=GTIN"}
[2025-10-07 08:48:10] GET | {"url":"https://api.allegro.pl/sale/products?phrase=087614025346&mode=GTIN"}
[2025-10-07 08:48:13] GET | {"url":"https://api.allegro.pl/sale/products?phrase=4026363210333&mode=GTIN"}
[2025-10-07 08:48:15] GET | {"url":"https://api.allegro.pl/sale/products?phrase=5905454258869&mode=GTIN"}
[2025-10-07 08:48:17] GET | {"url":"https://api.allegro.pl/sale/products?phrase=4820219348658&mode=GTIN"}
[2025-10-07 08:48:19] GET | {"url":"https://api.allegro.pl/sale/products?phrase=5906735481204&mode=GTIN"}
[2025-10-07 08:48:22] GET | {"url":"https://api.allegro.pl/sale/products?phrase=5906735489231&mode=GTIN"}
[2025-10-07 08:48:24] GET | {"url":"https://api.allegro.pl/sale/products?phrase=5906735481044&mode=GTIN"}
[2025-10-07 08:48:26] GET | {"url":"https://api.allegro.pl/sale/products?phrase=087614116693&mode=GTIN"}
[2025-10-07 08:48:28] GET | {"url":"https://api.allegro.pl/sale/products?phrase=680275064848&mode=GTIN"}
[2025-10-07 09:02:01] GET | {"url":"https://api.allegro.pl/sale/products?phrase=680275065012&mode=GTIN"}
[2025-10-07 09:02:02] GET | {"url":"https://api.allegro.pl/sale/products?phrase=680275064145&mode=GTIN"}
[2025-10-07 09:02:03] GET | {"url":"https://api.allegro.pl/sale/products?phrase=4820219347064&mode=GTIN"}
[2025-10-07 09:02:05] GET | {"url":"https://api.allegro.pl/sale/products?phrase=680275067115&mode=GTIN"}
[2025-10-07 09:02:06] GET | {"url":"https://api.allegro.pl/sale/products?phrase=680275065395&mode=GTIN"}
[2025-10-07 09:02:07] GET | {"url":"https://api.allegro.pl/sale/products?phrase=5203447760185&mode=GTIN"}
[2025-10-07 09:02:08] GET | {"url":"https://api.allegro.pl/sale/products?phrase=087614113395&mode=GTIN"}
[2025-10-07 09:02:10] GET | {"url":"https://api.allegro.pl/sale/products?phrase=4820219348641&mode=GTIN"}
[2025-10-07 09:02:13] GET | {"url":"https://api.allegro.pl/sale/products?phrase=087614141749&mode=GTIN"}
[2025-10-07 09:02:15] GET | {"url":"https://api.allegro.pl/sale/products?phrase=087614018263&mode=GTIN"}
[2025-10-07 09:02:17] GET | {"url":"https://api.allegro.pl/sale/products?phrase=5905279300354&mode=GTIN"}
[2025-10-07 09:02:20] GET | {"url":"https://api.allegro.pl/sale/products?phrase=5908230845772&mode=GTIN"}
[2025-10-07 09:02:22] GET | {"url":"https://api.allegro.pl/sale/products?phrase=4035129003416&mode=GTIN"}
[2025-10-07 09:02:24] GET | {"url":"https://api.allegro.pl/sale/products?phrase=8410748302007&mode=GTIN"}
[2025-10-07 09:02:26] GET | {"url":"https://api.allegro.pl/sale/products?phrase=5907814662408&mode=GTIN"}
[2025-10-07 09:02:28] GET | {"url":"https://api.allegro.pl/sale/products?phrase=087614018089&mode=GTIN"}
[2025-10-07 09:02:30] GET | {"url":"https://api.allegro.pl/sale/products?phrase=4106060032077&mode=GTIN"}
[2025-10-07 09:02:32] GET | {"url":"https://api.allegro.pl/sale/products?phrase=5907736737543&mode=GTIN"}
[2025-10-07 09:02:34] GET | {"url":"https://api.allegro.pl/sale/products?phrase=5902741007872&mode=GTIN"}
[2025-10-07 09:02:36] GET | {"url":"https://api.allegro.pl/sale/products?phrase=4035129013309&mode=GTIN"}
[2025-10-07 09:02:38] GET | {"url":"https://api.allegro.pl/sale/products?phrase=5907752643118&mode=GTIN"}
[2025-10-07 09:02:41] GET | {"url":"https://api.allegro.pl/sale/products?phrase=5906031893091&mode=GTIN"}
[2025-10-07 09:02:43] GET | {"url":"https://api.allegro.pl/sale/products?phrase=7035961841952&mode=GTIN"}
[2025-10-07 09:02:45] GET | {"url":"https://api.allegro.pl/sale/products?phrase=4018722344735&mode=GTIN"}
[2025-10-07 09:02:47] GET | {"url":"https://api.allegro.pl/sale/products?phrase=4055297220262&mode=GTIN"}
[2025-10-07 09:02:49] GET | {"url":"https://api.allegro.pl/sale/products?phrase=5903900368124&mode=GTIN"}
[2025-10-07 09:02:51] GET | {"url":"https://api.allegro.pl/sale/products?phrase=8032715380650&mode=GTIN"}
[2025-10-07 09:02:53] GET | {"url":"https://api.allegro.pl/sale/products?phrase=5425038430462&mode=GTIN"}
[2025-10-07 09:02:55] GET | {"url":"https://api.allegro.pl/sale/products?phrase=5907814663931&mode=GTIN"}
[2025-10-07 09:02:57] GET | {"url":"https://api.allegro.pl/sale/products?phrase=4106060075135&mode=GTIN"}
[2025-10-07 09:02:59] GET | {"url":"https://api.allegro.pl/sale/products?phrase=4106060077177&mode=GTIN"}
[2025-10-07 09:03:00] GET | {"url":"https://api.allegro.pl/sale/products?phrase=SHOT%20NA%20ODPORNO%C5%9A%C4%86%20JAB%C5%81KO%20-%20IMBIR%20-%20KURKUMA%20BIO%20200%20ml%20-%20BEUTELSBACHER"}
[2025-10-07 09:03:00] GET | {"url":"https://api.allegro.pl/sale/products?phrase=SHOT%20NA%20ODPORNO%C5%9A%C4%86%20JAB%C5%81KO%20-%20IMBIR%20-%20KURKUMA%20BIO%20200%20ml%20-"}
[2025-10-07 09:03:00] GET | {"url":"https://api.allegro.pl/sale/products?phrase=SHOT%20NA%20ODPORNO%C5%9A%C4%86%20JAB%C5%81KO%20-%20IMBIR%20-%20KURKUMA%20BIO%20200%20ml"}
[2025-10-07 09:03:00] GET | {"url":"https://api.allegro.pl/sale/products?phrase=SHOT%20NA%20ODPORNO%C5%9A%C4%86%20JAB%C5%81KO%20-%20IMBIR%20-%20KURKUMA%20BIO%20200"}
[2025-10-07 09:03:00] GET | {"url":"https://api.allegro.pl/sale/products?phrase=SHOT%20NA%20ODPORNO%C5%9A%C4%86%20JAB%C5%81KO%20-%20IMBIR%20-%20KURKUMA%20BIO"}
[2025-10-07 09:03:00] GET | {"url":"https://api.allegro.pl/sale/products?phrase=SHOT%20NA%20ODPORNO%C5%9A%C4%86%20JAB%C5%81KO%20-%20IMBIR%20-%20KURKUMA"}
[2025-10-07 09:03:00] GET | {"url":"https://api.allegro.pl/sale/products?phrase=SHOT%20NA%20ODPORNO%C5%9A%C4%86%20JAB%C5%81KO%20-%20IMBIR%20-"}
[2025-10-07 09:03:02] GET | {"url":"https://api.allegro.pl/sale/products?phrase=5906395726226&mode=GTIN"}
[2025-10-07 09:03:04] GET | {"url":"https://api.allegro.pl/sale/products?phrase=7640230492409&mode=GTIN"}
[2025-10-07 09:03:07] GET | {"url":"https://api.allegro.pl/sale/products?phrase=5902425050965&mode=GTIN"}
[2025-10-07 09:03:09] GET | {"url":"https://api.allegro.pl/sale/products?phrase=4018722000822&mode=GTIN"}
[2025-10-07 09:03:11] GET | {"url":"https://api.allegro.pl/sale/products?phrase=4106060074930&mode=GTIN"}
[2025-10-07 09:03:13] GET | {"url":"https://api.allegro.pl/sale/products?phrase=4018722344377&mode=GTIN"}
[2025-10-07 09:03:15] GET | {"url":"https://api.allegro.pl/sale/products?phrase=4016249017033&mode=GTIN"}
[2025-10-07 09:03:17] GET | {"url":"https://api.allegro.pl/sale/products?phrase=8718754502177&mode=GTIN"}
[2025-10-07 09:03:17] GET | {"url":"https://api.allegro.pl/sale/products?phrase=CHIPSY%20ZIEMNIACZANE%20Z%20ROZMARYNEM%20I%20SOL%C4%84%20MORSK%C4%84%20BIO%20125%20g%20-%20TRAFO"}
[2025-10-07 09:03:17] GET | {"url":"https://api.allegro.pl/sale/products?phrase=CHIPSY%20ZIEMNIACZANE%20Z%20ROZMARYNEM%20I%20SOL%C4%84%20MORSK%C4%84%20BIO%20125%20g%20-"}
[2025-10-07 09:03:17] GET | {"url":"https://api.allegro.pl/sale/products?phrase=CHIPSY%20ZIEMNIACZANE%20Z%20ROZMARYNEM%20I%20SOL%C4%84%20MORSK%C4%84%20BIO%20125%20g"}
[2025-10-07 09:03:18] GET | {"url":"https://api.allegro.pl/sale/products?phrase=CHIPSY%20ZIEMNIACZANE%20Z%20ROZMARYNEM%20I%20SOL%C4%84%20MORSK%C4%84%20BIO%20125"}
[2025-10-07 09:03:18] GET | {"url":"https://api.allegro.pl/sale/products?phrase=CHIPSY%20ZIEMNIACZANE%20Z%20ROZMARYNEM%20I%20SOL%C4%84%20MORSK%C4%84%20BIO"}
[2025-10-07 09:03:18] GET | {"url":"https://api.allegro.pl/sale/products?phrase=CHIPSY%20ZIEMNIACZANE%20Z%20ROZMARYNEM%20I%20SOL%C4%84%20MORSK%C4%84"}
[2025-10-07 09:03:18] GET | {"url":"https://api.allegro.pl/sale/products?phrase=CHIPSY%20ZIEMNIACZANE%20Z%20ROZMARYNEM%20I%20SOL%C4%84"}
[2025-10-07 09:03:18] GET | {"url":"https://api.allegro.pl/sale/products?phrase=CHIPSY%20ZIEMNIACZANE%20Z%20ROZMARYNEM%20I"}
[2025-10-07 09:03:18] GET | {"url":"https://api.allegro.pl/sale/products?phrase=CHIPSY%20ZIEMNIACZANE%20Z%20ROZMARYNEM"}
[2025-10-07 09:03:20] GET | {"url":"https://api.allegro.pl/sale/products?phrase=5907814663221&mode=GTIN"}
[2025-10-07 09:03:22] GET | {"url":"https://api.allegro.pl/sale/products?phrase=5904538034351&mode=GTIN"}
[2025-10-07 09:03:25] GET | {"url":"https://api.allegro.pl/sale/products?phrase=4106060074923&mode=GTIN"}
[2025-10-07 09:03:28] GET | {"url":"https://api.allegro.pl/sale/products?phrase=5907609421159&mode=GTIN"}
[2025-10-07 09:03:30] GET | {"url":"https://api.allegro.pl/sale/products?phrase=4018722344360&mode=GTIN"}
[2025-10-07 09:03:32] GET | {"url":"https://api.allegro.pl/sale/products?phrase=8718754507158&mode=GTIN"}
[2025-10-07 09:03:32] GET | {"url":"https://api.allegro.pl/sale/products?phrase=CHIPSY%20ZIEMNIACZANE%20Z%20PAPRYK%C4%84%20W%C4%98DZON%C4%84%20BIO%20125%20g%20-%20TRAFO"}
[2025-10-07 09:03:32] GET | {"url":"https://api.allegro.pl/sale/products?phrase=CHIPSY%20ZIEMNIACZANE%20Z%20PAPRYK%C4%84%20W%C4%98DZON%C4%84%20BIO%20125%20g%20-"}
[2025-10-07 09:03:32] GET | {"url":"https://api.allegro.pl/sale/products?phrase=CHIPSY%20ZIEMNIACZANE%20Z%20PAPRYK%C4%84%20W%C4%98DZON%C4%84%20BIO%20125%20g"}
[2025-10-07 09:03:32] GET | {"url":"https://api.allegro.pl/sale/products?phrase=CHIPSY%20ZIEMNIACZANE%20Z%20PAPRYK%C4%84%20W%C4%98DZON%C4%84%20BIO%20125"}
[2025-10-07 09:03:32] GET | {"url":"https://api.allegro.pl/sale/products?phrase=CHIPSY%20ZIEMNIACZANE%20Z%20PAPRYK%C4%84%20W%C4%98DZON%C4%84%20BIO"}
[2025-10-07 09:03:33] GET | {"url":"https://api.allegro.pl/sale/products?phrase=CHIPSY%20ZIEMNIACZANE%20Z%20PAPRYK%C4%84%20W%C4%98DZON%C4%84"}
[2025-10-07 09:03:33] GET | {"url":"https://api.allegro.pl/sale/products?phrase=CHIPSY%20ZIEMNIACZANE%20Z%20PAPRYK%C4%84"}
[2025-10-07 09:03:36] GET | {"url":"https://api.allegro.pl/sale/products?phrase=4018722100188&mode=GTIN"}
[2025-10-07 09:03:38] GET | {"url":"https://api.allegro.pl/sale/products?phrase=5904538036232&mode=GTIN"}
[2025-10-07 09:03:40] GET | {"url":"https://api.allegro.pl/sale/products?phrase=4018722100133&mode=GTIN"}
[2025-10-07 09:03:42] GET | {"url":"https://api.allegro.pl/sale/products?phrase=5903246861969&mode=GTIN"}
[2025-10-07 09:03:44] GET | {"url":"https://api.allegro.pl/sale/products?phrase=4018722308942&mode=GTIN"}
[2025-10-07 09:03:47] GET | {"url":"https://api.allegro.pl/sale/products?phrase=5907738152733&mode=GTIN"}
[2025-10-07 09:03:49] GET | {"url":"https://api.allegro.pl/sale/products?phrase=5905567596032&mode=GTIN"}
[2025-10-07 09:03:51] GET | {"url":"https://api.allegro.pl/sale/products?phrase=8007780001380&mode=GTIN"}
[2025-10-07 09:03:51] GET | {"url":"https://api.allegro.pl/sale/products?phrase=Spody%20do%20pizzy%20orkiszowe%20BIO%20260%20g%20%282%20szt%29"}
[2025-10-07 09:03:51] GET | {"url":"https://api.allegro.pl/sale/products?phrase=Spody%20do%20pizzy%20orkiszowe%20BIO%20260%20g%20%282"}
[2025-10-07 09:03:51] GET | {"url":"https://api.allegro.pl/sale/products?phrase=Spody%20do%20pizzy%20orkiszowe%20BIO%20260%20g"}
[2025-10-07 09:03:51] GET | {"url":"https://api.allegro.pl/sale/products?phrase=Spody%20do%20pizzy%20orkiszowe%20BIO%20260"}
[2025-10-07 09:03:51] GET | {"url":"https://api.allegro.pl/sale/products?phrase=Spody%20do%20pizzy%20orkiszowe%20BIO"}
[2025-10-07 09:03:51] GET | {"url":"https://api.allegro.pl/sale/products?phrase=Spody%20do%20pizzy%20orkiszowe"}
[2025-10-07 09:03:51] GET | {"url":"https://api.allegro.pl/sale/products?phrase=Spody%20do%20pizzy"}
[2025-10-07 09:03:54] GET | {"url":"https://api.allegro.pl/sale/products?phrase=8588004638099&mode=GTIN"}
[2025-10-07 09:03:56] GET | {"url":"https://api.allegro.pl/sale/products?phrase=8588007731902&mode=GTIN"}
[2025-10-07 09:03:58] GET | {"url":"https://api.allegro.pl/sale/products?phrase=4792038024009&mode=GTIN"}
[2025-10-07 09:04:00] GET | {"url":"https://api.allegro.pl/sale/products?phrase=5903295155552&mode=GTIN"}
[2025-10-07 09:04:02] GET | {"url":"https://api.allegro.pl/sale/products?phrase=5903295155569&mode=GTIN"}
[2025-10-07 09:04:04] GET | {"url":"https://api.allegro.pl/sale/products?phrase=8007780501194&mode=GTIN"}
[2025-10-07 09:04:04] GET | {"url":"https://api.allegro.pl/sale/products?phrase=Piadina%20pszenna%20pe%C5%82noziarnista%20BIO%20225%20g%20%283%20szt%29"}
[2025-10-07 09:04:04] GET | {"url":"https://api.allegro.pl/sale/products?phrase=Piadina%20pszenna%20pe%C5%82noziarnista%20BIO%20225%20g%20%283"}
[2025-10-07 09:04:05] GET | {"url":"https://api.allegro.pl/sale/products?phrase=Piadina%20pszenna%20pe%C5%82noziarnista%20BIO%20225%20g"}
[2025-10-07 09:04:05] GET | {"url":"https://api.allegro.pl/sale/products?phrase=Piadina%20pszenna%20pe%C5%82noziarnista%20BIO%20225"}
[2025-10-07 09:04:05] GET | {"url":"https://api.allegro.pl/sale/products?phrase=Piadina%20pszenna%20pe%C5%82noziarnista%20BIO"}
[2025-10-07 09:04:05] GET | {"url":"https://api.allegro.pl/sale/products?phrase=Piadina%20pszenna%20pe%C5%82noziarnista"}
[2025-10-07 09:04:05] GET | {"url":"https://api.allegro.pl/sale/products?phrase=Piadina%20pszenna"}
[2025-10-07 09:04:07] GET | {"url":"https://api.allegro.pl/sale/products?phrase=5902983787877&mode=GTIN"}
[2025-10-07 09:04:09] GET | {"url":"https://api.allegro.pl/sale/products?phrase=4018722302575&mode=GTIN"}
[2025-10-07 09:04:11] GET | {"url":"https://api.allegro.pl/sale/products?phrase=4018722302582&mode=GTIN"}
[2025-10-07 09:04:14] GET | {"url":"https://api.allegro.pl/sale/products?phrase=5900316552239&mode=GTIN"}
[2025-10-07 09:04:16] GET | {"url":"https://api.allegro.pl/sale/products?phrase=5900316552246&mode=GTIN"}
[2025-10-07 09:04:18] GET | {"url":"https://api.allegro.pl/sale/products?phrase=5900316552604&mode=GTIN"}
[2025-10-07 09:04:20] GET | {"url":"https://api.allegro.pl/sale/products?phrase=8718754502351&mode=GTIN"}
[2025-10-07 09:04:20] GET | {"url":"https://api.allegro.pl/sale/products?phrase=CHIPSY%20ZIEMNIACZANE%20NATURALNE%20SOLONE%20BIO%2040%20g%20-%20TRAFO"}
[2025-10-07 09:04:20] GET | {"url":"https://api.allegro.pl/sale/products?phrase=CHIPSY%20ZIEMNIACZANE%20NATURALNE%20SOLONE%20BIO%2040%20g%20-"}
[2025-10-07 09:04:20] GET | {"url":"https://api.allegro.pl/sale/products?phrase=CHIPSY%20ZIEMNIACZANE%20NATURALNE%20SOLONE%20BIO%2040%20g"}
[2025-10-07 09:04:20] GET | {"url":"https://api.allegro.pl/sale/products?phrase=CHIPSY%20ZIEMNIACZANE%20NATURALNE%20SOLONE%20BIO%2040"}
[2025-10-07 09:04:20] GET | {"url":"https://api.allegro.pl/sale/products?phrase=CHIPSY%20ZIEMNIACZANE%20NATURALNE%20SOLONE%20BIO"}
[2025-10-07 09:04:23] GET | {"url":"https://api.allegro.pl/sale/products?phrase=5903246869613&mode=GTIN"}
[2025-10-07 09:04:25] GET | {"url":"https://api.allegro.pl/sale/products?phrase=8586024421554&mode=GTIN"}
[2025-10-07 09:04:27] GET | {"url":"https://api.allegro.pl/sale/products?phrase=5900316552253&mode=GTIN"}
[2025-10-07 09:04:28] GET | {"url":"https://api.allegro.pl/sale/products?phrase=8588005524018&mode=GTIN"}
[2025-10-07 09:04:29] GET | {"url":"https://api.allegro.pl/sale/products?phrase=5908249979635&mode=GTIN"}
[2025-10-07 09:04:29] GET | {"url":"https://api.allegro.pl/sale/products?phrase=Ciastka%20kakaowe%20z%20kawa%C5%82kami%20czekolady%20BIO%20250%20g%20EkoWital"}
[2025-10-07 09:04:29] GET | {"url":"https://api.allegro.pl/sale/products?phrase=Ciastka%20kakaowe%20z%20kawa%C5%82kami%20czekolady%20BIO%20250%20g"}
[2025-10-07 09:04:29] GET | {"url":"https://api.allegro.pl/sale/products?phrase=Ciastka%20kakaowe%20z%20kawa%C5%82kami%20czekolady%20BIO%20250"}
[2025-10-07 09:04:30] GET | {"url":"https://api.allegro.pl/sale/products?phrase=Ciastka%20kakaowe%20z%20kawa%C5%82kami%20czekolady%20BIO"}
[2025-10-07 09:04:30] GET | {"url":"https://api.allegro.pl/sale/products?phrase=Ciastka%20kakaowe%20z%20kawa%C5%82kami%20czekolady"}
[2025-10-07 09:04:30] GET | {"url":"https://api.allegro.pl/sale/products?phrase=Ciastka%20kakaowe%20z%20kawa%C5%82kami"}
[2025-10-07 09:04:31] GET | {"url":"https://api.allegro.pl/sale/products?phrase=5903246866858&mode=GTIN"}
[2025-10-07 09:04:32] GET | {"url":"https://api.allegro.pl/sale/products?phrase=5904806120731&mode=GTIN"}
[2025-10-07 09:04:33] GET | {"url":"https://api.allegro.pl/sale/products?phrase=5904806120946&mode=GTIN"}
[2025-10-07 09:04:34] GET | {"url":"https://api.allegro.pl/sale/products?phrase=5904806120663&mode=GTIN"}
[2025-10-07 09:04:35] GET | {"url":"https://api.allegro.pl/sale/products?phrase=5904806120687&mode=GTIN"}
[2025-10-07 09:04:37] GET | {"url":"https://api.allegro.pl/sale/products?phrase=5904806120595&mode=GTIN"}
[2025-10-07 09:04:38] GET | {"url":"https://api.allegro.pl/sale/products?phrase=5904806120779&mode=GTIN"}
[2025-10-07 09:04:39] GET | {"url":"https://api.allegro.pl/sale/products?phrase=5904806120793&mode=GTIN"}
[2025-10-07 09:04:40] GET | {"url":"https://api.allegro.pl/sale/products?phrase=5904806120724&mode=GTIN"}
[2025-10-07 09:04:41] GET | {"url":"https://api.allegro.pl/sale/products?phrase=5904806120700&mode=GTIN"}
[2025-10-07 09:04:43] GET | {"url":"https://api.allegro.pl/sale/products?phrase=5904806120649&mode=GTIN"}
[2025-10-07 09:04:44] GET | {"url":"https://api.allegro.pl/sale/products?phrase=5904806120694&mode=GTIN"}
[2025-10-07 09:04:45] GET | {"url":"https://api.allegro.pl/sale/products?phrase=5903636627328&mode=GTIN"}
[2025-10-07 09:04:46] GET | {"url":"https://api.allegro.pl/sale/products?phrase=5903636627373&mode=GTIN"}
[2025-10-07 09:04:47] GET | {"url":"https://api.allegro.pl/sale/products?phrase=5906660437222&mode=GTIN"}
[2025-10-07 09:04:48] GET | {"url":"https://api.allegro.pl/sale/products?phrase=5902488061526&mode=GTIN"}
[2025-10-07 09:04:49] GET | {"url":"https://api.allegro.pl/sale/products?phrase=OPAKOWANIE%20ZBIORCZE%20%28kg%29%20-%20KAPUSTA%20PEKI%C5%83SKA%20%C5%9AWIE%C5%BBA%20BIO%20%28oko%C5%82o%208%20kg%29"}
[2025-10-07 09:04:49] GET | {"url":"https://api.allegro.pl/sale/products?phrase=OPAKOWANIE%20ZBIORCZE%20%28kg%29%20-%20KAPUSTA%20PEKI%C5%83SKA%20%C5%9AWIE%C5%BBA%20BIO%20%28oko%C5%82o%208"}
[2025-10-07 09:04:49] GET | {"url":"https://api.allegro.pl/sale/products?phrase=OPAKOWANIE%20ZBIORCZE%20%28kg%29%20-%20KAPUSTA%20PEKI%C5%83SKA%20%C5%9AWIE%C5%BBA%20BIO%20%28oko%C5%82o"}
[2025-10-07 09:04:49] GET | {"url":"https://api.allegro.pl/sale/products?phrase=OPAKOWANIE%20ZBIORCZE%20%28kg%29%20-%20KAPUSTA%20PEKI%C5%83SKA%20%C5%9AWIE%C5%BBA%20BIO"}
[2025-10-07 09:04:49] GET | {"url":"https://api.allegro.pl/sale/products?phrase=OPAKOWANIE%20ZBIORCZE%20%28kg%29%20-%20KAPUSTA%20PEKI%C5%83SKA%20%C5%9AWIE%C5%BBA"}
[2025-10-07 09:04:49] GET | {"url":"https://api.allegro.pl/sale/products?phrase=OPAKOWANIE%20ZBIORCZE%20%28kg%29%20-%20KAPUSTA%20PEKI%C5%83SKA"}
[2025-10-07 09:04:49] GET | {"url":"https://api.allegro.pl/sale/products?phrase=OPAKOWANIE%20ZBIORCZE%20%28kg%29%20-%20KAPUSTA"}
[2025-10-07 09:04:49] GET | {"url":"https://api.allegro.pl/sale/products?phrase=OPAKOWANIE%20ZBIORCZE%20%28kg%29%20-"}
[2025-10-07 09:04:51] GET | {"url":"https://api.allegro.pl/sale/products?phrase=5907814662477&mode=GTIN"}
[2025-10-07 09:04:51] GET | {"url":"https://api.allegro.pl/sale/products?phrase=OPAKOWANIE%20ZBIORCZE%20%28kg%29%20-%20POMIDORY%20OKR%C4%84G%C5%81E%20%C5%9AWIE%C5%BBE%20BIO%20%28oko%C5%82o%206%20kg%29"}
[2025-10-07 09:04:51] GET | {"url":"https://api.allegro.pl/sale/products?phrase=OPAKOWANIE%20ZBIORCZE%20%28kg%29%20-%20POMIDORY%20OKR%C4%84G%C5%81E%20%C5%9AWIE%C5%BBE%20BIO%20%28oko%C5%82o%206"}
[2025-10-07 09:04:51] GET | {"url":"https://api.allegro.pl/sale/products?phrase=OPAKOWANIE%20ZBIORCZE%20%28kg%29%20-%20POMIDORY%20OKR%C4%84G%C5%81E%20%C5%9AWIE%C5%BBE%20BIO%20%28oko%C5%82o"}
[2025-10-07 09:04:51] GET | {"url":"https://api.allegro.pl/sale/products?phrase=OPAKOWANIE%20ZBIORCZE%20%28kg%29%20-%20POMIDORY%20OKR%C4%84G%C5%81E%20%C5%9AWIE%C5%BBE%20BIO"}
[2025-10-07 09:04:51] GET | {"url":"https://api.allegro.pl/sale/products?phrase=OPAKOWANIE%20ZBIORCZE%20%28kg%29%20-%20POMIDORY%20OKR%C4%84G%C5%81E%20%C5%9AWIE%C5%BBE"}
[2025-10-07 09:04:51] GET | {"url":"https://api.allegro.pl/sale/products?phrase=OPAKOWANIE%20ZBIORCZE%20%28kg%29%20-%20POMIDORY%20OKR%C4%84G%C5%81E"}
[2025-10-07 09:04:52] GET | {"url":"https://api.allegro.pl/sale/products?phrase=OPAKOWANIE%20ZBIORCZE%20%28kg%29%20-%20POMIDORY"}
[2025-10-07 09:04:52] GET | {"url":"https://api.allegro.pl/sale/products?phrase=OPAKOWANIE%20ZBIORCZE%20%28kg%29%20-"}
[2025-10-07 09:04:53] GET | {"url":"https://api.allegro.pl/sale/products?phrase=5902488062981&mode=GTIN"}
[2025-10-07 09:04:54] GET | {"url":"https://api.allegro.pl/sale/products?phrase=4820219347040&mode=GTIN"}
[2025-10-07 09:04:55] GET | {"url":"https://api.allegro.pl/sale/products?phrase=4025089085485&mode=GTIN"}
[2025-10-07 09:04:56] GET | {"url":"https://api.allegro.pl/sale/products?phrase=4025089085478&mode=GTIN"}
[2025-10-07 09:04:58] GET | {"url":"https://api.allegro.pl/sale/products?phrase=212507&mode=GTIN"}
[2025-10-07 09:04:58] GET | {"url":"https://api.allegro.pl/sale/products?phrase=POMIDORY%20CZARNE%20REBELLION%20%C5%9AWIE%C5%BBE%20BIO%20%28oko%C5%82o%200%2C50%20kg%29"}
[2025-10-07 09:04:59] GET | {"url":"https://api.allegro.pl/sale/products?phrase=4019555707056&mode=GTIN"}
[2025-10-07 09:04:59] GET | {"url":"https://api.allegro.pl/sale/products?phrase=ODPLAMIACZ%20W%20PROSZKU%20ECO%20240%20g%20-%20ALMAWIN"}
[2025-10-07 09:04:59] GET | {"url":"https://api.allegro.pl/sale/products?phrase=ODPLAMIACZ%20W%20PROSZKU%20ECO%20240%20g%20-"}
[2025-10-07 09:04:59] GET | {"url":"https://api.allegro.pl/sale/products?phrase=ODPLAMIACZ%20W%20PROSZKU%20ECO%20240%20g"}
[2025-10-07 09:04:59] GET | {"url":"https://api.allegro.pl/sale/products?phrase=ODPLAMIACZ%20W%20PROSZKU%20ECO%20240"}
[2025-10-07 09:04:59] GET | {"url":"https://api.allegro.pl/sale/products?phrase=ODPLAMIACZ%20W%20PROSZKU%20ECO"}
[2025-10-07 09:04:59] GET | {"url":"https://api.allegro.pl/sale/products?phrase=ODPLAMIACZ%20W%20PROSZKU"}
[2025-10-07 09:05:02] GET | {"url":"https://api.allegro.pl/sale/products?phrase=4025089005018&mode=GTIN"}
[2025-10-07 09:05:02] GET | {"url":"https://api.allegro.pl/sale/products?phrase=OD%C5%BBYWKA%20DO%20W%C5%81OS%C3%93W%20FALOWANYCH%20I%20KR%C4%98CONYCH%20Z%20CERAMIDAMI%20I%20EKSTRAKTEM%20Z%20BANANA%20ECO%20150%20ml%20-%20SANTE"}
[2025-10-07 09:05:02] GET | {"url":"https://api.allegro.pl/sale/products?phrase=OD%C5%BBYWKA%20DO%20W%C5%81OS%C3%93W%20FALOWANYCH%20I%20KR%C4%98CONYCH%20Z%20CERAMIDAMI%20I%20EKSTRAKTEM%20Z%20BANANA%20ECO%20150%20ml%20-"}
[2025-10-07 09:05:02] GET | {"url":"https://api.allegro.pl/sale/products?phrase=OD%C5%BBYWKA%20DO%20W%C5%81OS%C3%93W%20FALOWANYCH%20I%20KR%C4%98CONYCH%20Z%20CERAMIDAMI%20I%20EKSTRAKTEM%20Z%20BANANA%20ECO%20150%20ml"}
[2025-10-07 09:05:02] GET | {"url":"https://api.allegro.pl/sale/products?phrase=OD%C5%BBYWKA%20DO%20W%C5%81OS%C3%93W%20FALOWANYCH%20I%20KR%C4%98CONYCH%20Z%20CERAMIDAMI%20I%20EKSTRAKTEM%20Z%20BANANA%20ECO%20150"}
[2025-10-07 09:05:02] GET | {"url":"https://api.allegro.pl/sale/products?phrase=OD%C5%BBYWKA%20DO%20W%C5%81OS%C3%93W%20FALOWANYCH%20I%20KR%C4%98CONYCH%20Z%20CERAMIDAMI%20I%20EKSTRAKTEM%20Z%20BANANA%20ECO"}
[2025-10-07 09:05:02] GET | {"url":"https://api.allegro.pl/sale/products?phrase=OD%C5%BBYWKA%20DO%20W%C5%81OS%C3%93W%20FALOWANYCH%20I%20KR%C4%98CONYCH%20Z%20CERAMIDAMI%20I%20EKSTRAKTEM%20Z%20BANANA"}
[2025-10-07 09:05:02] GET | {"url":"https://api.allegro.pl/sale/products?phrase=OD%C5%BBYWKA%20DO%20W%C5%81OS%C3%93W%20FALOWANYCH%20I%20KR%C4%98CONYCH%20Z%20CERAMIDAMI%20I%20EKSTRAKTEM%20Z"}
[2025-10-07 09:05:02] GET | {"url":"https://api.allegro.pl/sale/products?phrase=OD%C5%BBYWKA%20DO%20W%C5%81OS%C3%93W%20FALOWANYCH%20I%20KR%C4%98CONYCH%20Z%20CERAMIDAMI%20I%20EKSTRAKTEM"}
[2025-10-07 09:05:02] GET | {"url":"https://api.allegro.pl/sale/products?phrase=OD%C5%BBYWKA%20DO%20W%C5%81OS%C3%93W%20FALOWANYCH%20I%20KR%C4%98CONYCH%20Z%20CERAMIDAMI%20I"}
[2025-10-07 09:05:03] GET | {"url":"https://api.allegro.pl/sale/products?phrase=OD%C5%BBYWKA%20DO%20W%C5%81OS%C3%93W%20FALOWANYCH%20I%20KR%C4%98CONYCH%20Z%20CERAMIDAMI"}
[2025-10-07 09:05:03] GET | {"url":"https://api.allegro.pl/sale/products?phrase=OD%C5%BBYWKA%20DO%20W%C5%81OS%C3%93W%20FALOWANYCH%20I%20KR%C4%98CONYCH%20Z"}
[2025-10-07 09:05:04] GET | {"url":"https://api.allegro.pl/sale/products?phrase=4025089006664&mode=GTIN"}
[2025-10-07 09:05:04] GET | {"url":"https://api.allegro.pl/sale/products?phrase=%C5%BBEL%20POD%20PRYSZNIC%20LOVELY%20R%C3%93%C5%BBA%20I%20JA%C5%9AMIN%20ECO%20200%20ml%20-%20SANTE"}
[2025-10-07 09:05:04] GET | {"url":"https://api.allegro.pl/sale/products?phrase=%C5%BBEL%20POD%20PRYSZNIC%20LOVELY%20R%C3%93%C5%BBA%20I%20JA%C5%9AMIN%20ECO%20200%20ml%20-"}
[2025-10-07 09:05:04] GET | {"url":"https://api.allegro.pl/sale/products?phrase=%C5%BBEL%20POD%20PRYSZNIC%20LOVELY%20R%C3%93%C5%BBA%20I%20JA%C5%9AMIN%20ECO%20200%20ml"}
[2025-10-07 09:05:04] GET | {"url":"https://api.allegro.pl/sale/products?phrase=%C5%BBEL%20POD%20PRYSZNIC%20LOVELY%20R%C3%93%C5%BBA%20I%20JA%C5%9AMIN%20ECO%20200"}
[2025-10-07 09:05:05] GET | {"url":"https://api.allegro.pl/sale/products?phrase=%C5%BBEL%20POD%20PRYSZNIC%20LOVELY%20R%C3%93%C5%BBA%20I%20JA%C5%9AMIN%20ECO"}
[2025-10-07 09:05:05] GET | {"url":"https://api.allegro.pl/sale/products?phrase=%C5%BBEL%20POD%20PRYSZNIC%20LOVELY%20R%C3%93%C5%BBA%20I%20JA%C5%9AMIN"}
[2025-10-07 09:05:05] GET | {"url":"https://api.allegro.pl/sale/products?phrase=%C5%BBEL%20POD%20PRYSZNIC%20LOVELY%20R%C3%93%C5%BBA%20I"}
[2025-10-07 09:05:05] GET | {"url":"https://api.allegro.pl/sale/products?phrase=%C5%BBEL%20POD%20PRYSZNIC%20LOVELY%20R%C3%93%C5%BBA"}
[2025-10-07 09:05:05] GET | {"url":"https://api.allegro.pl/sale/products?phrase=%C5%BBEL%20POD%20PRYSZNIC%20LOVELY"}
[2025-10-07 09:05:07] GET | {"url":"https://api.allegro.pl/sale/products?phrase=4025089006701&mode=GTIN"}
[2025-10-07 09:05:07] GET | {"url":"https://api.allegro.pl/sale/products?phrase=%C5%BBEL%20POD%20PRYSZNIC%20BREATHE%20PACZULA%20I%20FASOLA%20TONKA%20ECO%20200%20ml%20-%20SANTE"}
[2025-10-07 09:05:07] GET | {"url":"https://api.allegro.pl/sale/products?phrase=%C5%BBEL%20POD%20PRYSZNIC%20BREATHE%20PACZULA%20I%20FASOLA%20TONKA%20ECO%20200%20ml%20-"}
[2025-10-07 09:05:08] GET | {"url":"https://api.allegro.pl/sale/products?phrase=%C5%BBEL%20POD%20PRYSZNIC%20BREATHE%20PACZULA%20I%20FASOLA%20TONKA%20ECO%20200%20ml"}
[2025-10-07 09:05:09] GET | {"url":"https://api.allegro.pl/sale/products?phrase=%C5%BBEL%20POD%20PRYSZNIC%20BREATHE%20PACZULA%20I%20FASOLA%20TONKA%20ECO%20200"}
[2025-10-07 09:05:10] GET | {"url":"https://api.allegro.pl/sale/products?phrase=%C5%BBEL%20POD%20PRYSZNIC%20BREATHE%20PACZULA%20I%20FASOLA%20TONKA%20ECO"}
[2025-10-07 09:05:11] GET | {"url":"https://api.allegro.pl/sale/products?phrase=%C5%BBEL%20POD%20PRYSZNIC%20BREATHE%20PACZULA%20I%20FASOLA%20TONKA"}
[2025-10-07 09:05:12] GET | {"url":"https://api.allegro.pl/sale/products?phrase=%C5%BBEL%20POD%20PRYSZNIC%20BREATHE%20PACZULA%20I%20FASOLA"}
[2025-10-07 09:05:13] GET | {"url":"https://api.allegro.pl/sale/products?phrase=%C5%BBEL%20POD%20PRYSZNIC%20BREATHE%20PACZULA%20I"}
[2025-10-07 09:05:14] GET | {"url":"https://api.allegro.pl/sale/products?phrase=%C5%BBEL%20POD%20PRYSZNIC%20BREATHE%20PACZULA"}
[2025-10-07 09:05:15] GET | {"url":"https://api.allegro.pl/sale/products?phrase=%C5%BBEL%20POD%20PRYSZNIC%20BREATHE"}
[2025-10-07 09:05:16] GET | {"url":"https://api.allegro.pl/sale/products?phrase=%C5%BBEL%20POD%20PRYSZNIC"}
[2025-10-07 09:05:19] GET | {"url":"https://api.allegro.pl/sale/products?phrase=5907814661999&mode=GTIN"}
[2025-10-07 09:05:21] GET | {"url":"https://api.allegro.pl/sale/products?phrase=253638&mode=GTIN"}
[2025-10-07 09:05:21] GET | {"url":"https://api.allegro.pl/sale/products?phrase=POMIDORY%20OKR%C4%84G%C5%81E%20%C5%9AWIE%C5%BBE%20BIO%20%28oko%C5%82o%200%2C50%20kg%29"}
[2025-10-07 09:05:21] GET | {"url":"https://api.allegro.pl/sale/products?phrase=POMIDORY%20OKR%C4%84G%C5%81E%20%C5%9AWIE%C5%BBE%20BIO%20%28oko%C5%82o%200%2C50"}
[2025-10-07 09:05:21] GET | {"url":"https://api.allegro.pl/sale/products?phrase=POMIDORY%20OKR%C4%84G%C5%81E%20%C5%9AWIE%C5%BBE%20BIO%20%28oko%C5%82o"}
[2025-10-07 09:05:22] GET | {"url":"https://api.allegro.pl/sale/products?phrase=POMIDORY%20OKR%C4%84G%C5%81E%20%C5%9AWIE%C5%BBE%20BIO"}
[2025-10-07 09:05:23] GET | {"url":"https://api.allegro.pl/sale/products?phrase=POMIDORY%20OKR%C4%84G%C5%81E%20%C5%9AWIE%C5%BBE"}
[2025-10-07 09:05:25] GET | {"url":"https://api.allegro.pl/sale/products?phrase=5907814663573&mode=GTIN"}
[2025-10-07 09:19:04] GET | {"url":"https://api.allegro.pl/sale/products?phrase=8588009572961&mode=GTIN"}
[2025-10-07 09:19:04] GET | {"url":"https://api.allegro.pl/sale/products?phrase=BATON%20PROTEINOWY%20O%20SMAKU%20S%C5%81ONEGO%20KARMELU%20I%20POPCORNU%20W%20POLEWIE%20KARMELOWEJ%20BEZGLUTENOWY%2060%20g%20-%20MAXSPORT"}
[2025-10-07 09:19:04] GET | {"url":"https://api.allegro.pl/sale/products?phrase=BATON%20PROTEINOWY%20O%20SMAKU%20S%C5%81ONEGO%20KARMELU%20I%20POPCORNU%20W%20POLEWIE%20KARMELOWEJ%20BEZGLUTENOWY%2060%20g%20-"}
[2025-10-07 09:19:05] GET | {"url":"https://api.allegro.pl/sale/products?phrase=BATON%20PROTEINOWY%20O%20SMAKU%20S%C5%81ONEGO%20KARMELU%20I%20POPCORNU%20W%20POLEWIE%20KARMELOWEJ%20BEZGLUTENOWY%2060%20g"}
[2025-10-07 09:19:05] GET | {"url":"https://api.allegro.pl/sale/products?phrase=BATON%20PROTEINOWY%20O%20SMAKU%20S%C5%81ONEGO%20KARMELU%20I%20POPCORNU%20W%20POLEWIE%20KARMELOWEJ%20BEZGLUTENOWY%2060"}
[2025-10-07 09:19:06] GET | {"url":"https://api.allegro.pl/sale/products?phrase=BATON%20PROTEINOWY%20O%20SMAKU%20S%C5%81ONEGO%20KARMELU%20I%20POPCORNU%20W%20POLEWIE%20KARMELOWEJ%20BEZGLUTENOWY"}
[2025-10-07 09:19:07] GET | {"url":"https://api.allegro.pl/sale/products?phrase=BATON%20PROTEINOWY%20O%20SMAKU%20S%C5%81ONEGO%20KARMELU%20I%20POPCORNU%20W%20POLEWIE%20KARMELOWEJ"}
[2025-10-07 09:19:08] GET | {"url":"https://api.allegro.pl/sale/products?phrase=BATON%20PROTEINOWY%20O%20SMAKU%20S%C5%81ONEGO%20KARMELU%20I%20POPCORNU%20W%20POLEWIE"}
[2025-10-07 09:19:09] GET | {"url":"https://api.allegro.pl/sale/products?phrase=BATON%20PROTEINOWY%20O%20SMAKU%20S%C5%81ONEGO%20KARMELU%20I%20POPCORNU%20W"}
[2025-10-07 09:19:10] GET | {"url":"https://api.allegro.pl/sale/products?phrase=BATON%20PROTEINOWY%20O%20SMAKU%20S%C5%81ONEGO%20KARMELU%20I%20POPCORNU"}
[2025-10-07 09:19:11] GET | {"url":"https://api.allegro.pl/sale/products?phrase=BATON%20PROTEINOWY%20O%20SMAKU%20S%C5%81ONEGO%20KARMELU%20I"}
[2025-10-07 09:19:12] GET | {"url":"https://api.allegro.pl/sale/products?phrase=BATON%20PROTEINOWY%20O%20SMAKU%20S%C5%81ONEGO%20KARMELU"}
[2025-10-07 09:19:14] GET | {"url":"https://api.allegro.pl/sale/products?phrase=8588009572954&mode=GTIN"}
[2025-10-07 09:19:15] GET | {"url":"https://api.allegro.pl/sale/products?phrase=BATON%20PROTEINOWY%20O%20SMAKU%20CIASTECZKOWYM%20W%20POLEWIE%20BIA%C5%81EJ%20BEZGLUTENOWY%2060%20g%20-%20MAXSPORT"}
[2025-10-07 09:19:15] GET | {"url":"https://api.allegro.pl/sale/products?phrase=BATON%20PROTEINOWY%20O%20SMAKU%20CIASTECZKOWYM%20W%20POLEWIE%20BIA%C5%81EJ%20BEZGLUTENOWY%2060%20g%20-"}
[2025-10-07 09:19:16] GET | {"url":"https://api.allegro.pl/sale/products?phrase=BATON%20PROTEINOWY%20O%20SMAKU%20CIASTECZKOWYM%20W%20POLEWIE%20BIA%C5%81EJ%20BEZGLUTENOWY%2060%20g"}
[2025-10-07 09:19:17] GET | {"url":"https://api.allegro.pl/sale/products?phrase=BATON%20PROTEINOWY%20O%20SMAKU%20CIASTECZKOWYM%20W%20POLEWIE%20BIA%C5%81EJ%20BEZGLUTENOWY%2060"}
[2025-10-07 09:19:18] GET | {"url":"https://api.allegro.pl/sale/products?phrase=BATON%20PROTEINOWY%20O%20SMAKU%20CIASTECZKOWYM%20W%20POLEWIE%20BIA%C5%81EJ%20BEZGLUTENOWY"}
[2025-10-07 09:19:19] GET | {"url":"https://api.allegro.pl/sale/products?phrase=BATON%20PROTEINOWY%20O%20SMAKU%20CIASTECZKOWYM%20W%20POLEWIE%20BIA%C5%81EJ"}
[2025-10-07 09:19:20] GET | {"url":"https://api.allegro.pl/sale/products?phrase=BATON%20PROTEINOWY%20O%20SMAKU%20CIASTECZKOWYM%20W%20POLEWIE"}
[2025-10-07 09:19:21] GET | {"url":"https://api.allegro.pl/sale/products?phrase=BATON%20PROTEINOWY%20O%20SMAKU%20CIASTECZKOWYM%20W"}
[2025-10-07 09:19:22] GET | {"url":"https://api.allegro.pl/sale/products?phrase=BATON%20PROTEINOWY%20O%20SMAKU%20CIASTECZKOWYM"}
[2025-10-07 09:19:25] GET | {"url":"https://api.allegro.pl/sale/products?phrase=8699367125475&mode=GTIN"}
[2025-10-07 09:19:25] GET | {"url":"https://api.allegro.pl/sale/products?phrase=FARBA%20DO%20W%C5%81OS%C3%93W%20POPIELATO%20PER%C5%81OWY%20JASNY%20BR%C4%84Z%20%285.28%29%20170%20ml%20-%20BIOMAGIC"}
[2025-10-07 09:19:26] GET | {"url":"https://api.allegro.pl/sale/products?phrase=FARBA%20DO%20W%C5%81OS%C3%93W%20POPIELATO%20PER%C5%81OWY%20JASNY%20BR%C4%84Z%20%285.28%29%20170%20ml%20-"}
[2025-10-07 09:19:26] GET | {"url":"https://api.allegro.pl/sale/products?phrase=FARBA%20DO%20W%C5%81OS%C3%93W%20POPIELATO%20PER%C5%81OWY%20JASNY%20BR%C4%84Z%20%285.28%29%20170%20ml"}
[2025-10-07 09:19:27] GET | {"url":"https://api.allegro.pl/sale/products?phrase=FARBA%20DO%20W%C5%81OS%C3%93W%20POPIELATO%20PER%C5%81OWY%20JASNY%20BR%C4%84Z%20%285.28%29%20170"}
[2025-10-07 09:19:28] GET | {"url":"https://api.allegro.pl/sale/products?phrase=FARBA%20DO%20W%C5%81OS%C3%93W%20POPIELATO%20PER%C5%81OWY%20JASNY%20BR%C4%84Z%20%285.28%29"}
[2025-10-07 09:19:29] GET | {"url":"https://api.allegro.pl/sale/products?phrase=FARBA%20DO%20W%C5%81OS%C3%93W%20POPIELATO%20PER%C5%81OWY%20JASNY%20BR%C4%84Z"}
[2025-10-07 09:19:32] GET | {"url":"https://api.allegro.pl/sale/products?phrase=8699367127684&mode=GTIN"}
[2025-10-07 09:19:33] GET | {"url":"https://api.allegro.pl/sale/products?phrase=FARBA%20DO%20W%C5%81OS%C3%93W%20POPIELATO%20PER%C5%81OWY%20CIEMNY%20BLOND%20%286.28%29%20170%20ml%20-%20BIOMAGIC"}
[2025-10-07 09:19:33] GET | {"url":"https://api.allegro.pl/sale/products?phrase=FARBA%20DO%20W%C5%81OS%C3%93W%20POPIELATO%20PER%C5%81OWY%20CIEMNY%20BLOND%20%286.28%29%20170%20ml%20-"}
[2025-10-07 09:19:33] GET | {"url":"https://api.allegro.pl/sale/products?phrase=FARBA%20DO%20W%C5%81OS%C3%93W%20POPIELATO%20PER%C5%81OWY%20CIEMNY%20BLOND%20%286.28%29%20170%20ml"}
[2025-10-07 09:19:34] GET | {"url":"https://api.allegro.pl/sale/products?phrase=FARBA%20DO%20W%C5%81OS%C3%93W%20POPIELATO%20PER%C5%81OWY%20CIEMNY%20BLOND%20%286.28%29%20170"}
[2025-10-07 09:19:35] GET | {"url":"https://api.allegro.pl/sale/products?phrase=FARBA%20DO%20W%C5%81OS%C3%93W%20POPIELATO%20PER%C5%81OWY%20CIEMNY%20BLOND%20%286.28%29"}
[2025-10-07 09:19:36] GET | {"url":"https://api.allegro.pl/sale/products?phrase=FARBA%20DO%20W%C5%81OS%C3%93W%20POPIELATO%20PER%C5%81OWY%20CIEMNY%20BLOND"}
[2025-10-07 09:19:39] GET | {"url":"https://api.allegro.pl/sale/products?phrase=8699367125499&mode=GTIN"}
[2025-10-07 09:19:39] GET | {"url":"https://api.allegro.pl/sale/products?phrase=FARBA%20DO%20W%C5%81OS%C3%93W%20POPIELATO%20PER%C5%81OWY%20%C5%9AREDNI%20BLOND%20%287.28%29%20170%20ml%20-%20BIOMAGIC"}
[2025-10-07 09:19:40] GET | {"url":"https://api.allegro.pl/sale/products?phrase=FARBA%20DO%20W%C5%81OS%C3%93W%20POPIELATO%20PER%C5%81OWY%20%C5%9AREDNI%20BLOND%20%287.28%29%20170%20ml%20-"}
[2025-10-07 09:19:40] GET | {"url":"https://api.allegro.pl/sale/products?phrase=FARBA%20DO%20W%C5%81OS%C3%93W%20POPIELATO%20PER%C5%81OWY%20%C5%9AREDNI%20BLOND%20%287.28%29%20170%20ml"}
[2025-10-07 09:19:41] GET | {"url":"https://api.allegro.pl/sale/products?phrase=FARBA%20DO%20W%C5%81OS%C3%93W%20POPIELATO%20PER%C5%81OWY%20%C5%9AREDNI%20BLOND%20%287.28%29%20170"}
[2025-10-07 09:19:42] GET | {"url":"https://api.allegro.pl/sale/products?phrase=FARBA%20DO%20W%C5%81OS%C3%93W%20POPIELATO%20PER%C5%81OWY%20%C5%9AREDNI%20BLOND%20%287.28%29"}
[2025-10-07 09:19:43] GET | {"url":"https://api.allegro.pl/sale/products?phrase=FARBA%20DO%20W%C5%81OS%C3%93W%20POPIELATO%20PER%C5%81OWY%20%C5%9AREDNI%20BLOND"}
[2025-10-07 09:19:46] GET | {"url":"https://api.allegro.pl/sale/products?phrase=8699367125482&mode=GTIN"}
[2025-10-07 09:19:46] GET | {"url":"https://api.allegro.pl/sale/products?phrase=FARBA%20DO%20W%C5%81OS%C3%93W%20POPIELATO%20PER%C5%81OWY%20JASNY%20BLOND%20%288.28%29%20170%20ml%20-%20BIOMAGIC"}
[2025-10-07 09:19:47] GET | {"url":"https://api.allegro.pl/sale/products?phrase=FARBA%20DO%20W%C5%81OS%C3%93W%20POPIELATO%20PER%C5%81OWY%20JASNY%20BLOND%20%288.28%29%20170%20ml%20-"}
[2025-10-07 09:19:47] GET | {"url":"https://api.allegro.pl/sale/products?phrase=FARBA%20DO%20W%C5%81OS%C3%93W%20POPIELATO%20PER%C5%81OWY%20JASNY%20BLOND%20%288.28%29%20170%20ml"}
[2025-10-07 09:19:48] GET | {"url":"https://api.allegro.pl/sale/products?phrase=FARBA%20DO%20W%C5%81OS%C3%93W%20POPIELATO%20PER%C5%81OWY%20JASNY%20BLOND%20%288.28%29%20170"}
[2025-10-07 09:19:49] GET | {"url":"https://api.allegro.pl/sale/products?phrase=FARBA%20DO%20W%C5%81OS%C3%93W%20POPIELATO%20PER%C5%81OWY%20JASNY%20BLOND%20%288.28%29"}
[2025-10-07 09:19:50] GET | {"url":"https://api.allegro.pl/sale/products?phrase=FARBA%20DO%20W%C5%81OS%C3%93W%20POPIELATO%20PER%C5%81OWY%20JASNY%20BLOND"}
[2025-10-07 09:19:54] GET | {"url":"https://api.allegro.pl/sale/products?phrase=8699367121408&mode=GTIN"}
[2025-10-07 09:19:54] GET | {"url":"https://api.allegro.pl/sale/products?phrase=FARBA%20DO%20W%C5%81OS%C3%93W%20POPIELATO%20PER%C5%81OWY%20BARDZO%20JASNY%20BLOND%20%289.28%29%20170%20ml%20-%20BIOMAGIC"}
[2025-10-07 09:19:54] GET | {"url":"https://api.allegro.pl/sale/products?phrase=FARBA%20DO%20W%C5%81OS%C3%93W%20POPIELATO%20PER%C5%81OWY%20BARDZO%20JASNY%20BLOND%20%289.28%29%20170%20ml%20-"}
[2025-10-07 09:19:55] GET | {"url":"https://api.allegro.pl/sale/products?phrase=FARBA%20DO%20W%C5%81OS%C3%93W%20POPIELATO%20PER%C5%81OWY%20BARDZO%20JASNY%20BLOND%20%289.28%29%20170%20ml"}
[2025-10-07 09:19:55] GET | {"url":"https://api.allegro.pl/sale/products?phrase=FARBA%20DO%20W%C5%81OS%C3%93W%20POPIELATO%20PER%C5%81OWY%20BARDZO%20JASNY%20BLOND%20%289.28%29%20170"}
[2025-10-07 09:19:56] GET | {"url":"https://api.allegro.pl/sale/products?phrase=FARBA%20DO%20W%C5%81OS%C3%93W%20POPIELATO%20PER%C5%81OWY%20BARDZO%20JASNY%20BLOND%20%289.28%29"}
[2025-10-07 09:19:57] GET | {"url":"https://api.allegro.pl/sale/products?phrase=FARBA%20DO%20W%C5%81OS%C3%93W%20POPIELATO%20PER%C5%81OWY%20BARDZO%20JASNY%20BLOND"}
[2025-10-07 09:20:00] GET | {"url":"https://api.allegro.pl/sale/products?phrase=8699367124379&mode=GTIN"}
[2025-10-07 09:20:00] GET | {"url":"https://api.allegro.pl/sale/products?phrase=FARBA%20DO%20W%C5%81OS%C3%93W%20POPIELATO%20PER%C5%81OWY%20JASNY%20NATURALNY%20BLOND%20%2810.28%29%20170%20ml%20-%20BIOMAGIC"}
[2025-10-07 09:20:01] GET | {"url":"https://api.allegro.pl/sale/products?phrase=FARBA%20DO%20W%C5%81OS%C3%93W%20POPIELATO%20PER%C5%81OWY%20JASNY%20NATURALNY%20BLOND%20%2810.28%29%20170%20ml%20-"}
[2025-10-07 09:20:01] GET | {"url":"https://api.allegro.pl/sale/products?phrase=FARBA%20DO%20W%C5%81OS%C3%93W%20POPIELATO%20PER%C5%81OWY%20JASNY%20NATURALNY%20BLOND%20%2810.28%29%20170%20ml"}
[2025-10-07 09:20:02] GET | {"url":"https://api.allegro.pl/sale/products?phrase=FARBA%20DO%20W%C5%81OS%C3%93W%20POPIELATO%20PER%C5%81OWY%20JASNY%20NATURALNY%20BLOND%20%2810.28%29%20170"}
[2025-10-07 09:20:03] GET | {"url":"https://api.allegro.pl/sale/products?phrase=FARBA%20DO%20W%C5%81OS%C3%93W%20POPIELATO%20PER%C5%81OWY%20JASNY%20NATURALNY%20BLOND%20%2810.28%29"}
[2025-10-07 09:20:04] GET | {"url":"https://api.allegro.pl/sale/products?phrase=FARBA%20DO%20W%C5%81OS%C3%93W%20POPIELATO%20PER%C5%81OWY%20JASNY%20NATURALNY%20BLOND"}
[2025-10-07 09:20:05] GET | {"url":"https://api.allegro.pl/sale/products?phrase=FARBA%20DO%20W%C5%81OS%C3%93W%20POPIELATO%20PER%C5%81OWY%20JASNY%20NATURALNY"}
[2025-10-07 09:20:06] GET | {"url":"https://api.allegro.pl/sale/products?phrase=FARBA%20DO%20W%C5%81OS%C3%93W%20POPIELATO%20PER%C5%81OWY%20JASNY"}
[2025-10-07 09:20:09] GET | {"url":"https://api.allegro.pl/sale/products?phrase=4025089005087&mode=GTIN"}
[2025-10-07 09:20:09] GET | {"url":"https://api.allegro.pl/sale/products?phrase=SZAMPON%20DO%20W%C5%81OS%C3%93W%20FALOWANYCH%20I%20KR%C4%98CONYCH%20Z%20CERAMIDAMI%20I%20EKSTRAKTEM%20Z%20BANANA%20ECO%20250%20ml%20-%20SANTE"}
[2025-10-07 09:20:10] GET | {"url":"https://api.allegro.pl/sale/products?phrase=SZAMPON%20DO%20W%C5%81OS%C3%93W%20FALOWANYCH%20I%20KR%C4%98CONYCH%20Z%20CERAMIDAMI%20I%20EKSTRAKTEM%20Z%20BANANA%20ECO%20250%20ml%20-"}
[2025-10-07 09:20:10] GET | {"url":"https://api.allegro.pl/sale/products?phrase=SZAMPON%20DO%20W%C5%81OS%C3%93W%20FALOWANYCH%20I%20KR%C4%98CONYCH%20Z%20CERAMIDAMI%20I%20EKSTRAKTEM%20Z%20BANANA%20ECO%20250%20ml"}
[2025-10-07 09:20:11] GET | {"url":"https://api.allegro.pl/sale/products?phrase=SZAMPON%20DO%20W%C5%81OS%C3%93W%20FALOWANYCH%20I%20KR%C4%98CONYCH%20Z%20CERAMIDAMI%20I%20EKSTRAKTEM%20Z%20BANANA%20ECO%20250"}
[2025-10-07 09:20:12] GET | {"url":"https://api.allegro.pl/sale/products?phrase=SZAMPON%20DO%20W%C5%81OS%C3%93W%20FALOWANYCH%20I%20KR%C4%98CONYCH%20Z%20CERAMIDAMI%20I%20EKSTRAKTEM%20Z%20BANANA%20ECO"}
[2025-10-07 09:20:13] GET | {"url":"https://api.allegro.pl/sale/products?phrase=SZAMPON%20DO%20W%C5%81OS%C3%93W%20FALOWANYCH%20I%20KR%C4%98CONYCH%20Z%20CERAMIDAMI%20I%20EKSTRAKTEM%20Z%20BANANA"}
[2025-10-07 09:20:14] GET | {"url":"https://api.allegro.pl/sale/products?phrase=SZAMPON%20DO%20W%C5%81OS%C3%93W%20FALOWANYCH%20I%20KR%C4%98CONYCH%20Z%20CERAMIDAMI%20I%20EKSTRAKTEM%20Z"}
[2025-10-07 09:20:15] GET | {"url":"https://api.allegro.pl/sale/products?phrase=SZAMPON%20DO%20W%C5%81OS%C3%93W%20FALOWANYCH%20I%20KR%C4%98CONYCH%20Z%20CERAMIDAMI%20I%20EKSTRAKTEM"}
[2025-10-07 09:20:16] GET | {"url":"https://api.allegro.pl/sale/products?phrase=SZAMPON%20DO%20W%C5%81OS%C3%93W%20FALOWANYCH%20I%20KR%C4%98CONYCH%20Z%20CERAMIDAMI%20I"}
[2025-10-07 09:20:17] GET | {"url":"https://api.allegro.pl/sale/products?phrase=SZAMPON%20DO%20W%C5%81OS%C3%93W%20FALOWANYCH%20I%20KR%C4%98CONYCH%20Z%20CERAMIDAMI"}
[2025-10-07 09:20:18] GET | {"url":"https://api.allegro.pl/sale/products?phrase=SZAMPON%20DO%20W%C5%81OS%C3%93W%20FALOWANYCH%20I%20KR%C4%98CONYCH%20Z"}
[2025-10-07 09:20:21] GET | {"url":"https://api.allegro.pl/sale/products?phrase=8050534143812&mode=GTIN"}
[2025-10-07 09:20:22] GET | {"url":"https://api.allegro.pl/sale/products?phrase=MAKARON%20%28KUKURYDZIANO%20-%20RY%C5%BBOWY%29%20DLA%20DZIECI%20RURKA%20MINI%20BEZGLUTENOWY%20BIO%20250%20g%20-%20PASTA%20NATURA"}
[2025-10-07 09:20:22] GET | {"url":"https://api.allegro.pl/sale/products?phrase=MAKARON%20%28KUKURYDZIANO%20-%20RY%C5%BBOWY%29%20DLA%20DZIECI%20RURKA%20MINI%20BEZGLUTENOWY%20BIO%20250%20g%20-%20PASTA"}
[2025-10-07 09:20:22] GET | {"url":"https://api.allegro.pl/sale/products?phrase=MAKARON%20%28KUKURYDZIANO%20-%20RY%C5%BBOWY%29%20DLA%20DZIECI%20RURKA%20MINI%20BEZGLUTENOWY%20BIO%20250%20g%20-"}
[2025-10-07 09:20:23] GET | {"url":"https://api.allegro.pl/sale/products?phrase=MAKARON%20%28KUKURYDZIANO%20-%20RY%C5%BBOWY%29%20DLA%20DZIECI%20RURKA%20MINI%20BEZGLUTENOWY%20BIO%20250%20g"}
[2025-10-07 09:20:24] GET | {"url":"https://api.allegro.pl/sale/products?phrase=MAKARON%20%28KUKURYDZIANO%20-%20RY%C5%BBOWY%29%20DLA%20DZIECI%20RURKA%20MINI%20BEZGLUTENOWY%20BIO%20250"}
[2025-10-07 09:20:25] GET | {"url":"https://api.allegro.pl/sale/products?phrase=MAKARON%20%28KUKURYDZIANO%20-%20RY%C5%BBOWY%29%20DLA%20DZIECI%20RURKA%20MINI%20BEZGLUTENOWY%20BIO"}
[2025-10-07 09:20:26] GET | {"url":"https://api.allegro.pl/sale/products?phrase=MAKARON%20%28KUKURYDZIANO%20-%20RY%C5%BBOWY%29%20DLA%20DZIECI%20RURKA%20MINI%20BEZGLUTENOWY"}
[2025-10-07 09:20:27] GET | {"url":"https://api.allegro.pl/sale/products?phrase=MAKARON%20%28KUKURYDZIANO%20-%20RY%C5%BBOWY%29%20DLA%20DZIECI%20RURKA%20MINI"}
[2025-10-07 09:20:28] GET | {"url":"https://api.allegro.pl/sale/products?phrase=MAKARON%20%28KUKURYDZIANO%20-%20RY%C5%BBOWY%29%20DLA%20DZIECI%20RURKA"}
[2025-10-07 09:20:29] GET | {"url":"https://api.allegro.pl/sale/products?phrase=MAKARON%20%28KUKURYDZIANO%20-%20RY%C5%BBOWY%29%20DLA%20DZIECI"}
[2025-10-07 09:20:32] GET | {"url":"https://api.allegro.pl/sale/products?phrase=4106060075968&mode=GTIN"}
[2025-10-07 09:20:32] GET | {"url":"https://api.allegro.pl/sale/products?phrase=KONCENTRAT%20SOKU%20JAB%C5%81KOWEGO%20BIO%20330%20ml%20-%20BEUTELSBACHER"}
[2025-10-07 09:20:33] GET | {"url":"https://api.allegro.pl/sale/products?phrase=KONCENTRAT%20SOKU%20JAB%C5%81KOWEGO%20BIO%20330%20ml%20-"}
[2025-10-07 09:20:33] GET | {"url":"https://api.allegro.pl/sale/products?phrase=KONCENTRAT%20SOKU%20JAB%C5%81KOWEGO%20BIO%20330%20ml"}
[2025-10-07 09:20:34] GET | {"url":"https://api.allegro.pl/sale/products?phrase=KONCENTRAT%20SOKU%20JAB%C5%81KOWEGO%20BIO%20330"}
[2025-10-07 09:20:35] GET | {"url":"https://api.allegro.pl/sale/products?phrase=KONCENTRAT%20SOKU%20JAB%C5%81KOWEGO%20BIO"}
[2025-10-07 09:20:36] GET | {"url":"https://api.allegro.pl/sale/products?phrase=KONCENTRAT%20SOKU%20JAB%C5%81KOWEGO"}
[2025-10-07 09:20:37] GET | {"url":"https://api.allegro.pl/sale/products?phrase=KONCENTRAT%20SOKU"}
[2025-10-07 09:20:40] GET | {"url":"https://api.allegro.pl/sale/products?phrase=5902425055465&mode=GTIN"}
[2025-10-07 09:20:40] GET | {"url":"https://api.allegro.pl/sale/products?phrase=KAPUSTA%20PEKI%C5%83SKA%20%C5%9AWIE%C5%BBA%20BIO%20%28oko%C5%82o%200%2C80%20kg%29"}
[2025-10-07 09:20:41] GET | {"url":"https://api.allegro.pl/sale/products?phrase=KAPUSTA%20PEKI%C5%83SKA%20%C5%9AWIE%C5%BBA%20BIO%20%28oko%C5%82o%200%2C80"}
[2025-10-07 09:20:41] GET | {"url":"https://api.allegro.pl/sale/products?phrase=KAPUSTA%20PEKI%C5%83SKA%20%C5%9AWIE%C5%BBA%20BIO%20%28oko%C5%82o"}
[2025-10-07 09:20:42] GET | {"url":"https://api.allegro.pl/sale/products?phrase=KAPUSTA%20PEKI%C5%83SKA%20%C5%9AWIE%C5%BBA%20BIO"}
[2025-10-07 09:20:43] GET | {"url":"https://api.allegro.pl/sale/products?phrase=KAPUSTA%20PEKI%C5%83SKA%20%C5%9AWIE%C5%BBA"}
[2025-10-07 11:49:22] GET | {"url":"https://api.allegro.pl/sale/products?phrase=5902605416642&mode=GTIN"}
[2025-10-07 11:49:24] GET | {"url":"https://api.allegro.pl/sale/products?phrase=5907653106613&mode=GTIN"}
[2025-10-07 11:49:25] GET | {"url":"https://api.allegro.pl/sale/products?phrase=5907653106590&mode=GTIN"}
[2025-10-07 11:49:26] GET | {"url":"https://api.allegro.pl/sale/products?phrase=5902565215842&mode=GTIN"}
[2025-10-07 11:49:27] GET | {"url":"https://api.allegro.pl/sale/products?phrase=5908249970878&mode=GTIN"}
[2025-10-07 11:49:28] GET | {"url":"https://api.allegro.pl/sale/products?phrase=4048885051447&mode=GTIN"}
[2025-10-07 11:49:29] GET | {"url":"https://api.allegro.pl/sale/products?phrase=5907653106842&mode=GTIN"}
[2025-10-07 11:49:31] GET | {"url":"https://api.allegro.pl/sale/products?phrase=8586024422636&mode=GTIN"}
[2025-10-07 11:49:31] GET | {"url":"https://api.allegro.pl/sale/products?phrase=Tofu%20w%C4%99dzone%20BIO"}
[2025-10-07 11:49:32] GET | {"url":"https://api.allegro.pl/sale/products?phrase=5906395147465&mode=GTIN"}
[2025-10-07 11:49:33] GET | {"url":"https://api.allegro.pl/sale/products?phrase=5902425050880&mode=GTIN"}
[2025-10-07 11:49:34] GET | {"url":"https://api.allegro.pl/sale/products?phrase=4820149741819&mode=GTIN"}
[2025-10-07 11:49:35] GET | {"url":"https://api.allegro.pl/sale/products?phrase=5907577233372&mode=GTIN"}
