[2025-11-10 09:25:05] OAuth token call | {"url":"https://allegro.pl/auth/oauth/token","http_code":200}
[2025-11-10 09:25:05] Token refreshed
[2025-11-10 09:25:05] GET | {"url":"https://api.allegro.pl/sale/products?phrase=5902605415324&mode=GTIN"}
[2025-11-10 09:25:07] GET | {"url":"https://api.allegro.pl/sale/products?phrase=5902448162850&mode=GTIN"}
[2025-11-10 09:25:08] GET | {"url":"https://api.allegro.pl/sale/products?phrase=5907738159510&mode=GTIN"}
[2025-11-10 09:25:08] GET | {"url":"https://api.allegro.pl/sale/products?phrase=WI%C5%9ANIE%20SUSZONE%20BIO%20%28SUROWIEC%29%20%2810%20kg%29"}
[2025-11-10 09:25:08] GET | {"url":"https://api.allegro.pl/sale/products?phrase=WI%C5%9ANIE%20SUSZONE%20BIO%20%28SUROWIEC%29%20%2810"}
[2025-11-10 09:25:08] GET | {"url":"https://api.allegro.pl/sale/products?phrase=WI%C5%9ANIE%20SUSZONE%20BIO%20%28SUROWIEC%29"}
[2025-11-10 09:25:09] GET | {"url":"https://api.allegro.pl/sale/products?phrase=WI%C5%9ANIE%20SUSZONE%20BIO"}
[2025-11-10 09:25:12] GET | {"url":"https://api.allegro.pl/sale/products?phrase=5902448160559&mode=GTIN"}
[2025-11-10 09:25:14] GET | {"url":"https://api.allegro.pl/sale/products?phrase=5902448160825&mode=GTIN"}
[2025-11-10 09:25:17] GET | {"url":"https://api.allegro.pl/sale/products?phrase=5902175869923&mode=GTIN"}
[2025-11-10 09:25:19] GET | {"url":"https://api.allegro.pl/sale/products?phrase=5904734577539&mode=GTIN"}
[2025-11-10 09:25:21] GET | {"url":"https://api.allegro.pl/sale/products?phrase=5903246864038&mode=GTIN"}
[2025-11-10 09:25:23] GET | {"url":"https://api.allegro.pl/sale/products?phrase=5908230845888&mode=GTIN"}
[2025-11-10 09:25:25] GET | {"url":"https://api.allegro.pl/sale/products?phrase=5904024000105&mode=GTIN"}
[2025-11-10 09:25:27] GET | {"url":"https://api.allegro.pl/sale/products?phrase=5905940371096&mode=GTIN"}
[2025-11-10 09:25:29] GET | {"url":"https://api.allegro.pl/sale/products?phrase=5901641002215&mode=GTIN"}
[2025-11-10 09:25:31] GET | {"url":"https://api.allegro.pl/sale/products?phrase=5902367401863&mode=GTIN"}
[2025-11-10 09:25:33] GET | {"url":"https://api.allegro.pl/sale/products?phrase=5906874565278&mode=GTIN"}
[2025-11-10 09:25:36] GET | {"url":"https://api.allegro.pl/sale/products?phrase=5902367401900&mode=GTIN"}
[2025-11-10 09:25:38] GET | {"url":"https://api.allegro.pl/sale/products?phrase=4106060076026&mode=GTIN"}
[2025-11-10 09:25:42] GET | {"url":"https://api.allegro.pl/sale/products?phrase=5904507290214&mode=GTIN"}
[2025-11-10 09:25:45] GET | {"url":"https://api.allegro.pl/sale/products?phrase=8809723784363&mode=GTIN"}
[2025-11-10 09:25:47] GET | {"url":"https://api.allegro.pl/sale/products?phrase=8809723784387&mode=GTIN"}
[2025-11-10 09:25:50] GET | {"url":"https://api.allegro.pl/sale/products?phrase=5906657522078&mode=GTIN"}
[2025-11-10 09:25:52] GET | {"url":"https://api.allegro.pl/sale/products?phrase=5906657522085&mode=GTIN"}
[2025-11-10 09:25:54] GET | {"url":"https://api.allegro.pl/sale/products?phrase=5906657522092&mode=GTIN"}
[2025-11-10 09:25:58] GET | {"url":"https://api.allegro.pl/sale/products?phrase=5906657522115&mode=GTIN"}
[2025-11-10 09:26:00] GET | {"url":"https://api.allegro.pl/sale/products?phrase=5902249018196&mode=GTIN"}
[2025-11-10 09:26:02] GET | {"url":"https://api.allegro.pl/sale/products?phrase=5906657522108&mode=GTIN"}
[2025-11-10 09:26:04] GET | {"url":"https://api.allegro.pl/sale/products?phrase=680275068761&mode=GTIN"}
[2025-11-10 09:26:07] GET | {"url":"https://api.allegro.pl/sale/products?phrase=5903021593108&mode=GTIN"}
[2025-11-10 09:26:09] GET | {"url":"https://api.allegro.pl/sale/products?phrase=5901902001193&mode=GTIN"}
[2025-11-10 09:26:11] GET | {"url":"https://api.allegro.pl/sale/products?phrase=9120111882355&mode=GTIN"}
[2025-11-10 09:26:11] GET | {"url":"https://api.allegro.pl/sale/products?phrase=Musli%20pe%C5%82noziarniste%20jab%C5%82ko-truskawka%20BIO%20375%20g%20Psi%20Patrol"}
[2025-11-10 09:26:11] GET | {"url":"https://api.allegro.pl/sale/products?phrase=Musli%20pe%C5%82noziarniste%20jab%C5%82ko-truskawka%20BIO%20375%20g%20Psi"}
[2025-11-10 09:26:11] GET | {"url":"https://api.allegro.pl/sale/products?phrase=Musli%20pe%C5%82noziarniste%20jab%C5%82ko-truskawka%20BIO%20375%20g"}
[2025-11-10 09:26:11] GET | {"url":"https://api.allegro.pl/sale/products?phrase=Musli%20pe%C5%82noziarniste%20jab%C5%82ko-truskawka%20BIO%20375"}
[2025-11-10 09:26:11] GET | {"url":"https://api.allegro.pl/sale/products?phrase=Musli%20pe%C5%82noziarniste%20jab%C5%82ko-truskawka%20BIO"}
[2025-11-10 09:26:11] GET | {"url":"https://api.allegro.pl/sale/products?phrase=Musli%20pe%C5%82noziarniste%20jab%C5%82ko-truskawka"}
[2025-11-10 09:26:11] GET | {"url":"https://api.allegro.pl/sale/products?phrase=Musli%20pe%C5%82noziarniste"}
[2025-11-10 09:26:15] GET | {"url":"https://api.allegro.pl/sale/products?phrase=9120111882379&mode=GTIN"}
[2025-11-10 09:26:15] GET | {"url":"https://api.allegro.pl/sale/products?phrase=Owsianka%20jab%C5%82ko-banan%20BIO%20375%20g%20Ksi%C4%99%C5%BCniczki%20Disney"}
[2025-11-10 09:26:15] GET | {"url":"https://api.allegro.pl/sale/products?phrase=Owsianka%20jab%C5%82ko-banan%20BIO%20375%20g%20Ksi%C4%99%C5%BCniczki"}
[2025-11-10 09:26:15] GET | {"url":"https://api.allegro.pl/sale/products?phrase=Owsianka%20jab%C5%82ko-banan%20BIO%20375%20g"}
[2025-11-10 09:26:15] GET | {"url":"https://api.allegro.pl/sale/products?phrase=Owsianka%20jab%C5%82ko-banan%20BIO%20375"}
[2025-11-10 09:26:15] GET | {"url":"https://api.allegro.pl/sale/products?phrase=Owsianka%20jab%C5%82ko-banan%20BIO"}
[2025-11-10 09:26:18] GET | {"url":"https://api.allegro.pl/sale/products?phrase=4744173010713&mode=GTIN"}
[2025-11-10 09:26:18] GET | {"url":"https://api.allegro.pl/sale/products?phrase=SUPLEMENT%20DIETY%20NA%20ODPORNO%C5%9A%C4%86%20ZIMOWY%20W%20P%C5%81YNIE%20250%20ml%20-%20SHROOMWELL%20%28PRODUKT%20SEZONOWY%29"}
[2025-11-10 09:26:18] GET | {"url":"https://api.allegro.pl/sale/products?phrase=SUPLEMENT%20DIETY%20NA%20ODPORNO%C5%9A%C4%86%20ZIMOWY%20W%20P%C5%81YNIE%20250%20ml%20-%20SHROOMWELL%20%28PRODUKT"}
[2025-11-10 09:26:18] GET | {"url":"https://api.allegro.pl/sale/products?phrase=SUPLEMENT%20DIETY%20NA%20ODPORNO%C5%9A%C4%86%20ZIMOWY%20W%20P%C5%81YNIE%20250%20ml%20-%20SHROOMWELL"}
[2025-11-10 09:26:19] GET | {"url":"https://api.allegro.pl/sale/products?phrase=SUPLEMENT%20DIETY%20NA%20ODPORNO%C5%9A%C4%86%20ZIMOWY%20W%20P%C5%81YNIE%20250%20ml%20-"}
[2025-11-10 09:26:19] GET | {"url":"https://api.allegro.pl/sale/products?phrase=SUPLEMENT%20DIETY%20NA%20ODPORNO%C5%9A%C4%86%20ZIMOWY%20W%20P%C5%81YNIE%20250%20ml"}
[2025-11-10 09:26:19] GET | {"url":"https://api.allegro.pl/sale/products?phrase=SUPLEMENT%20DIETY%20NA%20ODPORNO%C5%9A%C4%86%20ZIMOWY%20W%20P%C5%81YNIE%20250"}
[2025-11-10 09:26:19] GET | {"url":"https://api.allegro.pl/sale/products?phrase=SUPLEMENT%20DIETY%20NA%20ODPORNO%C5%9A%C4%86%20ZIMOWY%20W%20P%C5%81YNIE"}
[2025-11-10 09:26:19] GET | {"url":"https://api.allegro.pl/sale/products?phrase=SUPLEMENT%20DIETY%20NA%20ODPORNO%C5%9A%C4%86%20ZIMOWY%20W"}
[2025-11-10 09:26:19] GET | {"url":"https://api.allegro.pl/sale/products?phrase=SUPLEMENT%20DIETY%20NA%20ODPORNO%C5%9A%C4%86%20ZIMOWY"}
[2025-11-10 09:26:22] GET | {"url":"https://api.allegro.pl/sale/products?phrase=5904734577898&mode=GTIN"}
[2025-11-10 09:26:22] GET | {"url":"https://api.allegro.pl/sale/products?phrase=ASEPTA%20Krem%20ko%C5%84ski%20cesarski%20rozgrzewaj%C4%85cy%20z%20CBD"}
[2025-11-10 09:26:26] GET | {"url":"https://api.allegro.pl/sale/products?phrase=5902837813240&mode=GTIN"}
[2025-11-10 09:26:30] GET | {"url":"https://api.allegro.pl/sale/products?phrase=5903548001797&mode=GTIN"}
[2025-11-10 09:26:32] GET | {"url":"https://api.allegro.pl/sale/products?phrase=5903548001865&mode=GTIN"}
[2025-11-10 09:26:34] GET | {"url":"https://api.allegro.pl/sale/products?phrase=5903548001872&mode=GTIN"}
[2025-11-10 09:26:36] GET | {"url":"https://api.allegro.pl/sale/products?phrase=5903548001889&mode=GTIN"}
[2025-11-10 09:26:39] GET | {"url":"https://api.allegro.pl/sale/products?phrase=8588010097699&mode=GTIN"}
[2025-11-10 09:26:39] GET | {"url":"https://api.allegro.pl/sale/products?phrase=BATON%20PROTEINOWY%20CRUNCHY%20O%20SMAKU%20KOKOSA%20I%20WANILII%20W%20CZEKOLADZIE%20MLECZNEJ%20BEZ%20DODATKU%20CUKR%C3%93W%20BEZGLUTENOWY%2040%20g%20-%20MAXSPORT"}
[2025-11-10 09:26:39] GET | {"url":"https://api.allegro.pl/sale/products?phrase=BATON%20PROTEINOWY%20CRUNCHY%20O%20SMAKU%20KOKOSA%20I%20WANILII%20W%20CZEKOLADZIE%20MLECZNEJ%20BEZ%20DODATKU%20CUKR%C3%93W%20BEZGLUTENOWY%2040%20g%20-"}
[2025-11-10 09:26:39] GET | {"url":"https://api.allegro.pl/sale/products?phrase=BATON%20PROTEINOWY%20CRUNCHY%20O%20SMAKU%20KOKOSA%20I%20WANILII%20W%20CZEKOLADZIE%20MLECZNEJ%20BEZ%20DODATKU%20CUKR%C3%93W%20BEZGLUTENOWY%2040%20g"}
[2025-11-10 09:26:39] GET | {"url":"https://api.allegro.pl/sale/products?phrase=BATON%20PROTEINOWY%20CRUNCHY%20O%20SMAKU%20KOKOSA%20I%20WANILII%20W%20CZEKOLADZIE%20MLECZNEJ%20BEZ%20DODATKU%20CUKR%C3%93W%20BEZGLUTENOWY%2040"}
[2025-11-10 09:26:39] GET | {"url":"https://api.allegro.pl/sale/products?phrase=BATON%20PROTEINOWY%20CRUNCHY%20O%20SMAKU%20KOKOSA%20I%20WANILII%20W%20CZEKOLADZIE%20MLECZNEJ%20BEZ%20DODATKU%20CUKR%C3%93W%20BEZGLUTENOWY"}
[2025-11-10 09:26:39] GET | {"url":"https://api.allegro.pl/sale/products?phrase=BATON%20PROTEINOWY%20CRUNCHY%20O%20SMAKU%20KOKOSA%20I%20WANILII%20W%20CZEKOLADZIE%20MLECZNEJ%20BEZ%20DODATKU%20CUKR%C3%93W"}
[2025-11-10 09:26:39] GET | {"url":"https://api.allegro.pl/sale/products?phrase=BATON%20PROTEINOWY%20CRUNCHY%20O%20SMAKU%20KOKOSA%20I%20WANILII%20W%20CZEKOLADZIE%20MLECZNEJ%20BEZ%20DODATKU"}
[2025-11-10 09:26:39] GET | {"url":"https://api.allegro.pl/sale/products?phrase=BATON%20PROTEINOWY%20CRUNCHY%20O%20SMAKU%20KOKOSA%20I%20WANILII%20W%20CZEKOLADZIE%20MLECZNEJ%20BEZ"}
[2025-11-10 09:26:39] GET | {"url":"https://api.allegro.pl/sale/products?phrase=BATON%20PROTEINOWY%20CRUNCHY%20O%20SMAKU%20KOKOSA%20I%20WANILII%20W%20CZEKOLADZIE%20MLECZNEJ"}
[2025-11-10 09:26:39] GET | {"url":"https://api.allegro.pl/sale/products?phrase=BATON%20PROTEINOWY%20CRUNCHY%20O%20SMAKU%20KOKOSA%20I%20WANILII%20W%20CZEKOLADZIE"}
[2025-11-10 09:26:39] GET | {"url":"https://api.allegro.pl/sale/products?phrase=BATON%20PROTEINOWY%20CRUNCHY%20O%20SMAKU%20KOKOSA%20I%20WANILII%20W"}
[2025-11-10 09:26:39] GET | {"url":"https://api.allegro.pl/sale/products?phrase=BATON%20PROTEINOWY%20CRUNCHY%20O%20SMAKU%20KOKOSA%20I%20WANILII"}
[2025-11-10 09:26:39] GET | {"url":"https://api.allegro.pl/sale/products?phrase=BATON%20PROTEINOWY%20CRUNCHY%20O%20SMAKU%20KOKOSA%20I"}
[2025-11-10 09:26:40] GET | {"url":"https://api.allegro.pl/sale/products?phrase=BATON%20PROTEINOWY%20CRUNCHY%20O%20SMAKU%20KOKOSA"}
[2025-11-10 09:26:40] GET | {"url":"https://api.allegro.pl/sale/products?phrase=BATON%20PROTEINOWY%20CRUNCHY%20O%20SMAKU"}
[2025-11-10 09:26:40] GET | {"url":"https://api.allegro.pl/sale/products?phrase=BATON%20PROTEINOWY%20CRUNCHY%20O"}
[2025-11-10 09:26:40] GET | {"url":"https://api.allegro.pl/sale/products?phrase=BATON%20PROTEINOWY%20CRUNCHY"}
[2025-11-10 09:26:42] GET | {"url":"https://api.allegro.pl/sale/products?phrase=8588010097705&mode=GTIN"}
[2025-11-10 09:26:42] GET | {"url":"https://api.allegro.pl/sale/products?phrase=BATON%20PROTEINOWY%20CRUNCHY%20KAKAOWY%20W%20CZEKOLADZIE%20MLECZNEJ%20BEZ%20DODATKU%20CUKR%C3%93W%20BEZGLUTENOWY%2040%20g%20-%20MAXSPORT"}
[2025-11-10 09:26:42] GET | {"url":"https://api.allegro.pl/sale/products?phrase=BATON%20PROTEINOWY%20CRUNCHY%20KAKAOWY%20W%20CZEKOLADZIE%20MLECZNEJ%20BEZ%20DODATKU%20CUKR%C3%93W%20BEZGLUTENOWY%2040%20g%20-"}
[2025-11-10 09:26:43] GET | {"url":"https://api.allegro.pl/sale/products?phrase=BATON%20PROTEINOWY%20CRUNCHY%20KAKAOWY%20W%20CZEKOLADZIE%20MLECZNEJ%20BEZ%20DODATKU%20CUKR%C3%93W%20BEZGLUTENOWY%2040%20g"}
[2025-11-10 09:26:43] GET | {"url":"https://api.allegro.pl/sale/products?phrase=BATON%20PROTEINOWY%20CRUNCHY%20KAKAOWY%20W%20CZEKOLADZIE%20MLECZNEJ%20BEZ%20DODATKU%20CUKR%C3%93W%20BEZGLUTENOWY%2040"}
[2025-11-10 09:26:43] GET | {"url":"https://api.allegro.pl/sale/products?phrase=BATON%20PROTEINOWY%20CRUNCHY%20KAKAOWY%20W%20CZEKOLADZIE%20MLECZNEJ%20BEZ%20DODATKU%20CUKR%C3%93W%20BEZGLUTENOWY"}
[2025-11-10 09:26:43] GET | {"url":"https://api.allegro.pl/sale/products?phrase=BATON%20PROTEINOWY%20CRUNCHY%20KAKAOWY%20W%20CZEKOLADZIE%20MLECZNEJ%20BEZ%20DODATKU%20CUKR%C3%93W"}
[2025-11-10 09:26:43] GET | {"url":"https://api.allegro.pl/sale/products?phrase=BATON%20PROTEINOWY%20CRUNCHY%20KAKAOWY%20W%20CZEKOLADZIE%20MLECZNEJ%20BEZ%20DODATKU"}
[2025-11-10 09:26:43] GET | {"url":"https://api.allegro.pl/sale/products?phrase=BATON%20PROTEINOWY%20CRUNCHY%20KAKAOWY%20W%20CZEKOLADZIE%20MLECZNEJ%20BEZ"}
[2025-11-10 09:26:43] GET | {"url":"https://api.allegro.pl/sale/products?phrase=BATON%20PROTEINOWY%20CRUNCHY%20KAKAOWY%20W%20CZEKOLADZIE%20MLECZNEJ"}
[2025-11-10 09:26:43] GET | {"url":"https://api.allegro.pl/sale/products?phrase=BATON%20PROTEINOWY%20CRUNCHY%20KAKAOWY%20W%20CZEKOLADZIE"}
[2025-11-10 09:26:43] GET | {"url":"https://api.allegro.pl/sale/products?phrase=BATON%20PROTEINOWY%20CRUNCHY%20KAKAOWY%20W"}
[2025-11-10 09:26:43] GET | {"url":"https://api.allegro.pl/sale/products?phrase=BATON%20PROTEINOWY%20CRUNCHY%20KAKAOWY"}
[2025-11-10 09:26:43] GET | {"url":"https://api.allegro.pl/sale/products?phrase=BATON%20PROTEINOWY%20CRUNCHY"}
[2025-11-10 09:26:46] GET | {"url":"https://api.allegro.pl/sale/products?phrase=8011845006050&mode=GTIN"}
[2025-11-10 09:26:46] GET | {"url":"https://api.allegro.pl/sale/products?phrase=OLIWA%20Z%20OLIWEK%20EXTRA%20VIRGIN%20WYSOKOPOLIFENOLOWA%20FENOLIO%20PDO%20TERRA%20DI%20BARI%20CASTEL%20DEL%20MONTE%20BIO%20500%20ml%20-%20LEVANTE"}
[2025-11-10 09:26:46] GET | {"url":"https://api.allegro.pl/sale/products?phrase=OLIWA%20Z%20OLIWEK%20EXTRA%20VIRGIN%20WYSOKOPOLIFENOLOWA%20FENOLIO%20PDO%20TERRA%20DI%20BARI%20CASTEL%20DEL%20MONTE%20BIO%20500%20ml%20-"}
[2025-11-10 09:26:46] GET | {"url":"https://api.allegro.pl/sale/products?phrase=OLIWA%20Z%20OLIWEK%20EXTRA%20VIRGIN%20WYSOKOPOLIFENOLOWA%20FENOLIO%20PDO%20TERRA%20DI%20BARI%20CASTEL%20DEL%20MONTE%20BIO%20500%20ml"}
[2025-11-10 09:26:46] GET | {"url":"https://api.allegro.pl/sale/products?phrase=OLIWA%20Z%20OLIWEK%20EXTRA%20VIRGIN%20WYSOKOPOLIFENOLOWA%20FENOLIO%20PDO%20TERRA%20DI%20BARI%20CASTEL%20DEL%20MONTE%20BIO%20500"}
[2025-11-10 09:26:46] GET | {"url":"https://api.allegro.pl/sale/products?phrase=OLIWA%20Z%20OLIWEK%20EXTRA%20VIRGIN%20WYSOKOPOLIFENOLOWA%20FENOLIO%20PDO%20TERRA%20DI%20BARI%20CASTEL%20DEL%20MONTE%20BIO"}
[2025-11-10 09:26:46] GET | {"url":"https://api.allegro.pl/sale/products?phrase=OLIWA%20Z%20OLIWEK%20EXTRA%20VIRGIN%20WYSOKOPOLIFENOLOWA%20FENOLIO%20PDO%20TERRA%20DI%20BARI%20CASTEL%20DEL%20MONTE"}
[2025-11-10 09:26:46] GET | {"url":"https://api.allegro.pl/sale/products?phrase=OLIWA%20Z%20OLIWEK%20EXTRA%20VIRGIN%20WYSOKOPOLIFENOLOWA%20FENOLIO%20PDO%20TERRA%20DI%20BARI%20CASTEL%20DEL"}
[2025-11-10 09:26:46] GET | {"url":"https://api.allegro.pl/sale/products?phrase=OLIWA%20Z%20OLIWEK%20EXTRA%20VIRGIN%20WYSOKOPOLIFENOLOWA%20FENOLIO%20PDO%20TERRA%20DI%20BARI%20CASTEL"}
[2025-11-10 09:26:47] GET | {"url":"https://api.allegro.pl/sale/products?phrase=OLIWA%20Z%20OLIWEK%20EXTRA%20VIRGIN%20WYSOKOPOLIFENOLOWA%20FENOLIO%20PDO%20TERRA%20DI%20BARI"}
[2025-11-10 09:26:48] GET | {"url":"https://api.allegro.pl/sale/products?phrase=OLIWA%20Z%20OLIWEK%20EXTRA%20VIRGIN%20WYSOKOPOLIFENOLOWA%20FENOLIO%20PDO%20TERRA%20DI"}
[2025-11-10 09:26:49] GET | {"url":"https://api.allegro.pl/sale/products?phrase=OLIWA%20Z%20OLIWEK%20EXTRA%20VIRGIN%20WYSOKOPOLIFENOLOWA%20FENOLIO%20PDO%20TERRA"}
[2025-11-10 09:26:49] GET | {"url":"https://api.allegro.pl/sale/products?phrase=OLIWA%20Z%20OLIWEK%20EXTRA%20VIRGIN%20WYSOKOPOLIFENOLOWA%20FENOLIO%20PDO"}
[2025-11-10 09:26:50] GET | {"url":"https://api.allegro.pl/sale/products?phrase=OLIWA%20Z%20OLIWEK%20EXTRA%20VIRGIN%20WYSOKOPOLIFENOLOWA%20FENOLIO"}
[2025-11-10 09:26:51] GET | {"url":"https://api.allegro.pl/sale/products?phrase=OLIWA%20Z%20OLIWEK%20EXTRA%20VIRGIN%20WYSOKOPOLIFENOLOWA"}
[2025-11-10 09:26:54] GET | {"url":"https://api.allegro.pl/sale/products?phrase=5902425057308&mode=GTIN"}
[2025-11-10 09:26:57] GET | {"url":"https://api.allegro.pl/sale/products?phrase=8699266395382&mode=GTIN"}
[2025-11-10 09:26:57] GET | {"url":"https://api.allegro.pl/sale/products?phrase=ZAWIESZKA%20ZAPACHOWA%20MYDLANA%20THE%20WHITEST%20%283%20szt%29%20165%20g%20-%20LA%20DIVA"}
[2025-11-10 09:26:57] GET | {"url":"https://api.allegro.pl/sale/products?phrase=ZAWIESZKA%20ZAPACHOWA%20MYDLANA%20THE%20WHITEST%20%283%20szt%29%20165%20g%20-%20LA"}
[2025-11-10 09:26:57] GET | {"url":"https://api.allegro.pl/sale/products?phrase=ZAWIESZKA%20ZAPACHOWA%20MYDLANA%20THE%20WHITEST%20%283%20szt%29%20165%20g%20-"}
[2025-11-10 09:26:58] GET | {"url":"https://api.allegro.pl/sale/products?phrase=ZAWIESZKA%20ZAPACHOWA%20MYDLANA%20THE%20WHITEST%20%283%20szt%29%20165%20g"}
[2025-11-10 09:26:59] GET | {"url":"https://api.allegro.pl/sale/products?phrase=ZAWIESZKA%20ZAPACHOWA%20MYDLANA%20THE%20WHITEST%20%283%20szt%29%20165"}
[2025-11-10 09:26:59] GET | {"url":"https://api.allegro.pl/sale/products?phrase=ZAWIESZKA%20ZAPACHOWA%20MYDLANA%20THE%20WHITEST%20%283%20szt%29"}
[2025-11-10 09:27:00] GET | {"url":"https://api.allegro.pl/sale/products?phrase=ZAWIESZKA%20ZAPACHOWA%20MYDLANA%20THE%20WHITEST%20%283"}
[2025-11-10 09:27:01] GET | {"url":"https://api.allegro.pl/sale/products?phrase=ZAWIESZKA%20ZAPACHOWA%20MYDLANA%20THE%20WHITEST"}
[2025-11-10 09:27:02] GET | {"url":"https://api.allegro.pl/sale/products?phrase=ZAWIESZKA%20ZAPACHOWA%20MYDLANA%20THE"}
[2025-11-10 09:27:03] GET | {"url":"https://api.allegro.pl/sale/products?phrase=ZAWIESZKA%20ZAPACHOWA%20MYDLANA"}
[2025-11-10 09:27:04] GET | {"url":"https://api.allegro.pl/sale/products?phrase=ZAWIESZKA%20ZAPACHOWA"}
[2025-11-10 09:27:07] GET | {"url":"https://api.allegro.pl/sale/products?phrase=8699266395085&mode=GTIN"}
[2025-11-10 09:27:08] GET | {"url":"https://api.allegro.pl/sale/products?phrase=ZAWIESZKA%20ZAPACHOWA%20MYDLANA%20BOUQUET%20%283%20szt%29%20165%20g%20-%20LA%20DIVA"}
[2025-11-10 09:27:08] GET | {"url":"https://api.allegro.pl/sale/products?phrase=ZAWIESZKA%20ZAPACHOWA%20MYDLANA%20BOUQUET%20%283%20szt%29%20165%20g%20-%20LA"}
[2025-11-10 09:27:09] GET | {"url":"https://api.allegro.pl/sale/products?phrase=ZAWIESZKA%20ZAPACHOWA%20MYDLANA%20BOUQUET%20%283%20szt%29%20165%20g%20-"}
[2025-11-10 09:27:10] GET | {"url":"https://api.allegro.pl/sale/products?phrase=ZAWIESZKA%20ZAPACHOWA%20MYDLANA%20BOUQUET%20%283%20szt%29%20165%20g"}
[2025-11-10 09:27:10] GET | {"url":"https://api.allegro.pl/sale/products?phrase=ZAWIESZKA%20ZAPACHOWA%20MYDLANA%20BOUQUET%20%283%20szt%29%20165"}
[2025-11-10 09:27:11] GET | {"url":"https://api.allegro.pl/sale/products?phrase=ZAWIESZKA%20ZAPACHOWA%20MYDLANA%20BOUQUET%20%283%20szt%29"}
[2025-11-10 09:27:12] GET | {"url":"https://api.allegro.pl/sale/products?phrase=ZAWIESZKA%20ZAPACHOWA%20MYDLANA%20BOUQUET%20%283"}
[2025-11-10 09:27:13] GET | {"url":"https://api.allegro.pl/sale/products?phrase=ZAWIESZKA%20ZAPACHOWA%20MYDLANA%20BOUQUET"}
[2025-11-10 09:27:14] GET | {"url":"https://api.allegro.pl/sale/products?phrase=ZAWIESZKA%20ZAPACHOWA%20MYDLANA"}
[2025-11-10 09:27:15] GET | {"url":"https://api.allegro.pl/sale/products?phrase=ZAWIESZKA%20ZAPACHOWA"}
[2025-11-10 09:27:19] GET | {"url":"https://api.allegro.pl/sale/products?phrase=8699266395368&mode=GTIN"}
[2025-11-10 09:27:19] GET | {"url":"https://api.allegro.pl/sale/products?phrase=ZAWIESZKA%20ZAPACHOWA%20MYDLANA%20TUTTI%20FRUTTI%20%283%20szt.%29%20165%20g%20-%20LA%20DIVA"}
[2025-11-10 09:27:20] GET | {"url":"https://api.allegro.pl/sale/products?phrase=ZAWIESZKA%20ZAPACHOWA%20MYDLANA%20TUTTI%20FRUTTI%20%283%20szt.%29%20165%20g%20-%20LA"}
[2025-11-10 09:27:20] GET | {"url":"https://api.allegro.pl/sale/products?phrase=ZAWIESZKA%20ZAPACHOWA%20MYDLANA%20TUTTI%20FRUTTI%20%283%20szt.%29%20165%20g%20-"}
[2025-11-10 09:27:21] GET | {"url":"https://api.allegro.pl/sale/products?phrase=ZAWIESZKA%20ZAPACHOWA%20MYDLANA%20TUTTI%20FRUTTI%20%283%20szt.%29%20165%20g"}
[2025-11-10 09:27:22] GET | {"url":"https://api.allegro.pl/sale/products?phrase=ZAWIESZKA%20ZAPACHOWA%20MYDLANA%20TUTTI%20FRUTTI%20%283%20szt.%29%20165"}
[2025-11-10 09:27:22] GET | {"url":"https://api.allegro.pl/sale/products?phrase=ZAWIESZKA%20ZAPACHOWA%20MYDLANA%20TUTTI%20FRUTTI%20%283%20szt.%29"}
[2025-11-10 09:27:23] GET | {"url":"https://api.allegro.pl/sale/products?phrase=ZAWIESZKA%20ZAPACHOWA%20MYDLANA%20TUTTI%20FRUTTI%20%283"}
[2025-11-10 09:27:24] GET | {"url":"https://api.allegro.pl/sale/products?phrase=ZAWIESZKA%20ZAPACHOWA%20MYDLANA%20TUTTI%20FRUTTI"}
[2025-11-10 09:27:25] GET | {"url":"https://api.allegro.pl/sale/products?phrase=ZAWIESZKA%20ZAPACHOWA%20MYDLANA%20TUTTI"}
[2025-11-10 09:27:26] GET | {"url":"https://api.allegro.pl/sale/products?phrase=ZAWIESZKA%20ZAPACHOWA%20MYDLANA"}
[2025-11-10 09:27:27] GET | {"url":"https://api.allegro.pl/sale/products?phrase=ZAWIESZKA%20ZAPACHOWA"}
[2025-11-10 09:27:31] GET | {"url":"https://api.allegro.pl/sale/products?phrase=5412916991726&mode=GTIN"}
[2025-11-10 09:27:33] GET | {"url":"https://api.allegro.pl/sale/products?phrase=5412916991719&mode=GTIN"}
[2025-11-10 09:27:36] GET | {"url":"https://api.allegro.pl/sale/products?phrase=5412916991733&mode=GTIN"}
[2025-11-10 09:27:38] GET | {"url":"https://api.allegro.pl/sale/products?phrase=5412916991702&mode=GTIN"}
[2025-11-10 09:27:40] GET | {"url":"https://api.allegro.pl/sale/products?phrase=5412916992075&mode=GTIN"}
[2025-11-10 09:27:42] GET | {"url":"https://api.allegro.pl/sale/products?phrase=5902741001528&mode=GTIN"}
[2025-11-10 09:27:44] GET | {"url":"https://api.allegro.pl/sale/products?phrase=5412916992068&mode=GTIN"}
[2025-11-10 09:27:46] GET | {"url":"https://api.allegro.pl/sale/products?phrase=5412916992105&mode=GTIN"}
[2025-11-10 09:27:49] GET | {"url":"https://api.allegro.pl/sale/products?phrase=5412916992099&mode=GTIN"}
[2025-11-10 09:27:51] GET | {"url":"https://api.allegro.pl/sale/products?phrase=5902989935517&mode=GTIN"}
[2025-11-10 09:27:53] GET | {"url":"https://api.allegro.pl/sale/products?phrase=5902989935524&mode=GTIN"}
[2025-11-10 09:27:55] GET | {"url":"https://api.allegro.pl/sale/products?phrase=5902989935531&mode=GTIN"}
[2025-11-10 09:27:57] GET | {"url":"https://api.allegro.pl/sale/products?phrase=5903246862607&mode=GTIN"}
[2025-11-10 09:27:59] GET | {"url":"https://api.allegro.pl/sale/products?phrase=5904538036409&mode=GTIN"}
[2025-11-10 09:28:01] GET | {"url":"https://api.allegro.pl/sale/products?phrase=8011845006029&mode=GTIN"}
[2025-11-10 09:28:02] GET | {"url":"https://api.allegro.pl/sale/products?phrase=OLIWA%20Z%20OLIWEK%20DO%20GOTOWANIA%20I%20SMA%C5%BBENIA%20BIO%20750%20ml%20-%20LEVANTE%20%28MASSERIA%20SAN%20NICOLA%29"}
[2025-11-10 09:28:02] GET | {"url":"https://api.allegro.pl/sale/products?phrase=OLIWA%20Z%20OLIWEK%20DO%20GOTOWANIA%20I%20SMA%C5%BBENIA%20BIO%20750%20ml%20-%20LEVANTE%20%28MASSERIA%20SAN"}
[2025-11-10 09:28:02] GET | {"url":"https://api.allegro.pl/sale/products?phrase=OLIWA%20Z%20OLIWEK%20DO%20GOTOWANIA%20I%20SMA%C5%BBENIA%20BIO%20750%20ml%20-%20LEVANTE%20%28MASSERIA"}
[2025-11-10 09:28:02] GET | {"url":"https://api.allegro.pl/sale/products?phrase=OLIWA%20Z%20OLIWEK%20DO%20GOTOWANIA%20I%20SMA%C5%BBENIA%20BIO%20750%20ml%20-%20LEVANTE"}
[2025-11-10 09:28:02] GET | {"url":"https://api.allegro.pl/sale/products?phrase=OLIWA%20Z%20OLIWEK%20DO%20GOTOWANIA%20I%20SMA%C5%BBENIA%20BIO%20750%20ml%20-"}
[2025-11-10 09:28:02] GET | {"url":"https://api.allegro.pl/sale/products?phrase=OLIWA%20Z%20OLIWEK%20DO%20GOTOWANIA%20I%20SMA%C5%BBENIA%20BIO%20750%20ml"}
[2025-11-10 09:28:02] GET | {"url":"https://api.allegro.pl/sale/products?phrase=OLIWA%20Z%20OLIWEK%20DO%20GOTOWANIA%20I%20SMA%C5%BBENIA%20BIO%20750"}
[2025-11-10 09:28:02] GET | {"url":"https://api.allegro.pl/sale/products?phrase=OLIWA%20Z%20OLIWEK%20DO%20GOTOWANIA%20I%20SMA%C5%BBENIA%20BIO"}
[2025-11-10 09:28:02] GET | {"url":"https://api.allegro.pl/sale/products?phrase=OLIWA%20Z%20OLIWEK%20DO%20GOTOWANIA%20I%20SMA%C5%BBENIA"}
[2025-11-10 09:28:02] GET | {"url":"https://api.allegro.pl/sale/products?phrase=OLIWA%20Z%20OLIWEK%20DO%20GOTOWANIA%20I"}
[2025-11-10 09:28:05] GET | {"url":"https://api.allegro.pl/sale/products?phrase=5904538036386&mode=GTIN"}
[2025-11-10 09:28:07] GET | {"url":"https://api.allegro.pl/sale/products?phrase=5907751403881&mode=GTIN"}
[2025-11-10 09:28:07] GET | {"url":"https://api.allegro.pl/sale/products?phrase=Fun%20go%20Farm%20-%20krople%20100ml%20INVENT%20FARM"}
[2025-11-10 09:28:07] GET | {"url":"https://api.allegro.pl/sale/products?phrase=Fun%20go%20Farm%20-%20krople%20100ml%20INVENT"}
[2025-11-10 09:28:07] GET | {"url":"https://api.allegro.pl/sale/products?phrase=Fun%20go%20Farm%20-%20krople%20100ml"}
[2025-11-10 09:28:07] GET | {"url":"https://api.allegro.pl/sale/products?phrase=Fun%20go%20Farm%20-%20krople"}
[2025-11-10 09:28:07] GET | {"url":"https://api.allegro.pl/sale/products?phrase=Fun%20go%20Farm%20-"}
[2025-11-10 09:28:09] GET | {"url":"https://api.allegro.pl/sale/products?phrase=5904538036416&mode=GTIN"}
[2025-11-10 09:28:12] GET | {"url":"https://api.allegro.pl/sale/products?phrase=5903794180895&mode=GTIN"}
[2025-11-10 09:28:14] GET | {"url":"https://api.allegro.pl/sale/products?phrase=5903794180673&mode=GTIN"}
[2025-11-10 09:28:16] GET | {"url":"https://api.allegro.pl/sale/products?phrase=5904538036522&mode=GTIN"}
[2025-11-10 09:28:18] GET | {"url":"https://api.allegro.pl/sale/products?phrase=5904094826353&mode=GTIN"}
[2025-11-10 09:28:20] GET | {"url":"https://api.allegro.pl/sale/products?phrase=5903246865752&mode=GTIN"}
[2025-11-10 09:28:22] GET | {"url":"https://api.allegro.pl/sale/products?phrase=5904538036508&mode=GTIN"}
[2025-11-10 09:28:25] GET | {"url":"https://api.allegro.pl/sale/products?phrase=5903246866438&mode=GTIN"}
[2025-11-10 09:28:27] GET | {"url":"https://api.allegro.pl/sale/products?phrase=5903794183728&mode=GTIN"}
[2025-11-10 09:28:29] GET | {"url":"https://api.allegro.pl/sale/products?phrase=5412916992082&mode=GTIN"}
[2025-11-10 09:28:31] GET | {"url":"https://api.allegro.pl/sale/products?phrase=8595178228261&mode=GTIN"}
[2025-11-10 09:28:33] GET | {"url":"https://api.allegro.pl/sale/products?phrase=8595178228247&mode=GTIN"}
[2025-11-10 09:28:35] GET | {"url":"https://api.allegro.pl/sale/products?phrase=5904538036751&mode=GTIN"}
[2025-11-10 09:28:38] GET | {"url":"https://api.allegro.pl/sale/products?phrase=5904538036737&mode=GTIN"}
[2025-11-10 09:28:40] GET | {"url":"https://api.allegro.pl/sale/products?phrase=5904538036720&mode=GTIN"}
[2025-11-10 09:28:42] GET | {"url":"https://api.allegro.pl/sale/products?phrase=5902768174014&mode=GTIN"}
[2025-11-10 09:28:44] GET | {"url":"https://api.allegro.pl/sale/products?phrase=5904024000549&mode=GTIN"}
[2025-11-10 09:28:46] GET | {"url":"https://api.allegro.pl/sale/products?phrase=5903794186866&mode=GTIN"}
[2025-11-10 09:28:48] GET | {"url":"https://api.allegro.pl/sale/products?phrase=0680275066255&mode=GTIN"}
[2025-11-10 09:28:51] GET | {"url":"https://api.allegro.pl/sale/products?phrase=0680275065289&mode=GTIN"}
[2025-11-10 09:28:53] GET | {"url":"https://api.allegro.pl/sale/products?phrase=5901803476199&mode=GTIN"}
[2025-11-10 09:28:55] GET | {"url":"https://api.allegro.pl/sale/products?phrase=5907623359025&mode=GTIN"}
[2025-11-10 09:28:57] GET | {"url":"https://api.allegro.pl/sale/products?phrase=5907623359032&mode=GTIN"}
[2025-11-10 09:28:59] GET | {"url":"https://api.allegro.pl/sale/products?phrase=5907623359087&mode=GTIN"}
[2025-11-10 09:29:01] GET | {"url":"https://api.allegro.pl/sale/products?phrase=5907623359100&mode=GTIN"}
[2025-11-10 09:29:03] GET | {"url":"https://api.allegro.pl/sale/products?phrase=5907806271090&mode=GTIN"}
[2025-11-10 09:29:05] GET | {"url":"https://api.allegro.pl/sale/products?phrase=5906365702557&mode=GTIN"}
[2025-11-10 09:29:08] GET | {"url":"https://api.allegro.pl/sale/products?phrase=5903246866650&mode=GTIN"}
[2025-11-10 09:29:10] GET | {"url":"https://api.allegro.pl/sale/products?phrase=5904024000495&mode=GTIN"}
[2025-11-10 09:29:12] GET | {"url":"https://api.allegro.pl/sale/products?phrase=4044889005325&mode=GTIN"}
[2025-11-10 09:29:12] GET | {"url":"https://api.allegro.pl/sale/products?phrase=CZEKOLADA%20KUWERTURA%20MLECZNA%20DO%20GOTOWANIA%20BIO%20150%20g%20-%20VIVANI"}
[2025-11-10 09:29:12] GET | {"url":"https://api.allegro.pl/sale/products?phrase=CZEKOLADA%20KUWERTURA%20MLECZNA%20DO%20GOTOWANIA%20BIO%20150%20g%20-"}
[2025-11-10 09:29:12] GET | {"url":"https://api.allegro.pl/sale/products?phrase=CZEKOLADA%20KUWERTURA%20MLECZNA%20DO%20GOTOWANIA%20BIO%20150%20g"}
[2025-11-10 09:29:12] GET | {"url":"https://api.allegro.pl/sale/products?phrase=CZEKOLADA%20KUWERTURA%20MLECZNA%20DO%20GOTOWANIA%20BIO%20150"}
[2025-11-10 09:29:12] GET | {"url":"https://api.allegro.pl/sale/products?phrase=CZEKOLADA%20KUWERTURA%20MLECZNA%20DO%20GOTOWANIA%20BIO"}
[2025-11-10 09:29:12] GET | {"url":"https://api.allegro.pl/sale/products?phrase=CZEKOLADA%20KUWERTURA%20MLECZNA%20DO%20GOTOWANIA"}
[2025-11-10 09:29:14] GET | {"url":"https://api.allegro.pl/sale/products?phrase=5907713375379&mode=GTIN"}
[2025-11-10 09:29:16] GET | {"url":"https://api.allegro.pl/sale/products?phrase=5904257043979&mode=GTIN"}
[2025-11-10 09:29:19] GET | {"url":"https://api.allegro.pl/sale/products?phrase=5907577232443&mode=GTIN"}
