[2025-10-02 09:07:33] OAuth token call | {"url":"https://allegro.pl/auth/oauth/token","http_code":200}
[2025-10-02 09:07:33] Token refreshed
[2025-10-02 09:07:33] GET | {"url":"https://api.allegro.pl/sale/products?phrase=5901549275650&mode=GTIN"}
[2025-10-02 09:07:35] GET | {"url":"https://api.allegro.pl/sale/products?phrase=5902983787921&mode=GTIN"}
[2025-10-02 09:07:35] GET | {"url":"https://api.allegro.pl/sale/products?phrase=OPAKOWANIE%20ZBIORCZE%20%28kg%29%20-%20PAPRYKA%20ZIELONA%20%C5%9AWIE%C5%BBA%20BIO%20%28POLSKA%29%20%28oko%C5%82o%203%20kg%29"}
[2025-10-02 09:07:35] GET | {"url":"https://api.allegro.pl/sale/products?phrase=OPAKOWANIE%20ZBIORCZE%20%28kg%29%20-%20PAPRYKA%20ZIELONA%20%C5%9AWIE%C5%BBA%20BIO%20%28POLSKA%29%20%28oko%C5%82o%203"}
[2025-10-02 09:07:35] GET | {"url":"https://api.allegro.pl/sale/products?phrase=OPAKOWANIE%20ZBIORCZE%20%28kg%29%20-%20PAPRYKA%20ZIELONA%20%C5%9AWIE%C5%BBA%20BIO%20%28POLSKA%29%20%28oko%C5%82o"}
[2025-10-02 09:07:36] GET | {"url":"https://api.allegro.pl/sale/products?phrase=OPAKOWANIE%20ZBIORCZE%20%28kg%29%20-%20PAPRYKA%20ZIELONA%20%C5%9AWIE%C5%BBA%20BIO%20%28POLSKA%29"}
[2025-10-02 09:07:37] GET | {"url":"https://api.allegro.pl/sale/products?phrase=OPAKOWANIE%20ZBIORCZE%20%28kg%29%20-%20PAPRYKA%20ZIELONA%20%C5%9AWIE%C5%BBA%20BIO"}
[2025-10-02 09:07:38] GET | {"url":"https://api.allegro.pl/sale/products?phrase=OPAKOWANIE%20ZBIORCZE%20%28kg%29%20-%20PAPRYKA%20ZIELONA%20%C5%9AWIE%C5%BBA"}
[2025-10-02 09:07:38] GET | {"url":"https://api.allegro.pl/sale/products?phrase=OPAKOWANIE%20ZBIORCZE%20%28kg%29%20-%20PAPRYKA%20ZIELONA"}
[2025-10-02 09:07:40] GET | {"url":"https://api.allegro.pl/sale/products?phrase=OPAKOWANIE%20ZBIORCZE%20%28kg%29%20-%20PAPRYKA"}
[2025-10-02 09:07:41] GET | {"url":"https://api.allegro.pl/sale/products?phrase=OPAKOWANIE%20ZBIORCZE%20%28kg%29%20-"}
[2025-10-02 09:07:43] GET | {"url":"https://api.allegro.pl/sale/products?phrase=5907738156823&mode=GTIN"}
[2025-10-02 09:07:43] GET | {"url":"https://api.allegro.pl/sale/products?phrase=OPAKOWANIE%20ZBIORCZE%20%28szt%29%20-%20SA%C5%81ATA%20D%C4%98BOLISTNA%20ZIELONA%20%C5%9AWIE%C5%BBA%20BIO%20%28POLSKA%29%20%28oko%C5%82o%208%20sztuk%29"}
[2025-10-02 09:07:44] GET | {"url":"https://api.allegro.pl/sale/products?phrase=OPAKOWANIE%20ZBIORCZE%20%28szt%29%20-%20SA%C5%81ATA%20D%C4%98BOLISTNA%20ZIELONA%20%C5%9AWIE%C5%BBA%20BIO%20%28POLSKA%29%20%28oko%C5%82o%208"}
[2025-10-02 09:07:45] GET | {"url":"https://api.allegro.pl/sale/products?phrase=OPAKOWANIE%20ZBIORCZE%20%28szt%29%20-%20SA%C5%81ATA%20D%C4%98BOLISTNA%20ZIELONA%20%C5%9AWIE%C5%BBA%20BIO%20%28POLSKA%29%20%28oko%C5%82o"}
[2025-10-02 09:07:46] GET | {"url":"https://api.allegro.pl/sale/products?phrase=OPAKOWANIE%20ZBIORCZE%20%28szt%29%20-%20SA%C5%81ATA%20D%C4%98BOLISTNA%20ZIELONA%20%C5%9AWIE%C5%BBA%20BIO%20%28POLSKA%29"}
[2025-10-02 09:07:47] GET | {"url":"https://api.allegro.pl/sale/products?phrase=OPAKOWANIE%20ZBIORCZE%20%28szt%29%20-%20SA%C5%81ATA%20D%C4%98BOLISTNA%20ZIELONA%20%C5%9AWIE%C5%BBA%20BIO"}
[2025-10-02 09:07:48] GET | {"url":"https://api.allegro.pl/sale/products?phrase=OPAKOWANIE%20ZBIORCZE%20%28szt%29%20-%20SA%C5%81ATA%20D%C4%98BOLISTNA%20ZIELONA%20%C5%9AWIE%C5%BBA"}
[2025-10-02 09:07:48] GET | {"url":"https://api.allegro.pl/sale/products?phrase=OPAKOWANIE%20ZBIORCZE%20%28szt%29%20-%20SA%C5%81ATA%20D%C4%98BOLISTNA%20ZIELONA"}
[2025-10-02 09:07:49] GET | {"url":"https://api.allegro.pl/sale/products?phrase=OPAKOWANIE%20ZBIORCZE%20%28szt%29%20-%20SA%C5%81ATA%20D%C4%98BOLISTNA"}
[2025-10-02 09:07:51] GET | {"url":"https://api.allegro.pl/sale/products?phrase=OPAKOWANIE%20ZBIORCZE%20%28szt%29%20-%20SA%C5%81ATA"}
[2025-10-02 09:07:53] GET | {"url":"https://api.allegro.pl/sale/products?phrase=5907738156809&mode=GTIN"}
[2025-10-02 09:07:54] GET | {"url":"https://api.allegro.pl/sale/products?phrase=211650&mode=GTIN"}
[2025-10-02 09:07:54] GET | {"url":"https://api.allegro.pl/sale/products?phrase=PAPRYKA%20ZIELONA%20%C5%9AWIE%C5%BBA%20BIO%20%28POLSKA%29%20%28oko%C5%82o%200%2C50%20kg%29"}
[2025-10-02 09:07:55] GET | {"url":"https://api.allegro.pl/sale/products?phrase=PAPRYKA%20ZIELONA%20%C5%9AWIE%C5%BBA%20BIO%20%28POLSKA%29%20%28oko%C5%82o%200%2C50"}
[2025-10-02 09:07:56] GET | {"url":"https://api.allegro.pl/sale/products?phrase=PAPRYKA%20ZIELONA%20%C5%9AWIE%C5%BBA%20BIO%20%28POLSKA%29%20%28oko%C5%82o"}
[2025-10-02 09:07:57] GET | {"url":"https://api.allegro.pl/sale/products?phrase=PAPRYKA%20ZIELONA%20%C5%9AWIE%C5%BBA%20BIO%20%28POLSKA%29"}
[2025-10-02 09:07:58] GET | {"url":"https://api.allegro.pl/sale/products?phrase=PAPRYKA%20ZIELONA%20%C5%9AWIE%C5%BBA%20BIO"}
[2025-10-02 09:07:59] GET | {"url":"https://api.allegro.pl/sale/products?phrase=5907814667243&mode=GTIN"}
[2025-10-02 09:08:01] GET | {"url":"https://api.allegro.pl/sale/products?phrase=5903351623087&mode=GTIN"}
[2025-10-02 09:08:02] GET | {"url":"https://api.allegro.pl/sale/products?phrase=5902448169996&mode=GTIN"}
[2025-10-02 09:08:02] GET | {"url":"https://api.allegro.pl/sale/products?phrase=SA%C5%81ATA%20D%C4%98BOLISTNA%20ZIELONA%20%C5%9AWIE%C5%BBA%20BIO%20%28POLSKA%29%20%28oko%C5%82o%200%2C25%20kg%29"}
[2025-10-02 09:08:03] GET | {"url":"https://api.allegro.pl/sale/products?phrase=SA%C5%81ATA%20D%C4%98BOLISTNA%20ZIELONA%20%C5%9AWIE%C5%BBA%20BIO%20%28POLSKA%29%20%28oko%C5%82o%200%2C25"}
[2025-10-02 09:08:04] GET | {"url":"https://api.allegro.pl/sale/products?phrase=SA%C5%81ATA%20D%C4%98BOLISTNA%20ZIELONA%20%C5%9AWIE%C5%BBA%20BIO%20%28POLSKA%29%20%28oko%C5%82o"}
[2025-10-02 09:08:05] GET | {"url":"https://api.allegro.pl/sale/products?phrase=SA%C5%81ATA%20D%C4%98BOLISTNA%20ZIELONA%20%C5%9AWIE%C5%BBA%20BIO%20%28POLSKA%29"}
[2025-10-02 09:08:06] GET | {"url":"https://api.allegro.pl/sale/products?phrase=SA%C5%81ATA%20D%C4%98BOLISTNA%20ZIELONA%20%C5%9AWIE%C5%BBA%20BIO"}
[2025-10-02 09:08:06] GET | {"url":"https://api.allegro.pl/sale/products?phrase=SA%C5%81ATA%20D%C4%98BOLISTNA%20ZIELONA%20%C5%9AWIE%C5%BBA"}
[2025-10-02 09:08:07] GET | {"url":"https://api.allegro.pl/sale/products?phrase=SA%C5%81ATA%20D%C4%98BOLISTNA%20ZIELONA"}
[2025-10-02 09:08:11] GET | {"url":"https://api.allegro.pl/sale/products?phrase=5907814661975&mode=GTIN"}
[2025-10-02 09:08:13] GET | {"url":"https://api.allegro.pl/sale/products?phrase=5902488068723&mode=GTIN"}
[2025-10-02 09:08:13] GET | {"url":"https://api.allegro.pl/sale/products?phrase=POMIDORY%20CHERRY%20%C5%9AWIE%C5%BBE%20BIO%20%28POLSKA%29%20%28oko%C5%82o%200%2C25%20kg%29"}
[2025-10-02 09:08:13] GET | {"url":"https://api.allegro.pl/sale/products?phrase=POMIDORY%20CHERRY%20%C5%9AWIE%C5%BBE%20BIO%20%28POLSKA%29%20%28oko%C5%82o%200%2C25"}
[2025-10-02 09:08:13] GET | {"url":"https://api.allegro.pl/sale/products?phrase=POMIDORY%20CHERRY%20%C5%9AWIE%C5%BBE%20BIO%20%28POLSKA%29%20%28oko%C5%82o"}
[2025-10-02 09:08:14] GET | {"url":"https://api.allegro.pl/sale/products?phrase=POMIDORY%20CHERRY%20%C5%9AWIE%C5%BBE%20BIO%20%28POLSKA%29"}
[2025-10-02 09:08:15] GET | {"url":"https://api.allegro.pl/sale/products?phrase=POMIDORY%20CHERRY%20%C5%9AWIE%C5%BBE%20BIO"}
[2025-10-02 09:08:16] GET | {"url":"https://api.allegro.pl/sale/products?phrase=POMIDORY%20CHERRY%20%C5%9AWIE%C5%BBE"}
[2025-10-02 09:08:19] GET | {"url":"https://api.allegro.pl/sale/products?phrase=5907738150791&mode=GTIN"}
[2025-10-02 09:08:19] GET | {"url":"https://api.allegro.pl/sale/products?phrase=OPAKOWANIE%20ZBIORCZE%20%28kg%29%20-%20POMIDORY%20POD%C5%81U%C5%BBNE%20%C5%9AWIE%C5%BBE%20BIO%20%28POLSKA%29%20%28oko%C5%82o%205%20kg%29"}
[2025-10-02 09:08:19] GET | {"url":"https://api.allegro.pl/sale/products?phrase=OPAKOWANIE%20ZBIORCZE%20%28kg%29%20-%20POMIDORY%20POD%C5%81U%C5%BBNE%20%C5%9AWIE%C5%BBE%20BIO%20%28POLSKA%29%20%28oko%C5%82o%205"}
[2025-10-02 09:08:20] GET | {"url":"https://api.allegro.pl/sale/products?phrase=OPAKOWANIE%20ZBIORCZE%20%28kg%29%20-%20POMIDORY%20POD%C5%81U%C5%BBNE%20%C5%9AWIE%C5%BBE%20BIO%20%28POLSKA%29%20%28oko%C5%82o"}
[2025-10-02 09:08:21] GET | {"url":"https://api.allegro.pl/sale/products?phrase=OPAKOWANIE%20ZBIORCZE%20%28kg%29%20-%20POMIDORY%20POD%C5%81U%C5%BBNE%20%C5%9AWIE%C5%BBE%20BIO%20%28POLSKA%29"}
[2025-10-02 09:08:22] GET | {"url":"https://api.allegro.pl/sale/products?phrase=OPAKOWANIE%20ZBIORCZE%20%28kg%29%20-%20POMIDORY%20POD%C5%81U%C5%BBNE%20%C5%9AWIE%C5%BBE%20BIO"}
[2025-10-02 09:08:22] GET | {"url":"https://api.allegro.pl/sale/products?phrase=OPAKOWANIE%20ZBIORCZE%20%28kg%29%20-%20POMIDORY%20POD%C5%81U%C5%BBNE%20%C5%9AWIE%C5%BBE"}
[2025-10-02 09:08:24] GET | {"url":"https://api.allegro.pl/sale/products?phrase=OPAKOWANIE%20ZBIORCZE%20%28kg%29%20-%20POMIDORY%20POD%C5%81U%C5%BBNE"}
[2025-10-02 09:08:25] GET | {"url":"https://api.allegro.pl/sale/products?phrase=OPAKOWANIE%20ZBIORCZE%20%28kg%29%20-%20POMIDORY"}
[2025-10-02 09:08:26] GET | {"url":"https://api.allegro.pl/sale/products?phrase=OPAKOWANIE%20ZBIORCZE%20%28kg%29%20-"}
[2025-10-02 09:08:29] GET | {"url":"https://api.allegro.pl/sale/products?phrase=200003&mode=GTIN"}
[2025-10-02 09:08:29] GET | {"url":"https://api.allegro.pl/sale/products?phrase=POMIDORY%20POD%C5%81U%C5%BBNE%20%C5%9AWIE%C5%BBE%20BIO%20%28POLSKA%29%20%28oko%C5%82o%200%2C50%20kg%29"}
[2025-10-02 09:08:29] GET | {"url":"https://api.allegro.pl/sale/products?phrase=POMIDORY%20POD%C5%81U%C5%BBNE%20%C5%9AWIE%C5%BBE%20BIO%20%28POLSKA%29%20%28oko%C5%82o%200%2C50"}
[2025-10-02 09:08:30] GET | {"url":"https://api.allegro.pl/sale/products?phrase=POMIDORY%20POD%C5%81U%C5%BBNE%20%C5%9AWIE%C5%BBE%20BIO%20%28POLSKA%29%20%28oko%C5%82o"}
[2025-10-02 09:08:31] GET | {"url":"https://api.allegro.pl/sale/products?phrase=POMIDORY%20POD%C5%81U%C5%BBNE%20%C5%9AWIE%C5%BBE%20BIO%20%28POLSKA%29"}
[2025-10-02 09:08:32] GET | {"url":"https://api.allegro.pl/sale/products?phrase=POMIDORY%20POD%C5%81U%C5%BBNE%20%C5%9AWIE%C5%BBE%20BIO"}
[2025-10-02 09:08:33] GET | {"url":"https://api.allegro.pl/sale/products?phrase=POMIDORY%20POD%C5%81U%C5%BBNE%20%C5%9AWIE%C5%BBE"}
[2025-10-02 09:08:33] GET | {"url":"https://api.allegro.pl/sale/products?phrase=POMIDORY%20POD%C5%81U%C5%BBNE"}
[2025-10-02 09:08:36] GET | {"url":"https://api.allegro.pl/sale/products?phrase=5200300106326&mode=GTIN"}
[2025-10-02 09:08:37] GET | {"url":"https://api.allegro.pl/sale/products?phrase=CHA%C5%81WA%20KAKAOWA%20BIO%20200%20g%20-%20BIOAGROS"}
[2025-10-02 09:08:39] GET | {"url":"https://api.allegro.pl/sale/products?phrase=5903351628983&mode=GTIN"}
[2025-10-02 09:08:41] GET | {"url":"https://api.allegro.pl/sale/products?phrase=5903351620161&mode=GTIN"}
[2025-10-02 09:08:43] GET | {"url":"https://api.allegro.pl/sale/products?phrase=5903111678258&mode=GTIN"}
[2025-10-02 09:08:45] GET | {"url":"https://api.allegro.pl/sale/products?phrase=5903933645520&mode=GTIN"}
[2025-10-02 09:08:47] GET | {"url":"https://api.allegro.pl/sale/products?phrase=3800236132851&mode=GTIN"}
[2025-10-02 09:08:48] GET | {"url":"https://api.allegro.pl/sale/products?phrase=MIGDA%C5%81Y%20W%20CZEKOLADZIE%20PIERNIKOWEJ%20Z%20POSYPK%C4%84%20BEZGLUTENOWE%20BIO%2060%20g%20-%20BENJAMISSIMO%20%28PRODUKT%20SEZONOWY%29"}
[2025-10-02 09:08:48] GET | {"url":"https://api.allegro.pl/sale/products?phrase=MIGDA%C5%81Y%20W%20CZEKOLADZIE%20PIERNIKOWEJ%20Z%20POSYPK%C4%84%20BEZGLUTENOWE%20BIO%2060%20g%20-%20BENJAMISSIMO%20%28PRODUKT"}
[2025-10-02 09:08:48] GET | {"url":"https://api.allegro.pl/sale/products?phrase=MIGDA%C5%81Y%20W%20CZEKOLADZIE%20PIERNIKOWEJ%20Z%20POSYPK%C4%84%20BEZGLUTENOWE%20BIO%2060%20g%20-%20BENJAMISSIMO"}
[2025-10-02 09:08:48] GET | {"url":"https://api.allegro.pl/sale/products?phrase=MIGDA%C5%81Y%20W%20CZEKOLADZIE%20PIERNIKOWEJ%20Z%20POSYPK%C4%84%20BEZGLUTENOWE%20BIO%2060%20g%20-"}
[2025-10-02 09:08:48] GET | {"url":"https://api.allegro.pl/sale/products?phrase=MIGDA%C5%81Y%20W%20CZEKOLADZIE%20PIERNIKOWEJ%20Z%20POSYPK%C4%84%20BEZGLUTENOWE%20BIO%2060%20g"}
[2025-10-02 09:08:48] GET | {"url":"https://api.allegro.pl/sale/products?phrase=MIGDA%C5%81Y%20W%20CZEKOLADZIE%20PIERNIKOWEJ%20Z%20POSYPK%C4%84%20BEZGLUTENOWE%20BIO%2060"}
[2025-10-02 09:08:48] GET | {"url":"https://api.allegro.pl/sale/products?phrase=MIGDA%C5%81Y%20W%20CZEKOLADZIE%20PIERNIKOWEJ%20Z%20POSYPK%C4%84%20BEZGLUTENOWE%20BIO"}
[2025-10-02 09:08:49] GET | {"url":"https://api.allegro.pl/sale/products?phrase=MIGDA%C5%81Y%20W%20CZEKOLADZIE%20PIERNIKOWEJ%20Z%20POSYPK%C4%84%20BEZGLUTENOWE"}
[2025-10-02 09:08:50] GET | {"url":"https://api.allegro.pl/sale/products?phrase=MIGDA%C5%81Y%20W%20CZEKOLADZIE%20PIERNIKOWEJ%20Z%20POSYPK%C4%84"}
[2025-10-02 09:08:51] GET | {"url":"https://api.allegro.pl/sale/products?phrase=MIGDA%C5%81Y%20W%20CZEKOLADZIE%20PIERNIKOWEJ%20Z"}
[2025-10-02 09:08:54] GET | {"url":"https://api.allegro.pl/sale/products?phrase=3800236132912&mode=GTIN"}
[2025-10-02 09:08:54] GET | {"url":"https://api.allegro.pl/sale/products?phrase=TABLICZKA%20KAKAOWA%20DYNIA%20-%20CYNAMON%20BEZGLUTENOWA%20BIO%2060%20g%20-%20BENJAMISSIMO%20%28PRODUKT%20SEZONOWY%29"}
[2025-10-02 09:08:54] GET | {"url":"https://api.allegro.pl/sale/products?phrase=TABLICZKA%20KAKAOWA%20DYNIA%20-%20CYNAMON%20BEZGLUTENOWA%20BIO%2060%20g%20-%20BENJAMISSIMO%20%28PRODUKT"}
[2025-10-02 09:08:55] GET | {"url":"https://api.allegro.pl/sale/products?phrase=TABLICZKA%20KAKAOWA%20DYNIA%20-%20CYNAMON%20BEZGLUTENOWA%20BIO%2060%20g%20-%20BENJAMISSIMO"}
[2025-10-02 09:08:56] GET | {"url":"https://api.allegro.pl/sale/products?phrase=TABLICZKA%20KAKAOWA%20DYNIA%20-%20CYNAMON%20BEZGLUTENOWA%20BIO%2060%20g%20-"}
[2025-10-02 09:08:57] GET | {"url":"https://api.allegro.pl/sale/products?phrase=TABLICZKA%20KAKAOWA%20DYNIA%20-%20CYNAMON%20BEZGLUTENOWA%20BIO%2060%20g"}
[2025-10-02 09:08:58] GET | {"url":"https://api.allegro.pl/sale/products?phrase=TABLICZKA%20KAKAOWA%20DYNIA%20-%20CYNAMON%20BEZGLUTENOWA%20BIO%2060"}
[2025-10-02 09:08:58] GET | {"url":"https://api.allegro.pl/sale/products?phrase=TABLICZKA%20KAKAOWA%20DYNIA%20-%20CYNAMON%20BEZGLUTENOWA%20BIO"}
[2025-10-02 09:09:00] GET | {"url":"https://api.allegro.pl/sale/products?phrase=TABLICZKA%20KAKAOWA%20DYNIA%20-%20CYNAMON%20BEZGLUTENOWA"}
[2025-10-02 09:09:00] GET | {"url":"https://api.allegro.pl/sale/products?phrase=TABLICZKA%20KAKAOWA%20DYNIA%20-%20CYNAMON"}
[2025-10-02 09:09:02] GET | {"url":"https://api.allegro.pl/sale/products?phrase=TABLICZKA%20KAKAOWA%20DYNIA%20-"}
[2025-10-02 09:09:03] GET | {"url":"https://api.allegro.pl/sale/products?phrase=TABLICZKA%20KAKAOWA%20DYNIA"}
[2025-10-02 09:09:04] GET | {"url":"https://api.allegro.pl/sale/products?phrase=TABLICZKA%20KAKAOWA"}
[2025-10-02 09:09:06] GET | {"url":"https://api.allegro.pl/sale/products?phrase=3800236132882&mode=GTIN"}
[2025-10-02 09:09:06] GET | {"url":"https://api.allegro.pl/sale/products?phrase=CZEKOLADA%20Z%20MIGDA%C5%81AMI%2C%20ORZECHAMI%20LASKOWYMI%20I%20PRZYPRAW%C4%84%20DO%20PIERNIKA%20BEZGLUTENOWA%20BIO%2060%20g%20-%20BENJAMISSIMO%20%28PRODUKT%20SEZONOWY%29"}
[2025-10-02 09:09:07] GET | {"url":"https://api.allegro.pl/sale/products?phrase=CZEKOLADA%20Z%20MIGDA%C5%81AMI%2C%20ORZECHAMI%20LASKOWYMI%20I%20PRZYPRAW%C4%84%20DO%20PIERNIKA%20BEZGLUTENOWA%20BIO%2060%20g%20-%20BENJAMISSIMO%20%28PRODUKT"}
[2025-10-02 09:09:08] GET | {"url":"https://api.allegro.pl/sale/products?phrase=CZEKOLADA%20Z%20MIGDA%C5%81AMI%2C%20ORZECHAMI%20LASKOWYMI%20I%20PRZYPRAW%C4%84%20DO%20PIERNIKA%20BEZGLUTENOWA%20BIO%2060%20g%20-%20BENJAMISSIMO"}
[2025-10-02 09:09:09] GET | {"url":"https://api.allegro.pl/sale/products?phrase=CZEKOLADA%20Z%20MIGDA%C5%81AMI%2C%20ORZECHAMI%20LASKOWYMI%20I%20PRZYPRAW%C4%84%20DO%20PIERNIKA%20BEZGLUTENOWA%20BIO%2060%20g%20-"}
[2025-10-02 09:09:10] GET | {"url":"https://api.allegro.pl/sale/products?phrase=CZEKOLADA%20Z%20MIGDA%C5%81AMI%2C%20ORZECHAMI%20LASKOWYMI%20I%20PRZYPRAW%C4%84%20DO%20PIERNIKA%20BEZGLUTENOWA%20BIO%2060%20g"}
[2025-10-02 09:09:10] GET | {"url":"https://api.allegro.pl/sale/products?phrase=CZEKOLADA%20Z%20MIGDA%C5%81AMI%2C%20ORZECHAMI%20LASKOWYMI%20I%20PRZYPRAW%C4%84%20DO%20PIERNIKA%20BEZGLUTENOWA%20BIO%2060"}
[2025-10-02 09:09:11] GET | {"url":"https://api.allegro.pl/sale/products?phrase=CZEKOLADA%20Z%20MIGDA%C5%81AMI%2C%20ORZECHAMI%20LASKOWYMI%20I%20PRZYPRAW%C4%84%20DO%20PIERNIKA%20BEZGLUTENOWA%20BIO"}
[2025-10-02 09:09:13] GET | {"url":"https://api.allegro.pl/sale/products?phrase=CZEKOLADA%20Z%20MIGDA%C5%81AMI%2C%20ORZECHAMI%20LASKOWYMI%20I%20PRZYPRAW%C4%84%20DO%20PIERNIKA%20BEZGLUTENOWA"}
[2025-10-02 09:09:14] GET | {"url":"https://api.allegro.pl/sale/products?phrase=CZEKOLADA%20Z%20MIGDA%C5%81AMI%2C%20ORZECHAMI%20LASKOWYMI%20I%20PRZYPRAW%C4%84%20DO%20PIERNIKA"}
[2025-10-02 09:09:15] GET | {"url":"https://api.allegro.pl/sale/products?phrase=CZEKOLADA%20Z%20MIGDA%C5%81AMI%2C%20ORZECHAMI%20LASKOWYMI%20I%20PRZYPRAW%C4%84%20DO"}
[2025-10-02 09:09:16] GET | {"url":"https://api.allegro.pl/sale/products?phrase=CZEKOLADA%20Z%20MIGDA%C5%81AMI%2C%20ORZECHAMI%20LASKOWYMI%20I%20PRZYPRAW%C4%84"}
[2025-10-02 09:09:17] GET | {"url":"https://api.allegro.pl/sale/products?phrase=CZEKOLADA%20Z%20MIGDA%C5%81AMI%2C%20ORZECHAMI%20LASKOWYMI%20I"}
[2025-10-02 09:09:20] GET | {"url":"https://api.allegro.pl/sale/products?phrase=5906657522535&mode=GTIN"}
[2025-10-02 09:09:22] GET | {"url":"https://api.allegro.pl/sale/products?phrase=4012346159300&mode=GTIN"}
[2025-10-02 09:09:24] GET | {"url":"https://api.allegro.pl/sale/products?phrase=5903548001858&mode=GTIN"}
[2025-10-02 09:09:26] GET | {"url":"https://api.allegro.pl/sale/products?phrase=5903548001827&mode=GTIN"}
[2025-10-02 09:09:28] GET | {"url":"https://api.allegro.pl/sale/products?phrase=5903548001810&mode=GTIN"}
[2025-10-02 09:09:30] GET | {"url":"https://api.allegro.pl/sale/products?phrase=5903548002633&mode=GTIN"}
[2025-10-02 09:09:32] GET | {"url":"https://api.allegro.pl/sale/products?phrase=5903548002626&mode=GTIN"}
[2025-10-02 09:09:32] GET | {"url":"https://api.allegro.pl/sale/products?phrase=DOBRA%20KALORIA%20Mini%20batoniki%20%2BPREBIOTYK%20%C5%9Bliwka%20%2B%20b%C5%82onnik%2C%20wit.%20E%2C%20magnez%206x17g%20KUBARA"}
[2025-10-02 09:09:32] GET | {"url":"https://api.allegro.pl/sale/products?phrase=DOBRA%20KALORIA%20Mini%20batoniki%20%2BPREBIOTYK%20%C5%9Bliwka%20%2B%20b%C5%82onnik%2C%20wit.%20E%2C%20magnez%206x17g"}
[2025-10-02 09:09:33] GET | {"url":"https://api.allegro.pl/sale/products?phrase=DOBRA%20KALORIA%20Mini%20batoniki%20%2BPREBIOTYK%20%C5%9Bliwka%20%2B%20b%C5%82onnik%2C%20wit.%20E%2C%20magnez"}
[2025-10-02 09:09:33] GET | {"url":"https://api.allegro.pl/sale/products?phrase=DOBRA%20KALORIA%20Mini%20batoniki%20%2BPREBIOTYK%20%C5%9Bliwka%20%2B%20b%C5%82onnik%2C%20wit.%20E%2C"}
[2025-10-02 09:09:33] GET | {"url":"https://api.allegro.pl/sale/products?phrase=DOBRA%20KALORIA%20Mini%20batoniki%20%2BPREBIOTYK%20%C5%9Bliwka%20%2B%20b%C5%82onnik%2C%20wit."}
[2025-10-02 09:09:33] GET | {"url":"https://api.allegro.pl/sale/products?phrase=DOBRA%20KALORIA%20Mini%20batoniki%20%2BPREBIOTYK%20%C5%9Bliwka%20%2B%20b%C5%82onnik%2C"}
[2025-10-02 09:09:33] GET | {"url":"https://api.allegro.pl/sale/products?phrase=DOBRA%20KALORIA%20Mini%20batoniki%20%2BPREBIOTYK%20%C5%9Bliwka%20%2B"}
[2025-10-02 09:09:33] GET | {"url":"https://api.allegro.pl/sale/products?phrase=DOBRA%20KALORIA%20Mini%20batoniki%20%2BPREBIOTYK%20%C5%9Bliwka"}
[2025-10-02 09:09:33] GET | {"url":"https://api.allegro.pl/sale/products?phrase=DOBRA%20KALORIA%20Mini%20batoniki%20%2BPREBIOTYK"}
[2025-10-02 09:09:34] GET | {"url":"https://api.allegro.pl/sale/products?phrase=DOBRA%20KALORIA%20Mini%20batoniki"}
[2025-10-02 09:09:38] GET | {"url":"https://api.allegro.pl/sale/products?phrase=5903548002404&mode=GTIN"}
[2025-10-02 09:09:40] GET | {"url":"https://api.allegro.pl/sale/products?phrase=5903548002350&mode=GTIN"}
[2025-10-02 09:09:42] GET | {"url":"https://api.allegro.pl/sale/products?phrase=4012346173108&mode=GTIN"}
[2025-10-02 09:09:44] GET | {"url":"https://api.allegro.pl/sale/products?phrase=8019428004165&mode=GTIN"}
[2025-10-02 09:09:46] GET | {"url":"https://api.allegro.pl/sale/products?phrase=5903548002176&mode=GTIN"}
[2025-10-02 09:09:48] GET | {"url":"https://api.allegro.pl/sale/products?phrase=5903548002183&mode=GTIN"}
[2025-10-02 09:09:50] GET | {"url":"https://api.allegro.pl/sale/products?phrase=5903548002343&mode=GTIN"}
[2025-10-02 09:09:52] GET | {"url":"https://api.allegro.pl/sale/products?phrase=5903548002336&mode=GTIN"}
[2025-10-02 09:09:54] GET | {"url":"https://api.allegro.pl/sale/products?phrase=5901597385738&mode=GTIN"}
[2025-10-02 09:09:56] GET | {"url":"https://api.allegro.pl/sale/products?phrase=5904734577522&mode=GTIN"}
[2025-10-02 09:09:58] GET | {"url":"https://api.allegro.pl/sale/products?phrase=5903021592736&mode=GTIN"}
[2025-10-02 09:10:00] GET | {"url":"https://api.allegro.pl/sale/products?phrase=5903021591197&mode=GTIN"}
[2025-10-02 09:10:02] GET | {"url":"https://api.allegro.pl/sale/products?phrase=5902479610894&mode=GTIN"}
[2025-10-02 09:10:05] GET | {"url":"https://api.allegro.pl/sale/products?phrase=5903021593375&mode=GTIN"}
[2025-10-02 09:10:07] GET | {"url":"https://api.allegro.pl/sale/products?phrase=5904734577805&mode=GTIN"}
[2025-10-02 09:10:09] GET | {"url":"https://api.allegro.pl/sale/products?phrase=5903021590299&mode=GTIN"}
[2025-10-02 09:10:11] GET | {"url":"https://api.allegro.pl/sale/products?phrase=5906395684762&mode=GTIN"}
[2025-10-02 09:10:13] GET | {"url":"https://api.allegro.pl/sale/products?phrase=4820219347040&mode=GTIN"}
[2025-10-02 09:10:15] GET | {"url":"https://api.allegro.pl/sale/products?phrase=5902431590431&mode=GTIN"}
[2025-10-02 09:10:17] GET | {"url":"https://api.allegro.pl/sale/products?phrase=5412360021222&mode=GTIN"}
[2025-10-02 09:10:18] GET | {"url":"https://api.allegro.pl/sale/products?phrase=TABLETKI%20NA%20POPRAW%C4%98%20KONDYCJI%20SK%C3%93RY%2030%20szt.-%20PHYSALIS"}
[2025-10-02 09:10:18] GET | {"url":"https://api.allegro.pl/sale/products?phrase=TABLETKI%20NA%20POPRAW%C4%98%20KONDYCJI%20SK%C3%93RY%2030%20szt.-"}
[2025-10-02 09:10:18] GET | {"url":"https://api.allegro.pl/sale/products?phrase=TABLETKI%20NA%20POPRAW%C4%98%20KONDYCJI%20SK%C3%93RY%2030"}
[2025-10-02 09:10:18] GET | {"url":"https://api.allegro.pl/sale/products?phrase=TABLETKI%20NA%20POPRAW%C4%98%20KONDYCJI%20SK%C3%93RY"}
[2025-10-02 09:10:18] GET | {"url":"https://api.allegro.pl/sale/products?phrase=TABLETKI%20NA%20POPRAW%C4%98%20KONDYCJI"}
[2025-10-02 09:10:18] GET | {"url":"https://api.allegro.pl/sale/products?phrase=TABLETKI%20NA%20POPRAW%C4%98"}
[2025-10-02 09:10:21] GET | {"url":"https://api.allegro.pl/sale/products?phrase=5902431594002&mode=GTIN"}
[2025-10-02 09:10:23] GET | {"url":"https://api.allegro.pl/sale/products?phrase=8588008537251&mode=GTIN"}
[2025-10-02 13:50:28] GET | {"url":"https://api.allegro.pl/sale/products?phrase=5902596671341&mode=GTIN"}
[2025-10-02 13:50:29] GET | {"url":"https://api.allegro.pl/sale/products?phrase=5906660190684&mode=GTIN"}
[2025-10-02 13:50:30] GET | {"url":"https://api.allegro.pl/sale/products?phrase=254964&mode=GTIN"}
[2025-10-02 13:50:30] GET | {"url":"https://api.allegro.pl/sale/products?phrase=BAK%C5%81A%C5%BBAN%20%C5%9AWIE%C5%BBY%20BIO%20%28oko%C5%82o%200%2C60%20kg%29"}
[2025-10-02 13:50:30] GET | {"url":"https://api.allegro.pl/sale/products?phrase=BAK%C5%81A%C5%BBAN%20%C5%9AWIE%C5%BBY%20BIO%20%28oko%C5%82o%200%2C60"}
[2025-10-02 13:50:30] GET | {"url":"https://api.allegro.pl/sale/products?phrase=BAK%C5%81A%C5%BBAN%20%C5%9AWIE%C5%BBY%20BIO%20%28oko%C5%82o"}
[2025-10-02 13:50:31] GET | {"url":"https://api.allegro.pl/sale/products?phrase=BAK%C5%81A%C5%BBAN%20%C5%9AWIE%C5%BBY%20BIO"}
[2025-10-02 13:50:32] GET | {"url":"https://api.allegro.pl/sale/products?phrase=BAK%C5%81A%C5%BBAN%20%C5%9AWIE%C5%BBY"}
[2025-10-02 13:50:34] GET | {"url":"https://api.allegro.pl/sale/products?phrase=4260272250091&mode=GTIN"}
[2025-10-02 13:50:35] GET | {"url":"https://api.allegro.pl/sale/products?phrase=5902448162973&mode=GTIN"}
[2025-10-02 13:50:37] GET | {"url":"https://api.allegro.pl/sale/products?phrase=5903271810482&mode=GTIN"}
[2025-10-02 13:50:38] GET | {"url":"https://api.allegro.pl/sale/products?phrase=8714685000010&mode=GTIN"}
[2025-10-02 13:50:40] GET | {"url":"https://api.allegro.pl/sale/products?phrase=8718754501453&mode=GTIN"}
[2025-10-02 13:50:42] GET | {"url":"https://api.allegro.pl/sale/products?phrase=680275064831&mode=GTIN"}
[2025-10-02 13:50:44] GET | {"url":"https://api.allegro.pl/sale/products?phrase=5906293639031&mode=GTIN"}
[2025-10-02 13:50:47] GET | {"url":"https://api.allegro.pl/sale/products?phrase=5902101710688&mode=GTIN"}
[2025-10-02 13:50:49] GET | {"url":"https://api.allegro.pl/sale/products?phrase=5902101710695&mode=GTIN"}
[2025-10-02 13:50:51] GET | {"url":"https://api.allegro.pl/sale/products?phrase=5902101710718&mode=GTIN"}
[2025-10-02 13:50:53] GET | {"url":"https://api.allegro.pl/sale/products?phrase=8053323641285&mode=GTIN"}
[2025-10-02 13:50:55] GET | {"url":"https://api.allegro.pl/sale/products?phrase=8595178217081&mode=GTIN"}
[2025-10-02 13:50:57] GET | {"url":"https://api.allegro.pl/sale/products?phrase=5902101710954&mode=GTIN"}
[2025-10-02 13:50:59] GET | {"url":"https://api.allegro.pl/sale/products?phrase=5907617339088&mode=GTIN"}
[2025-10-02 13:51:01] GET | {"url":"https://api.allegro.pl/sale/products?phrase=4820149742281&mode=GTIN"}
[2025-10-02 13:51:03] GET | {"url":"https://api.allegro.pl/sale/products?phrase=5907617339118&mode=GTIN"}
[2025-10-02 13:51:06] GET | {"url":"https://api.allegro.pl/sale/products?phrase=5907617339064&mode=GTIN"}
[2025-10-02 13:51:08] GET | {"url":"https://api.allegro.pl/sale/products?phrase=5907465640206&mode=GTIN"}
[2025-10-02 13:51:10] GET | {"url":"https://api.allegro.pl/sale/products?phrase=5907504400426&mode=GTIN"}
[2025-10-02 13:51:12] GET | {"url":"https://api.allegro.pl/sale/products?phrase=5907713373917&mode=GTIN"}
[2025-10-02 13:51:14] GET | {"url":"https://api.allegro.pl/sale/products?phrase=5907713370039&mode=GTIN"}
[2025-10-02 13:51:16] GET | {"url":"https://api.allegro.pl/sale/products?phrase=8411555070257&mode=GTIN"}
[2025-10-02 13:51:16] GET | {"url":"https://api.allegro.pl/sale/products?phrase=Makrela%20filety%20w%20ekologicznej%20oliwie%20z%20oliwek"}
[2025-10-02 13:51:16] GET | {"url":"https://api.allegro.pl/sale/products?phrase=Makrela%20filety%20w%20ekologicznej%20oliwie%20z"}
[2025-10-02 13:51:17] GET | {"url":"https://api.allegro.pl/sale/products?phrase=Makrela%20filety%20w%20ekologicznej%20oliwie"}
[2025-10-02 13:51:17] GET | {"url":"https://api.allegro.pl/sale/products?phrase=Makrela%20filety%20w%20ekologicznej"}
[2025-10-02 13:51:17] GET | {"url":"https://api.allegro.pl/sale/products?phrase=Makrela%20filety%20w"}
[2025-10-02 13:51:20] GET | {"url":"https://api.allegro.pl/sale/products?phrase=5907052937320&mode=GTIN"}
[2025-10-02 13:51:20] GET | {"url":"https://api.allegro.pl/sale/products?phrase=Herbata%20zimowa%20wi%C5%9Bniowa%20Cherry%20Gifts%2C"}
[2025-10-02 13:51:20] GET | {"url":"https://api.allegro.pl/sale/products?phrase=Herbata%20zimowa%20wi%C5%9Bniowa%20Cherry"}
[2025-10-02 13:51:20] GET | {"url":"https://api.allegro.pl/sale/products?phrase=Herbata%20zimowa%20wi%C5%9Bniowa"}
[2025-10-02 13:51:20] GET | {"url":"https://api.allegro.pl/sale/products?phrase=Herbata%20zimowa"}
[2025-10-02 13:51:23] GET | {"url":"https://api.allegro.pl/sale/products?phrase=5907052937344&mode=GTIN"}
[2025-10-02 13:51:23] GET | {"url":"https://api.allegro.pl/sale/products?phrase=Konfitura%20wi%C5%9Bniowa%20zimowa%20Cherry%20Gifts%2C"}
[2025-10-02 13:51:24] GET | {"url":"https://api.allegro.pl/sale/products?phrase=Konfitura%20wi%C5%9Bniowa%20zimowa%20Cherry"}
[2025-10-02 13:51:24] GET | {"url":"https://api.allegro.pl/sale/products?phrase=Konfitura%20wi%C5%9Bniowa%20zimowa"}
[2025-10-02 13:51:24] GET | {"url":"https://api.allegro.pl/sale/products?phrase=Konfitura%20wi%C5%9Bniowa"}
[2025-10-02 13:51:27] GET | {"url":"https://api.allegro.pl/sale/products?phrase=5907052937351&mode=GTIN"}
[2025-10-02 13:51:27] GET | {"url":"https://api.allegro.pl/sale/products?phrase=Syrop%20wi%C5%9Bniowy%20zimowy%20Cherry%20Gifts%2C"}
[2025-10-02 13:51:27] GET | {"url":"https://api.allegro.pl/sale/products?phrase=Syrop%20wi%C5%9Bniowy%20zimowy%20Cherry"}
[2025-10-02 13:51:27] GET | {"url":"https://api.allegro.pl/sale/products?phrase=Syrop%20wi%C5%9Bniowy%20zimowy"}
[2025-10-02 13:51:27] GET | {"url":"https://api.allegro.pl/sale/products?phrase=Syrop%20wi%C5%9Bniowy"}
[2025-10-02 13:51:30] GET | {"url":"https://api.allegro.pl/sale/products?phrase=8718754504942&mode=GTIN"}
[2025-10-02 13:51:32] GET | {"url":"https://api.allegro.pl/sale/products?phrase=8595582415936&mode=GTIN"}
[2025-10-02 13:51:34] GET | {"url":"https://api.allegro.pl/sale/products?phrase=4820262540948&mode=GTIN"}
[2025-10-02 13:51:36] GET | {"url":"https://api.allegro.pl/sale/products?phrase=4820262540399&mode=GTIN"}
[2025-10-02 13:51:39] GET | {"url":"https://api.allegro.pl/sale/products?phrase=5902596671945&mode=GTIN"}
[2025-10-02 13:51:41] GET | {"url":"https://api.allegro.pl/sale/products?phrase=5902596671747&mode=GTIN"}
[2025-10-02 13:51:43] GET | {"url":"https://api.allegro.pl/sale/products?phrase=5902596671013&mode=GTIN"}
[2025-10-02 13:51:45] GET | {"url":"https://api.allegro.pl/sale/products?phrase=5902194545396&mode=GTIN"}
[2025-10-02 13:51:47] GET | {"url":"https://api.allegro.pl/sale/products?phrase=4820058210161&mode=GTIN"}
[2025-10-02 13:51:49] GET | {"url":"https://api.allegro.pl/sale/products?phrase=5901902004729&mode=GTIN"}
[2025-10-02 13:51:51] GET | {"url":"https://api.allegro.pl/sale/products?phrase=5905940370471&mode=GTIN"}
[2025-10-02 13:51:54] GET | {"url":"https://api.allegro.pl/sale/products?phrase=3800021151227&mode=GTIN"}
[2025-10-02 13:51:54] GET | {"url":"https://api.allegro.pl/sale/products?phrase=ACHROMIN%20Krem%20wybielaj%C4%85cy%20z%20filtrami%20UV"}
[2025-10-02 13:51:54] GET | {"url":"https://api.allegro.pl/sale/products?phrase=ACHROMIN%20Krem%20wybielaj%C4%85cy%20z%20filtrami"}
[2025-10-02 13:51:54] GET | {"url":"https://api.allegro.pl/sale/products?phrase=ACHROMIN%20Krem%20wybielaj%C4%85cy%20z"}
[2025-10-02 13:51:56] GET | {"url":"https://api.allegro.pl/sale/products?phrase=5905933486769&mode=GTIN"}
[2025-10-02 13:51:58] GET | {"url":"https://api.allegro.pl/sale/products?phrase=5905265582443&mode=GTIN"}
[2025-10-02 13:52:01] GET | {"url":"https://api.allegro.pl/sale/products?phrase=4823015926501&mode=GTIN"}
