[2025-10-20 08:49:05] OAuth token call | {"url":"https://allegro.pl/auth/oauth/token","http_code":200}
[2025-10-20 08:49:05] Token refreshed
[2025-10-20 08:49:05] GET | {"url":"https://api.allegro.pl/sale/products?phrase=5908249976818&mode=GTIN"}
[2025-10-20 08:49:06] GET | {"url":"https://api.allegro.pl/sale/products?phrase=5905699160248&mode=GTIN"}
[2025-10-20 08:49:07] GET | {"url":"https://api.allegro.pl/sale/products?phrase=5908249971356&mode=GTIN"}
[2025-10-20 08:49:08] GET | {"url":"https://api.allegro.pl/sale/products?phrase=5903933645537&mode=GTIN"}
[2025-10-20 08:49:09] GET | {"url":"https://api.allegro.pl/sale/products?phrase=5902448162973&mode=GTIN"}
[2025-10-20 08:49:11] GET | {"url":"https://api.allegro.pl/sale/products?phrase=5902448162850&mode=GTIN"}
[2025-10-20 08:49:13] GET | {"url":"https://api.allegro.pl/sale/products?phrase=5902448160054&mode=GTIN"}
[2025-10-20 08:49:15] GET | {"url":"https://api.allegro.pl/sale/products?phrase=5902448162188&mode=GTIN"}
[2025-10-20 08:49:17] GET | {"url":"https://api.allegro.pl/sale/products?phrase=5902448162638&mode=GTIN"}
[2025-10-20 08:49:19] GET | {"url":"https://api.allegro.pl/sale/products?phrase=5902448160528&mode=GTIN"}
[2025-10-20 08:49:21] GET | {"url":"https://api.allegro.pl/sale/products?phrase=5902448162126&mode=GTIN"}
[2025-10-20 08:49:23] GET | {"url":"https://api.allegro.pl/sale/products?phrase=5902448162812&mode=GTIN"}
[2025-10-20 08:49:23] GET | {"url":"https://api.allegro.pl/sale/products?phrase=QUINOA%20EKSPANDOWANA%20BIO%20%28SUROWIEC%29%20%2815%20kg%29"}
[2025-10-20 08:49:23] GET | {"url":"https://api.allegro.pl/sale/products?phrase=QUINOA%20EKSPANDOWANA%20BIO%20%28SUROWIEC%29%20%2815"}
[2025-10-20 08:49:23] GET | {"url":"https://api.allegro.pl/sale/products?phrase=QUINOA%20EKSPANDOWANA%20BIO%20%28SUROWIEC%29"}
[2025-10-20 08:49:23] GET | {"url":"https://api.allegro.pl/sale/products?phrase=QUINOA%20EKSPANDOWANA%20BIO"}
[2025-10-20 08:49:25] GET | {"url":"https://api.allegro.pl/sale/products?phrase=5902448160559&mode=GTIN"}
[2025-10-20 08:49:27] GET | {"url":"https://api.allegro.pl/sale/products?phrase=5902448162614&mode=GTIN"}
[2025-10-20 08:49:27] GET | {"url":"https://api.allegro.pl/sale/products?phrase=PCHE%C5%81KI%20CZEKOLADOWE%20BIO%20%28SUROWIEC%29%20%284%20kg%29"}
[2025-10-20 08:49:28] GET | {"url":"https://api.allegro.pl/sale/products?phrase=PCHE%C5%81KI%20CZEKOLADOWE%20BIO%20%28SUROWIEC%29%20%284"}
[2025-10-20 08:49:28] GET | {"url":"https://api.allegro.pl/sale/products?phrase=PCHE%C5%81KI%20CZEKOLADOWE%20BIO%20%28SUROWIEC%29"}
[2025-10-20 08:49:28] GET | {"url":"https://api.allegro.pl/sale/products?phrase=PCHE%C5%81KI%20CZEKOLADOWE%20BIO"}
[2025-10-20 08:49:30] GET | {"url":"https://api.allegro.pl/sale/products?phrase=5902448160825&mode=GTIN"}
[2025-10-20 08:49:32] GET | {"url":"https://api.allegro.pl/sale/products?phrase=5902448162645&mode=GTIN"}
[2025-10-20 08:49:34] GET | {"url":"https://api.allegro.pl/sale/products?phrase=5902448160344&mode=GTIN"}
[2025-10-20 08:49:36] GET | {"url":"https://api.allegro.pl/sale/products?phrase=5903849453783&mode=GTIN"}
[2025-10-20 08:49:38] GET | {"url":"https://api.allegro.pl/sale/products?phrase=5902448160245&mode=GTIN"}
[2025-10-20 08:49:40] GET | {"url":"https://api.allegro.pl/sale/products?phrase=5907738153198&mode=GTIN"}
[2025-10-20 08:49:42] GET | {"url":"https://api.allegro.pl/sale/products?phrase=5907738156199&mode=GTIN"}
[2025-10-20 08:49:44] GET | {"url":"https://api.allegro.pl/sale/products?phrase=5904730935166&mode=GTIN"}
[2025-10-20 08:49:46] GET | {"url":"https://api.allegro.pl/sale/products?phrase=5908283531615&mode=GTIN"}
[2025-10-20 08:49:48] GET | {"url":"https://api.allegro.pl/sale/products?phrase=5904730935838&mode=GTIN"}
[2025-10-20 08:49:50] GET | {"url":"https://api.allegro.pl/sale/products?phrase=5906660157960&mode=GTIN"}
[2025-10-20 08:49:51] GET | {"url":"https://api.allegro.pl/sale/products?phrase=DAKTYLE%20MEDJOOL%20W%20CIEMNEJ%20CZEKOLADZIE%20Z%20NADZIENIEM%20I%20POSYPK%C4%84%20BEZGLUTENOWE%20BIO%20230%20g%20-%20ORGANICHOUSE%20%28MARYSIE%C5%83KI%29%20%28PRODUKT%20SEZONOW"}
[2025-10-20 08:49:51] GET | {"url":"https://api.allegro.pl/sale/products?phrase=DAKTYLE%20MEDJOOL%20W%20CIEMNEJ%20CZEKOLADZIE%20Z%20NADZIENIEM%20I%20POSYPK%C4%84%20BEZGLUTENOWE%20BIO%20230%20g%20-%20ORGANICHOUSE%20%28MARYSIE%C5%83KI%29%20%28PRODUKT"}
[2025-10-20 08:49:51] GET | {"url":"https://api.allegro.pl/sale/products?phrase=DAKTYLE%20MEDJOOL%20W%20CIEMNEJ%20CZEKOLADZIE%20Z%20NADZIENIEM%20I%20POSYPK%C4%84%20BEZGLUTENOWE%20BIO%20230%20g%20-%20ORGANICHOUSE%20%28MARYSIE%C5%83KI%29"}
[2025-10-20 08:49:51] GET | {"url":"https://api.allegro.pl/sale/products?phrase=DAKTYLE%20MEDJOOL%20W%20CIEMNEJ%20CZEKOLADZIE%20Z%20NADZIENIEM%20I%20POSYPK%C4%84%20BEZGLUTENOWE%20BIO%20230%20g%20-%20ORGANICHOUSE"}
[2025-10-20 08:49:51] GET | {"url":"https://api.allegro.pl/sale/products?phrase=DAKTYLE%20MEDJOOL%20W%20CIEMNEJ%20CZEKOLADZIE%20Z%20NADZIENIEM%20I%20POSYPK%C4%84%20BEZGLUTENOWE%20BIO%20230%20g%20-"}
[2025-10-20 08:49:51] GET | {"url":"https://api.allegro.pl/sale/products?phrase=DAKTYLE%20MEDJOOL%20W%20CIEMNEJ%20CZEKOLADZIE%20Z%20NADZIENIEM%20I%20POSYPK%C4%84%20BEZGLUTENOWE%20BIO%20230%20g"}
[2025-10-20 08:49:51] GET | {"url":"https://api.allegro.pl/sale/products?phrase=DAKTYLE%20MEDJOOL%20W%20CIEMNEJ%20CZEKOLADZIE%20Z%20NADZIENIEM%20I%20POSYPK%C4%84%20BEZGLUTENOWE%20BIO%20230"}
[2025-10-20 08:49:51] GET | {"url":"https://api.allegro.pl/sale/products?phrase=DAKTYLE%20MEDJOOL%20W%20CIEMNEJ%20CZEKOLADZIE%20Z%20NADZIENIEM%20I%20POSYPK%C4%84%20BEZGLUTENOWE%20BIO"}
[2025-10-20 08:49:51] GET | {"url":"https://api.allegro.pl/sale/products?phrase=DAKTYLE%20MEDJOOL%20W%20CIEMNEJ%20CZEKOLADZIE%20Z%20NADZIENIEM%20I%20POSYPK%C4%84%20BEZGLUTENOWE"}
[2025-10-20 08:49:51] GET | {"url":"https://api.allegro.pl/sale/products?phrase=DAKTYLE%20MEDJOOL%20W%20CIEMNEJ%20CZEKOLADZIE%20Z%20NADZIENIEM%20I%20POSYPK%C4%84"}
[2025-10-20 08:49:51] GET | {"url":"https://api.allegro.pl/sale/products?phrase=DAKTYLE%20MEDJOOL%20W%20CIEMNEJ%20CZEKOLADZIE%20Z%20NADZIENIEM%20I"}
[2025-10-20 08:49:51] GET | {"url":"https://api.allegro.pl/sale/products?phrase=DAKTYLE%20MEDJOOL%20W%20CIEMNEJ%20CZEKOLADZIE%20Z%20NADZIENIEM"}
[2025-10-20 08:49:51] GET | {"url":"https://api.allegro.pl/sale/products?phrase=DAKTYLE%20MEDJOOL%20W%20CIEMNEJ%20CZEKOLADZIE%20Z"}
[2025-10-20 08:49:52] GET | {"url":"https://api.allegro.pl/sale/products?phrase=DAKTYLE%20MEDJOOL%20W%20CIEMNEJ%20CZEKOLADZIE"}
[2025-10-20 08:49:52] GET | {"url":"https://api.allegro.pl/sale/products?phrase=DAKTYLE%20MEDJOOL%20W%20CIEMNEJ"}
[2025-10-20 08:49:52] GET | {"url":"https://api.allegro.pl/sale/products?phrase=DAKTYLE%20MEDJOOL%20W"}
[2025-10-20 08:49:54] GET | {"url":"https://api.allegro.pl/sale/products?phrase=5907814660138&mode=GTIN"}
[2025-10-20 08:49:56] GET | {"url":"https://api.allegro.pl/sale/products?phrase=5902425057230&mode=GTIN"}
[2025-10-20 08:49:58] GET | {"url":"https://api.allegro.pl/sale/products?phrase=087614116716&mode=GTIN"}
[2025-10-20 08:50:00] GET | {"url":"https://api.allegro.pl/sale/products?phrase=087614019727&mode=GTIN"}
[2025-10-20 08:50:02] GET | {"url":"https://api.allegro.pl/sale/products?phrase=5904730935012&mode=GTIN"}
[2025-10-20 08:50:04] GET | {"url":"https://api.allegro.pl/sale/products?phrase=5906750252766&mode=GTIN"}
[2025-10-20 08:50:06] GET | {"url":"https://api.allegro.pl/sale/products?phrase=5903849453080&mode=GTIN"}
[2025-10-20 08:50:08] GET | {"url":"https://api.allegro.pl/sale/products?phrase=5400706618618&mode=GTIN"}
[2025-10-20 08:50:11] GET | {"url":"https://api.allegro.pl/sale/products?phrase=3800233782790&mode=GTIN"}
[2025-10-20 08:50:13] GET | {"url":"https://api.allegro.pl/sale/products?phrase=5902650273849&mode=GTIN"}
[2025-10-20 08:50:15] GET | {"url":"https://api.allegro.pl/sale/products?phrase=5400706617031&mode=GTIN"}
[2025-10-20 08:50:17] GET | {"url":"https://api.allegro.pl/sale/products?phrase=087614117430&mode=GTIN"}
[2025-10-20 08:50:19] GET | {"url":"https://api.allegro.pl/sale/products?phrase=7640133074481&mode=GTIN"}
[2025-10-20 08:50:21] GET | {"url":"https://api.allegro.pl/sale/products?phrase=4820219346999&mode=GTIN"}
[2025-10-20 08:50:23] GET | {"url":"https://api.allegro.pl/sale/products?phrase=5904730935227&mode=GTIN"}
[2025-10-20 08:50:26] GET | {"url":"https://api.allegro.pl/sale/products?phrase=5400706615174&mode=GTIN"}
[2025-10-20 08:50:28] GET | {"url":"https://api.allegro.pl/sale/products?phrase=5902565216832&mode=GTIN"}
[2025-10-20 08:50:30] GET | {"url":"https://api.allegro.pl/sale/products?phrase=5904730935036&mode=GTIN"}
[2025-10-20 08:50:32] GET | {"url":"https://api.allegro.pl/sale/products?phrase=5903900368230&mode=GTIN"}
[2025-10-20 08:50:34] GET | {"url":"https://api.allegro.pl/sale/products?phrase=5902175861453&mode=GTIN"}
[2025-10-20 08:50:36] GET | {"url":"https://api.allegro.pl/sale/products?phrase=8009004811119&mode=GTIN"}
[2025-10-20 08:50:38] GET | {"url":"https://api.allegro.pl/sale/products?phrase=5909000690998&mode=GTIN"}
[2025-10-20 08:50:40] GET | {"url":"https://api.allegro.pl/sale/products?phrase=5400706617024&mode=GTIN"}
[2025-10-20 08:50:42] GET | {"url":"https://api.allegro.pl/sale/products?phrase=3800200963382&mode=GTIN"}
[2025-10-20 08:50:44] GET | {"url":"https://api.allegro.pl/sale/products?phrase=5907078675046&mode=GTIN"}
[2025-10-20 08:50:46] GET | {"url":"https://api.allegro.pl/sale/products?phrase=3760192494861&mode=GTIN"}
[2025-10-20 08:50:48] GET | {"url":"https://api.allegro.pl/sale/products?phrase=5904826089452&mode=GTIN"}
[2025-10-20 08:50:50] GET | {"url":"https://api.allegro.pl/sale/products?phrase=5701058011639&mode=GTIN"}
[2025-10-20 08:50:52] GET | {"url":"https://api.allegro.pl/sale/products?phrase=3800233781823&mode=GTIN"}
[2025-10-20 08:50:54] GET | {"url":"https://api.allegro.pl/sale/products?phrase=5908234462098&mode=GTIN"}
[2025-10-20 08:50:57] GET | {"url":"https://api.allegro.pl/sale/products?phrase=5902650274624&mode=GTIN"}
[2025-10-20 08:50:59] GET | {"url":"https://api.allegro.pl/sale/products?phrase=8412439287006&mode=GTIN"}
[2025-10-20 08:51:01] GET | {"url":"https://api.allegro.pl/sale/products?phrase=5908249972100&mode=GTIN"}
[2025-10-20 08:51:03] GET | {"url":"https://api.allegro.pl/sale/products?phrase=5907530440526&mode=GTIN"}
[2025-10-20 08:51:05] GET | {"url":"https://api.allegro.pl/sale/products?phrase=8412439285040&mode=GTIN"}
[2025-10-20 08:51:07] GET | {"url":"https://api.allegro.pl/sale/products?phrase=Powid%C5%82a%20strzeleckie%20niskos%C5%82odzone%20ok."}
[2025-10-20 08:51:07] GET | {"url":"https://api.allegro.pl/sale/products?phrase=Powid%C5%82a%20strzeleckie%20niskos%C5%82odzone"}
[2025-10-20 08:51:07] GET | {"url":"https://api.allegro.pl/sale/products?phrase=Powid%C5%82a%20strzeleckie"}
[2025-10-20 08:51:09] GET | {"url":"https://api.allegro.pl/sale/products?phrase=5903849453059&mode=GTIN"}
[2025-10-20 08:51:11] GET | {"url":"https://api.allegro.pl/sale/products?phrase=5900672302066&mode=GTIN"}
[2025-10-20 08:51:13] GET | {"url":"https://api.allegro.pl/sale/products?phrase=5907078675633&mode=GTIN"}
[2025-10-20 08:51:15] GET | {"url":"https://api.allegro.pl/sale/products?phrase=8412439285033&mode=GTIN"}
[2025-10-20 08:51:17] GET | {"url":"https://api.allegro.pl/sale/products?phrase=5904257043238&mode=GTIN"}
[2025-10-20 08:51:19] GET | {"url":"https://api.allegro.pl/sale/products?phrase=5903900368124&mode=GTIN"}
[2025-10-20 08:51:21] GET | {"url":"https://api.allegro.pl/sale/products?phrase=8412439285309&mode=GTIN"}
[2025-10-20 08:51:23] GET | {"url":"https://api.allegro.pl/sale/products?phrase=5904826089445&mode=GTIN"}
[2025-10-20 08:51:25] GET | {"url":"https://api.allegro.pl/sale/products?phrase=5907814666468&mode=GTIN"}
[2025-10-20 08:51:27] GET | {"url":"https://api.allegro.pl/sale/products?phrase=5908249970847&mode=GTIN"}
[2025-10-20 08:51:29] GET | {"url":"https://api.allegro.pl/sale/products?phrase=8713576004052&mode=GTIN"}
[2025-10-20 08:51:31] GET | {"url":"https://api.allegro.pl/sale/products?phrase=5903900365772&mode=GTIN"}
[2025-10-20 08:51:33] GET | {"url":"https://api.allegro.pl/sale/products?phrase=8713576004045&mode=GTIN"}
[2025-10-20 08:51:35] GET | {"url":"https://api.allegro.pl/sale/products?phrase=5903111899059&mode=GTIN"}
[2025-10-20 08:51:37] GET | {"url":"https://api.allegro.pl/sale/products?phrase=5902425050866&mode=GTIN"}
[2025-10-20 08:51:39] GET | {"url":"https://api.allegro.pl/sale/products?phrase=5906732624642&mode=GTIN"}
[2025-10-20 08:51:41] GET | {"url":"https://api.allegro.pl/sale/products?phrase=4044889004755&mode=GTIN"}
[2025-10-20 08:51:43] GET | {"url":"https://api.allegro.pl/sale/products?phrase=5907052935777&mode=GTIN"}
[2025-10-20 08:51:44] GET | {"url":"https://api.allegro.pl/sale/products?phrase=KOMBUCHA%20APEROLLO%20BIO%20270%20%20ml%20-%20DELIKATNA"}
[2025-10-20 08:51:44] GET | {"url":"https://api.allegro.pl/sale/products?phrase=KOMBUCHA%20APEROLLO%20BIO%20270%20%20ml%20-"}
[2025-10-20 08:51:44] GET | {"url":"https://api.allegro.pl/sale/products?phrase=KOMBUCHA%20APEROLLO%20BIO%20270%20%20ml"}
[2025-10-20 08:51:44] GET | {"url":"https://api.allegro.pl/sale/products?phrase=KOMBUCHA%20APEROLLO%20BIO%20270%20"}
[2025-10-20 08:51:44] GET | {"url":"https://api.allegro.pl/sale/products?phrase=KOMBUCHA%20APEROLLO%20BIO%20270"}
[2025-10-20 08:51:44] GET | {"url":"https://api.allegro.pl/sale/products?phrase=KOMBUCHA%20APEROLLO%20BIO"}
[2025-10-20 08:51:46] GET | {"url":"https://api.allegro.pl/sale/products?phrase=8411066003911&mode=GTIN"}
[2025-10-20 08:51:48] GET | {"url":"https://api.allegro.pl/sale/products?phrase=4010139181026&mode=GTIN"}
[2025-10-20 08:51:50] GET | {"url":"https://api.allegro.pl/sale/products?phrase=4010139181002&mode=GTIN"}
[2025-10-20 08:51:52] GET | {"url":"https://api.allegro.pl/sale/products?phrase=4010139185024&mode=GTIN"}
[2025-10-20 08:51:54] GET | {"url":"https://api.allegro.pl/sale/products?phrase=5906732624673&mode=GTIN"}
[2025-10-20 08:51:56] GET | {"url":"https://api.allegro.pl/sale/products?phrase=4010139186021&mode=GTIN"}
[2025-10-20 08:51:58] GET | {"url":"https://api.allegro.pl/sale/products?phrase=5903726408936&mode=GTIN"}
[2025-10-20 08:51:58] GET | {"url":"https://api.allegro.pl/sale/products?phrase=KOMBUCHA%20Z%20HIBISKUSEM%20BIO%20270%20ml%20-%20DELIKATNA"}
[2025-10-20 08:51:58] GET | {"url":"https://api.allegro.pl/sale/products?phrase=KOMBUCHA%20Z%20HIBISKUSEM%20BIO%20270%20ml%20-"}
[2025-10-20 08:51:59] GET | {"url":"https://api.allegro.pl/sale/products?phrase=KOMBUCHA%20Z%20HIBISKUSEM%20BIO%20270%20ml"}
[2025-10-20 08:51:59] GET | {"url":"https://api.allegro.pl/sale/products?phrase=KOMBUCHA%20Z%20HIBISKUSEM%20BIO%20270"}
[2025-10-20 08:51:59] GET | {"url":"https://api.allegro.pl/sale/products?phrase=KOMBUCHA%20Z%20HIBISKUSEM%20BIO"}
[2025-10-20 08:52:01] GET | {"url":"https://api.allegro.pl/sale/products?phrase=7640104951254&mode=GTIN"}
[2025-10-20 08:52:03] GET | {"url":"https://api.allegro.pl/sale/products?phrase=5907814662538&mode=GTIN"}
[2025-10-20 08:52:05] GET | {"url":"https://api.allegro.pl/sale/products?phrase=5907814662538&mode=GTIN"}
[2025-10-20 08:52:07] GET | {"url":"https://api.allegro.pl/sale/products?phrase=8009004814073&mode=GTIN"}
[2025-10-20 08:52:09] GET | {"url":"https://api.allegro.pl/sale/products?phrase=5901902004576&mode=GTIN"}
[2025-10-20 08:52:11] GET | {"url":"https://api.allegro.pl/sale/products?phrase=5901902004729&mode=GTIN"}
[2025-10-20 08:52:13] GET | {"url":"https://api.allegro.pl/sale/products?phrase=5907814660312&mode=GTIN"}
[2025-10-20 08:52:15] GET | {"url":"https://api.allegro.pl/sale/products?phrase=8586024422858&mode=GTIN"}
[2025-10-20 08:52:15] GET | {"url":"https://api.allegro.pl/sale/products?phrase=Tofu%20mielone%20%C5%82agodne"}
[2025-10-20 08:52:15] GET | {"url":"https://api.allegro.pl/sale/products?phrase=Tofu%20mielone"}
[2025-10-20 08:52:17] GET | {"url":"https://api.allegro.pl/sale/products?phrase=8586024422841&mode=GTIN"}
[2025-10-20 08:52:17] GET | {"url":"https://api.allegro.pl/sale/products?phrase=Tofu%20wok%20%26%20bowl%20pikantne"}
[2025-10-20 08:52:17] GET | {"url":"https://api.allegro.pl/sale/products?phrase=Tofu%20wok%20%26%20bowl"}
[2025-10-20 08:52:18] GET | {"url":"https://api.allegro.pl/sale/products?phrase=Tofu%20wok%20%26"}
[2025-10-20 08:52:20] GET | {"url":"https://api.allegro.pl/sale/products?phrase=4820058210093&mode=GTIN"}
[2025-10-20 08:52:22] GET | {"url":"https://api.allegro.pl/sale/products?phrase=5906288074717&mode=GTIN"}
[2025-10-20 08:52:24] GET | {"url":"https://api.allegro.pl/sale/products?phrase=5903548001827&mode=GTIN"}
[2025-10-20 08:52:26] GET | {"url":"https://api.allegro.pl/sale/products?phrase=8436008300255&mode=GTIN"}
[2025-10-20 08:52:28] GET | {"url":"https://api.allegro.pl/sale/products?phrase=5902983780151&mode=GTIN"}
