[2025-10-01 10:05:36] OAuth token call | {"url":"https://allegro.pl/auth/oauth/token","http_code":200}
[2025-10-01 10:05:36] Token refreshed
[2025-10-01 10:05:36] GET | {"url":"https://api.allegro.pl/sale/products?phrase=5903900362580&mode=GTIN"}
[2025-10-01 10:05:36] GET | {"url":"https://api.allegro.pl/sale/products?phrase=OPAKOWANIE%20ZBIORCZE%20%28kg%29%20-%20GRZYBY%20SHIITAKE%20%C5%9AWIE%C5%BBE%20BIO%20%28POLSKA%29%20%28oko%C5%82o%201%20kg%29"}
[2025-10-01 10:05:36] GET | {"url":"https://api.allegro.pl/sale/products?phrase=OPAKOWANIE%20ZBIORCZE%20%28kg%29%20-%20GRZYBY%20SHIITAKE%20%C5%9AWIE%C5%BBE%20BIO%20%28POLSKA%29%20%28oko%C5%82o%201"}
[2025-10-01 10:05:37] GET | {"url":"https://api.allegro.pl/sale/products?phrase=OPAKOWANIE%20ZBIORCZE%20%28kg%29%20-%20GRZYBY%20SHIITAKE%20%C5%9AWIE%C5%BBE%20BIO%20%28POLSKA%29%20%28oko%C5%82o"}
[2025-10-01 10:05:37] GET | {"url":"https://api.allegro.pl/sale/products?phrase=OPAKOWANIE%20ZBIORCZE%20%28kg%29%20-%20GRZYBY%20SHIITAKE%20%C5%9AWIE%C5%BBE%20BIO%20%28POLSKA%29"}
[2025-10-01 10:05:38] GET | {"url":"https://api.allegro.pl/sale/products?phrase=OPAKOWANIE%20ZBIORCZE%20%28kg%29%20-%20GRZYBY%20SHIITAKE%20%C5%9AWIE%C5%BBE%20BIO"}
[2025-10-01 10:05:39] GET | {"url":"https://api.allegro.pl/sale/products?phrase=OPAKOWANIE%20ZBIORCZE%20%28kg%29%20-%20GRZYBY%20SHIITAKE%20%C5%9AWIE%C5%BBE"}
[2025-10-01 10:05:40] GET | {"url":"https://api.allegro.pl/sale/products?phrase=OPAKOWANIE%20ZBIORCZE%20%28kg%29%20-%20GRZYBY%20SHIITAKE"}
[2025-10-01 10:05:41] GET | {"url":"https://api.allegro.pl/sale/products?phrase=OPAKOWANIE%20ZBIORCZE%20%28kg%29%20-%20GRZYBY"}
[2025-10-01 10:05:42] GET | {"url":"https://api.allegro.pl/sale/products?phrase=OPAKOWANIE%20ZBIORCZE%20%28kg%29%20-"}
[2025-10-01 10:05:45] GET | {"url":"https://api.allegro.pl/sale/products?phrase=5200300113454&mode=GTIN"}
[2025-10-01 10:05:46] GET | {"url":"https://api.allegro.pl/sale/products?phrase=8586018953863&mode=GTIN"}
[2025-10-01 10:05:48] GET | {"url":"https://api.allegro.pl/sale/products?phrase=5905133149228&mode=GTIN"}
[2025-10-01 10:05:49] GET | {"url":"https://api.allegro.pl/sale/products?phrase=5908249976887&mode=GTIN"}
[2025-10-01 10:05:51] GET | {"url":"https://api.allegro.pl/sale/products?phrase=5412360017775&mode=GTIN"}
[2025-10-01 10:05:51] GET | {"url":"https://api.allegro.pl/sale/products?phrase=KAWA%20Z%20KOLAGENEM%20RYBIM%20BEZ%20CUKRU%20BEZGLUTENOWA%20KETO%2012%20SASZETEK%20-%20PHYSALIS"}
[2025-10-01 10:05:51] GET | {"url":"https://api.allegro.pl/sale/products?phrase=KAWA%20Z%20KOLAGENEM%20RYBIM%20BEZ%20CUKRU%20BEZGLUTENOWA%20KETO%2012%20SASZETEK%20-"}
[2025-10-01 10:05:52] GET | {"url":"https://api.allegro.pl/sale/products?phrase=KAWA%20Z%20KOLAGENEM%20RYBIM%20BEZ%20CUKRU%20BEZGLUTENOWA%20KETO%2012%20SASZETEK"}
[2025-10-01 10:05:52] GET | {"url":"https://api.allegro.pl/sale/products?phrase=KAWA%20Z%20KOLAGENEM%20RYBIM%20BEZ%20CUKRU%20BEZGLUTENOWA%20KETO%2012"}
[2025-10-01 10:05:53] GET | {"url":"https://api.allegro.pl/sale/products?phrase=KAWA%20Z%20KOLAGENEM%20RYBIM%20BEZ%20CUKRU%20BEZGLUTENOWA%20KETO"}
[2025-10-01 10:05:53] GET | {"url":"https://api.allegro.pl/sale/products?phrase=KAWA%20Z%20KOLAGENEM%20RYBIM%20BEZ%20CUKRU%20BEZGLUTENOWA"}
[2025-10-01 10:05:54] GET | {"url":"https://api.allegro.pl/sale/products?phrase=KAWA%20Z%20KOLAGENEM%20RYBIM%20BEZ%20CUKRU"}
[2025-10-01 10:05:55] GET | {"url":"https://api.allegro.pl/sale/products?phrase=KAWA%20Z%20KOLAGENEM%20RYBIM%20BEZ"}
[2025-10-01 10:05:56] GET | {"url":"https://api.allegro.pl/sale/products?phrase=KAWA%20Z%20KOLAGENEM%20RYBIM"}
[2025-10-01 10:05:59] GET | {"url":"https://api.allegro.pl/sale/products?phrase=5412360023011&mode=GTIN"}
[2025-10-01 10:06:02] GET | {"url":"https://api.allegro.pl/sale/products?phrase=5412360022892&mode=GTIN"}
[2025-10-01 10:06:04] GET | {"url":"https://api.allegro.pl/sale/products?phrase=5904730393010&mode=GTIN"}
[2025-10-01 10:06:06] GET | {"url":"https://api.allegro.pl/sale/products?phrase=5200300106333&mode=GTIN"}
[2025-10-01 10:06:08] GET | {"url":"https://api.allegro.pl/sale/products?phrase=5200300113447&mode=GTIN"}
[2025-10-01 10:06:11] GET | {"url":"https://api.allegro.pl/sale/products?phrase=5200300106326&mode=GTIN"}
[2025-10-01 10:06:11] GET | {"url":"https://api.allegro.pl/sale/products?phrase=CHA%C5%81WA%20KAKAOWA%20BIO%20200%20g%20-%20BIOAGROS"}
[2025-10-01 10:06:13] GET | {"url":"https://api.allegro.pl/sale/products?phrase=5902741000682&mode=GTIN"}
[2025-10-01 10:06:15] GET | {"url":"https://api.allegro.pl/sale/products?phrase=5907052937016&mode=GTIN"}
[2025-10-01 10:06:17] GET | {"url":"https://api.allegro.pl/sale/products?phrase=5907052937153&mode=GTIN"}
[2025-10-01 10:06:18] GET | {"url":"https://api.allegro.pl/sale/products?phrase=5907052937085&mode=GTIN"}
[2025-10-01 10:06:20] GET | {"url":"https://api.allegro.pl/sale/products?phrase=5907052937054&mode=GTIN"}
[2025-10-01 10:06:22] GET | {"url":"https://api.allegro.pl/sale/products?phrase=4260311983423&mode=GTIN"}
[2025-10-01 10:06:24] GET | {"url":"https://api.allegro.pl/sale/products?phrase=5907052937009&mode=GTIN"}
[2025-10-01 10:06:26] GET | {"url":"https://api.allegro.pl/sale/products?phrase=5905279294028&mode=GTIN"}
[2025-10-01 10:06:29] GET | {"url":"https://api.allegro.pl/sale/products?phrase=5903246568158&mode=GTIN"}
[2025-10-01 10:06:31] GET | {"url":"https://api.allegro.pl/sale/products?phrase=5903246567274&mode=GTIN"}
[2025-10-01 10:06:33] GET | {"url":"https://api.allegro.pl/sale/products?phrase=5905186301987&mode=GTIN"}
[2025-10-01 10:06:35] GET | {"url":"https://api.allegro.pl/sale/products?phrase=5903246564365&mode=GTIN"}
[2025-10-01 10:20:57] GET | {"url":"https://api.allegro.pl/sale/products?phrase=5907814663740&mode=GTIN"}
[2025-10-01 10:20:58] GET | {"url":"https://api.allegro.pl/sale/products?phrase=5902837811864&mode=GTIN"}
[2025-10-01 10:20:59] GET | {"url":"https://api.allegro.pl/sale/products?phrase=5902425050842&mode=GTIN"}
[2025-10-01 10:21:00] GET | {"url":"https://api.allegro.pl/sale/products?phrase=5907814663740&mode=GTIN"}
[2025-10-01 10:21:03] GET | {"url":"https://api.allegro.pl/sale/products?phrase=5906395204298&mode=GTIN"}
[2025-10-01 10:21:05] GET | {"url":"https://api.allegro.pl/sale/products?phrase=5902650273474&mode=GTIN"}
