[2025-10-23 10:05:24] OAuth token call | {"url":"https://allegro.pl/auth/oauth/token","http_code":200}
[2025-10-23 10:05:24] Token refreshed
[2025-10-23 10:05:24] GET | {"url":"https://api.allegro.pl/sale/products?phrase=5908249976818&mode=GTIN"}
[2025-10-23 10:05:25] GET | {"url":"https://api.allegro.pl/sale/products?phrase=5905699160248&mode=GTIN"}
[2025-10-23 10:05:27] GET | {"url":"https://api.allegro.pl/sale/products?phrase=4003247705550&mode=GTIN"}
[2025-10-23 10:05:28] GET | {"url":"https://api.allegro.pl/sale/products?phrase=5908249971356&mode=GTIN"}
[2025-10-23 10:05:29] GET | {"url":"https://api.allegro.pl/sale/products?phrase=5903933645537&mode=GTIN"}
[2025-10-23 10:05:30] GET | {"url":"https://api.allegro.pl/sale/products?phrase=5902448162973&mode=GTIN"}
[2025-10-23 10:05:31] GET | {"url":"https://api.allegro.pl/sale/products?phrase=5902448160054&mode=GTIN"}
[2025-10-23 10:05:33] GET | {"url":"https://api.allegro.pl/sale/products?phrase=5902448162188&mode=GTIN"}
[2025-10-23 10:05:34] GET | {"url":"https://api.allegro.pl/sale/products?phrase=5902448162638&mode=GTIN"}
[2025-10-23 10:05:35] GET | {"url":"https://api.allegro.pl/sale/products?phrase=5902448160528&mode=GTIN"}
[2025-10-23 10:05:36] GET | {"url":"https://api.allegro.pl/sale/products?phrase=5902448162812&mode=GTIN"}
[2025-10-23 10:05:36] GET | {"url":"https://api.allegro.pl/sale/products?phrase=QUINOA%20EKSPANDOWANA%20BIO%20%28SUROWIEC%29%20%2815%20kg%29"}
[2025-10-23 10:05:36] GET | {"url":"https://api.allegro.pl/sale/products?phrase=QUINOA%20EKSPANDOWANA%20BIO%20%28SUROWIEC%29%20%2815"}
[2025-10-23 10:05:36] GET | {"url":"https://api.allegro.pl/sale/products?phrase=QUINOA%20EKSPANDOWANA%20BIO%20%28SUROWIEC%29"}
[2025-10-23 10:05:36] GET | {"url":"https://api.allegro.pl/sale/products?phrase=QUINOA%20EKSPANDOWANA%20BIO"}
[2025-10-23 10:05:38] GET | {"url":"https://api.allegro.pl/sale/products?phrase=5902448162614&mode=GTIN"}
[2025-10-23 10:05:38] GET | {"url":"https://api.allegro.pl/sale/products?phrase=PCHE%C5%81KI%20CZEKOLADOWE%20BIO%20%28SUROWIEC%29%20%284%20kg%29"}
[2025-10-23 10:05:38] GET | {"url":"https://api.allegro.pl/sale/products?phrase=PCHE%C5%81KI%20CZEKOLADOWE%20BIO%20%28SUROWIEC%29%20%284"}
[2025-10-23 10:05:39] GET | {"url":"https://api.allegro.pl/sale/products?phrase=PCHE%C5%81KI%20CZEKOLADOWE%20BIO%20%28SUROWIEC%29"}
[2025-10-23 10:05:40] GET | {"url":"https://api.allegro.pl/sale/products?phrase=PCHE%C5%81KI%20CZEKOLADOWE%20BIO"}
[2025-10-23 10:05:42] GET | {"url":"https://api.allegro.pl/sale/products?phrase=5902448162645&mode=GTIN"}
[2025-10-23 10:05:43] GET | {"url":"https://api.allegro.pl/sale/products?phrase=5903900368292&mode=GTIN"}
[2025-10-23 10:05:45] GET | {"url":"https://api.allegro.pl/sale/products?phrase=5902448162409&mode=GTIN"}
[2025-10-23 10:05:45] GET | {"url":"https://api.allegro.pl/sale/products?phrase=M%C4%84KA%20Z%20KONOPI%20BIO%20%28SUROWIEC%29%20%2825%20kg%29"}
[2025-10-23 10:05:45] GET | {"url":"https://api.allegro.pl/sale/products?phrase=M%C4%84KA%20Z%20KONOPI%20BIO%20%28SUROWIEC%29%20%2825"}
[2025-10-23 10:05:46] GET | {"url":"https://api.allegro.pl/sale/products?phrase=M%C4%84KA%20Z%20KONOPI%20BIO%20%28SUROWIEC%29"}
[2025-10-23 10:05:47] GET | {"url":"https://api.allegro.pl/sale/products?phrase=M%C4%84KA%20Z%20KONOPI%20BIO"}
[2025-10-23 10:05:52] GET | {"url":"https://api.allegro.pl/sale/products?phrase=5902448160344&mode=GTIN"}
[2025-10-23 10:05:54] GET | {"url":"https://api.allegro.pl/sale/products?phrase=5902650273337&mode=GTIN"}
[2025-10-23 10:05:56] GET | {"url":"https://api.allegro.pl/sale/products?phrase=5902650273894&mode=GTIN"}
[2025-10-23 10:05:56] GET | {"url":"https://api.allegro.pl/sale/products?phrase=KULKI%20MIODOWE%20BIO%20%28SUROWIEC%29%20%2810%20kg%29"}
[2025-10-23 10:05:56] GET | {"url":"https://api.allegro.pl/sale/products?phrase=KULKI%20MIODOWE%20BIO%20%28SUROWIEC%29%20%2810"}
[2025-10-23 10:05:57] GET | {"url":"https://api.allegro.pl/sale/products?phrase=KULKI%20MIODOWE%20BIO%20%28SUROWIEC%29"}
[2025-10-23 10:05:57] GET | {"url":"https://api.allegro.pl/sale/products?phrase=KULKI%20MIODOWE%20BIO"}
[2025-10-23 10:05:59] GET | {"url":"https://api.allegro.pl/sale/products?phrase=5903849453783&mode=GTIN"}
[2025-10-23 10:06:01] GET | {"url":"https://api.allegro.pl/sale/products?phrase=5902448164014&mode=GTIN"}
[2025-10-23 10:06:03] GET | {"url":"https://api.allegro.pl/sale/products?phrase=5902448160245&mode=GTIN"}
[2025-10-23 10:06:05] GET | {"url":"https://api.allegro.pl/sale/products?phrase=5902448162416&mode=GTIN"}
[2025-10-23 10:06:05] GET | {"url":"https://api.allegro.pl/sale/products?phrase=M%C4%84KA%20Z%20LNU%20BIO%20%28SUROWIEC%29%20%2825%20kg%29"}
[2025-10-23 10:06:05] GET | {"url":"https://api.allegro.pl/sale/products?phrase=M%C4%84KA%20Z%20LNU%20BIO%20%28SUROWIEC%29%20%2825"}
[2025-10-23 10:06:05] GET | {"url":"https://api.allegro.pl/sale/products?phrase=M%C4%84KA%20Z%20LNU%20BIO%20%28SUROWIEC%29"}
[2025-10-23 10:06:05] GET | {"url":"https://api.allegro.pl/sale/products?phrase=M%C4%84KA%20Z%20LNU%20BIO"}
[2025-10-23 10:06:08] GET | {"url":"https://api.allegro.pl/sale/products?phrase=5907738153198&mode=GTIN"}
[2025-10-23 10:06:10] GET | {"url":"https://api.allegro.pl/sale/products?phrase=5907738156199&mode=GTIN"}
[2025-10-23 10:06:12] GET | {"url":"https://api.allegro.pl/sale/products?phrase=5904730935166&mode=GTIN"}
[2025-10-23 10:06:14] GET | {"url":"https://api.allegro.pl/sale/products?phrase=5908283531615&mode=GTIN"}
[2025-10-23 10:06:16] GET | {"url":"https://api.allegro.pl/sale/products?phrase=5904730935838&mode=GTIN"}
[2025-10-23 10:06:18] GET | {"url":"https://api.allegro.pl/sale/products?phrase=5906660157960&mode=GTIN"}
[2025-10-23 10:06:18] GET | {"url":"https://api.allegro.pl/sale/products?phrase=DAKTYLE%20MEDJOOL%20W%20CIEMNEJ%20CZEKOLADZIE%20Z%20NADZIENIEM%20I%20POSYPK%C4%84%20BEZGLUTENOWE%20BIO%20230%20g%20-%20ORGANICHOUSE%20%28MARYSIE%C5%83KI%29%20%28PRODUKT%20SEZONOW"}
[2025-10-23 10:06:18] GET | {"url":"https://api.allegro.pl/sale/products?phrase=DAKTYLE%20MEDJOOL%20W%20CIEMNEJ%20CZEKOLADZIE%20Z%20NADZIENIEM%20I%20POSYPK%C4%84%20BEZGLUTENOWE%20BIO%20230%20g%20-%20ORGANICHOUSE%20%28MARYSIE%C5%83KI%29%20%28PRODUKT"}
[2025-10-23 10:06:19] GET | {"url":"https://api.allegro.pl/sale/products?phrase=DAKTYLE%20MEDJOOL%20W%20CIEMNEJ%20CZEKOLADZIE%20Z%20NADZIENIEM%20I%20POSYPK%C4%84%20BEZGLUTENOWE%20BIO%20230%20g%20-%20ORGANICHOUSE%20%28MARYSIE%C5%83KI%29"}
[2025-10-23 10:06:19] GET | {"url":"https://api.allegro.pl/sale/products?phrase=DAKTYLE%20MEDJOOL%20W%20CIEMNEJ%20CZEKOLADZIE%20Z%20NADZIENIEM%20I%20POSYPK%C4%84%20BEZGLUTENOWE%20BIO%20230%20g%20-%20ORGANICHOUSE"}
[2025-10-23 10:06:19] GET | {"url":"https://api.allegro.pl/sale/products?phrase=DAKTYLE%20MEDJOOL%20W%20CIEMNEJ%20CZEKOLADZIE%20Z%20NADZIENIEM%20I%20POSYPK%C4%84%20BEZGLUTENOWE%20BIO%20230%20g%20-"}
[2025-10-23 10:06:19] GET | {"url":"https://api.allegro.pl/sale/products?phrase=DAKTYLE%20MEDJOOL%20W%20CIEMNEJ%20CZEKOLADZIE%20Z%20NADZIENIEM%20I%20POSYPK%C4%84%20BEZGLUTENOWE%20BIO%20230%20g"}
[2025-10-23 10:06:19] GET | {"url":"https://api.allegro.pl/sale/products?phrase=DAKTYLE%20MEDJOOL%20W%20CIEMNEJ%20CZEKOLADZIE%20Z%20NADZIENIEM%20I%20POSYPK%C4%84%20BEZGLUTENOWE%20BIO%20230"}
[2025-10-23 10:06:19] GET | {"url":"https://api.allegro.pl/sale/products?phrase=DAKTYLE%20MEDJOOL%20W%20CIEMNEJ%20CZEKOLADZIE%20Z%20NADZIENIEM%20I%20POSYPK%C4%84%20BEZGLUTENOWE%20BIO"}
[2025-10-23 10:06:19] GET | {"url":"https://api.allegro.pl/sale/products?phrase=DAKTYLE%20MEDJOOL%20W%20CIEMNEJ%20CZEKOLADZIE%20Z%20NADZIENIEM%20I%20POSYPK%C4%84%20BEZGLUTENOWE"}
[2025-10-23 10:06:19] GET | {"url":"https://api.allegro.pl/sale/products?phrase=DAKTYLE%20MEDJOOL%20W%20CIEMNEJ%20CZEKOLADZIE%20Z%20NADZIENIEM%20I%20POSYPK%C4%84"}
[2025-10-23 10:06:20] GET | {"url":"https://api.allegro.pl/sale/products?phrase=DAKTYLE%20MEDJOOL%20W%20CIEMNEJ%20CZEKOLADZIE%20Z%20NADZIENIEM%20I"}
[2025-10-23 10:06:20] GET | {"url":"https://api.allegro.pl/sale/products?phrase=DAKTYLE%20MEDJOOL%20W%20CIEMNEJ%20CZEKOLADZIE%20Z%20NADZIENIEM"}
[2025-10-23 10:06:21] GET | {"url":"https://api.allegro.pl/sale/products?phrase=DAKTYLE%20MEDJOOL%20W%20CIEMNEJ%20CZEKOLADZIE%20Z"}
[2025-10-23 10:06:22] GET | {"url":"https://api.allegro.pl/sale/products?phrase=DAKTYLE%20MEDJOOL%20W%20CIEMNEJ%20CZEKOLADZIE"}
[2025-10-23 10:06:23] GET | {"url":"https://api.allegro.pl/sale/products?phrase=DAKTYLE%20MEDJOOL%20W%20CIEMNEJ"}
[2025-10-23 10:06:24] GET | {"url":"https://api.allegro.pl/sale/products?phrase=DAKTYLE%20MEDJOOL%20W"}
[2025-10-23 10:06:27] GET | {"url":"https://api.allegro.pl/sale/products?phrase=5902425057230&mode=GTIN"}
[2025-10-23 10:06:29] GET | {"url":"https://api.allegro.pl/sale/products?phrase=733739004369&mode=GTIN"}
[2025-10-23 10:06:31] GET | {"url":"https://api.allegro.pl/sale/products?phrase=087614116716&mode=GTIN"}
[2025-10-23 10:06:34] GET | {"url":"https://api.allegro.pl/sale/products?phrase=087614019727&mode=GTIN"}
[2025-10-23 10:06:36] GET | {"url":"https://api.allegro.pl/sale/products?phrase=5904730935012&mode=GTIN"}
[2025-10-23 10:06:38] GET | {"url":"https://api.allegro.pl/sale/products?phrase=5903849453080&mode=GTIN"}
[2025-10-23 10:06:40] GET | {"url":"https://api.allegro.pl/sale/products?phrase=5400706618618&mode=GTIN"}
[2025-10-23 10:06:43] GET | {"url":"https://api.allegro.pl/sale/products?phrase=3445020003278&mode=GTIN"}
[2025-10-23 10:06:45] GET | {"url":"https://api.allegro.pl/sale/products?phrase=5903900365789&mode=GTIN"}
[2025-10-23 10:06:47] GET | {"url":"https://api.allegro.pl/sale/products?phrase=5902650273849&mode=GTIN"}
[2025-10-23 10:06:49] GET | {"url":"https://api.allegro.pl/sale/products?phrase=5400706617031&mode=GTIN"}
[2025-10-23 10:06:51] GET | {"url":"https://api.allegro.pl/sale/products?phrase=5904806120564&mode=GTIN"}
[2025-10-23 10:06:54] GET | {"url":"https://api.allegro.pl/sale/products?phrase=087614117430&mode=GTIN"}
[2025-10-23 10:06:56] GET | {"url":"https://api.allegro.pl/sale/products?phrase=7640133074481&mode=GTIN"}
[2025-10-23 10:06:58] GET | {"url":"https://api.allegro.pl/sale/products?phrase=4820219346999&mode=GTIN"}
[2025-10-23 10:07:00] GET | {"url":"https://api.allegro.pl/sale/products?phrase=5904730935227&mode=GTIN"}
[2025-10-23 10:07:02] GET | {"url":"https://api.allegro.pl/sale/products?phrase=5400706615174&mode=GTIN"}
[2025-10-23 10:07:05] GET | {"url":"https://api.allegro.pl/sale/products?phrase=5902565216962&mode=GTIN"}
[2025-10-23 10:07:07] GET | {"url":"https://api.allegro.pl/sale/products?phrase=5904730935036&mode=GTIN"}
[2025-10-23 10:07:09] GET | {"url":"https://api.allegro.pl/sale/products?phrase=5903900368230&mode=GTIN"}
[2025-10-23 10:07:11] GET | {"url":"https://api.allegro.pl/sale/products?phrase=5907739367457&mode=GTIN"}
[2025-10-23 10:07:13] GET | {"url":"https://api.allegro.pl/sale/products?phrase=5902175861453&mode=GTIN"}
[2025-10-23 10:07:14] GET | {"url":"https://api.allegro.pl/sale/products?phrase=5903794185838&mode=GTIN"}
[2025-10-23 10:07:15] GET | {"url":"https://api.allegro.pl/sale/products?phrase=5903794185791&mode=GTIN"}
[2025-10-23 10:07:16] GET | {"url":"https://api.allegro.pl/sale/products?phrase=5903794185883&mode=GTIN"}
[2025-10-23 10:07:18] GET | {"url":"https://api.allegro.pl/sale/products?phrase=5903794185876&mode=GTIN"}
[2025-10-23 10:07:19] GET | {"url":"https://api.allegro.pl/sale/products?phrase=5903794185845&mode=GTIN"}
[2025-10-23 10:07:20] GET | {"url":"https://api.allegro.pl/sale/products?phrase=8009004811119&mode=GTIN"}
[2025-10-23 10:07:21] GET | {"url":"https://api.allegro.pl/sale/products?phrase=5909000690998&mode=GTIN"}
[2025-10-23 10:07:22] GET | {"url":"https://api.allegro.pl/sale/products?phrase=5400706617024&mode=GTIN"}
[2025-10-23 10:07:24] GET | {"url":"https://api.allegro.pl/sale/products?phrase=3800200963382&mode=GTIN"}
[2025-10-23 10:07:25] GET | {"url":"https://api.allegro.pl/sale/products?phrase=5907078675046&mode=GTIN"}
[2025-10-23 10:07:26] GET | {"url":"https://api.allegro.pl/sale/products?phrase=5902596655846&mode=GTIN"}
[2025-10-23 10:07:27] GET | {"url":"https://api.allegro.pl/sale/products?phrase=8410972121436&mode=GTIN"}
[2025-10-23 10:07:29] GET | {"url":"https://api.allegro.pl/sale/products?phrase=5904826089452&mode=GTIN"}
[2025-10-23 10:07:30] GET | {"url":"https://api.allegro.pl/sale/products?phrase=8410972170113&mode=GTIN"}
[2025-10-23 10:07:31] GET | {"url":"https://api.allegro.pl/sale/products?phrase=5908230845901&mode=GTIN"}
[2025-10-23 10:07:32] GET | {"url":"https://api.allegro.pl/sale/products?phrase=5701058011639&mode=GTIN"}
[2025-10-23 10:07:34] GET | {"url":"https://api.allegro.pl/sale/products?phrase=5908234462098&mode=GTIN"}
[2025-10-23 10:07:37] GET | {"url":"https://api.allegro.pl/sale/products?phrase=5902650274624&mode=GTIN"}
[2025-10-23 10:07:39] GET | {"url":"https://api.allegro.pl/sale/products?phrase=5902768174731&mode=GTIN"}
[2025-10-23 10:07:41] GET | {"url":"https://api.allegro.pl/sale/products?phrase=8412439287006&mode=GTIN"}
[2025-10-23 10:07:43] GET | {"url":"https://api.allegro.pl/sale/products?phrase=5908249972100&mode=GTIN"}
[2025-10-23 10:07:45] GET | {"url":"https://api.allegro.pl/sale/products?phrase=5907530440526&mode=GTIN"}
[2025-10-23 10:07:48] GET | {"url":"https://api.allegro.pl/sale/products?phrase=8412439285040&mode=GTIN"}
[2025-10-23 10:07:50] GET | {"url":"https://api.allegro.pl/sale/products?phrase=Powid%C5%82a%20strzeleckie%20niskos%C5%82odzone%20ok."}
[2025-10-23 10:07:50] GET | {"url":"https://api.allegro.pl/sale/products?phrase=Powid%C5%82a%20strzeleckie%20niskos%C5%82odzone"}
[2025-10-23 10:07:50] GET | {"url":"https://api.allegro.pl/sale/products?phrase=Powid%C5%82a%20strzeleckie"}
[2025-10-23 10:07:52] GET | {"url":"https://api.allegro.pl/sale/products?phrase=5900672302066&mode=GTIN"}
[2025-10-23 10:07:54] GET | {"url":"https://api.allegro.pl/sale/products?phrase=5907078675633&mode=GTIN"}
[2025-10-23 10:07:56] GET | {"url":"https://api.allegro.pl/sale/products?phrase=8412439285033&mode=GTIN"}
[2025-10-23 10:07:58] GET | {"url":"https://api.allegro.pl/sale/products?phrase=5904257043238&mode=GTIN"}
[2025-10-23 10:07:59] GET | {"url":"https://api.allegro.pl/sale/products?phrase=5903900368124&mode=GTIN"}
[2025-10-23 10:08:00] GET | {"url":"https://api.allegro.pl/sale/products?phrase=5904024000037&mode=GTIN"}
[2025-10-23 10:08:01] GET | {"url":"https://api.allegro.pl/sale/products?phrase=8412439285309&mode=GTIN"}
[2025-10-23 10:08:02] GET | {"url":"https://api.allegro.pl/sale/products?phrase=5902488060024&mode=GTIN"}
[2025-10-23 10:08:04] GET | {"url":"https://api.allegro.pl/sale/products?phrase=5904826089445&mode=GTIN"}
[2025-10-23 10:08:05] GET | {"url":"https://api.allegro.pl/sale/products?phrase=5907814666468&mode=GTIN"}
[2025-10-23 10:08:06] GET | {"url":"https://api.allegro.pl/sale/products?phrase=8411066003119&mode=GTIN"}
[2025-10-23 10:08:07] GET | {"url":"https://api.allegro.pl/sale/products?phrase=5908249970847&mode=GTIN"}
[2025-10-23 10:08:09] GET | {"url":"https://api.allegro.pl/sale/products?phrase=8713576004052&mode=GTIN"}
[2025-10-23 10:08:10] GET | {"url":"https://api.allegro.pl/sale/products?phrase=5907504400150&mode=GTIN"}
[2025-10-23 10:08:11] GET | {"url":"https://api.allegro.pl/sale/products?phrase=5903900365772&mode=GTIN"}
[2025-10-23 10:08:12] GET | {"url":"https://api.allegro.pl/sale/products?phrase=8713576004045&mode=GTIN"}
[2025-10-23 10:08:13] GET | {"url":"https://api.allegro.pl/sale/products?phrase=5903111899059&mode=GTIN"}
[2025-10-23 10:08:15] GET | {"url":"https://api.allegro.pl/sale/products?phrase=5902425050866&mode=GTIN"}
[2025-10-23 10:08:16] GET | {"url":"https://api.allegro.pl/sale/products?phrase=4044889004755&mode=GTIN"}
[2025-10-23 10:08:17] GET | {"url":"https://api.allegro.pl/sale/products?phrase=5907052935777&mode=GTIN"}
[2025-10-23 10:08:17] GET | {"url":"https://api.allegro.pl/sale/products?phrase=KOMBUCHA%20APEROLLO%20BIO%20270%20%20ml%20-%20DELIKATNA"}
[2025-10-23 10:08:17] GET | {"url":"https://api.allegro.pl/sale/products?phrase=KOMBUCHA%20APEROLLO%20BIO%20270%20%20ml%20-"}
[2025-10-23 10:08:17] GET | {"url":"https://api.allegro.pl/sale/products?phrase=KOMBUCHA%20APEROLLO%20BIO%20270%20%20ml"}
[2025-10-23 10:08:17] GET | {"url":"https://api.allegro.pl/sale/products?phrase=KOMBUCHA%20APEROLLO%20BIO%20270%20"}
[2025-10-23 10:08:18] GET | {"url":"https://api.allegro.pl/sale/products?phrase=KOMBUCHA%20APEROLLO%20BIO%20270"}
[2025-10-23 10:08:18] GET | {"url":"https://api.allegro.pl/sale/products?phrase=KOMBUCHA%20APEROLLO%20BIO"}
[2025-10-23 10:08:19] GET | {"url":"https://api.allegro.pl/sale/products?phrase=8411066003911&mode=GTIN"}
[2025-10-23 10:08:20] GET | {"url":"https://api.allegro.pl/sale/products?phrase=4010139181026&mode=GTIN"}
[2025-10-23 10:08:22] GET | {"url":"https://api.allegro.pl/sale/products?phrase=4010139181002&mode=GTIN"}
[2025-10-23 10:08:24] GET | {"url":"https://api.allegro.pl/sale/products?phrase=5412158028679&mode=GTIN"}
[2025-10-23 10:08:27] GET | {"url":"https://api.allegro.pl/sale/products?phrase=4010139185024&mode=GTIN"}
[2025-10-23 10:08:29] GET | {"url":"https://api.allegro.pl/sale/products?phrase=5908249979451&mode=GTIN"}
