[2025-09-30 09:56:28] OAuth token call | {"url":"https://allegro.pl/auth/oauth/token","http_code":200}
[2025-09-30 09:56:28] Token refreshed
[2025-09-30 09:56:28] GET | {"url":"https://api.allegro.pl/sale/products?phrase=5902983786160&mode=GTIN"}
[2025-09-30 09:56:29] GET | {"url":"https://api.allegro.pl/sale/products?phrase=7640230492171&mode=GTIN"}
[2025-09-30 09:56:29] GET | {"url":"https://api.allegro.pl/sale/products?phrase=MLEKO%20A2%20KROWIE%201%20POCZ%C4%84TKOWE%20DLA%20NIEMOWL%C4%84T%20BIO%20400%20g%20-%20HOLLE"}
[2025-09-30 09:56:30] GET | {"url":"https://api.allegro.pl/sale/products?phrase=MLEKO%20A2%20KROWIE%201%20POCZ%C4%84TKOWE%20DLA%20NIEMOWL%C4%84T%20BIO%20400%20g%20-"}
[2025-09-30 09:56:30] GET | {"url":"https://api.allegro.pl/sale/products?phrase=MLEKO%20A2%20KROWIE%201%20POCZ%C4%84TKOWE%20DLA%20NIEMOWL%C4%84T%20BIO%20400%20g"}
[2025-09-30 09:56:30] GET | {"url":"https://api.allegro.pl/sale/products?phrase=MLEKO%20A2%20KROWIE%201%20POCZ%C4%84TKOWE%20DLA%20NIEMOWL%C4%84T%20BIO%20400"}
[2025-09-30 09:56:30] GET | {"url":"https://api.allegro.pl/sale/products?phrase=MLEKO%20A2%20KROWIE%201%20POCZ%C4%84TKOWE%20DLA%20NIEMOWL%C4%84T%20BIO"}
[2025-09-30 09:56:30] GET | {"url":"https://api.allegro.pl/sale/products?phrase=MLEKO%20A2%20KROWIE%201%20POCZ%C4%84TKOWE%20DLA%20NIEMOWL%C4%84T"}
[2025-09-30 09:56:30] GET | {"url":"https://api.allegro.pl/sale/products?phrase=MLEKO%20A2%20KROWIE%201%20POCZ%C4%84TKOWE%20DLA"}
[2025-09-30 09:56:30] GET | {"url":"https://api.allegro.pl/sale/products?phrase=MLEKO%20A2%20KROWIE%201%20POCZ%C4%84TKOWE"}
[2025-09-30 09:56:30] GET | {"url":"https://api.allegro.pl/sale/products?phrase=MLEKO%20A2%20KROWIE%201"}
[2025-09-30 09:56:31] GET | {"url":"https://api.allegro.pl/sale/products?phrase=MLEKO%20A2%20KROWIE"}
[2025-09-30 09:56:31] GET | {"url":"https://api.allegro.pl/sale/products?phrase=MLEKO%20A2"}
[2025-09-30 09:56:33] GET | {"url":"https://api.allegro.pl/sale/products?phrase=5907736737321&mode=GTIN"}
[2025-09-30 09:56:34] GET | {"url":"https://api.allegro.pl/sale/products?phrase=5902605410596&mode=GTIN"}
[2025-09-30 09:56:34] GET | {"url":"https://api.allegro.pl/sale/products?phrase=OPAKOWANIE%20ZBIORCZE%20%28szt%29%20-%20KALAFIOR%20%C5%9AWIE%C5%BBY%20BIO%20%28POLSKA%29%20%28oko%C5%82o%2010%20sztuk%29"}
[2025-09-30 09:56:34] GET | {"url":"https://api.allegro.pl/sale/products?phrase=OPAKOWANIE%20ZBIORCZE%20%28szt%29%20-%20KALAFIOR%20%C5%9AWIE%C5%BBY%20BIO%20%28POLSKA%29%20%28oko%C5%82o%2010"}
[2025-09-30 09:56:34] GET | {"url":"https://api.allegro.pl/sale/products?phrase=OPAKOWANIE%20ZBIORCZE%20%28szt%29%20-%20KALAFIOR%20%C5%9AWIE%C5%BBY%20BIO%20%28POLSKA%29%20%28oko%C5%82o"}
[2025-09-30 09:56:34] GET | {"url":"https://api.allegro.pl/sale/products?phrase=OPAKOWANIE%20ZBIORCZE%20%28szt%29%20-%20KALAFIOR%20%C5%9AWIE%C5%BBY%20BIO%20%28POLSKA%29"}
[2025-09-30 09:56:34] GET | {"url":"https://api.allegro.pl/sale/products?phrase=OPAKOWANIE%20ZBIORCZE%20%28szt%29%20-%20KALAFIOR%20%C5%9AWIE%C5%BBY%20BIO"}
[2025-09-30 09:56:36] GET | {"url":"https://api.allegro.pl/sale/products?phrase=7640230492256&mode=GTIN"}
[2025-09-30 09:56:36] GET | {"url":"https://api.allegro.pl/sale/products?phrase=MLEKO%20A2%20KROWIE%203%20NAST%C4%98PNE%20DLA%20NIEMOWL%C4%84T%20PO%206%20MIESI%C4%84CU%20BIO%20400%20g%20-%20HOLLE"}
[2025-09-30 09:56:36] GET | {"url":"https://api.allegro.pl/sale/products?phrase=MLEKO%20A2%20KROWIE%203%20NAST%C4%98PNE%20DLA%20NIEMOWL%C4%84T%20PO%206%20MIESI%C4%84CU%20BIO%20400%20g%20-"}
[2025-09-30 09:56:36] GET | {"url":"https://api.allegro.pl/sale/products?phrase=MLEKO%20A2%20KROWIE%203%20NAST%C4%98PNE%20DLA%20NIEMOWL%C4%84T%20PO%206%20MIESI%C4%84CU%20BIO%20400%20g"}
[2025-09-30 09:56:36] GET | {"url":"https://api.allegro.pl/sale/products?phrase=MLEKO%20A2%20KROWIE%203%20NAST%C4%98PNE%20DLA%20NIEMOWL%C4%84T%20PO%206%20MIESI%C4%84CU%20BIO%20400"}
[2025-09-30 09:56:36] GET | {"url":"https://api.allegro.pl/sale/products?phrase=MLEKO%20A2%20KROWIE%203%20NAST%C4%98PNE%20DLA%20NIEMOWL%C4%84T%20PO%206%20MIESI%C4%84CU%20BIO"}
[2025-09-30 09:56:36] GET | {"url":"https://api.allegro.pl/sale/products?phrase=MLEKO%20A2%20KROWIE%203%20NAST%C4%98PNE%20DLA%20NIEMOWL%C4%84T%20PO%206%20MIESI%C4%84CU"}
[2025-09-30 09:56:36] GET | {"url":"https://api.allegro.pl/sale/products?phrase=MLEKO%20A2%20KROWIE%203%20NAST%C4%98PNE%20DLA%20NIEMOWL%C4%84T%20PO%206"}
[2025-09-30 09:56:37] GET | {"url":"https://api.allegro.pl/sale/products?phrase=MLEKO%20A2%20KROWIE%203%20NAST%C4%98PNE%20DLA%20NIEMOWL%C4%84T%20PO"}
[2025-09-30 09:56:37] GET | {"url":"https://api.allegro.pl/sale/products?phrase=MLEKO%20A2%20KROWIE%203%20NAST%C4%98PNE%20DLA%20NIEMOWL%C4%84T"}
[2025-09-30 09:56:37] GET | {"url":"https://api.allegro.pl/sale/products?phrase=MLEKO%20A2%20KROWIE%203%20NAST%C4%98PNE%20DLA"}
[2025-09-30 09:56:37] GET | {"url":"https://api.allegro.pl/sale/products?phrase=MLEKO%20A2%20KROWIE%203%20NAST%C4%98PNE"}
[2025-09-30 09:56:37] GET | {"url":"https://api.allegro.pl/sale/products?phrase=MLEKO%20A2%20KROWIE%203"}
[2025-09-30 09:56:37] GET | {"url":"https://api.allegro.pl/sale/products?phrase=MLEKO%20A2%20KROWIE"}
[2025-09-30 09:56:37] GET | {"url":"https://api.allegro.pl/sale/products?phrase=MLEKO%20A2"}
[2025-09-30 09:56:39] GET | {"url":"https://api.allegro.pl/sale/products?phrase=8714265000133&mode=GTIN"}
[2025-09-30 09:56:40] GET | {"url":"https://api.allegro.pl/sale/products?phrase=8714265975110&mode=GTIN"}
[2025-09-30 09:56:41] GET | {"url":"https://api.allegro.pl/sale/products?phrase=8712439040305&mode=GTIN"}
[2025-09-30 09:56:42] GET | {"url":"https://api.allegro.pl/sale/products?phrase=4106060012277&mode=GTIN"}
[2025-09-30 09:56:44] GET | {"url":"https://api.allegro.pl/sale/products?phrase=4106060073803&mode=GTIN"}
[2025-09-30 09:56:45] GET | {"url":"https://api.allegro.pl/sale/products?phrase=4106060040096&mode=GTIN"}
[2025-09-30 09:56:46] GET | {"url":"https://api.allegro.pl/sale/products?phrase=8000130480477&mode=GTIN"}
[2025-09-30 09:56:47] GET | {"url":"https://api.allegro.pl/sale/products?phrase=8714265270369&mode=GTIN"}
[2025-09-30 09:56:48] GET | {"url":"https://api.allegro.pl/sale/products?phrase=8714265071225&mode=GTIN"}
[2025-09-30 09:56:49] GET | {"url":"https://api.allegro.pl/sale/products?phrase=8714265973130&mode=GTIN"}
[2025-09-30 09:56:51] GET | {"url":"https://api.allegro.pl/sale/products?phrase=8714265973147&mode=GTIN"}
[2025-09-30 09:56:52] GET | {"url":"https://api.allegro.pl/sale/products?phrase=8711542101491&mode=GTIN"}
[2025-09-30 09:56:53] GET | {"url":"https://api.allegro.pl/sale/products?phrase=5907738150791&mode=GTIN"}
[2025-09-30 09:56:53] GET | {"url":"https://api.allegro.pl/sale/products?phrase=OPAKOWANIE%20ZBIORCZE%20%28kg%29%20-%20POMIDORY%20POD%C5%81U%C5%BBNE%20%C5%9AWIE%C5%BBE%20BIO%20%28POLSKA%29%20%28oko%C5%82o%205%20kg%29"}
[2025-09-30 09:56:53] GET | {"url":"https://api.allegro.pl/sale/products?phrase=OPAKOWANIE%20ZBIORCZE%20%28kg%29%20-%20POMIDORY%20POD%C5%81U%C5%BBNE%20%C5%9AWIE%C5%BBE%20BIO%20%28POLSKA%29%20%28oko%C5%82o%205"}
[2025-09-30 09:56:53] GET | {"url":"https://api.allegro.pl/sale/products?phrase=OPAKOWANIE%20ZBIORCZE%20%28kg%29%20-%20POMIDORY%20POD%C5%81U%C5%BBNE%20%C5%9AWIE%C5%BBE%20BIO%20%28POLSKA%29%20%28oko%C5%82o"}
[2025-09-30 09:56:53] GET | {"url":"https://api.allegro.pl/sale/products?phrase=OPAKOWANIE%20ZBIORCZE%20%28kg%29%20-%20POMIDORY%20POD%C5%81U%C5%BBNE%20%C5%9AWIE%C5%BBE%20BIO%20%28POLSKA%29"}
[2025-09-30 09:56:53] GET | {"url":"https://api.allegro.pl/sale/products?phrase=OPAKOWANIE%20ZBIORCZE%20%28kg%29%20-%20POMIDORY%20POD%C5%81U%C5%BBNE%20%C5%9AWIE%C5%BBE%20BIO"}
[2025-09-30 09:56:53] GET | {"url":"https://api.allegro.pl/sale/products?phrase=OPAKOWANIE%20ZBIORCZE%20%28kg%29%20-%20POMIDORY%20POD%C5%81U%C5%BBNE%20%C5%9AWIE%C5%BBE"}
[2025-09-30 09:56:53] GET | {"url":"https://api.allegro.pl/sale/products?phrase=OPAKOWANIE%20ZBIORCZE%20%28kg%29%20-%20POMIDORY%20POD%C5%81U%C5%BBNE"}
[2025-09-30 09:56:54] GET | {"url":"https://api.allegro.pl/sale/products?phrase=OPAKOWANIE%20ZBIORCZE%20%28kg%29%20-%20POMIDORY"}
[2025-09-30 09:56:54] GET | {"url":"https://api.allegro.pl/sale/products?phrase=OPAKOWANIE%20ZBIORCZE%20%28kg%29%20-"}
[2025-09-30 09:56:55] GET | {"url":"https://api.allegro.pl/sale/products?phrase=5902983781134&mode=GTIN"}
[2025-09-30 09:56:56] GET | {"url":"https://api.allegro.pl/sale/products?phrase=5905811977068&mode=GTIN"}
[2025-09-30 09:56:57] GET | {"url":"https://api.allegro.pl/sale/products?phrase=8586018953863&mode=GTIN"}
[2025-09-30 14:11:09] GET | {"url":"https://api.allegro.pl/sale/products?phrase=5902367402884&mode=GTIN"}
[2025-09-30 14:11:10] GET | {"url":"https://api.allegro.pl/sale/products?phrase=5902367402969&mode=GTIN"}
[2025-09-30 14:25:56] GET | {"url":"https://api.allegro.pl/sale/products?phrase=5902488063018&mode=GTIN"}
[2025-09-30 14:25:57] GET | {"url":"https://api.allegro.pl/sale/products?phrase=5902488066941&mode=GTIN"}
[2025-09-30 14:25:58] GET | {"url":"https://api.allegro.pl/sale/products?phrase=4779048081208&mode=GTIN"}
[2025-09-30 14:25:59] GET | {"url":"https://api.allegro.pl/sale/products?phrase=7640230492171&mode=GTIN"}
[2025-09-30 14:25:59] GET | {"url":"https://api.allegro.pl/sale/products?phrase=MLEKO%20A2%20KROWIE%201%20POCZ%C4%84TKOWE%20DLA%20NIEMOWL%C4%84T%20BIO%20400%20g%20-%20HOLLE"}
[2025-09-30 14:25:59] GET | {"url":"https://api.allegro.pl/sale/products?phrase=MLEKO%20A2%20KROWIE%201%20POCZ%C4%84TKOWE%20DLA%20NIEMOWL%C4%84T%20BIO%20400%20g%20-"}
[2025-09-30 14:25:59] GET | {"url":"https://api.allegro.pl/sale/products?phrase=MLEKO%20A2%20KROWIE%201%20POCZ%C4%84TKOWE%20DLA%20NIEMOWL%C4%84T%20BIO%20400%20g"}
[2025-09-30 14:25:59] GET | {"url":"https://api.allegro.pl/sale/products?phrase=MLEKO%20A2%20KROWIE%201%20POCZ%C4%84TKOWE%20DLA%20NIEMOWL%C4%84T%20BIO%20400"}
[2025-09-30 14:25:59] GET | {"url":"https://api.allegro.pl/sale/products?phrase=MLEKO%20A2%20KROWIE%201%20POCZ%C4%84TKOWE%20DLA%20NIEMOWL%C4%84T%20BIO"}
[2025-09-30 14:26:00] GET | {"url":"https://api.allegro.pl/sale/products?phrase=MLEKO%20A2%20KROWIE%201%20POCZ%C4%84TKOWE%20DLA%20NIEMOWL%C4%84T"}
[2025-09-30 14:26:00] GET | {"url":"https://api.allegro.pl/sale/products?phrase=MLEKO%20A2%20KROWIE%201%20POCZ%C4%84TKOWE%20DLA"}
[2025-09-30 14:26:00] GET | {"url":"https://api.allegro.pl/sale/products?phrase=MLEKO%20A2%20KROWIE%201%20POCZ%C4%84TKOWE"}
[2025-09-30 14:26:00] GET | {"url":"https://api.allegro.pl/sale/products?phrase=MLEKO%20A2%20KROWIE%201"}
[2025-09-30 14:26:00] GET | {"url":"https://api.allegro.pl/sale/products?phrase=MLEKO%20A2%20KROWIE"}
[2025-09-30 14:26:00] GET | {"url":"https://api.allegro.pl/sale/products?phrase=MLEKO%20A2"}
[2025-09-30 14:26:01] GET | {"url":"https://api.allegro.pl/sale/products?phrase=5907736737321&mode=GTIN"}
[2025-09-30 14:26:02] GET | {"url":"https://api.allegro.pl/sale/products?phrase=5902605410596&mode=GTIN"}
[2025-09-30 14:26:03] GET | {"url":"https://api.allegro.pl/sale/products?phrase=OPAKOWANIE%20ZBIORCZE%20%28szt%29%20-%20KALAFIOR%20%C5%9AWIE%C5%BBY%20BIO%20%28POLSKA%29%20%28oko%C5%82o%2010%20sztuk%29"}
[2025-09-30 14:26:03] GET | {"url":"https://api.allegro.pl/sale/products?phrase=OPAKOWANIE%20ZBIORCZE%20%28szt%29%20-%20KALAFIOR%20%C5%9AWIE%C5%BBY%20BIO%20%28POLSKA%29%20%28oko%C5%82o%2010"}
[2025-09-30 14:26:03] GET | {"url":"https://api.allegro.pl/sale/products?phrase=OPAKOWANIE%20ZBIORCZE%20%28szt%29%20-%20KALAFIOR%20%C5%9AWIE%C5%BBY%20BIO%20%28POLSKA%29%20%28oko%C5%82o"}
[2025-09-30 14:26:03] GET | {"url":"https://api.allegro.pl/sale/products?phrase=OPAKOWANIE%20ZBIORCZE%20%28szt%29%20-%20KALAFIOR%20%C5%9AWIE%C5%BBY%20BIO%20%28POLSKA%29"}
[2025-09-30 14:26:03] GET | {"url":"https://api.allegro.pl/sale/products?phrase=OPAKOWANIE%20ZBIORCZE%20%28szt%29%20-%20KALAFIOR%20%C5%9AWIE%C5%BBY%20BIO"}
[2025-09-30 14:26:04] GET | {"url":"https://api.allegro.pl/sale/products?phrase=7640230492256&mode=GTIN"}
[2025-09-30 14:26:04] GET | {"url":"https://api.allegro.pl/sale/products?phrase=MLEKO%20A2%20KROWIE%203%20NAST%C4%98PNE%20DLA%20NIEMOWL%C4%84T%20PO%206%20MIESI%C4%84CU%20BIO%20400%20g%20-%20HOLLE"}
[2025-09-30 14:26:04] GET | {"url":"https://api.allegro.pl/sale/products?phrase=MLEKO%20A2%20KROWIE%203%20NAST%C4%98PNE%20DLA%20NIEMOWL%C4%84T%20PO%206%20MIESI%C4%84CU%20BIO%20400%20g%20-"}
[2025-09-30 14:26:04] GET | {"url":"https://api.allegro.pl/sale/products?phrase=MLEKO%20A2%20KROWIE%203%20NAST%C4%98PNE%20DLA%20NIEMOWL%C4%84T%20PO%206%20MIESI%C4%84CU%20BIO%20400%20g"}
[2025-09-30 14:26:04] GET | {"url":"https://api.allegro.pl/sale/products?phrase=MLEKO%20A2%20KROWIE%203%20NAST%C4%98PNE%20DLA%20NIEMOWL%C4%84T%20PO%206%20MIESI%C4%84CU%20BIO%20400"}
[2025-09-30 14:26:04] GET | {"url":"https://api.allegro.pl/sale/products?phrase=MLEKO%20A2%20KROWIE%203%20NAST%C4%98PNE%20DLA%20NIEMOWL%C4%84T%20PO%206%20MIESI%C4%84CU%20BIO"}
[2025-09-30 14:26:04] GET | {"url":"https://api.allegro.pl/sale/products?phrase=MLEKO%20A2%20KROWIE%203%20NAST%C4%98PNE%20DLA%20NIEMOWL%C4%84T%20PO%206%20MIESI%C4%84CU"}
[2025-09-30 14:26:05] GET | {"url":"https://api.allegro.pl/sale/products?phrase=MLEKO%20A2%20KROWIE%203%20NAST%C4%98PNE%20DLA%20NIEMOWL%C4%84T%20PO%206"}
[2025-09-30 14:26:05] GET | {"url":"https://api.allegro.pl/sale/products?phrase=MLEKO%20A2%20KROWIE%203%20NAST%C4%98PNE%20DLA%20NIEMOWL%C4%84T%20PO"}
[2025-09-30 14:26:05] GET | {"url":"https://api.allegro.pl/sale/products?phrase=MLEKO%20A2%20KROWIE%203%20NAST%C4%98PNE%20DLA%20NIEMOWL%C4%84T"}
[2025-09-30 14:26:05] GET | {"url":"https://api.allegro.pl/sale/products?phrase=MLEKO%20A2%20KROWIE%203%20NAST%C4%98PNE%20DLA"}
[2025-09-30 14:26:05] GET | {"url":"https://api.allegro.pl/sale/products?phrase=MLEKO%20A2%20KROWIE%203%20NAST%C4%98PNE"}
[2025-09-30 14:26:05] GET | {"url":"https://api.allegro.pl/sale/products?phrase=MLEKO%20A2%20KROWIE%203"}
[2025-09-30 14:26:05] GET | {"url":"https://api.allegro.pl/sale/products?phrase=MLEKO%20A2%20KROWIE"}
[2025-09-30 14:26:05] GET | {"url":"https://api.allegro.pl/sale/products?phrase=MLEKO%20A2"}
[2025-09-30 14:26:07] GET | {"url":"https://api.allegro.pl/sale/products?phrase=8712439040305&mode=GTIN"}
[2025-09-30 14:26:10] GET | {"url":"https://api.allegro.pl/sale/products?phrase=4106060012277&mode=GTIN"}
[2025-09-30 14:26:12] GET | {"url":"https://api.allegro.pl/sale/products?phrase=4106060073803&mode=GTIN"}
[2025-09-30 14:26:14] GET | {"url":"https://api.allegro.pl/sale/products?phrase=4106060040096&mode=GTIN"}
[2025-09-30 14:26:16] GET | {"url":"https://api.allegro.pl/sale/products?phrase=8000130480477&mode=GTIN"}
[2025-09-30 14:26:18] GET | {"url":"https://api.allegro.pl/sale/products?phrase=8711542101491&mode=GTIN"}
[2025-09-30 14:26:20] GET | {"url":"https://api.allegro.pl/sale/products?phrase=5905811977068&mode=GTIN"}
[2025-09-30 14:26:22] GET | {"url":"https://api.allegro.pl/sale/products?phrase=5902650273368&mode=GTIN"}
[2025-09-30 14:26:24] GET | {"url":"https://api.allegro.pl/sale/products?phrase=5902650273757&mode=GTIN"}
[2025-09-30 14:26:27] GET | {"url":"https://api.allegro.pl/sale/products?phrase=5903900367981&mode=GTIN"}
[2025-09-30 14:26:27] GET | {"url":"https://api.allegro.pl/sale/products?phrase=SOK%20Z%20CYTRYN%20NFC%20100%20%25%20BIO%20%2020%20kg%20-%20HORECA"}
[2025-09-30 14:26:27] GET | {"url":"https://api.allegro.pl/sale/products?phrase=SOK%20Z%20CYTRYN%20NFC%20100%20%25%20BIO%20%2020%20kg%20-"}
[2025-09-30 14:26:27] GET | {"url":"https://api.allegro.pl/sale/products?phrase=SOK%20Z%20CYTRYN%20NFC%20100%20%25%20BIO%20%2020%20kg"}
[2025-09-30 14:26:27] GET | {"url":"https://api.allegro.pl/sale/products?phrase=SOK%20Z%20CYTRYN%20NFC%20100%20%25%20BIO%20%2020"}
[2025-09-30 14:26:27] GET | {"url":"https://api.allegro.pl/sale/products?phrase=SOK%20Z%20CYTRYN%20NFC%20100%20%25%20BIO%20"}
[2025-09-30 14:26:29] GET | {"url":"https://api.allegro.pl/sale/products?phrase=5902448162577&mode=GTIN"}
[2025-09-30 14:26:29] GET | {"url":"https://api.allegro.pl/sale/products?phrase=ORZESZKI%20ZIEMNE%20PRA%C5%BBONE%20BEZ%20SOLI%20BIO%20%28SUROWIEC%29%20%2812%20kg%29"}
[2025-09-30 14:26:29] GET | {"url":"https://api.allegro.pl/sale/products?phrase=ORZESZKI%20ZIEMNE%20PRA%C5%BBONE%20BEZ%20SOLI%20BIO%20%28SUROWIEC%29%20%2812"}
[2025-09-30 14:26:29] GET | {"url":"https://api.allegro.pl/sale/products?phrase=ORZESZKI%20ZIEMNE%20PRA%C5%BBONE%20BEZ%20SOLI%20BIO%20%28SUROWIEC%29"}
[2025-09-30 14:26:29] GET | {"url":"https://api.allegro.pl/sale/products?phrase=ORZESZKI%20ZIEMNE%20PRA%C5%BBONE%20BEZ%20SOLI%20BIO"}
[2025-09-30 14:26:29] GET | {"url":"https://api.allegro.pl/sale/products?phrase=ORZESZKI%20ZIEMNE%20PRA%C5%BBONE%20BEZ%20SOLI"}
[2025-09-30 14:26:32] GET | {"url":"https://api.allegro.pl/sale/products?phrase=5902488064077&mode=GTIN"}
[2025-09-30 14:26:34] GET | {"url":"https://api.allegro.pl/sale/products?phrase=5902488063179&mode=GTIN"}
[2025-09-30 14:26:36] GET | {"url":"https://api.allegro.pl/sale/products?phrase=5901549275520&mode=GTIN"}
[2025-09-30 14:26:38] GET | {"url":"https://api.allegro.pl/sale/products?phrase=5901549275261&mode=GTIN"}
[2025-09-30 14:26:40] GET | {"url":"https://api.allegro.pl/sale/products?phrase=5901549275735&mode=GTIN"}
[2025-09-30 14:26:42] GET | {"url":"https://api.allegro.pl/sale/products?phrase=7640230490016&mode=GTIN"}
[2025-09-30 14:26:44] GET | {"url":"https://api.allegro.pl/sale/products?phrase=7640230491068&mode=GTIN"}
[2025-09-30 14:26:45] GET | {"url":"https://api.allegro.pl/sale/products?phrase=5903933645087&mode=GTIN"}
[2025-09-30 14:26:47] GET | {"url":"https://api.allegro.pl/sale/products?phrase=5907738155932&mode=GTIN"}
[2025-09-30 14:26:49] GET | {"url":"https://api.allegro.pl/sale/products?phrase=5906288074700&mode=GTIN"}
[2025-09-30 14:26:51] GET | {"url":"https://api.allegro.pl/sale/products?phrase=3760092218642&mode=GTIN"}
[2025-09-30 14:26:51] GET | {"url":"https://api.allegro.pl/sale/products?phrase=CIASTKA%20Z%20NASIONAMI%20OBLANE%20CZEKOLAD%C4%84%20MLECZN%C4%84%20BEZGLUTENOWE%20BIO%20150%20g%20-%20NATEN"}
[2025-09-30 14:26:52] GET | {"url":"https://api.allegro.pl/sale/products?phrase=CIASTKA%20Z%20NASIONAMI%20OBLANE%20CZEKOLAD%C4%84%20MLECZN%C4%84%20BEZGLUTENOWE%20BIO%20150%20g%20-"}
[2025-09-30 14:26:52] GET | {"url":"https://api.allegro.pl/sale/products?phrase=CIASTKA%20Z%20NASIONAMI%20OBLANE%20CZEKOLAD%C4%84%20MLECZN%C4%84%20BEZGLUTENOWE%20BIO%20150%20g"}
[2025-09-30 14:26:52] GET | {"url":"https://api.allegro.pl/sale/products?phrase=CIASTKA%20Z%20NASIONAMI%20OBLANE%20CZEKOLAD%C4%84%20MLECZN%C4%84%20BEZGLUTENOWE%20BIO%20150"}
[2025-09-30 14:26:52] GET | {"url":"https://api.allegro.pl/sale/products?phrase=CIASTKA%20Z%20NASIONAMI%20OBLANE%20CZEKOLAD%C4%84%20MLECZN%C4%84%20BEZGLUTENOWE%20BIO"}
[2025-09-30 14:26:52] GET | {"url":"https://api.allegro.pl/sale/products?phrase=CIASTKA%20Z%20NASIONAMI%20OBLANE%20CZEKOLAD%C4%84%20MLECZN%C4%84%20BEZGLUTENOWE"}
[2025-09-30 14:26:52] GET | {"url":"https://api.allegro.pl/sale/products?phrase=CIASTKA%20Z%20NASIONAMI%20OBLANE%20CZEKOLAD%C4%84%20MLECZN%C4%84"}
[2025-09-30 14:26:52] GET | {"url":"https://api.allegro.pl/sale/products?phrase=CIASTKA%20Z%20NASIONAMI%20OBLANE%20CZEKOLAD%C4%84"}
[2025-09-30 14:26:52] GET | {"url":"https://api.allegro.pl/sale/products?phrase=CIASTKA%20Z%20NASIONAMI%20OBLANE"}
[2025-09-30 14:26:52] GET | {"url":"https://api.allegro.pl/sale/products?phrase=CIASTKA%20Z%20NASIONAMI"}
[2025-09-30 14:26:54] GET | {"url":"https://api.allegro.pl/sale/products?phrase=8436008308343&mode=GTIN"}
[2025-09-30 14:26:56] GET | {"url":"https://api.allegro.pl/sale/products?phrase=5902448161723&mode=GTIN"}
[2025-09-30 14:26:58] GET | {"url":"https://api.allegro.pl/sale/products?phrase=3800236132332&mode=GTIN"}
[2025-09-30 14:27:01] GET | {"url":"https://api.allegro.pl/sale/products?phrase=3760092218154&mode=GTIN"}
[2025-09-30 14:27:01] GET | {"url":"https://api.allegro.pl/sale/products?phrase=CIASTKA%20CYNAMONOWE%20BEZGLUTENOWE%20BIO%20120%20g%20-%20NATEN"}
[2025-09-30 14:27:01] GET | {"url":"https://api.allegro.pl/sale/products?phrase=CIASTKA%20CYNAMONOWE%20BEZGLUTENOWE%20BIO%20120%20g%20-"}
[2025-09-30 14:27:01] GET | {"url":"https://api.allegro.pl/sale/products?phrase=CIASTKA%20CYNAMONOWE%20BEZGLUTENOWE%20BIO%20120%20g"}
[2025-09-30 14:27:01] GET | {"url":"https://api.allegro.pl/sale/products?phrase=CIASTKA%20CYNAMONOWE%20BEZGLUTENOWE%20BIO%20120"}
[2025-09-30 14:27:01] GET | {"url":"https://api.allegro.pl/sale/products?phrase=CIASTKA%20CYNAMONOWE%20BEZGLUTENOWE%20BIO"}
[2025-09-30 14:27:01] GET | {"url":"https://api.allegro.pl/sale/products?phrase=CIASTKA%20CYNAMONOWE%20BEZGLUTENOWE"}
[2025-09-30 14:27:03] GET | {"url":"https://api.allegro.pl/sale/products?phrase=8008698005118&mode=GTIN"}
[2025-09-30 14:27:05] GET | {"url":"https://api.allegro.pl/sale/products?phrase=5902837810713&mode=GTIN"}
[2025-09-30 14:27:07] GET | {"url":"https://api.allegro.pl/sale/products?phrase=5902837810430&mode=GTIN"}
[2025-09-30 14:27:09] GET | {"url":"https://api.allegro.pl/sale/products?phrase=7640230493369&mode=GTIN"}
[2025-09-30 14:27:11] GET | {"url":"https://api.allegro.pl/sale/products?phrase=5902837811406&mode=GTIN"}
[2025-09-30 14:27:13] GET | {"url":"https://api.allegro.pl/sale/products?phrase=5902837811987&mode=GTIN"}
[2025-09-30 14:27:16] GET | {"url":"https://api.allegro.pl/sale/products?phrase=7640230493192&mode=GTIN"}
[2025-09-30 14:27:19] GET | {"url":"https://api.allegro.pl/sale/products?phrase=5903246862812&mode=GTIN"}
[2025-09-30 14:27:21] GET | {"url":"https://api.allegro.pl/sale/products?phrase=8019428007685&mode=GTIN"}
[2025-09-30 14:27:23] GET | {"url":"https://api.allegro.pl/sale/products?phrase=5902488066118&mode=GTIN"}
[2025-09-30 14:27:25] GET | {"url":"https://api.allegro.pl/sale/products?phrase=5902425051047&mode=GTIN"}
[2025-09-30 14:27:27] GET | {"url":"https://api.allegro.pl/sale/products?phrase=5903900365895&mode=GTIN"}
[2025-09-30 14:27:29] GET | {"url":"https://api.allegro.pl/sale/products?phrase=5900672153590&mode=GTIN"}
[2025-09-30 14:27:31] GET | {"url":"https://api.allegro.pl/sale/products?phrase=5900672154221&mode=GTIN"}
[2025-09-30 14:27:34] GET | {"url":"https://api.allegro.pl/sale/products?phrase=5902448163093&mode=GTIN"}
[2025-09-30 14:27:34] GET | {"url":"https://api.allegro.pl/sale/products?phrase=OPAKOWANIE%20ZBIORCZE%20%28kg%29%20-%20ZIEMNIAKI%20CZERWONE%20%C5%9AWIE%C5%BBE%20BIO%20%28POLSKA%29%20%28oko%C5%82o%2010%20kg%29"}
[2025-09-30 14:27:34] GET | {"url":"https://api.allegro.pl/sale/products?phrase=OPAKOWANIE%20ZBIORCZE%20%28kg%29%20-%20ZIEMNIAKI%20CZERWONE%20%C5%9AWIE%C5%BBE%20BIO%20%28POLSKA%29%20%28oko%C5%82o%2010"}
[2025-09-30 14:27:34] GET | {"url":"https://api.allegro.pl/sale/products?phrase=OPAKOWANIE%20ZBIORCZE%20%28kg%29%20-%20ZIEMNIAKI%20CZERWONE%20%C5%9AWIE%C5%BBE%20BIO%20%28POLSKA%29%20%28oko%C5%82o"}
[2025-09-30 14:27:34] GET | {"url":"https://api.allegro.pl/sale/products?phrase=OPAKOWANIE%20ZBIORCZE%20%28kg%29%20-%20ZIEMNIAKI%20CZERWONE%20%C5%9AWIE%C5%BBE%20BIO%20%28POLSKA%29"}
[2025-09-30 14:27:34] GET | {"url":"https://api.allegro.pl/sale/products?phrase=OPAKOWANIE%20ZBIORCZE%20%28kg%29%20-%20ZIEMNIAKI%20CZERWONE%20%C5%9AWIE%C5%BBE%20BIO"}
[2025-09-30 14:27:34] GET | {"url":"https://api.allegro.pl/sale/products?phrase=OPAKOWANIE%20ZBIORCZE%20%28kg%29%20-%20ZIEMNIAKI%20CZERWONE%20%C5%9AWIE%C5%BBE"}
[2025-09-30 14:27:34] GET | {"url":"https://api.allegro.pl/sale/products?phrase=OPAKOWANIE%20ZBIORCZE%20%28kg%29%20-%20ZIEMNIAKI%20CZERWONE"}
[2025-09-30 14:27:34] GET | {"url":"https://api.allegro.pl/sale/products?phrase=OPAKOWANIE%20ZBIORCZE%20%28kg%29%20-%20ZIEMNIAKI"}
[2025-09-30 14:27:34] GET | {"url":"https://api.allegro.pl/sale/products?phrase=OPAKOWANIE%20ZBIORCZE%20%28kg%29%20-"}
[2025-09-30 14:27:37] GET | {"url":"https://api.allegro.pl/sale/products?phrase=7640230492218&mode=GTIN"}
[2025-09-30 14:27:37] GET | {"url":"https://api.allegro.pl/sale/products?phrase=MLEKO%20A2%20KROWIE%202%20NAST%C4%98PNE%20DLA%20NIEMOWL%C4%84T%20PO%206%20MIESI%C4%84CU%20BIO%20400%20g%20-%20HOLLE"}
[2025-09-30 14:27:37] GET | {"url":"https://api.allegro.pl/sale/products?phrase=MLEKO%20A2%20KROWIE%202%20NAST%C4%98PNE%20DLA%20NIEMOWL%C4%84T%20PO%206%20MIESI%C4%84CU%20BIO%20400%20g%20-"}
[2025-09-30 14:27:37] GET | {"url":"https://api.allegro.pl/sale/products?phrase=MLEKO%20A2%20KROWIE%202%20NAST%C4%98PNE%20DLA%20NIEMOWL%C4%84T%20PO%206%20MIESI%C4%84CU%20BIO%20400%20g"}
[2025-09-30 14:27:37] GET | {"url":"https://api.allegro.pl/sale/products?phrase=MLEKO%20A2%20KROWIE%202%20NAST%C4%98PNE%20DLA%20NIEMOWL%C4%84T%20PO%206%20MIESI%C4%84CU%20BIO%20400"}
[2025-09-30 14:27:37] GET | {"url":"https://api.allegro.pl/sale/products?phrase=MLEKO%20A2%20KROWIE%202%20NAST%C4%98PNE%20DLA%20NIEMOWL%C4%84T%20PO%206%20MIESI%C4%84CU%20BIO"}
[2025-09-30 14:27:37] GET | {"url":"https://api.allegro.pl/sale/products?phrase=MLEKO%20A2%20KROWIE%202%20NAST%C4%98PNE%20DLA%20NIEMOWL%C4%84T%20PO%206%20MIESI%C4%84CU"}
[2025-09-30 14:27:37] GET | {"url":"https://api.allegro.pl/sale/products?phrase=MLEKO%20A2%20KROWIE%202%20NAST%C4%98PNE%20DLA%20NIEMOWL%C4%84T%20PO%206"}
[2025-09-30 14:27:37] GET | {"url":"https://api.allegro.pl/sale/products?phrase=MLEKO%20A2%20KROWIE%202%20NAST%C4%98PNE%20DLA%20NIEMOWL%C4%84T%20PO"}
[2025-09-30 14:27:38] GET | {"url":"https://api.allegro.pl/sale/products?phrase=MLEKO%20A2%20KROWIE%202%20NAST%C4%98PNE%20DLA%20NIEMOWL%C4%84T"}
[2025-09-30 14:27:38] GET | {"url":"https://api.allegro.pl/sale/products?phrase=MLEKO%20A2%20KROWIE%202%20NAST%C4%98PNE%20DLA"}
[2025-09-30 14:27:38] GET | {"url":"https://api.allegro.pl/sale/products?phrase=MLEKO%20A2%20KROWIE%202%20NAST%C4%98PNE"}
[2025-09-30 14:27:38] GET | {"url":"https://api.allegro.pl/sale/products?phrase=MLEKO%20A2%20KROWIE%202"}
[2025-09-30 14:27:38] GET | {"url":"https://api.allegro.pl/sale/products?phrase=MLEKO%20A2%20KROWIE"}
[2025-09-30 14:27:38] GET | {"url":"https://api.allegro.pl/sale/products?phrase=MLEKO%20A2"}
[2025-09-30 14:27:40] GET | {"url":"https://api.allegro.pl/sale/products?phrase=5907080467196&mode=GTIN"}
[2025-09-30 14:27:40] GET | {"url":"https://api.allegro.pl/sale/products?phrase=FASOLKA%20NEAPOLITA%C5%83SKA%20BIO%20500%20g%20-%20GAPA"}
[2025-09-30 14:27:41] GET | {"url":"https://api.allegro.pl/sale/products?phrase=FASOLKA%20NEAPOLITA%C5%83SKA%20BIO%20500%20g%20-"}
[2025-09-30 14:27:41] GET | {"url":"https://api.allegro.pl/sale/products?phrase=FASOLKA%20NEAPOLITA%C5%83SKA%20BIO%20500%20g"}
[2025-09-30 14:27:42] GET | {"url":"https://api.allegro.pl/sale/products?phrase=FASOLKA%20NEAPOLITA%C5%83SKA%20BIO%20500"}
[2025-09-30 14:27:43] GET | {"url":"https://api.allegro.pl/sale/products?phrase=FASOLKA%20NEAPOLITA%C5%83SKA%20BIO"}
[2025-09-30 14:27:44] GET | {"url":"https://api.allegro.pl/sale/products?phrase=FASOLKA%20NEAPOLITA%C5%83SKA"}
[2025-09-30 14:27:46] GET | {"url":"https://api.allegro.pl/sale/products?phrase=5411788041249&mode=GTIN"}
[2025-09-30 14:27:49] GET | {"url":"https://api.allegro.pl/sale/products?phrase=4260229160060&mode=GTIN"}
[2025-09-30 14:27:49] GET | {"url":"https://api.allegro.pl/sale/products?phrase=CIASTO%20NA%20STRUDEL%20BIO%20300%20g%20-%20DONAU%20STRUDEL"}
[2025-09-30 14:27:49] GET | {"url":"https://api.allegro.pl/sale/products?phrase=CIASTO%20NA%20STRUDEL%20BIO%20300%20g%20-%20DONAU"}
[2025-09-30 14:27:49] GET | {"url":"https://api.allegro.pl/sale/products?phrase=CIASTO%20NA%20STRUDEL%20BIO%20300%20g%20-"}
[2025-09-30 14:27:50] GET | {"url":"https://api.allegro.pl/sale/products?phrase=CIASTO%20NA%20STRUDEL%20BIO%20300%20g"}
[2025-09-30 14:27:51] GET | {"url":"https://api.allegro.pl/sale/products?phrase=CIASTO%20NA%20STRUDEL%20BIO%20300"}
[2025-09-30 14:27:52] GET | {"url":"https://api.allegro.pl/sale/products?phrase=CIASTO%20NA%20STRUDEL%20BIO"}
[2025-09-30 14:27:55] GET | {"url":"https://api.allegro.pl/sale/products?phrase=5907786990059&mode=GTIN"}
[2025-09-30 14:27:57] GET | {"url":"https://api.allegro.pl/sale/products?phrase=4260229160435&mode=GTIN"}
[2025-09-30 14:27:57] GET | {"url":"https://api.allegro.pl/sale/products?phrase=CIASTO%20NA%20PIZZ%C4%98%20CIEMNE%20BIO%20400%20g%20-%20DONAU%20STRUDEL%20%28KORNELIA%29"}
[2025-09-30 14:27:57] GET | {"url":"https://api.allegro.pl/sale/products?phrase=CIASTO%20NA%20PIZZ%C4%98%20CIEMNE%20BIO%20400%20g%20-%20DONAU%20STRUDEL"}
[2025-09-30 14:27:57] GET | {"url":"https://api.allegro.pl/sale/products?phrase=CIASTO%20NA%20PIZZ%C4%98%20CIEMNE%20BIO%20400%20g%20-%20DONAU"}
[2025-09-30 14:27:58] GET | {"url":"https://api.allegro.pl/sale/products?phrase=CIASTO%20NA%20PIZZ%C4%98%20CIEMNE%20BIO%20400%20g%20-"}
[2025-09-30 14:27:59] GET | {"url":"https://api.allegro.pl/sale/products?phrase=CIASTO%20NA%20PIZZ%C4%98%20CIEMNE%20BIO%20400%20g"}
[2025-09-30 14:28:00] GET | {"url":"https://api.allegro.pl/sale/products?phrase=CIASTO%20NA%20PIZZ%C4%98%20CIEMNE%20BIO%20400"}
[2025-09-30 14:28:01] GET | {"url":"https://api.allegro.pl/sale/products?phrase=CIASTO%20NA%20PIZZ%C4%98%20CIEMNE%20BIO"}
[2025-09-30 14:28:02] GET | {"url":"https://api.allegro.pl/sale/products?phrase=CIASTO%20NA%20PIZZ%C4%98%20CIEMNE"}
[2025-09-30 14:28:03] GET | {"url":"https://api.allegro.pl/sale/products?phrase=CIASTO%20NA%20PIZZ%C4%98"}
[2025-09-30 14:28:06] GET | {"url":"https://api.allegro.pl/sale/products?phrase=5900672153859&mode=GTIN"}
[2025-09-30 14:28:08] GET | {"url":"https://api.allegro.pl/sale/products?phrase=4260229160305&mode=GTIN"}
[2025-09-30 14:28:10] GET | {"url":"https://api.allegro.pl/sale/products?phrase=5907080467172&mode=GTIN"}
[2025-09-30 14:28:10] GET | {"url":"https://api.allegro.pl/sale/products?phrase=KRUPNIK%20Z%20KASZ%C4%84%20ORKISZOW%C4%84%20NA%20BOCZNIAKACH%20BIO%20450%20g%20-%20GAPA"}
[2025-09-30 14:28:10] GET | {"url":"https://api.allegro.pl/sale/products?phrase=KRUPNIK%20Z%20KASZ%C4%84%20ORKISZOW%C4%84%20NA%20BOCZNIAKACH%20BIO%20450%20g%20-"}
[2025-09-30 14:28:10] GET | {"url":"https://api.allegro.pl/sale/products?phrase=KRUPNIK%20Z%20KASZ%C4%84%20ORKISZOW%C4%84%20NA%20BOCZNIAKACH%20BIO%20450%20g"}
[2025-09-30 14:28:11] GET | {"url":"https://api.allegro.pl/sale/products?phrase=KRUPNIK%20Z%20KASZ%C4%84%20ORKISZOW%C4%84%20NA%20BOCZNIAKACH%20BIO%20450"}
[2025-09-30 14:28:11] GET | {"url":"https://api.allegro.pl/sale/products?phrase=KRUPNIK%20Z%20KASZ%C4%84%20ORKISZOW%C4%84%20NA%20BOCZNIAKACH%20BIO"}
[2025-09-30 14:28:12] GET | {"url":"https://api.allegro.pl/sale/products?phrase=KRUPNIK%20Z%20KASZ%C4%84%20ORKISZOW%C4%84%20NA%20BOCZNIAKACH"}
[2025-09-30 14:28:13] GET | {"url":"https://api.allegro.pl/sale/products?phrase=KRUPNIK%20Z%20KASZ%C4%84%20ORKISZOW%C4%84%20NA"}
[2025-09-30 14:28:14] GET | {"url":"https://api.allegro.pl/sale/products?phrase=KRUPNIK%20Z%20KASZ%C4%84%20ORKISZOW%C4%84"}
[2025-09-30 14:28:15] GET | {"url":"https://api.allegro.pl/sale/products?phrase=KRUPNIK%20Z%20KASZ%C4%84"}
[2025-09-30 14:28:18] GET | {"url":"https://api.allegro.pl/sale/products?phrase=4260229160015&mode=GTIN"}
[2025-09-30 14:28:18] GET | {"url":"https://api.allegro.pl/sale/products?phrase=CIASTO%20FRANCUSKIE%20BIO%20320%20g%20-%20DONAU%20STRUDEL"}
[2025-09-30 14:28:18] GET | {"url":"https://api.allegro.pl/sale/products?phrase=CIASTO%20FRANCUSKIE%20BIO%20320%20g%20-%20DONAU"}
[2025-09-30 14:28:19] GET | {"url":"https://api.allegro.pl/sale/products?phrase=CIASTO%20FRANCUSKIE%20BIO%20320%20g%20-"}
[2025-09-30 14:28:20] GET | {"url":"https://api.allegro.pl/sale/products?phrase=CIASTO%20FRANCUSKIE%20BIO%20320%20g"}
[2025-09-30 14:28:21] GET | {"url":"https://api.allegro.pl/sale/products?phrase=CIASTO%20FRANCUSKIE%20BIO%20320"}
[2025-09-30 14:28:22] GET | {"url":"https://api.allegro.pl/sale/products?phrase=CIASTO%20FRANCUSKIE%20BIO"}
[2025-09-30 14:28:23] GET | {"url":"https://api.allegro.pl/sale/products?phrase=CIASTO%20FRANCUSKIE"}
[2025-09-30 14:28:26] GET | {"url":"https://api.allegro.pl/sale/products?phrase=4260229160428&mode=GTIN"}
[2025-09-30 14:28:28] GET | {"url":"https://api.allegro.pl/sale/products?phrase=4260229160022&mode=GTIN"}
[2025-09-30 14:28:30] GET | {"url":"https://api.allegro.pl/sale/products?phrase=4260229160152&mode=GTIN"}
[2025-09-30 14:28:30] GET | {"url":"https://api.allegro.pl/sale/products?phrase=CIASTO%20DO%20TARTY%20I%20QUICHE%20BIO%20270%20g%20-%20DONAU%20STRUDEL"}
[2025-09-30 14:28:30] GET | {"url":"https://api.allegro.pl/sale/products?phrase=CIASTO%20DO%20TARTY%20I%20QUICHE%20BIO%20270%20g%20-%20DONAU"}
[2025-09-30 14:28:30] GET | {"url":"https://api.allegro.pl/sale/products?phrase=CIASTO%20DO%20TARTY%20I%20QUICHE%20BIO%20270%20g%20-"}
[2025-09-30 14:28:31] GET | {"url":"https://api.allegro.pl/sale/products?phrase=CIASTO%20DO%20TARTY%20I%20QUICHE%20BIO%20270%20g"}
[2025-09-30 14:28:31] GET | {"url":"https://api.allegro.pl/sale/products?phrase=CIASTO%20DO%20TARTY%20I%20QUICHE%20BIO%20270"}
[2025-09-30 14:28:32] GET | {"url":"https://api.allegro.pl/sale/products?phrase=CIASTO%20DO%20TARTY%20I%20QUICHE%20BIO"}
[2025-09-30 14:28:33] GET | {"url":"https://api.allegro.pl/sale/products?phrase=CIASTO%20DO%20TARTY%20I%20QUICHE"}
[2025-09-30 14:28:36] GET | {"url":"https://api.allegro.pl/sale/products?phrase=4260229160350&mode=GTIN"}
[2025-09-30 14:28:36] GET | {"url":"https://api.allegro.pl/sale/products?phrase=CIASTO%20NA%20TART%C4%98%20FLAMB%C3%89E%20BIO%20260%20g%20-%20DONAU%20STRUDEL"}
[2025-09-30 14:28:36] GET | {"url":"https://api.allegro.pl/sale/products?phrase=CIASTO%20NA%20TART%C4%98%20FLAMB%C3%89E%20BIO%20260%20g%20-%20DONAU"}
[2025-09-30 14:28:37] GET | {"url":"https://api.allegro.pl/sale/products?phrase=CIASTO%20NA%20TART%C4%98%20FLAMB%C3%89E%20BIO%20260%20g%20-"}
[2025-09-30 14:28:38] GET | {"url":"https://api.allegro.pl/sale/products?phrase=CIASTO%20NA%20TART%C4%98%20FLAMB%C3%89E%20BIO%20260%20g"}
[2025-09-30 14:28:39] GET | {"url":"https://api.allegro.pl/sale/products?phrase=CIASTO%20NA%20TART%C4%98%20FLAMB%C3%89E%20BIO%20260"}
[2025-09-30 14:28:40] GET | {"url":"https://api.allegro.pl/sale/products?phrase=CIASTO%20NA%20TART%C4%98%20FLAMB%C3%89E%20BIO"}
[2025-09-30 14:28:41] GET | {"url":"https://api.allegro.pl/sale/products?phrase=CIASTO%20NA%20TART%C4%98%20FLAMB%C3%89E"}
[2025-09-30 14:28:42] GET | {"url":"https://api.allegro.pl/sale/products?phrase=CIASTO%20NA%20TART%C4%98"}
[2025-09-30 14:28:45] GET | {"url":"https://api.allegro.pl/sale/products?phrase=256356&mode=GTIN"}
[2025-09-30 14:28:45] GET | {"url":"https://api.allegro.pl/sale/products?phrase=ZIEMNIAKI%20CZERWONE%20%C5%9AWIE%C5%BBE%20BIO%20%28POLSKA%29%20%28oko%C5%82o%202%2C00%20kg%29"}
[2025-09-30 14:28:47] GET | {"url":"https://api.allegro.pl/sale/products?phrase=5907786990080&mode=GTIN"}
[2025-09-30 14:28:50] GET | {"url":"https://api.allegro.pl/sale/products?phrase=5902605410602&mode=GTIN"}
[2025-09-30 14:28:52] GET | {"url":"https://api.allegro.pl/sale/products?phrase=5902367401825&mode=GTIN"}
[2025-09-30 14:28:54] GET | {"url":"https://api.allegro.pl/sale/products?phrase=5904806120748&mode=GTIN"}
[2025-09-30 14:28:56] GET | {"url":"https://api.allegro.pl/sale/products?phrase=5907573460680&mode=GTIN"}
[2025-09-30 14:28:58] GET | {"url":"https://api.allegro.pl/sale/products?phrase=5902479612027&mode=GTIN"}
[2025-09-30 14:29:00] GET | {"url":"https://api.allegro.pl/sale/products?phrase=5902479613338&mode=GTIN"}
[2025-09-30 14:29:02] GET | {"url":"https://api.allegro.pl/sale/products?phrase=5906365360238&mode=GTIN"}
[2025-09-30 14:29:04] GET | {"url":"https://api.allegro.pl/sale/products?phrase=5903933645087&mode=GTIN"}
[2025-09-30 14:29:06] GET | {"url":"https://api.allegro.pl/sale/products?phrase=5907573460178&mode=GTIN"}
[2025-09-30 14:29:08] GET | {"url":"https://api.allegro.pl/sale/products?phrase=4779048081222&mode=GTIN"}
[2025-09-30 14:29:10] GET | {"url":"https://api.allegro.pl/sale/products?phrase=5902479613291&mode=GTIN"}
[2025-09-30 14:29:12] GET | {"url":"https://api.allegro.pl/sale/products?phrase=5908230845352&mode=GTIN"}
[2025-09-30 14:29:14] GET | {"url":"https://api.allegro.pl/sale/products?phrase=5903933645537&mode=GTIN"}
[2025-09-30 14:29:17] GET | {"url":"https://api.allegro.pl/sale/products?phrase=7640230493277&mode=GTIN"}
[2025-09-30 14:29:19] GET | {"url":"https://api.allegro.pl/sale/products?phrase=5904730218573&mode=GTIN"}
[2025-09-30 14:29:21] GET | {"url":"https://api.allegro.pl/sale/products?phrase=5902741002747&mode=GTIN"}
[2025-09-30 14:29:23] GET | {"url":"https://api.allegro.pl/sale/products?phrase=5902741002525&mode=GTIN"}
[2025-09-30 14:29:25] GET | {"url":"https://api.allegro.pl/sale/products?phrase=5906395147830&mode=GTIN"}
[2025-09-30 14:29:27] GET | {"url":"https://api.allegro.pl/sale/products?phrase=5903933643229&mode=GTIN"}
[2025-09-30 14:29:29] GET | {"url":"https://api.allegro.pl/sale/products?phrase=5902781001694&mode=GTIN"}
[2025-09-30 14:29:31] GET | {"url":"https://api.allegro.pl/sale/products?phrase=5908445476341&mode=GTIN"}
[2025-09-30 15:14:44] GET | {"url":"https://api.allegro.pl/sale/products?phrase=3760092218154&mode=GTIN"}
[2025-09-30 15:14:44] GET | {"url":"https://api.allegro.pl/sale/products?phrase=CIASTKA%20CYNAMONOWE%20BEZGLUTENOWE%20BIO%20120%20g%20-%20NATEN"}
[2025-09-30 15:14:44] GET | {"url":"https://api.allegro.pl/sale/products?phrase=CIASTKA%20CYNAMONOWE%20BEZGLUTENOWE%20BIO%20120%20g%20-"}
[2025-09-30 15:14:44] GET | {"url":"https://api.allegro.pl/sale/products?phrase=CIASTKA%20CYNAMONOWE%20BEZGLUTENOWE%20BIO%20120%20g"}
[2025-09-30 15:14:45] GET | {"url":"https://api.allegro.pl/sale/products?phrase=CIASTKA%20CYNAMONOWE%20BEZGLUTENOWE%20BIO%20120"}
[2025-09-30 15:14:46] GET | {"url":"https://api.allegro.pl/sale/products?phrase=CIASTKA%20CYNAMONOWE%20BEZGLUTENOWE%20BIO"}
[2025-09-30 15:14:47] GET | {"url":"https://api.allegro.pl/sale/products?phrase=CIASTKA%20CYNAMONOWE%20BEZGLUTENOWE"}
[2025-09-30 15:14:49] GET | {"url":"https://api.allegro.pl/sale/products?phrase=5902837811406&mode=GTIN"}
[2025-09-30 15:14:50] GET | {"url":"https://api.allegro.pl/sale/products?phrase=5908445476341&mode=GTIN"}
[2025-09-30 15:20:08] GET | {"url":"https://api.allegro.pl/sale/products?phrase=5902768174625&mode=GTIN"}
[2025-09-30 15:20:09] GET | {"url":"https://api.allegro.pl/sale/products?phrase=5902768174717&mode=GTIN"}
[2025-09-30 15:20:10] GET | {"url":"https://api.allegro.pl/sale/products?phrase=5902768174526&mode=GTIN"}
[2025-09-30 15:20:11] GET | {"url":"https://api.allegro.pl/sale/products?phrase=5902768174557&mode=GTIN"}
[2025-09-30 15:20:12] GET | {"url":"https://api.allegro.pl/sale/products?phrase=5903728831190&mode=GTIN"}
[2025-09-30 15:20:14] GET | {"url":"https://api.allegro.pl/sale/products?phrase=5903728830254&mode=GTIN"}
[2025-09-30 15:20:16] GET | {"url":"https://api.allegro.pl/sale/products?phrase=9120008998787&mode=GTIN"}
[2025-09-30 15:20:18] GET | {"url":"https://api.allegro.pl/sale/products?phrase=5907377510826&mode=GTIN"}
[2025-09-30 15:20:20] GET | {"url":"https://api.allegro.pl/sale/products?phrase=5902768174625&mode=GTIN"}
[2025-09-30 15:20:22] GET | {"url":"https://api.allegro.pl/sale/products?phrase=5902768174625&mode=GTIN"}
[2025-09-30 15:20:24] GET | {"url":"https://api.allegro.pl/sale/products?phrase=5906205501357&mode=GTIN"}
[2025-09-30 15:20:26] GET | {"url":"https://api.allegro.pl/sale/products?phrase=5907709950627&mode=GTIN"}
[2025-09-30 15:20:28] GET | {"url":"https://api.allegro.pl/sale/products?phrase=8712439040305&mode=GTIN"}
[2025-09-30 15:21:41] GET | {"url":"https://api.allegro.pl/sale/products?phrase=5900672300871&mode=GTIN"}
[2025-09-30 15:21:42] GET | {"url":"https://api.allegro.pl/sale/products?phrase=5900672300857&mode=GTIN"}
[2025-09-30 15:21:43] GET | {"url":"https://api.allegro.pl/sale/products?phrase=5907709955073&mode=GTIN"}
[2025-09-30 15:21:44] GET | {"url":"https://api.allegro.pl/sale/products?phrase=8052575091329&mode=GTIN"}
[2025-09-30 15:21:45] GET | {"url":"https://api.allegro.pl/sale/products?phrase=8713576004243&mode=GTIN"}
[2025-09-30 15:21:47] GET | {"url":"https://api.allegro.pl/sale/products?phrase=3431590002698&mode=GTIN"}
[2025-09-30 15:21:49] GET | {"url":"https://api.allegro.pl/sale/products?phrase=5906660157137&mode=GTIN"}
[2025-09-30 15:21:51] GET | {"url":"https://api.allegro.pl/sale/products?phrase=8713576004076&mode=GTIN"}
[2025-09-30 15:21:53] GET | {"url":"https://api.allegro.pl/sale/products?phrase=5906660157847&mode=GTIN"}
[2025-09-30 15:21:55] GET | {"url":"https://api.allegro.pl/sale/products?phrase=4006040016533&mode=GTIN"}
[2025-09-30 15:21:57] GET | {"url":"https://api.allegro.pl/sale/products?phrase=4006040037569&mode=GTIN"}
[2025-09-30 15:21:59] GET | {"url":"https://api.allegro.pl/sale/products?phrase=8712439011305&mode=GTIN"}
[2025-09-30 15:22:01] GET | {"url":"https://api.allegro.pl/sale/products?phrase=8052575091350&mode=GTIN"}
[2025-09-30 15:22:03] GET | {"url":"https://api.allegro.pl/sale/products?phrase=8710573683266&mode=GTIN"}
[2025-09-30 15:22:06] GET | {"url":"https://api.allegro.pl/sale/products?phrase=8710573454262&mode=GTIN"}
[2025-09-30 15:22:08] GET | {"url":"https://api.allegro.pl/sale/products?phrase=5903205740694&mode=GTIN"}
[2025-09-30 15:22:10] GET | {"url":"https://api.allegro.pl/sale/products?phrase=5903111899561&mode=GTIN"}
[2025-09-30 15:26:17] GET | {"url":"https://api.allegro.pl/sale/products?phrase=5902837811147&mode=GTIN"}
[2025-09-30 15:26:18] GET | {"url":"https://api.allegro.pl/sale/products?phrase=5902837812540&mode=GTIN"}
[2025-09-30 15:26:19] GET | {"url":"https://api.allegro.pl/sale/products?phrase=5903548002497&mode=GTIN"}
[2025-09-30 15:26:21] GET | {"url":"https://api.allegro.pl/sale/products?phrase=5903548002503&mode=GTIN"}
[2025-09-30 15:26:22] GET | {"url":"https://api.allegro.pl/sale/products?phrase=5903548002510&mode=GTIN"}
[2025-09-30 15:26:24] GET | {"url":"https://api.allegro.pl/sale/products?phrase=5901228010350&mode=GTIN"}
[2025-09-30 15:26:26] GET | {"url":"https://api.allegro.pl/sale/products?phrase=5901549275070&mode=GTIN"}
[2025-09-30 15:26:28] GET | {"url":"https://api.allegro.pl/sale/products?phrase=5901549275025&mode=GTIN"}
[2025-09-30 15:26:30] GET | {"url":"https://api.allegro.pl/sale/products?phrase=5901549275018&mode=GTIN"}
[2025-09-30 15:26:32] GET | {"url":"https://api.allegro.pl/sale/products?phrase=8588004638754&mode=GTIN"}
[2025-09-30 15:26:34] GET | {"url":"https://api.allegro.pl/sale/products?phrase=8588004638778&mode=GTIN"}
[2025-09-30 15:26:36] GET | {"url":"https://api.allegro.pl/sale/products?phrase=8594001193776&mode=GTIN"}
[2025-09-30 15:26:38] GET | {"url":"https://api.allegro.pl/sale/products?phrase=4820219343387&mode=GTIN"}
[2025-09-30 15:26:41] GET | {"url":"https://api.allegro.pl/sale/products?phrase=8713576007411&mode=GTIN"}
[2025-09-30 15:26:43] GET | {"url":"https://api.allegro.pl/sale/products?phrase=8009004810648&mode=GTIN"}
[2025-09-30 15:26:45] GET | {"url":"https://api.allegro.pl/sale/products?phrase=5400164153003&mode=GTIN"}
[2025-09-30 15:26:47] GET | {"url":"https://api.allegro.pl/sale/products?phrase=5903548002510&mode=GTIN"}
[2025-09-30 15:26:49] GET | {"url":"https://api.allegro.pl/sale/products?phrase=8588009163695&mode=GTIN"}
[2025-09-30 15:26:51] GET | {"url":"https://api.allegro.pl/sale/products?phrase=4820219343851&mode=GTIN"}
[2025-09-30 15:26:53] GET | {"url":"https://api.allegro.pl/sale/products?phrase=5905567596841&mode=GTIN"}
[2025-09-30 15:26:55] GET | {"url":"https://api.allegro.pl/sale/products?phrase=5905567596858&mode=GTIN"}
[2025-09-30 15:26:58] GET | {"url":"https://api.allegro.pl/sale/products?phrase=5905567596797&mode=GTIN"}
[2025-09-30 15:27:00] GET | {"url":"https://api.allegro.pl/sale/products?phrase=5902003713732&mode=GTIN"}
[2025-09-30 15:27:02] GET | {"url":"https://api.allegro.pl/sale/products?phrase=5902003713749&mode=GTIN"}
[2025-09-30 15:27:04] GET | {"url":"https://api.allegro.pl/sale/products?phrase=5902003713763&mode=GTIN"}
[2025-09-30 15:27:06] GET | {"url":"https://api.allegro.pl/sale/products?phrase=5902003713701&mode=GTIN"}
[2025-09-30 15:27:08] GET | {"url":"https://api.allegro.pl/sale/products?phrase=5902003713770&mode=GTIN"}
[2025-09-30 15:27:10] GET | {"url":"https://api.allegro.pl/sale/products?phrase=4820219346319&mode=GTIN"}
[2025-09-30 15:27:12] GET | {"url":"https://api.allegro.pl/sale/products?phrase=4820219346272&mode=GTIN"}
[2025-09-30 15:27:15] GET | {"url":"https://api.allegro.pl/sale/products?phrase=4820219346289&mode=GTIN"}
[2025-09-30 15:27:17] GET | {"url":"https://api.allegro.pl/sale/products?phrase=5901764234920&mode=GTIN"}
[2025-09-30 15:27:19] GET | {"url":"https://api.allegro.pl/sale/products?phrase=4820219346500&mode=GTIN"}
[2025-09-30 15:27:21] GET | {"url":"https://api.allegro.pl/sale/products?phrase=5412158056177&mode=GTIN"}
[2025-09-30 15:27:23] GET | {"url":"https://api.allegro.pl/sale/products?phrase=5412158026743&mode=GTIN"}
[2025-09-30 15:27:24] GET | {"url":"https://api.allegro.pl/sale/products?phrase=4820149742083&mode=GTIN"}
[2025-09-30 15:27:25] GET | {"url":"https://api.allegro.pl/sale/products?phrase=4820149742090&mode=GTIN"}
[2025-09-30 15:27:27] GET | {"url":"https://api.allegro.pl/sale/products?phrase=4820149742106&mode=GTIN"}
[2025-09-30 15:27:29] GET | {"url":"https://api.allegro.pl/sale/products?phrase=5903548001810&mode=GTIN"}
[2025-09-30 15:27:31] GET | {"url":"https://api.allegro.pl/sale/products?phrase=5903548002435&mode=GTIN"}
[2025-09-30 15:27:33] GET | {"url":"https://api.allegro.pl/sale/products?phrase=5903548001858&mode=GTIN"}
[2025-09-30 15:27:35] GET | {"url":"https://api.allegro.pl/sale/products?phrase=5903548002350&mode=GTIN"}
[2025-09-30 15:27:37] GET | {"url":"https://api.allegro.pl/sale/products?phrase=4820162520347&mode=GTIN"}
[2025-09-30 15:27:39] GET | {"url":"https://api.allegro.pl/sale/products?phrase=4820162520453&mode=GTIN"}
[2025-09-30 15:27:41] GET | {"url":"https://api.allegro.pl/sale/products?phrase=4820219340584&mode=GTIN"}
[2025-09-30 15:27:43] GET | {"url":"https://api.allegro.pl/sale/products?phrase=4820162520187&mode=GTIN"}
[2025-09-30 15:27:45] GET | {"url":"https://api.allegro.pl/sale/products?phrase=4820162520415&mode=GTIN"}
[2025-09-30 15:27:47] GET | {"url":"https://api.allegro.pl/sale/products?phrase=4820162520392&mode=GTIN"}
[2025-09-30 15:27:49] GET | {"url":"https://api.allegro.pl/sale/products?phrase=5906747176488&mode=GTIN"}
[2025-09-30 15:27:52] GET | {"url":"https://api.allegro.pl/sale/products?phrase=7350104403041&mode=GTIN"}
[2025-09-30 15:27:54] GET | {"url":"https://api.allegro.pl/sale/products?phrase=7350104403003&mode=GTIN"}
[2025-09-30 15:27:56] GET | {"url":"https://api.allegro.pl/sale/products?phrase=7350104403058&mode=GTIN"}
[2025-09-30 15:27:58] GET | {"url":"https://api.allegro.pl/sale/products?phrase=5901597385424&mode=GTIN"}
[2025-09-30 15:28:00] GET | {"url":"https://api.allegro.pl/sale/products?phrase=4751018892687&mode=GTIN"}
[2025-09-30 15:28:02] GET | {"url":"https://api.allegro.pl/sale/products?phrase=5907678889645&mode=GTIN"}
[2025-09-30 15:28:05] GET | {"url":"https://api.allegro.pl/sale/products?phrase=5907678889140&mode=GTIN"}
[2025-09-30 15:28:07] GET | {"url":"https://api.allegro.pl/sale/products?phrase=7350104402402&mode=GTIN"}
[2025-09-30 15:28:09] GET | {"url":"https://api.allegro.pl/sale/products?phrase=7350104402419&mode=GTIN"}
[2025-09-30 15:28:12] GET | {"url":"https://api.allegro.pl/sale/products?phrase=5907678889713&mode=GTIN"}
[2025-09-30 15:28:14] GET | {"url":"https://api.allegro.pl/sale/products?phrase=5907678889058&mode=GTIN"}
[2025-09-30 15:28:17] GET | {"url":"https://api.allegro.pl/sale/products?phrase=3800142003450&mode=GTIN"}
[2025-09-30 15:28:18] GET | {"url":"https://api.allegro.pl/sale/products?phrase=5903548002497&mode=GTIN"}
[2025-09-30 15:28:20] GET | {"url":"https://api.allegro.pl/sale/products?phrase=5903864780475&mode=GTIN"}
[2025-09-30 15:28:22] GET | {"url":"https://api.allegro.pl/sale/products?phrase=5900316552949&mode=GTIN"}
[2025-09-30 15:28:25] GET | {"url":"https://api.allegro.pl/sale/products?phrase=5903864780512&mode=GTIN"}
[2025-09-30 15:28:27] GET | {"url":"https://api.allegro.pl/sale/products?phrase=8595685237558&mode=GTIN"}
[2025-09-30 15:28:29] GET | {"url":"https://api.allegro.pl/sale/products?phrase=8595685237534&mode=GTIN"}
[2025-09-30 15:28:31] GET | {"url":"https://api.allegro.pl/sale/products?phrase=8595685237541&mode=GTIN"}
[2025-09-30 15:28:33] GET | {"url":"https://api.allegro.pl/sale/products?phrase=4820262540306&mode=GTIN"}
[2025-09-30 15:28:35] GET | {"url":"https://api.allegro.pl/sale/products?phrase=5907678889799&mode=GTIN"}
[2025-09-30 15:28:37] GET | {"url":"https://api.allegro.pl/sale/products?phrase=5907678889829&mode=GTIN"}
[2025-09-30 15:28:39] GET | {"url":"https://api.allegro.pl/sale/products?phrase=5900316552673&mode=GTIN"}
[2025-09-30 15:28:42] GET | {"url":"https://api.allegro.pl/sale/products?phrase=5904094826278&mode=GTIN"}
[2025-09-30 15:28:44] GET | {"url":"https://api.allegro.pl/sale/products?phrase=4820262540627&mode=GTIN"}
[2025-09-30 15:28:46] GET | {"url":"https://api.allegro.pl/sale/products?phrase=8595685225791&mode=GTIN"}
[2025-09-30 15:28:48] GET | {"url":"https://api.allegro.pl/sale/products?phrase=4820262540016&mode=GTIN"}
[2025-09-30 15:28:50] GET | {"url":"https://api.allegro.pl/sale/products?phrase=4820262540078&mode=GTIN"}
[2025-09-30 15:28:52] GET | {"url":"https://api.allegro.pl/sale/products?phrase=4820219341291&mode=GTIN"}
[2025-09-30 15:28:54] GET | {"url":"https://api.allegro.pl/sale/products?phrase=4820162520255&mode=GTIN"}
[2025-09-30 15:28:57] GET | {"url":"https://api.allegro.pl/sale/products?phrase=4820162520262&mode=GTIN"}
[2025-09-30 15:28:59] GET | {"url":"https://api.allegro.pl/sale/products?phrase=4820219341307&mode=GTIN"}
[2025-09-30 15:29:01] GET | {"url":"https://api.allegro.pl/sale/products?phrase=4820219344261&mode=GTIN"}
[2025-09-30 15:29:03] GET | {"url":"https://api.allegro.pl/sale/products?phrase=3800142002910&mode=GTIN"}
[2025-09-30 15:29:05] GET | {"url":"https://api.allegro.pl/sale/products?phrase=5907622655104&mode=GTIN"}
[2025-09-30 15:29:07] GET | {"url":"https://api.allegro.pl/sale/products?phrase=5907622655128&mode=GTIN"}
[2025-09-30 15:29:09] GET | {"url":"https://api.allegro.pl/sale/products?phrase=5907622655111&mode=GTIN"}
[2025-09-30 15:29:11] GET | {"url":"https://api.allegro.pl/sale/products?phrase=5904094826056&mode=GTIN"}
[2025-09-30 15:29:14] GET | {"url":"https://api.allegro.pl/sale/products?phrase=5900238963267&mode=GTIN"}
[2025-09-30 15:29:16] GET | {"url":"https://api.allegro.pl/sale/products?phrase=4820219341314&mode=GTIN"}
[2025-09-30 15:29:18] GET | {"url":"https://api.allegro.pl/sale/products?phrase=5902444123749&mode=GTIN"}
[2025-09-30 15:29:20] GET | {"url":"https://api.allegro.pl/sale/products?phrase=5903864780482&mode=GTIN"}
[2025-09-30 15:29:22] GET | {"url":"https://api.allegro.pl/sale/products?phrase=4820219343387&mode=GTIN"}
[2025-09-30 15:29:24] GET | {"url":"https://api.allegro.pl/sale/products?phrase=4820219343684&mode=GTIN"}
[2025-09-30 15:29:26] GET | {"url":"https://api.allegro.pl/sale/products?phrase=5904094826285&mode=GTIN"}
[2025-09-30 15:29:28] GET | {"url":"https://api.allegro.pl/sale/products?phrase=5900316552628&mode=GTIN"}
[2025-09-30 15:29:30] GET | {"url":"https://api.allegro.pl/sale/products?phrase=5900238969306&mode=GTIN"}
[2025-09-30 15:29:32] GET | {"url":"https://api.allegro.pl/sale/products?phrase=5904730012614&mode=GTIN"}
[2025-09-30 15:29:35] GET | {"url":"https://api.allegro.pl/sale/products?phrase=4820262540658&mode=GTIN"}
[2025-09-30 15:29:38] GET | {"url":"https://api.allegro.pl/sale/products?phrase=4820262540665&mode=GTIN"}
[2025-09-30 15:29:40] GET | {"url":"https://api.allegro.pl/sale/products?phrase=4820262540023&mode=GTIN"}
[2025-09-30 15:29:42] GET | {"url":"https://api.allegro.pl/sale/products?phrase=4820219344223&mode=GTIN"}
[2025-09-30 15:41:50] GET | {"url":"https://api.allegro.pl/sale/products?phrase=5902837811147&mode=GTIN"}
[2025-09-30 15:41:51] GET | {"url":"https://api.allegro.pl/sale/products?phrase=5903548001810&mode=GTIN"}
[2025-09-30 15:41:53] GET | {"url":"https://api.allegro.pl/sale/products?phrase=5907678889645&mode=GTIN"}
[2025-09-30 15:41:55] GET | {"url":"https://api.allegro.pl/sale/products?phrase=5902444124821&mode=GTIN"}
[2025-09-30 15:41:57] GET | {"url":"https://api.allegro.pl/sale/products?phrase=5902444124838&mode=GTIN"}
[2025-09-30 15:41:59] GET | {"url":"https://api.allegro.pl/sale/products?phrase=4820219347835&mode=GTIN"}
[2025-09-30 15:42:02] GET | {"url":"https://api.allegro.pl/sale/products?phrase=4820219347842&mode=GTIN"}
[2025-09-30 15:42:04] GET | {"url":"https://api.allegro.pl/sale/products?phrase=4820219347873&mode=GTIN"}
[2025-09-30 15:42:06] GET | {"url":"https://api.allegro.pl/sale/products?phrase=4820262540320&mode=GTIN"}
[2025-09-30 15:42:08] GET | {"url":"https://api.allegro.pl/sale/products?phrase=5907622655135&mode=GTIN"}
[2025-09-30 15:42:10] GET | {"url":"https://api.allegro.pl/sale/products?phrase=5907622655180&mode=GTIN"}
[2025-09-30 15:42:12] GET | {"url":"https://api.allegro.pl/sale/products?phrase=5908456872026&mode=GTIN"}
[2025-09-30 15:42:15] GET | {"url":"https://api.allegro.pl/sale/products?phrase=5908456872002&mode=GTIN"}
[2025-09-30 15:42:17] GET | {"url":"https://api.allegro.pl/sale/products?phrase=7350104404741&mode=GTIN"}
[2025-09-30 15:42:19] GET | {"url":"https://api.allegro.pl/sale/products?phrase=5900805751327&mode=GTIN"}
[2025-09-30 15:42:21] GET | {"url":"https://api.allegro.pl/sale/products?phrase=5941768000190&mode=GTIN"}
[2025-09-30 15:42:23] GET | {"url":"https://api.allegro.pl/sale/products?phrase=5900316552994&mode=GTIN"}
[2025-09-30 15:42:25] GET | {"url":"https://api.allegro.pl/sale/products?phrase=5900316552000&mode=GTIN"}
[2025-09-30 15:42:27] GET | {"url":"https://api.allegro.pl/sale/products?phrase=5900805751303&mode=GTIN"}
[2025-09-30 15:42:30] GET | {"url":"https://api.allegro.pl/sale/products?phrase=5900805751310&mode=GTIN"}
[2025-09-30 15:42:32] GET | {"url":"https://api.allegro.pl/sale/products?phrase=5900316552192&mode=GTIN"}
[2025-09-30 15:42:35] GET | {"url":"https://api.allegro.pl/sale/products?phrase=5900316552406&mode=GTIN"}
[2025-09-30 15:42:37] GET | {"url":"https://api.allegro.pl/sale/products?phrase=5900316552574&mode=GTIN"}
[2025-09-30 15:42:40] GET | {"url":"https://api.allegro.pl/sale/products?phrase=5900316552581&mode=GTIN"}
[2025-09-30 15:42:42] GET | {"url":"https://api.allegro.pl/sale/products?phrase=4820262540672&mode=GTIN"}
[2025-09-30 15:42:44] GET | {"url":"https://api.allegro.pl/sale/products?phrase=7350104401085&mode=GTIN"}
[2025-09-30 15:42:46] GET | {"url":"https://api.allegro.pl/sale/products?phrase=7350104401078&mode=GTIN"}
[2025-09-30 15:42:48] GET | {"url":"https://api.allegro.pl/sale/products?phrase=7350104401108&mode=GTIN"}
[2025-09-30 15:42:50] GET | {"url":"https://api.allegro.pl/sale/products?phrase=7350104402488&mode=GTIN"}
[2025-09-30 15:42:52] GET | {"url":"https://api.allegro.pl/sale/products?phrase=4820262540092&mode=GTIN"}
[2025-09-30 15:42:54] GET | {"url":"https://api.allegro.pl/sale/products?phrase=5902444123725&mode=GTIN"}
[2025-09-30 15:42:56] GET | {"url":"https://api.allegro.pl/sale/products?phrase=5900038003682&mode=GTIN"}
[2025-09-30 15:42:58] GET | {"url":"https://api.allegro.pl/sale/products?phrase=5904257043429&mode=GTIN"}
[2025-09-30 15:43:00] GET | {"url":"https://api.allegro.pl/sale/products?phrase=5900238965605&mode=GTIN"}
[2025-09-30 15:43:02] GET | {"url":"https://api.allegro.pl/sale/products?phrase=5903548002336&mode=GTIN"}
[2025-09-30 15:43:05] GET | {"url":"https://api.allegro.pl/sale/products?phrase=5900316552062&mode=GTIN"}
[2025-09-30 15:43:07] GET | {"url":"https://api.allegro.pl/sale/products?phrase=5900038003699&mode=GTIN"}
[2025-09-30 15:43:09] GET | {"url":"https://api.allegro.pl/sale/products?phrase=7350104402464&mode=GTIN"}
[2025-09-30 15:43:11] GET | {"url":"https://api.allegro.pl/sale/products?phrase=4820149740584&mode=GTIN"}
[2025-09-30 15:43:13] GET | {"url":"https://api.allegro.pl/sale/products?phrase=4820149740454&mode=GTIN"}
[2025-09-30 15:43:15] GET | {"url":"https://api.allegro.pl/sale/products?phrase=4820149740546&mode=GTIN"}
[2025-09-30 15:43:17] GET | {"url":"https://api.allegro.pl/sale/products?phrase=4820149740638&mode=GTIN"}
[2025-09-30 15:43:19] GET | {"url":"https://api.allegro.pl/sale/products?phrase=4820149740560&mode=GTIN"}
[2025-09-30 15:43:21] GET | {"url":"https://api.allegro.pl/sale/products?phrase=5904730077293&mode=GTIN"}
[2025-09-30 15:43:23] GET | {"url":"https://api.allegro.pl/sale/products?phrase=5904730077118&mode=GTIN"}
[2025-09-30 15:43:26] GET | {"url":"https://api.allegro.pl/sale/products?phrase=5907029008947&mode=GTIN"}
[2025-09-30 15:43:28] GET | {"url":"https://api.allegro.pl/sale/products?phrase=5902444124500&mode=GTIN"}
[2025-09-30 15:43:30] GET | {"url":"https://api.allegro.pl/sale/products?phrase=5902444124517&mode=GTIN"}
[2025-09-30 15:43:32] GET | {"url":"https://api.allegro.pl/sale/products?phrase=5901597385486&mode=GTIN"}
[2025-09-30 15:43:34] GET | {"url":"https://api.allegro.pl/sale/products?phrase=5901597385462&mode=GTIN"}
[2025-09-30 15:43:36] GET | {"url":"https://api.allegro.pl/sale/products?phrase=5901597385110&mode=GTIN"}
[2025-09-30 15:43:38] GET | {"url":"https://api.allegro.pl/sale/products?phrase=5901597385479&mode=GTIN"}
[2025-09-30 15:43:40] GET | {"url":"https://api.allegro.pl/sale/products?phrase=5906551084030&mode=GTIN"}
[2025-09-30 15:43:43] GET | {"url":"https://api.allegro.pl/sale/products?phrase=5901597385745&mode=GTIN"}
[2025-09-30 15:43:44] GET | {"url":"https://api.allegro.pl/sale/products?phrase=5901597385738&mode=GTIN"}
[2025-09-30 15:43:47] GET | {"url":"https://api.allegro.pl/sale/products?phrase=5907799261764&mode=GTIN"}
[2025-09-30 15:43:49] GET | {"url":"https://api.allegro.pl/sale/products?phrase=5902444124524&mode=GTIN"}
[2025-09-30 15:43:51] GET | {"url":"https://api.allegro.pl/sale/products?phrase=5903548002411&mode=GTIN"}
[2025-09-30 15:43:53] GET | {"url":"https://api.allegro.pl/sale/products?phrase=5903548002442&mode=GTIN"}
[2025-09-30 15:43:55] GET | {"url":"https://api.allegro.pl/sale/products?phrase=8410376037883&mode=GTIN"}
[2025-09-30 15:43:57] GET | {"url":"https://api.allegro.pl/sale/products?phrase=5903548002503&mode=GTIN"}
[2025-09-30 15:43:59] GET | {"url":"https://api.allegro.pl/sale/products?phrase=5904730012515&mode=GTIN"}
[2025-09-30 15:44:01] GET | {"url":"https://api.allegro.pl/sale/products?phrase=5903548001889&mode=GTIN"}
[2025-09-30 15:44:03] GET | {"url":"https://api.allegro.pl/sale/products?phrase=5903548002633&mode=GTIN"}
[2025-09-30 15:44:05] GET | {"url":"https://api.allegro.pl/sale/products?phrase=5903548001995&mode=GTIN"}
[2025-09-30 15:44:07] GET | {"url":"https://api.allegro.pl/sale/products?phrase=8606018701421&mode=GTIN"}
[2025-09-30 15:44:09] GET | {"url":"https://api.allegro.pl/sale/products?phrase=5900038003491&mode=GTIN"}
[2025-09-30 15:44:10] GET | {"url":"https://api.allegro.pl/sale/products?phrase=4820149740461&mode=GTIN"}
[2025-09-30 15:44:11] GET | {"url":"https://api.allegro.pl/sale/products?phrase=4820149742304&mode=GTIN"}
[2025-09-30 15:44:12] GET | {"url":"https://api.allegro.pl/sale/products?phrase=4820162520316&mode=GTIN"}
[2025-09-30 15:44:13] GET | {"url":"https://api.allegro.pl/sale/products?phrase=4820162520309&mode=GTIN"}
[2025-09-30 15:44:15] GET | {"url":"https://api.allegro.pl/sale/products?phrase=4820162520286&mode=GTIN"}
[2025-09-30 15:44:16] GET | {"url":"https://api.allegro.pl/sale/products?phrase=4820219340591&mode=GTIN"}
[2025-09-30 15:44:17] GET | {"url":"https://api.allegro.pl/sale/products?phrase=4820219347880&mode=GTIN"}
[2025-09-30 15:44:18] GET | {"url":"https://api.allegro.pl/sale/products?phrase=4820219347859&mode=GTIN"}
[2025-09-30 15:44:19] GET | {"url":"https://api.allegro.pl/sale/products?phrase=4820219347866&mode=GTIN"}
[2025-09-30 15:44:20] GET | {"url":"https://api.allegro.pl/sale/products?phrase=4820206080745&mode=GTIN"}
[2025-09-30 15:44:21] GET | {"url":"https://api.allegro.pl/sale/products?phrase=4820262540047&mode=GTIN"}
[2025-09-30 15:44:22] GET | {"url":"https://api.allegro.pl/sale/products?phrase=5902444124784&mode=GTIN"}
[2025-09-30 15:44:24] GET | {"url":"https://api.allegro.pl/sale/products?phrase=5900038003033&mode=GTIN"}
[2025-09-30 15:44:25] GET | {"url":"https://api.allegro.pl/sale/products?phrase=5900038003071&mode=GTIN"}
[2025-09-30 15:44:26] GET | {"url":"https://api.allegro.pl/sale/products?phrase=5900038003507&mode=GTIN"}
[2025-09-30 15:44:27] GET | {"url":"https://api.allegro.pl/sale/products?phrase=5900316552680&mode=GTIN"}
[2025-09-30 15:44:28] GET | {"url":"https://api.allegro.pl/sale/products?phrase=5900316552017&mode=GTIN"}
[2025-09-30 15:44:29] GET | {"url":"https://api.allegro.pl/sale/products?phrase=5900316552178&mode=GTIN"}
[2025-09-30 15:44:30] GET | {"url":"https://api.allegro.pl/sale/products?phrase=4820206080929&mode=GTIN"}
[2025-09-30 15:44:31] GET | {"url":"https://api.allegro.pl/sale/products?phrase=5900316552185&mode=GTIN"}
[2025-09-30 15:44:32] GET | {"url":"https://api.allegro.pl/sale/products?phrase=5900316552123&mode=GTIN"}
[2025-09-30 15:44:33] GET | {"url":"https://api.allegro.pl/sale/products?phrase=5060309490952&mode=GTIN"}
[2025-09-30 15:44:34] GET | {"url":"https://api.allegro.pl/sale/products?phrase=5904512206033&mode=GTIN"}
[2025-09-30 15:44:34] GET | {"url":"https://api.allegro.pl/sale/products?phrase=Pastilla%20truskawkowa%20Solomijka%2C"}
[2025-09-30 15:44:35] GET | {"url":"https://api.allegro.pl/sale/products?phrase=Pastilla%20truskawkowa"}
[2025-09-30 15:44:36] GET | {"url":"https://api.allegro.pl/sale/products?phrase=5904512206040&mode=GTIN"}
[2025-09-30 15:44:36] GET | {"url":"https://api.allegro.pl/sale/products?phrase=Pastilla%20malinowa%20Solomijka%2C"}
[2025-09-30 15:44:36] GET | {"url":"https://api.allegro.pl/sale/products?phrase=Pastilla%20malinowa"}
[2025-09-30 15:44:37] GET | {"url":"https://api.allegro.pl/sale/products?phrase=5904512206057&mode=GTIN"}
[2025-09-30 15:44:37] GET | {"url":"https://api.allegro.pl/sale/products?phrase=Pastilla%20cytrynowa%20Solomijka%2C"}
[2025-09-30 15:44:37] GET | {"url":"https://api.allegro.pl/sale/products?phrase=Pastilla%20cytrynowa"}
[2025-09-30 15:44:38] GET | {"url":"https://api.allegro.pl/sale/products?phrase=5904512206064&mode=GTIN"}
[2025-09-30 15:44:39] GET | {"url":"https://api.allegro.pl/sale/products?phrase=Pastilla%20jab%C5%82kowa%20Solomijka%2C"}
[2025-09-30 15:44:39] GET | {"url":"https://api.allegro.pl/sale/products?phrase=Pastilla%20jab%C5%82kowa"}
[2025-09-30 15:44:40] GET | {"url":"https://api.allegro.pl/sale/products?phrase=5904512206071&mode=GTIN"}
[2025-09-30 15:44:40] GET | {"url":"https://api.allegro.pl/sale/products?phrase=Pastilla%20bananowa%20Solomijka%2C"}
[2025-09-30 15:44:40] GET | {"url":"https://api.allegro.pl/sale/products?phrase=Pastilla%20bananowa"}
[2025-09-30 15:44:41] GET | {"url":"https://api.allegro.pl/sale/products?phrase=4751018892694&mode=GTIN"}
[2025-09-30 15:44:42] GET | {"url":"https://api.allegro.pl/sale/products?phrase=4751018890225&mode=GTIN"}
[2025-09-30 15:44:43] GET | {"url":"https://api.allegro.pl/sale/products?phrase=4751018892069&mode=GTIN"}
[2025-09-30 15:44:44] GET | {"url":"https://api.allegro.pl/sale/products?phrase=4751018890676&mode=GTIN"}
[2025-09-30 15:44:45] GET | {"url":"https://api.allegro.pl/sale/products?phrase=4751018890782&mode=GTIN"}
[2025-09-30 15:44:47] GET | {"url":"https://api.allegro.pl/sale/products?phrase=5900316552383&mode=GTIN"}
[2025-09-30 16:23:35] GET | {"url":"https://api.allegro.pl/sale/products?phrase=5900238965605&mode=GTIN"}
[2025-09-30 16:23:55] GET | {"url":"https://api.allegro.pl/sale/products?phrase=3760092218154&mode=GTIN"}
[2025-09-30 16:23:55] GET | {"url":"https://api.allegro.pl/sale/products?phrase=CIASTKA%20CYNAMONOWE%20BEZGLUTENOWE%20BIO%20120%20g%20-%20NATEN"}
[2025-09-30 16:23:55] GET | {"url":"https://api.allegro.pl/sale/products?phrase=CIASTKA%20CYNAMONOWE%20BEZGLUTENOWE%20BIO%20120%20g%20-"}
[2025-09-30 16:23:56] GET | {"url":"https://api.allegro.pl/sale/products?phrase=CIASTKA%20CYNAMONOWE%20BEZGLUTENOWE%20BIO%20120%20g"}
[2025-09-30 16:23:56] GET | {"url":"https://api.allegro.pl/sale/products?phrase=CIASTKA%20CYNAMONOWE%20BEZGLUTENOWE%20BIO%20120"}
[2025-09-30 16:23:56] GET | {"url":"https://api.allegro.pl/sale/products?phrase=CIASTKA%20CYNAMONOWE%20BEZGLUTENOWE%20BIO"}
[2025-09-30 16:23:56] GET | {"url":"https://api.allegro.pl/sale/products?phrase=CIASTKA%20CYNAMONOWE%20BEZGLUTENOWE"}
[2025-09-30 16:23:57] GET | {"url":"https://api.allegro.pl/sale/products?phrase=5902837811406&mode=GTIN"}
[2025-09-30 16:23:58] GET | {"url":"https://api.allegro.pl/sale/products?phrase=5908445476341&mode=GTIN"}
[2025-09-30 16:24:00] GET | {"url":"https://api.allegro.pl/sale/products?phrase=5905133149303&mode=GTIN"}
[2025-09-30 16:24:02] GET | {"url":"https://api.allegro.pl/sale/products?phrase=5905133149228&mode=GTIN"}
[2025-09-30 16:24:05] GET | {"url":"https://api.allegro.pl/sale/products?phrase=5907739367440&mode=GTIN"}
[2025-09-30 16:24:07] GET | {"url":"https://api.allegro.pl/sale/products?phrase=5905133149075&mode=GTIN"}
[2025-09-30 16:24:09] GET | {"url":"https://api.allegro.pl/sale/products?phrase=5905996906907&mode=GTIN"}
[2025-09-30 16:24:11] GET | {"url":"https://api.allegro.pl/sale/products?phrase=5905996906877&mode=GTIN"}
[2025-09-30 16:24:13] GET | {"url":"https://api.allegro.pl/sale/products?phrase=5902837812571&mode=GTIN"}
[2025-09-30 16:24:15] GET | {"url":"https://api.allegro.pl/sale/products?phrase=5905133149211&mode=GTIN"}
[2025-09-30 16:24:17] GET | {"url":"https://api.allegro.pl/sale/products?phrase=5902837810324&mode=GTIN"}
[2025-09-30 16:24:19] GET | {"url":"https://api.allegro.pl/sale/products?phrase=5902837813233&mode=GTIN"}
[2025-09-30 16:24:19] GET | {"url":"https://api.allegro.pl/sale/products?phrase=PI%C4%98%C4%86%20PRZEMIAN%20Orzeszki%20piniowe%20surowe%20bezglutenowe"}
[2025-09-30 16:24:20] GET | {"url":"https://api.allegro.pl/sale/products?phrase=PI%C4%98%C4%86%20PRZEMIAN%20Orzeszki%20piniowe%20surowe"}
[2025-09-30 16:24:20] GET | {"url":"https://api.allegro.pl/sale/products?phrase=PI%C4%98%C4%86%20PRZEMIAN%20Orzeszki%20piniowe"}
[2025-09-30 16:24:20] GET | {"url":"https://api.allegro.pl/sale/products?phrase=PI%C4%98%C4%86%20PRZEMIAN%20Orzeszki"}
[2025-09-30 16:24:22] GET | {"url":"https://api.allegro.pl/sale/products?phrase=5902837813165&mode=GTIN"}
[2025-09-30 16:24:22] GET | {"url":"https://api.allegro.pl/sale/products?phrase=PI%C4%98%C4%86%20PRZEMIAN%20Bia%C5%82ko%20bobu%20koncentrat"}
[2025-09-30 16:24:22] GET | {"url":"https://api.allegro.pl/sale/products?phrase=PI%C4%98%C4%86%20PRZEMIAN%20Bia%C5%82ko%20bobu"}
[2025-09-30 16:24:22] GET | {"url":"https://api.allegro.pl/sale/products?phrase=PI%C4%98%C4%86%20PRZEMIAN%20Bia%C5%82ko"}
[2025-09-30 16:24:24] GET | {"url":"https://api.allegro.pl/sale/products?phrase=5903246860832&mode=GTIN"}
[2025-09-30 16:24:27] GET | {"url":"https://api.allegro.pl/sale/products?phrase=5908249976917&mode=GTIN"}
[2025-09-30 16:24:29] GET | {"url":"https://api.allegro.pl/sale/products?phrase=5903246861075&mode=GTIN"}
[2025-09-30 16:24:31] GET | {"url":"https://api.allegro.pl/sale/products?phrase=3760128280858&mode=GTIN"}
[2025-09-30 16:24:33] GET | {"url":"https://api.allegro.pl/sale/products?phrase=5906732624260&mode=GTIN"}
[2025-09-30 16:24:35] GET | {"url":"https://api.allegro.pl/sale/products?phrase=5903794183919&mode=GTIN"}
[2025-09-30 16:24:37] GET | {"url":"https://api.allegro.pl/sale/products?phrase=3760128280650&mode=GTIN"}
[2025-09-30 16:24:40] GET | {"url":"https://api.allegro.pl/sale/products?phrase=5900652816736&mode=GTIN"}
[2025-09-30 16:24:42] GET | {"url":"https://api.allegro.pl/sale/products?phrase=5908249972438&mode=GTIN"}
